TN:
SF:src/api.ts
FN:9,(anonymous_0)
FN:15,(anonymous_1)
FN:23,(anonymous_2)
FN:31,(anonymous_3)
FN:66,(anonymous_4)
FN:84,(anonymous_5)
FN:113,(anonymous_6)
FNF:7
FNH:7
FNDA:12,(anonymous_0)
FNDA:2,(anonymous_1)
FNDA:2,(anonymous_2)
FNDA:1,(anonymous_3)
FNDA:3,(anonymous_4)
FNDA:2,(anonymous_5)
FNDA:2,(anonymous_6)
DA:2,1
DA:3,1
DA:10,12
DA:16,2
DA:17,2
DA:18,1
DA:24,2
DA:25,2
DA:26,1
DA:32,1
DA:33,1
DA:35,1
DA:37,1
DA:39,1
DA:40,1
DA:41,0
DA:43,1
DA:56,0
DA:57,0
DA:67,3
DA:68,3
DA:70,3
DA:71,3
DA:74,1
DA:75,1
DA:85,2
DA:86,2
DA:87,2
DA:88,1
DA:89,1
DA:95,1
DA:102,0
DA:103,0
DA:114,2
DA:115,2
DA:116,2
DA:117,1
DA:118,1
DA:124,1
DA:131,0
DA:132,0
DA:139,1
LF:42
LH:35
BRDA:40,0,0,0
BRDA:40,0,1,1
BRDA:40,1,0,1
BRDA:40,1,1,0
BRDA:59,2,0,0
BRDA:59,2,1,0
BRDA:77,3,0,1
BRDA:77,3,1,0
BRDA:87,4,0,1
BRDA:87,4,1,1
BRDA:105,5,0,0
BRDA:105,5,1,0
BRDA:113,6,0,2
BRDA:113,7,0,2
BRDA:116,8,0,1
BRDA:116,8,1,1
BRDA:120,9,0,1
BRDA:120,9,1,0
BRDA:131,10,0,0
BRDA:131,10,1,0
BRDA:134,11,0,0
BRDA:134,11,1,0
BRF:22
BRH:10
end_of_record
TN:
SF:src/services/cop-helper.ts
FN:20,(anonymous_0)
FN:29,(anonymous_1)
FN:33,(anonymous_2)
FN:37,(anonymous_3)
FN:41,(anonymous_4)
FN:48,(anonymous_5)
FN:52,(anonymous_6)
FN:56,(anonymous_7)
FN:71,(anonymous_8)
FN:107,(anonymous_9)
FN:136,(anonymous_10)
FN:157,(anonymous_11)
FN:185,(anonymous_12)
FN:206,(anonymous_13)
FN:216,(anonymous_14)
FN:231,(anonymous_15)
FN:249,(anonymous_16)
FN:260,(anonymous_17)
FN:271,(anonymous_18)
FNF:19
FNH:12
FNDA:46,(anonymous_0)
FNDA:46,(anonymous_1)
FNDA:0,(anonymous_2)
FNDA:0,(anonymous_3)
FNDA:0,(anonymous_4)
FNDA:0,(anonymous_5)
FNDA:0,(anonymous_6)
FNDA:0,(anonymous_7)
FNDA:3,(anonymous_8)
FNDA:0,(anonymous_9)
FNDA:1,(anonymous_10)
FNDA:3,(anonymous_11)
FNDA:3,(anonymous_12)
FNDA:2,(anonymous_13)
FNDA:2,(anonymous_14)
FNDA:1,(anonymous_15)
FNDA:1,(anonymous_16)
FNDA:1,(anonymous_17)
FNDA:1,(anonymous_18)
DA:2,20
DA:3,20
DA:4,20
DA:5,20
DA:7,20
DA:8,20
DA:9,20
DA:21,46
DA:22,46
DA:24,46
DA:30,46
DA:31,46
DA:33,31
DA:34,0
DA:35,0
DA:37,30
DA:38,0
DA:39,0
DA:41,30
DA:42,0
DA:43,0
DA:48,15
DA:49,0
DA:50,0
DA:52,15
DA:53,0
DA:54,0
DA:56,15
DA:57,0
DA:58,0
DA:61,45
DA:64,3
DA:72,3
DA:73,3
DA:75,3
DA:76,2
DA:77,1
DA:78,1
DA:81,1
DA:82,1
DA:83,1
DA:84,1
DA:86,1
DA:87,1
DA:89,1
DA:95,1
DA:96,1
DA:97,1
DA:100,1
DA:108,0
DA:110,0
DA:111,0
DA:112,0
DA:113,0
DA:114,0
DA:117,0
DA:118,0
DA:119,0
DA:120,0
DA:123,0
DA:124,0
DA:127,0
DA:128,0
DA:137,1
DA:138,1
DA:139,1
DA:140,1
DA:142,1
DA:143,0
DA:144,1
DA:145,1
DA:148,0
DA:158,3
DA:159,3
DA:160,3
DA:161,2
DA:162,1
DA:165,1
DA:166,1
DA:167,1
DA:168,3
DA:169,3
DA:170,2
DA:171,2
DA:174,1
DA:177,1
DA:178,1
DA:186,3
DA:187,3
DA:188,2
DA:189,1
DA:191,1
DA:192,1
DA:198,1
DA:199,1
DA:207,2
DA:208,2
DA:210,2
DA:217,2
DA:218,2
DA:220,1
DA:224,1
DA:232,1
DA:233,1
DA:234,1
DA:235,1
DA:236,1
DA:237,1
DA:238,1
DA:239,1
DA:240,1
DA:242,1
DA:243,1
DA:244,1
DA:249,1
DA:260,1
DA:271,1
DA:279,0
DA:280,0
DA:281,0
DA:290,20
LF:121
LH:90
BRDA:31,0,0,31
BRDA:31,0,1,15
BRDA:31,1,0,46
BRDA:31,1,1,46
BRDA:31,1,2,31
BRDA:76,2,0,1
BRDA:76,2,1,1
BRDA:76,3,0,2
BRDA:76,3,1,1
BRDA:81,4,0,1
BRDA:81,4,1,0
BRDA:82,5,0,1
BRDA:82,5,1,0
BRDA:83,6,0,1
BRDA:83,6,1,0
BRDA:84,7,0,1
BRDA:84,7,1,0
BRDA:86,8,0,1
BRDA:86,8,1,0
BRDA:87,9,0,1
BRDA:87,9,1,0
BRDA:111,10,0,0
BRDA:111,10,1,0
BRDA:112,11,0,0
BRDA:112,11,1,0
BRDA:112,12,0,0
BRDA:112,12,1,0
BRDA:118,13,0,0
BRDA:118,13,1,0
BRDA:139,14,0,1
BRDA:139,14,1,0
BRDA:142,15,0,0
BRDA:142,15,1,1
BRDA:160,16,0,3
BRDA:160,16,1,1
BRDA:161,17,0,1
BRDA:161,17,1,1
BRDA:168,18,0,3
BRDA:168,18,1,0
BRDA:169,19,0,2
BRDA:169,19,1,1
BRDA:174,20,0,1
BRDA:174,20,1,0
BRDA:187,21,0,3
BRDA:187,21,1,1
BRDA:188,22,0,1
BRDA:188,22,1,1
BRDA:193,23,0,1
BRDA:193,23,1,0
BRDA:194,24,0,1
BRDA:194,24,1,0
BRDA:210,25,0,2
BRDA:210,25,1,1
BRDA:218,26,0,1
BRDA:218,26,1,1
BRDA:240,27,0,0
BRDA:240,27,1,1
BRDA:242,28,0,1
BRDA:242,28,1,0
BRDA:243,29,0,1
BRDA:243,29,1,0
BRDA:280,30,0,0
BRDA:280,30,1,0
BRF:63
BRH:38
end_of_record
TN:
SF:src/services/tibber-api.ts
FN:2,(anonymous_0)
FN:21,(anonymous_1)
FN:40,(anonymous_2)
FN:49,(anonymous_3)
FN:51,(anonymous_4)
FN:76,(anonymous_5)
FN:113,(anonymous_6)
FN:147,(anonymous_7)
FN:165,(anonymous_8)
FN:198,(anonymous_9)
FNF:10
FNH:8
FNDA:5,(anonymous_0)
FNDA:12,(anonymous_1)
FNDA:0,(anonymous_2)
FNDA:12,(anonymous_3)
FNDA:12,(anonymous_4)
FNDA:12,(anonymous_5)
FNDA:12,(anonymous_6)
FNDA:8,(anonymous_7)
FNDA:10,(anonymous_8)
FNDA:0,(anonymous_9)
DA:2,5
DA:3,5
DA:5,5
DA:6,5
DA:7,5
DA:8,5
DA:9,5
DA:10,5
DA:23,12
DA:29,12
DA:30,12
DA:32,12
DA:33,12
DA:41,0
DA:42,0
DA:51,12
DA:53,12
DA:55,12
DA:57,12
DA:58,12
DA:66,10
DA:67,0
DA:69,10
DA:78,12
DA:79,12
DA:80,12
DA:81,0
DA:82,0
DA:84,12
DA:112,12
DA:113,12
DA:114,10
DA:115,2
DA:116,2
DA:121,8
DA:122,4
DA:124,4
DA:125,4
DA:129,8
DA:130,6
DA:133,2
DA:137,2
DA:139,2
DA:148,8
DA:149,8
DA:150,8
DA:151,2
DA:152,2
DA:153,2
DA:155,6
DA:156,6
DA:157,2
DA:158,2
DA:159,2
DA:162,4
DA:165,10
DA:169,4
DA:179,4
DA:180,4
DA:184,4
DA:189,4
DA:191,4
DA:200,0
DA:203,5
LF:64
LH:58
BRDA:2,0,0,5
BRDA:2,0,1,5
BRDA:2,0,2,5
BRDA:3,1,0,5
BRDA:3,1,1,0
BRDA:3,2,0,5
BRDA:3,2,1,5
BRDA:23,3,0,12
BRDA:23,3,1,0
BRDA:33,4,0,12
BRDA:33,4,1,0
BRDA:66,5,0,0
BRDA:66,5,1,10
BRDA:80,6,0,0
BRDA:80,6,1,12
BRDA:114,7,0,2
BRDA:114,7,1,8
BRDA:129,8,0,6
BRDA:129,8,1,2
BRDA:150,9,0,2
BRDA:150,9,1,6
BRDA:150,10,0,8
BRDA:150,10,1,8
BRDA:156,11,0,2
BRDA:156,11,1,4
BRDA:163,12,0,4
BRDA:163,12,1,1
BRDA:164,13,0,4
BRDA:164,13,1,1
BRDA:170,14,0,4
BRDA:170,14,1,0
BRDA:179,15,0,4
BRDA:179,15,1,0
BRF:33
BRH:26
end_of_record
TN:
SF:src/services/hot-water/hot-water-analyzer.ts
FN:19,(anonymous_0)
FN:28,(anonymous_1)
FN:47,(anonymous_2)
FN:81,(anonymous_3)
FN:94,(anonymous_4)
FN:107,(anonymous_5)
FN:114,(anonymous_6)
FN:118,(anonymous_7)
FN:119,(anonymous_8)
FN:125,(anonymous_9)
FN:132,(anonymous_10)
FN:136,(anonymous_11)
FN:137,(anonymous_12)
FN:141,(anonymous_13)
FN:142,(anonymous_14)
FN:143,(anonymous_15)
FN:150,(anonymous_16)
FN:151,(anonymous_17)
FN:156,(anonymous_18)
FN:157,(anonymous_19)
FN:158,(anonymous_20)
FN:172,(anonymous_21)
FN:197,(anonymous_22)
FN:198,(anonymous_23)
FN:207,(anonymous_24)
FN:216,(anonymous_25)
FN:249,(anonymous_26)
FN:274,(anonymous_27)
FN:281,(anonymous_28)
FN:295,(anonymous_29)
FN:343,(anonymous_30)
FNF:31
FNH:30
FNDA:6,(anonymous_0)
FNDA:6,(anonymous_1)
FNDA:6,(anonymous_2)
FNDA:1,(anonymous_3)
FNDA:2,(anonymous_4)
FNDA:100,(anonymous_5)
FNDA:24,(anonymous_6)
FNDA:24,(anonymous_7)
FNDA:24,(anonymous_8)
FNDA:100,(anonymous_9)
FNDA:7,(anonymous_10)
FNDA:7,(anonymous_11)
FNDA:7,(anonymous_12)
FNDA:7,(anonymous_13)
FNDA:7,(anonymous_14)
FNDA:100,(anonymous_15)
FNDA:7,(anonymous_16)
FNDA:168,(anonymous_17)
FNDA:7,(anonymous_18)
FNDA:168,(anonymous_19)
FNDA:168,(anonymous_20)
FNDA:7,(anonymous_21)
FNDA:9,(anonymous_22)
FNDA:199,(anonymous_23)
FNDA:1,(anonymous_24)
FNDA:87,(anonymous_25)
FNDA:3,(anonymous_26)
FNDA:2,(anonymous_27)
FNDA:48,(anonymous_28)
FNDA:12,(anonymous_29)
FNDA:0,(anonymous_30)
DA:9,9
DA:10,9
DA:11,9
DA:13,9
DA:15,9
DA:17,9
DA:20,6
DA:21,6
DA:22,6
DA:29,6
DA:30,6
DA:31,6
DA:32,0
DA:33,0
DA:34,0
DA:36,6
DA:39,0
DA:40,0
DA:49,6
DA:51,6
DA:52,6
DA:53,6
DA:55,6
DA:56,6
DA:57,6
DA:58,6
DA:60,6
DA:62,6
DA:63,6
DA:65,6
DA:66,6
DA:67,42
DA:70,6
DA:82,1
DA:83,1
DA:84,1
DA:87,0
DA:95,2
DA:97,2
DA:99,2
DA:100,1
DA:101,1
DA:103,1
DA:105,1
DA:106,1
DA:107,1
DA:108,100
DA:109,100
DA:110,100
DA:114,1
DA:115,24
DA:118,24
DA:119,1
DA:120,24
DA:123,1
DA:124,1
DA:125,1
DA:126,100
DA:127,100
DA:128,100
DA:132,1
DA:133,7
DA:136,7
DA:137,1
DA:138,7
DA:141,7
DA:142,7
DA:143,1
DA:144,100
DA:145,100
DA:146,100
DA:150,1
DA:151,7
DA:152,168
DA:156,1
DA:157,168
DA:158,7
DA:159,168
DA:163,1
DA:167,1
DA:169,1
DA:173,7
DA:179,1
DA:181,1
DA:182,1
DA:183,1
DA:186,0
DA:187,0
DA:198,9
DA:199,199
DA:200,199
DA:208,1
DA:217,87
DA:219,87
DA:221,87
DA:223,1
DA:227,86
DA:228,86
DA:229,86
DA:231,86
DA:232,86
DA:233,86
DA:235,86
DA:238,86
DA:241,0
DA:242,0
DA:250,3
DA:251,3
DA:252,3
DA:253,3
DA:254,72
DA:255,72
DA:256,72
DA:257,72
DA:259,3
DA:262,0
DA:263,0
DA:275,2
DA:277,2
DA:279,2
DA:281,48
DA:283,2
DA:284,2
DA:285,2
DA:286,2
DA:288,2
DA:289,2
DA:290,12
DA:291,12
DA:292,12
DA:293,12
DA:295,12
DA:299,2
DA:301,1
DA:302,0
DA:305,1
DA:306,0
DA:310,1
DA:316,1
DA:317,0
DA:320,1
DA:321,1
DA:325,0
DA:329,2
DA:330,2
DA:331,2
DA:332,2
DA:335,0
DA:337,0
DA:344,0
DA:345,0
DA:346,0
DA:347,0
DA:350,0
DA:354,9
LF:155
LH:132
BRDA:22,0,0,6
BRDA:22,0,1,6
BRDA:31,1,0,0
BRDA:31,1,1,6
BRDA:99,2,0,1
BRDA:99,2,1,1
BRDA:108,3,0,100
BRDA:108,3,1,0
BRDA:115,4,0,24
BRDA:115,4,1,0
BRDA:120,5,0,24
BRDA:120,5,1,0
BRDA:126,6,0,100
BRDA:126,6,1,0
BRDA:133,7,0,2
BRDA:133,7,1,5
BRDA:138,8,0,7
BRDA:138,8,1,0
BRDA:144,9,0,100
BRDA:144,9,1,0
BRDA:152,10,0,34
BRDA:152,10,1,134
BRDA:159,11,0,48
BRDA:159,11,1,120
BRDA:173,12,0,7
BRDA:173,12,1,0
BRDA:199,13,0,199
BRDA:199,13,1,0
BRDA:221,14,0,1
BRDA:221,14,1,86
BRDA:223,15,0,1
BRDA:223,15,1,0
BRDA:231,16,0,86
BRDA:231,16,1,0
BRDA:232,17,0,86
BRDA:232,17,1,0
BRDA:233,18,0,86
BRDA:233,18,1,0
BRDA:299,19,0,1
BRDA:299,19,1,1
BRDA:301,20,0,0
BRDA:301,20,1,1
BRDA:305,21,0,0
BRDA:305,21,1,1
BRDA:316,22,0,0
BRDA:316,22,1,1
BRDA:320,23,0,1
BRDA:320,23,1,0
BRF:48
BRH:31
end_of_record
TN:
SF:src/services/hot-water/hot-water-data-collector.ts
FN:11,(anonymous_0)
FN:15,(anonymous_1)
FN:18,(anonymous_2)
FN:22,(anonymous_3)
FN:24,(anonymous_4)
FN:27,(anonymous_5)
FN:28,(anonymous_6)
FN:29,(anonymous_7)
FN:36,(anonymous_8)
FN:62,(anonymous_9)
FN:78,(anonymous_10)
FN:135,(anonymous_11)
FN:155,(anonymous_12)
FN:184,(anonymous_13)
FN:197,(anonymous_14)
FN:229,(anonymous_15)
FN:235,(anonymous_16)
FN:236,(anonymous_17)
FN:241,(anonymous_18)
FN:274,(anonymous_19)
FN:278,(anonymous_20)
FN:293,(anonymous_21)
FN:299,(anonymous_22)
FN:300,(anonymous_23)
FN:301,(anonymous_24)
FN:302,(anonymous_25)
FN:304,(anonymous_26)
FN:307,(anonymous_27)
FN:325,(anonymous_28)
FN:333,(anonymous_29)
FN:344,(anonymous_30)
FN:373,(anonymous_31)
FN:416,(anonymous_32)
FN:423,(anonymous_33)
FN:430,(anonymous_34)
FN:441,(anonymous_35)
FN:444,(anonymous_36)
FN:456,(anonymous_37)
FN:459,(anonymous_38)
FN:476,(anonymous_39)
FN:477,(anonymous_40)
FN:478,(anonymous_41)
FN:479,(anonymous_42)
FN:481,(anonymous_43)
FN:485,(anonymous_44)
FN:492,(anonymous_45)
FN:532,(anonymous_46)
FN:535,(anonymous_47)
FN:562,(anonymous_48)
FN:583,(anonymous_49)
FN:613,(anonymous_50)
FNF:51
FNH:48
FNDA:1230,(anonymous_0)
FNDA:664,(anonymous_1)
FNDA:0,(anonymous_2)
FNDA:20,(anonymous_3)
FNDA:0,(anonymous_4)
FNDA:10,(anonymous_5)
FNDA:10,(anonymous_6)
FNDA:0,(anonymous_7)
FNDA:20,(anonymous_8)
FNDA:43,(anonymous_9)
FNDA:28,(anonymous_10)
FNDA:28,(anonymous_11)
FNDA:515,(anonymous_12)
FNDA:515,(anonymous_13)
FNDA:515,(anonymous_14)
FNDA:52,(anonymous_15)
FNDA:10290,(anonymous_16)
FNDA:10290,(anonymous_17)
FNDA:80,(anonymous_18)
FNDA:28,(anonymous_19)
FNDA:460,(anonymous_20)
FNDA:6,(anonymous_21)
FNDA:80,(anonymous_22)
FNDA:80,(anonymous_23)
FNDA:80,(anonymous_24)
FNDA:80,(anonymous_25)
FNDA:80,(anonymous_26)
FNDA:80,(anonymous_27)
FNDA:6,(anonymous_28)
FNDA:10,(anonymous_29)
FNDA:409,(anonymous_30)
FNDA:681,(anonymous_31)
FNDA:16,(anonymous_32)
FNDA:6,(anonymous_33)
FNDA:1,(anonymous_34)
FNDA:1,(anonymous_35)
FNDA:2,(anonymous_36)
FNDA:2,(anonymous_37)
FNDA:24,(anonymous_38)
FNDA:24,(anonymous_39)
FNDA:24,(anonymous_40)
FNDA:24,(anonymous_41)
FNDA:24,(anonymous_42)
FNDA:24,(anonymous_43)
FNDA:24,(anonymous_44)
FNDA:24,(anonymous_45)
FNDA:8,(anonymous_46)
FNDA:272,(anonymous_47)
FNDA:5,(anonymous_48)
FNDA:26,(anonymous_49)
FNDA:29,(anonymous_50)
DA:11,10
DA:12,1230
DA:13,1230
DA:14,1230
DA:15,1180
DA:17,1230
DA:19,0
DA:20,0
DA:22,10
DA:23,20
DA:25,0
DA:27,10
DA:28,10
DA:29,10
DA:30,0
DA:31,0
DA:32,0
DA:34,10
DA:36,10
DA:37,20
DA:38,20
DA:39,1230
DA:40,20
DA:41,20
DA:44,10
DA:45,10
DA:46,10
DA:47,10
DA:48,10
DA:50,10
DA:52,10
DA:54,10
DA:56,10
DA:58,10
DA:60,10
DA:63,43
DA:64,43
DA:65,43
DA:66,43
DA:67,43
DA:68,43
DA:69,43
DA:70,43
DA:71,28
DA:79,28
DA:81,28
DA:82,28
DA:83,28
DA:84,28
DA:85,0
DA:86,0
DA:87,0
DA:88,0
DA:91,0
DA:94,28
DA:95,0
DA:96,0
DA:97,0
DA:100,0
DA:101,0
DA:105,28
DA:106,28
DA:107,28
DA:108,28
DA:109,28
DA:110,25
DA:113,0
DA:117,3
DA:118,3
DA:122,28
DA:123,28
DA:126,0
DA:127,0
DA:128,0
DA:129,0
DA:136,28
DA:138,28
DA:140,28
DA:141,0
DA:142,0
DA:143,0
DA:146,28
DA:149,0
DA:156,515
DA:158,515
DA:160,515
DA:161,515
DA:163,515
DA:164,0
DA:165,0
DA:167,0
DA:169,0
DA:172,515
DA:173,515
DA:175,515
DA:178,0
DA:185,515
DA:187,515
DA:188,515
DA:191,1
DA:198,515
DA:200,515
DA:201,515
DA:202,487
DA:204,28
DA:206,28
DA:207,28
DA:209,28
DA:210,0
DA:211,0
DA:212,0
DA:215,0
DA:219,28
DA:223,0
DA:230,52
DA:232,52
DA:234,52
DA:235,10290
DA:236,10290
DA:237,52
DA:238,2
DA:240,2
DA:241,2
DA:242,80
DA:243,80
DA:244,6
DA:246,80
DA:249,2
DA:250,6
DA:253,2
DA:254,2
DA:256,2
DA:260,52
DA:261,50
DA:262,50
DA:264,50
DA:268,0
DA:275,28
DA:276,28
DA:277,28
DA:278,460
DA:279,28
DA:280,28
DA:281,0
DA:285,0
DA:294,6
DA:295,6
DA:296,0
DA:299,80
DA:300,80
DA:301,80
DA:302,80
DA:303,6
DA:304,80
DA:306,6
DA:307,6
DA:308,80
DA:309,80
DA:313,6
DA:325,6
DA:326,6
DA:327,0
DA:330,6
DA:333,10
DA:334,6
DA:337,0
DA:345,409
DA:347,409
DA:348,7
DA:351,402
DA:353,402
DA:355,50
DA:357,50
DA:358,0
DA:362,402
DA:365,0
DA:374,681
DA:376,681
DA:377,1
DA:378,1
DA:381,680
DA:382,2
DA:383,2
DA:385,678
DA:386,1
DA:387,1
DA:390,677
DA:391,677
DA:392,677
DA:393,1
DA:394,1
DA:397,676
DA:398,2
DA:399,2
DA:401,674
DA:402,1
DA:403,1
DA:405,673
DA:408,0
DA:409,0
DA:417,16
DA:424,6
DA:431,1
DA:442,1
DA:443,1
DA:444,2
DA:447,0
DA:448,0
DA:457,2
DA:458,2
DA:459,24
DA:460,2
DA:461,1
DA:475,1
DA:476,24
DA:477,24
DA:478,24
DA:479,24
DA:480,1
DA:481,24
DA:482,1
DA:484,1
DA:485,1
DA:486,24
DA:487,24
DA:491,1
DA:492,1
DA:493,24
DA:494,24
DA:498,1
DA:499,1
DA:513,0
DA:514,0
DA:533,8
DA:535,272
DA:536,8
DA:537,1
DA:540,8
DA:542,8
DA:544,2
DA:546,2
DA:547,0
DA:551,8
DA:552,7
DA:555,1
DA:563,5
DA:564,5
DA:565,3
DA:566,3
DA:568,5
DA:569,5
DA:571,5
DA:572,1
DA:576,1
DA:584,26
DA:585,26
DA:586,26
DA:587,25
DA:589,25
DA:590,25
DA:592,25
DA:593,25
DA:595,25
DA:599,1
DA:600,1
DA:603,26
DA:606,0
DA:614,29
DA:616,29
DA:617,29
DA:618,29
DA:619,29
DA:620,29
DA:622,29
DA:624,29
DA:625,29
DA:633,0
DA:634,0
DA:643,10
LF:279
LH:226
BRDA:11,0,0,10
BRDA:11,0,1,10
BRDA:11,0,2,10
BRDA:11,1,0,10
BRDA:11,1,1,0
BRDA:12,2,0,1230
BRDA:12,2,1,0
BRDA:14,3,0,1180
BRDA:14,3,1,50
BRDA:14,4,0,1230
BRDA:14,4,1,1230
BRDA:14,5,0,80
BRDA:14,5,1,1150
BRDA:14,6,0,1150
BRDA:14,6,1,50
BRDA:19,7,0,0
BRDA:19,7,1,0
BRDA:22,8,0,10
BRDA:22,8,1,10
BRDA:22,8,2,10
BRDA:22,9,0,10
BRDA:22,9,1,0
BRDA:27,10,0,10
BRDA:27,10,1,10
BRDA:27,10,2,10
BRDA:29,11,0,10
BRDA:29,11,1,0
BRDA:31,12,0,0
BRDA:31,12,1,0
BRDA:37,13,0,0
BRDA:37,13,1,20
BRDA:37,14,0,20
BRDA:37,14,1,20
BRDA:39,15,0,20
BRDA:39,15,1,0
BRDA:39,16,0,1230
BRDA:39,16,1,0
BRDA:84,17,0,0
BRDA:84,17,1,28
BRDA:94,18,0,0
BRDA:94,18,1,28
BRDA:105,19,0,28
BRDA:105,19,1,0
BRDA:107,20,0,28
BRDA:107,20,1,0
BRDA:140,21,0,0
BRDA:140,21,1,28
BRDA:163,22,0,0
BRDA:163,22,1,515
BRDA:201,23,0,487
BRDA:201,23,1,28
BRDA:209,24,0,0
BRDA:209,24,1,28
BRDA:210,25,0,0
BRDA:210,25,1,0
BRDA:232,26,0,52
BRDA:232,26,1,0
BRDA:237,27,0,2
BRDA:237,27,1,50
BRDA:243,28,0,6
BRDA:243,28,1,74
BRDA:260,29,0,50
BRDA:260,29,1,2
BRDA:280,30,0,0
BRDA:280,30,1,28
BRDA:295,31,0,0
BRDA:295,31,1,6
BRDA:303,32,0,6
BRDA:303,32,1,0
BRDA:308,33,0,80
BRDA:308,33,1,0
BRDA:326,34,0,0
BRDA:326,34,1,6
BRDA:347,35,0,7
BRDA:347,35,1,402
BRDA:353,36,0,50
BRDA:353,36,1,352
BRDA:357,37,0,0
BRDA:357,37,1,50
BRDA:376,38,0,1
BRDA:376,38,1,680
BRDA:381,39,0,2
BRDA:381,39,1,678
BRDA:381,40,0,680
BRDA:381,40,1,679
BRDA:381,40,2,678
BRDA:385,41,0,1
BRDA:385,41,1,677
BRDA:385,42,0,678
BRDA:385,42,1,678
BRDA:385,42,2,678
BRDA:392,43,0,1
BRDA:392,43,1,676
BRDA:397,44,0,2
BRDA:397,44,1,674
BRDA:397,45,0,676
BRDA:397,45,1,676
BRDA:401,46,0,1
BRDA:401,46,1,673
BRDA:401,47,0,674
BRDA:401,47,1,674
BRDA:441,48,0,0
BRDA:456,49,0,0
BRDA:460,50,0,1
BRDA:460,50,1,1
BRDA:480,51,0,1
BRDA:480,51,1,0
BRDA:486,52,0,24
BRDA:486,52,1,0
BRDA:493,53,0,24
BRDA:493,53,1,0
BRDA:536,54,0,1
BRDA:536,54,1,7
BRDA:542,55,0,2
BRDA:542,55,1,6
BRDA:546,56,0,0
BRDA:546,56,1,2
BRDA:564,57,0,3
BRDA:564,57,1,2
BRDA:571,58,0,1
BRDA:571,58,1,4
BRDA:583,59,0,1
BRDA:586,60,0,25
BRDA:586,60,1,1
BRDA:592,61,0,25
BRDA:592,61,1,0
BRDA:622,62,0,8
BRDA:622,62,1,21
BRF:128
BRH:94
end_of_record
TN:
SF:src/services/hot-water/index.ts
FN:10,(anonymous_0)
FN:12,(anonymous_1)
FN:14,(anonymous_2)
FNF:3
FNH:1
FNDA:0,(anonymous_0)
FNDA:0,(anonymous_1)
FNDA:15,(anonymous_2)
DA:7,7
DA:8,7
DA:9,7
DA:10,7
DA:11,7
DA:12,7
DA:13,7
DA:14,15
LF:8
LH:8
BRF:0
BRH:0
end_of_record
TN:
SF:src/services/thermal-model/index.ts
FN:8,(anonymous_0)
FN:12,(anonymous_1)
FN:15,(anonymous_2)
FN:19,(anonymous_3)
FNF:4
FNH:3
FNDA:48,(anonymous_0)
FNDA:91,(anonymous_1)
FNDA:0,(anonymous_2)
FNDA:48,(anonymous_3)
DA:8,16
DA:9,48
DA:10,48
DA:11,48
DA:12,91
DA:14,48
DA:16,0
DA:17,0
DA:19,16
DA:20,50
DA:22,16
DA:23,16
DA:24,16
DA:25,16
LF:14
LH:12
BRDA:8,0,0,16
BRDA:8,0,1,16
BRDA:8,0,2,16
BRDA:8,1,0,16
BRDA:8,1,1,0
BRDA:9,2,0,48
BRDA:9,2,1,0
BRDA:11,3,0,48
BRDA:11,3,1,0
BRDA:11,4,0,48
BRDA:11,4,1,48
BRDA:11,5,0,0
BRDA:11,5,1,48
BRDA:11,6,0,48
BRDA:11,6,1,0
BRDA:16,7,0,0
BRDA:16,7,1,0
BRDA:19,8,0,16
BRDA:19,8,1,16
BRDA:19,8,2,16
BRDA:20,9,0,48
BRDA:20,9,1,2
BRDA:20,10,0,50
BRDA:20,10,1,50
BRF:24
BRH:17
end_of_record
TN:
SF:src/services/thermal-model/thermal-analyzer.ts
FN:14,(anonymous_0)
FN:37,(anonymous_1)
FN:51,(anonymous_2)
FN:58,(anonymous_3)
FN:120,(anonymous_4)
FN:125,(anonymous_5)
FN:129,(anonymous_6)
FN:133,(anonymous_7)
FN:147,(anonymous_8)
FN:178,(anonymous_9)
FN:203,(anonymous_10)
FN:265,(anonymous_11)
FNF:12
FNH:11
FNDA:28,(anonymous_0)
FNDA:27,(anonymous_1)
FNDA:2,(anonymous_2)
FNDA:23,(anonymous_3)
FNDA:12,(anonymous_4)
FNDA:3,(anonymous_5)
FNDA:23,(anonymous_6)
FNDA:0,(anonymous_7)
FNDA:23,(anonymous_8)
FNDA:3,(anonymous_9)
FNDA:4,(anonymous_10)
FNDA:6,(anonymous_11)
DA:8,17
DA:9,17
DA:10,17
DA:12,17
DA:15,28
DA:16,28
DA:18,28
DA:19,28
DA:20,1
DA:21,1
DA:22,1
DA:25,0
DA:26,0
DA:30,27
DA:31,27
DA:38,27
DA:52,2
DA:53,1
DA:54,1
DA:56,1
DA:58,23
DA:60,1
DA:61,1
DA:62,1
DA:63,1
DA:64,1
DA:65,23
DA:66,23
DA:68,23
DA:70,23
DA:71,0
DA:73,23
DA:75,23
DA:77,23
DA:79,23
DA:81,12
DA:82,12
DA:83,12
DA:86,11
DA:88,3
DA:89,3
DA:90,3
DA:91,3
DA:92,3
DA:97,23
DA:98,23
DA:99,23
DA:100,23
DA:104,23
DA:105,23
DA:108,23
DA:109,23
DA:110,23
DA:111,0
DA:112,0
DA:113,0
DA:119,1
DA:120,12
DA:122,1
DA:124,1
DA:125,3
DA:126,1
DA:128,1
DA:129,23
DA:130,1
DA:132,1
DA:133,0
DA:134,0
DA:137,1
DA:138,1
DA:139,23
DA:140,23
DA:142,23
DA:143,23
DA:146,1
DA:147,23
DA:150,1
DA:151,1
DA:154,1
DA:155,1
DA:157,1
DA:159,1
DA:160,1
DA:161,1
DA:164,0
DA:166,1
DA:167,1
DA:179,3
DA:180,3
DA:181,3
DA:183,2
DA:184,2
DA:185,2
DA:189,1
DA:190,1
DA:192,1
DA:193,1
DA:196,3
DA:197,3
DA:198,3
DA:204,4
DA:206,1
DA:212,3
DA:213,3
DA:215,2
DA:216,2
DA:217,2
DA:218,0
DA:224,2
DA:225,2
DA:226,2
DA:234,1
DA:235,1
DA:237,1
DA:238,1
DA:244,0
DA:246,0
DA:247,0
DA:253,0
DA:254,0
DA:255,0
DA:266,6
DA:269,17
LF:123
LH:107
BRDA:19,0,0,1
BRDA:19,0,1,27
BRDA:52,1,0,1
BRDA:52,1,1,1
BRDA:70,2,0,0
BRDA:70,2,1,23
BRDA:79,3,0,12
BRDA:79,3,1,11
BRDA:79,4,0,23
BRDA:79,4,1,12
BRDA:82,5,0,12
BRDA:82,5,1,0
BRDA:82,6,0,12
BRDA:82,6,1,12
BRDA:86,7,0,3
BRDA:86,7,1,8
BRDA:86,8,0,11
BRDA:86,8,1,11
BRDA:89,9,0,3
BRDA:89,9,1,0
BRDA:91,10,0,3
BRDA:91,10,1,0
BRDA:91,11,0,3
BRDA:91,11,1,3
BRDA:97,12,0,23
BRDA:97,12,1,0
BRDA:99,13,0,23
BRDA:99,13,1,0
BRDA:99,14,0,23
BRDA:99,14,1,23
BRDA:104,15,0,23
BRDA:104,15,1,0
BRDA:110,16,0,0
BRDA:110,16,1,23
BRDA:112,17,0,0
BRDA:112,17,1,0
BRDA:112,18,0,0
BRDA:112,18,1,0
BRDA:119,19,0,1
BRDA:119,19,1,0
BRDA:124,20,0,1
BRDA:124,20,1,0
BRDA:128,21,0,1
BRDA:128,21,1,0
BRDA:132,22,0,0
BRDA:132,22,1,1
BRDA:142,23,0,23
BRDA:142,23,1,0
BRDA:146,24,0,1
BRDA:146,24,1,0
BRDA:181,25,0,2
BRDA:181,25,1,1
BRDA:181,26,0,3
BRDA:181,26,1,2
BRDA:204,27,0,1
BRDA:204,27,1,3
BRDA:213,28,0,2
BRDA:213,28,1,1
BRDA:217,29,0,0
BRDA:217,29,1,2
BRDA:237,30,0,1
BRDA:237,30,1,0
BRDA:246,31,0,0
BRDA:246,31,1,0
BRF:64
BRH:42
end_of_record
TN:
SF:src/services/thermal-model/thermal-model-service.ts
FN:16,(anonymous_0)
FN:32,(anonymous_1)
FN:34,(anonymous_2)
FN:39,(anonymous_3)
FN:43,(anonymous_4)
FN:47,(anonymous_5)
FN:58,(anonymous_6)
FN:110,(anonymous_7)
FN:148,(anonymous_8)
FN:201,(anonymous_9)
FN:224,(anonymous_10)
FN:225,(anonymous_11)
FN:226,(anonymous_12)
FN:238,(anonymous_13)
FN:241,(anonymous_14)
FN:244,(anonymous_15)
FN:344,(anonymous_16)
FN:364,(anonymous_17)
FN:384,(anonymous_18)
FN:396,(anonymous_19)
FN:439,(anonymous_20)
FN:483,(anonymous_21)
FN:532,(anonymous_22)
FN:567,(anonymous_23)
FNF:24
FNH:18
FNDA:33,(anonymous_0)
FNDA:33,(anonymous_1)
FNDA:0,(anonymous_2)
FNDA:0,(anonymous_3)
FNDA:0,(anonymous_4)
FNDA:0,(anonymous_5)
FNDA:6,(anonymous_6)
FNDA:5,(anonymous_7)
FNDA:4,(anonymous_8)
FNDA:8,(anonymous_9)
FNDA:14,(anonymous_10)
FNDA:14,(anonymous_11)
FNDA:14,(anonymous_12)
FNDA:4,(anonymous_13)
FNDA:4,(anonymous_14)
FNDA:4,(anonymous_15)
FNDA:3,(anonymous_16)
FNDA:2,(anonymous_17)
FNDA:0,(anonymous_18)
FNDA:2,(anonymous_19)
FNDA:5,(anonymous_20)
FNDA:2,(anonymous_21)
FNDA:0,(anonymous_22)
FNDA:1,(anonymous_23)
DA:9,17
DA:10,17
DA:11,17
DA:12,17
DA:13,17
DA:14,17
DA:17,33
DA:18,33
DA:19,33
DA:20,33
DA:21,33
DA:22,33
DA:26,33
DA:34,33
DA:35,0
DA:39,33
DA:40,0
DA:43,33
DA:44,0
DA:47,33
DA:48,0
DA:50,33
DA:59,6
DA:61,6
DA:62,6
DA:64,6
DA:65,5
DA:66,5
DA:67,3
DA:68,3
DA:79,2
DA:82,2
DA:84,1
DA:86,1
DA:87,1
DA:88,1
DA:89,1
DA:90,1
DA:93,2
DA:94,2
DA:111,5
DA:113,5
DA:116,5
DA:123,5
DA:125,5
DA:127,5
DA:128,5
DA:129,5
DA:130,3
DA:131,3
DA:132,3
DA:134,3
DA:137,2
DA:150,4
DA:151,4
DA:152,4
DA:153,4
DA:154,4
DA:155,4
DA:156,1
DA:159,3
DA:161,3
DA:163,2
DA:165,2
DA:168,1
DA:169,1
DA:170,1
DA:173,0
DA:174,0
DA:176,0
DA:177,0
DA:179,0
DA:181,0
DA:183,0
DA:186,0
DA:189,0
DA:205,8
DA:206,8
DA:207,8
DA:208,8
DA:209,8
DA:210,7
DA:212,7
DA:220,7
DA:221,2
DA:224,14
DA:225,14
DA:226,14
DA:228,5
DA:229,1
DA:236,4
DA:238,4
DA:241,4
DA:244,4
DA:246,4
DA:248,1
DA:249,1
DA:257,3
DA:259,1
DA:260,1
DA:262,1
DA:263,1
DA:274,0
DA:275,0
DA:276,0
DA:277,0
DA:281,0
DA:282,0
DA:286,0
DA:289,0
DA:296,2
DA:298,2
DA:299,2
DA:301,1
DA:303,1
DA:305,1
DA:315,1
DA:323,0
DA:328,4
DA:331,1
DA:332,1
DA:345,3
DA:346,3
DA:348,3
DA:351,3
DA:353,3
DA:354,3
DA:357,0
DA:358,0
DA:365,2
DA:366,2
DA:369,1
DA:370,1
DA:385,0
DA:398,2
DA:399,2
DA:401,2
DA:402,1
DA:403,1
DA:405,1
DA:411,1
DA:412,1
DA:419,1
DA:422,1
DA:424,1
DA:425,0
DA:428,1
DA:440,5
DA:442,5
DA:443,5
DA:446,0
DA:449,5
DA:450,1
DA:451,1
DA:452,1
DA:454,5
DA:455,5
DA:456,4
DA:457,4
DA:459,4
DA:460,4
DA:461,4
DA:462,4
DA:465,4
DA:466,4
DA:467,4
DA:470,1
DA:472,4
DA:475,1
DA:484,2
DA:486,2
DA:487,0
DA:490,2
DA:491,2
DA:492,2
DA:493,2
DA:494,2
DA:496,2
DA:502,2
DA:503,2
DA:511,2
DA:520,2
DA:521,1
DA:524,1
DA:525,1
DA:533,0
DA:535,0
DA:537,0
DA:538,0
DA:544,0
DA:545,0
DA:568,1
DA:570,1
DA:572,0
DA:574,0
DA:575,0
DA:587,1
DA:588,1
DA:601,17
LF:199
LH:162
BRDA:66,0,0,3
BRDA:66,0,1,2
BRDA:155,1,0,1
BRDA:155,1,1,3
BRDA:161,2,0,2
BRDA:161,2,1,1
BRDA:165,3,0,2
BRDA:165,3,1,0
BRDA:169,4,0,1
BRDA:169,4,1,0
BRDA:181,5,0,0
BRDA:181,5,1,0
BRDA:183,6,0,0
BRDA:183,6,1,0
BRDA:220,7,0,2
BRDA:220,7,1,5
BRDA:228,8,0,1
BRDA:228,8,1,4
BRDA:228,9,0,5
BRDA:228,9,1,4
BRDA:238,10,0,4
BRDA:238,10,1,2
BRDA:241,11,0,4
BRDA:241,11,1,1
BRDA:246,12,0,1
BRDA:246,12,1,3
BRDA:246,13,0,4
BRDA:246,13,1,1
BRDA:257,14,0,1
BRDA:257,14,1,2
BRDA:260,15,0,1
BRDA:260,15,1,0
BRDA:275,16,0,0
BRDA:275,16,1,0
BRDA:275,17,0,0
BRDA:275,17,1,0
BRDA:281,18,0,0
BRDA:281,18,1,0
BRDA:296,19,0,2
BRDA:296,19,1,0
BRDA:299,20,0,1
BRDA:299,20,1,1
BRDA:299,21,0,2
BRDA:299,21,1,1
BRDA:303,22,0,1
BRDA:303,22,1,0
BRDA:411,23,0,1
BRDA:411,23,1,0
BRDA:413,24,0,1
BRDA:413,24,1,0
BRDA:414,25,0,1
BRDA:414,25,1,0
BRDA:415,26,0,1
BRDA:415,26,1,0
BRDA:416,27,0,1
BRDA:416,27,1,1
BRDA:424,28,0,0
BRDA:424,28,1,1
BRDA:449,29,0,1
BRDA:449,29,1,4
BRDA:454,30,0,5
BRDA:454,30,1,0
BRDA:459,31,0,4
BRDA:459,31,1,0
BRDA:486,32,0,0
BRDA:486,32,1,2
BRDA:490,33,0,2
BRDA:490,33,1,0
BRDA:496,34,0,2
BRDA:496,34,1,0
BRDA:502,35,0,2
BRDA:502,35,1,0
BRF:72
BRH:46
end_of_record
TN:
SF:src/types/index.ts
FN:7,isMelCloudDevice
FN:13,isTibberPriceInfo
FNF:2
FNH:0
FNDA:0,isMelCloudDevice
FNDA:0,isTibberPriceInfo
DA:2,0
DA:3,0
DA:4,0
DA:8,0
DA:14,0
LF:5
LH:0
BRDA:8,0,0,0
BRDA:8,0,1,0
BRDA:8,0,2,0
BRDA:8,0,3,0
BRDA:14,1,0,0
BRDA:14,1,1,0
BRDA:14,1,2,0
BRDA:14,1,3,0
BRDA:14,1,4,0
BRF:9
BRH:0
end_of_record
TN:
SF:src/util/circuit-breaker.ts
FN:14,(anonymous_0)
FN:43,(anonymous_1)
FN:69,(anonymous_2)
FN:99,(anonymous_3)
FN:105,(anonymous_4)
FN:106,(anonymous_5)
FN:115,(anonymous_6)
FN:136,(anonymous_7)
FN:153,(anonymous_8)
FN:166,(anonymous_9)
FN:173,(anonymous_10)
FN:182,(anonymous_11)
FN:192,(anonymous_12)
FN:193,(anonymous_13)
FN:201,(anonymous_14)
FN:207,(anonymous_15)
FN:221,(anonymous_16)
FN:226,(anonymous_17)
FN:229,(anonymous_18)
FNF:19
FNH:18
FNDA:10,(anonymous_0)
FNDA:19,(anonymous_1)
FNDA:37,(anonymous_2)
FNDA:36,(anonymous_3)
FNDA:36,(anonymous_4)
FNDA:2,(anonymous_5)
FNDA:31,(anonymous_6)
FNDA:5,(anonymous_7)
FNDA:1,(anonymous_8)
FNDA:1,(anonymous_9)
FNDA:1,(anonymous_10)
FNDA:1,(anonymous_11)
FNDA:16,(anonymous_12)
FNDA:0,(anonymous_13)
FNDA:5,(anonymous_14)
FNDA:3,(anonymous_15)
FNDA:36,(anonymous_16)
FNDA:229,(anonymous_17)
FNDA:223,(anonymous_18)
DA:8,10
DA:9,10
DA:14,10
DA:15,10
DA:16,10
DA:17,10
DA:22,10
DA:44,19
DA:45,19
DA:46,19
DA:47,19
DA:48,19
DA:49,19
DA:50,19
DA:52,19
DA:53,19
DA:54,19
DA:55,19
DA:56,19
DA:57,19
DA:59,19
DA:60,16
DA:71,37
DA:73,1
DA:74,0
DA:77,1
DA:78,1
DA:81,36
DA:83,36
DA:85,31
DA:86,31
DA:90,5
DA:91,5
DA:100,36
DA:101,0
DA:103,36
DA:106,36
DA:107,2
DA:116,31
DA:117,1
DA:118,1
DA:119,1
DA:120,1
DA:125,30
DA:126,30
DA:127,30
DA:130,31
DA:137,5
DA:138,5
DA:139,5
DA:140,5
DA:142,5
DA:143,5
DA:144,1
DA:146,4
DA:147,0
DA:154,1
DA:155,1
DA:156,1
DA:157,1
DA:158,1
DA:160,1
DA:161,1
DA:163,1
DA:164,0
DA:166,1
DA:167,1
DA:174,1
DA:175,1
DA:176,1
DA:177,1
DA:183,1
DA:184,1
DA:185,1
DA:186,1
DA:187,1
DA:193,16
DA:194,0
DA:202,5
DA:208,3
DA:209,1
DA:210,1
DA:212,3
DA:213,0
DA:214,0
DA:222,36
DA:223,36
DA:225,36
DA:226,229
DA:228,36
DA:229,223
DA:230,33
DA:231,33
DA:232,11
DA:234,11
DA:236,10
DA:238,1
DA:240,1
DA:242,0
DA:244,0
DA:248,0
DA:250,11
DA:255,10
LF:103
LH:93
BRDA:18,0,0,10
BRDA:18,0,1,10
BRDA:43,1,0,0
BRDA:59,2,0,16
BRDA:59,2,1,3
BRDA:59,3,0,19
BRDA:59,3,1,16
BRDA:71,4,0,1
BRDA:71,4,1,36
BRDA:73,5,0,0
BRDA:73,5,1,1
BRDA:100,6,0,0
BRDA:100,6,1,36
BRDA:116,7,0,1
BRDA:116,7,1,30
BRDA:119,8,0,1
BRDA:119,8,1,0
BRDA:119,9,0,1
BRDA:119,9,1,0
BRDA:139,10,0,5
BRDA:139,10,1,0
BRDA:143,11,0,1
BRDA:143,11,1,4
BRDA:143,12,0,5
BRDA:143,12,1,5
BRDA:146,13,0,0
BRDA:146,13,1,4
BRDA:160,14,0,1
BRDA:160,14,1,0
BRDA:160,15,0,1
BRDA:160,15,1,0
BRDA:163,16,0,0
BRDA:163,16,1,1
BRDA:208,17,0,1
BRDA:208,17,1,2
BRDA:212,18,0,0
BRDA:212,18,1,3
BRDA:225,19,0,36
BRDA:225,19,1,0
BRDA:228,20,0,33
BRDA:228,20,1,3
BRDA:231,21,0,11
BRDA:231,21,1,22
BRDA:234,22,0,10
BRDA:234,22,1,1
BRDA:238,23,0,1
BRDA:238,23,1,0
BRDA:242,24,0,0
BRDA:242,24,1,0
BRF:49
BRH:34
end_of_record
TN:
SF:src/util/enhanced-savings-calculator.ts
FN:13,(anonymous_0)
FN:23,(anonymous_1)
FN:28,(anonymous_2)
FN:33,(anonymous_3)
FN:90,(anonymous_4)
FN:99,(anonymous_5)
FN:111,(anonymous_6)
FN:115,(anonymous_7)
FN:125,(anonymous_8)
FN:144,(anonymous_9)
FN:150,(anonymous_10)
FN:164,(anonymous_11)
FN:185,(anonymous_12)
FN:204,(anonymous_13)
FN:207,(anonymous_14)
FN:208,(anonymous_15)
FN:216,(anonymous_16)
FNF:17
FNH:17
FNDA:82,(anonymous_0)
FNDA:4,(anonymous_1)
FNDA:4,(anonymous_2)
FNDA:4,(anonymous_3)
FNDA:4,(anonymous_4)
FNDA:4,(anonymous_5)
FNDA:2,(anonymous_6)
FNDA:4,(anonymous_7)
FNDA:2,(anonymous_8)
FNDA:4,(anonymous_9)
FNDA:3,(anonymous_10)
FNDA:4,(anonymous_11)
FNDA:4,(anonymous_12)
FNDA:1,(anonymous_13)
FNDA:3,(anonymous_14)
FNDA:3,(anonymous_15)
FNDA:4,(anonymous_16)
DA:10,13
DA:11,13
DA:14,82
DA:24,4
DA:26,4
DA:27,4
DA:28,4
DA:29,4
DA:30,4
DA:33,4
DA:35,4
DA:37,4
DA:38,4
DA:40,4
DA:42,4
DA:44,4
DA:45,4
DA:58,4
DA:67,3
DA:70,1
DA:72,1
DA:91,4
DA:92,2
DA:95,2
DA:97,2
DA:99,4
DA:101,2
DA:103,2
DA:104,2
DA:106,2
DA:112,2
DA:113,0
DA:115,2
DA:116,4
DA:120,2
DA:126,2
DA:127,1
DA:129,1
DA:130,1
DA:131,2
DA:132,2
DA:133,2
DA:134,2
DA:137,1
DA:139,1
DA:145,4
DA:146,0
DA:148,4
DA:149,1
DA:150,3
DA:152,1
DA:154,1
DA:155,1
DA:158,3
DA:159,3
DA:167,4
DA:168,4
DA:169,88
DA:170,88
DA:171,20
DA:173,68
DA:174,32
DA:177,36
DA:180,4
DA:186,4
DA:188,4
DA:189,4
DA:191,4
DA:192,4
DA:194,4
DA:195,1
DA:196,1
DA:197,1
DA:199,4
DA:205,1
DA:206,0
DA:207,3
DA:208,1
DA:209,3
DA:211,1
DA:217,4
DA:218,2
DA:220,2
DA:221,1
DA:223,1
DA:224,1
DA:227,0
DA:231,13
LF:88
LH:84
BRDA:23,0,0,0
BRDA:23,1,0,0
BRDA:30,2,0,4
BRDA:30,2,1,4
BRDA:33,3,0,4
BRDA:33,3,1,0
BRDA:91,4,0,2
BRDA:91,4,1,2
BRDA:99,5,0,4
BRDA:99,5,1,0
BRDA:112,6,0,0
BRDA:112,6,1,2
BRDA:126,7,0,1
BRDA:126,7,1,1
BRDA:133,8,0,2
BRDA:133,8,1,0
BRDA:145,9,0,0
BRDA:145,9,1,4
BRDA:148,10,0,1
BRDA:148,10,1,3
BRDA:170,11,0,20
BRDA:170,11,1,68
BRDA:170,12,0,88
BRDA:170,12,1,28
BRDA:173,13,0,32
BRDA:173,13,1,36
BRDA:173,14,0,68
BRDA:173,14,1,64
BRDA:194,15,0,1
BRDA:194,15,1,3
BRDA:205,16,0,0
BRDA:205,16,1,1
BRDA:217,17,0,2
BRDA:217,17,1,2
BRDA:220,18,0,1
BRDA:220,18,1,1
BRDA:223,19,0,1
BRDA:223,19,1,0
BRF:38
BRH:29
end_of_record
TN:
SF:src/util/logger.ts
FN:6,(anonymous_0)
FN:17,(anonymous_1)
FN:29,isRunningInDevMode
FN:45,getFormattedTimestamp
FN:54,formatValue
FN:82,(anonymous_5)
FN:100,(anonymous_6)
FN:113,(anonymous_7)
FN:119,(anonymous_8)
FN:126,(anonymous_9)
FN:134,(anonymous_10)
FN:140,(anonymous_11)
FN:147,(anonymous_12)
FN:154,(anonymous_13)
FN:160,(anonymous_14)
FN:172,(anonymous_15)
FN:181,(anonymous_16)
FN:193,(anonymous_17)
FN:202,(anonymous_18)
FN:213,(anonymous_19)
FN:233,(anonymous_20)
FN:259,(anonymous_21)
FN:273,(anonymous_22)
FN:282,(anonymous_23)
FNF:24
FNH:23
FNDA:11,(anonymous_0)
FNDA:11,(anonymous_1)
FNDA:80,isRunningInDevMode
FNDA:315,getFormattedTimestamp
FNDA:24,formatValue
FNDA:114,(anonymous_5)
FNDA:315,(anonymous_6)
FNDA:15,(anonymous_7)
FNDA:10,(anonymous_8)
FNDA:2,(anonymous_9)
FNDA:0,(anonymous_10)
FNDA:1,(anonymous_11)
FNDA:4,(anonymous_12)
FNDA:191,(anonymous_13)
FNDA:33,(anonymous_14)
FNDA:14,(anonymous_15)
FNDA:136,(anonymous_16)
FNDA:2,(anonymous_17)
FNDA:2,(anonymous_18)
FNDA:3,(anonymous_19)
FNDA:19,(anonymous_20)
FNDA:2,(anonymous_21)
FNDA:13,(anonymous_22)
FNDA:17,(anonymous_23)
DA:2,11
DA:3,11
DA:4,11
DA:6,11
DA:7,11
DA:8,11
DA:9,11
DA:10,11
DA:11,11
DA:17,11
DA:18,11
DA:19,11
DA:20,11
DA:21,11
DA:22,11
DA:23,11
DA:31,80
DA:32,3
DA:36,77
DA:37,1
DA:39,76
DA:46,315
DA:47,315
DA:55,24
DA:56,1
DA:57,23
DA:58,1
DA:59,22
DA:60,10
DA:61,1
DA:63,9
DA:64,1
DA:66,8
DA:67,2
DA:68,1
DA:70,1
DA:72,6
DA:73,6
DA:76,0
DA:79,12
DA:83,114
DA:84,114
DA:85,114
DA:86,114
DA:87,114
DA:88,114
DA:89,114
DA:91,114
DA:93,114
DA:95,114
DA:101,315
DA:102,315
DA:103,315
DA:105,315
DA:106,315
DA:108,315
DA:114,15
DA:120,10
DA:121,10
DA:127,2
DA:128,2
DA:135,0
DA:141,1
DA:142,1
DA:148,4
DA:149,4
DA:155,191
DA:161,33
DA:163,6
DA:165,6
DA:173,14
DA:175,14
DA:182,136
DA:184,128
DA:185,128
DA:186,8
DA:194,2
DA:195,1
DA:196,1
DA:203,2
DA:204,1
DA:205,1
DA:214,3
DA:216,2
DA:217,1
DA:220,1
DA:222,2
DA:223,2
DA:234,19
DA:236,18
DA:237,16
DA:238,1
DA:241,15
DA:244,2
DA:245,0
DA:248,2
DA:250,18
DA:251,5
DA:252,5
DA:260,2
DA:262,2
DA:264,2
DA:267,1
DA:275,13
DA:283,17
DA:284,1
DA:286,16
DA:288,16
DA:290,16
DA:292,0
DA:294,0
DA:295,0
DA:297,0
DA:298,0
DA:301,0
DA:302,0
DA:307,16
DA:315,1
DA:319,11
LF:119
LH:109
BRDA:12,0,0,11
BRDA:12,0,1,11
BRDA:24,1,0,11
BRDA:24,1,1,11
BRDA:31,2,0,3
BRDA:31,2,1,77
BRDA:36,3,0,1
BRDA:36,3,1,76
BRDA:36,4,0,77
BRDA:36,4,1,76
BRDA:55,5,0,1
BRDA:55,5,1,23
BRDA:57,6,0,1
BRDA:57,6,1,22
BRDA:59,7,0,10
BRDA:59,7,1,12
BRDA:60,8,0,1
BRDA:60,8,1,9
BRDA:61,9,0,1
BRDA:61,9,1,0
BRDA:63,10,0,1
BRDA:63,10,1,8
BRDA:66,11,0,2
BRDA:66,11,1,6
BRDA:67,12,0,1
BRDA:67,12,1,1
BRDA:82,13,0,0
BRDA:84,14,0,114
BRDA:84,14,1,0
BRDA:85,15,0,114
BRDA:85,15,1,0
BRDA:86,16,0,114
BRDA:86,16,1,0
BRDA:87,17,0,114
BRDA:87,17,1,0
BRDA:88,18,0,114
BRDA:88,18,1,37
BRDA:89,19,0,114
BRDA:89,19,1,37
BRDA:91,20,0,114
BRDA:91,20,1,77
BRDA:93,21,0,114
BRDA:93,21,1,114
BRDA:102,22,0,315
BRDA:102,22,1,0
BRDA:105,23,0,315
BRDA:105,23,1,0
BRDA:105,24,0,315
BRDA:105,24,1,315
BRDA:128,25,0,1
BRDA:128,25,1,1
BRDA:161,26,0,6
BRDA:161,26,1,27
BRDA:161,27,0,33
BRDA:161,27,1,6
BRDA:163,28,0,6
BRDA:163,28,1,0
BRDA:173,29,0,14
BRDA:173,29,1,0
BRDA:173,30,0,14
BRDA:173,30,1,14
BRDA:182,31,0,128
BRDA:182,31,1,8
BRDA:182,32,0,136
BRDA:182,32,1,128
BRDA:185,33,0,8
BRDA:185,33,1,120
BRDA:194,34,0,1
BRDA:194,34,1,1
BRDA:194,35,0,2
BRDA:194,35,1,2
BRDA:195,36,0,1
BRDA:195,36,1,0
BRDA:196,37,0,1
BRDA:196,37,1,0
BRDA:203,38,0,1
BRDA:203,38,1,1
BRDA:203,39,0,2
BRDA:203,39,1,2
BRDA:204,40,0,1
BRDA:204,40,1,0
BRDA:205,41,0,1
BRDA:205,41,1,0
BRDA:214,42,0,2
BRDA:214,42,1,1
BRDA:214,43,0,3
BRDA:214,43,1,2
BRDA:216,44,0,1
BRDA:216,44,1,1
BRDA:222,45,0,2
BRDA:222,45,1,0
BRDA:234,46,0,18
BRDA:234,46,1,1
BRDA:234,47,0,19
BRDA:234,47,1,18
BRDA:236,48,0,16
BRDA:236,48,1,2
BRDA:237,49,0,1
BRDA:237,49,1,15
BRDA:244,50,0,0
BRDA:244,50,1,2
BRDA:250,51,0,5
BRDA:250,51,1,13
BRDA:251,52,0,3
BRDA:251,52,1,2
BRDA:251,53,0,0
BRDA:251,53,1,2
BRDA:252,54,0,3
BRDA:252,54,1,2
BRDA:282,55,0,10
BRDA:283,56,0,1
BRDA:283,56,1,16
BRDA:290,57,0,0
BRDA:290,57,1,16
BRDA:292,58,0,0
BRDA:292,58,1,0
BRDA:292,58,2,0
BRDA:292,58,3,0
BRF:118
BRH:96
end_of_record
TN:
SF:src/util/time-zone-helper.ts
FN:15,(anonymous_0)
FN:25,(anonymous_1)
FN:34,(anonymous_2)
FN:68,(anonymous_3)
FN:76,(anonymous_4)
FN:89,(anonymous_5)
FNF:6
FNH:6
FNDA:37,(anonymous_0)
FNDA:1,(anonymous_1)
FNDA:27,(anonymous_2)
FNDA:14,(anonymous_3)
FNDA:15,(anonymous_4)
FNDA:1,(anonymous_5)
DA:2,17
DA:3,17
DA:16,37
DA:17,37
DA:18,37
DA:26,1
DA:27,1
DA:28,1
DA:36,27
DA:38,27
DA:39,27
DA:41,27
DA:43,27
DA:45,1
DA:46,1
DA:47,1
DA:48,1
DA:52,27
DA:53,27
DA:55,27
DA:56,27
DA:69,14
DA:70,14
DA:77,15
DA:78,14
DA:79,1
DA:80,1
DA:81,1
DA:91,1
DA:92,1
DA:94,1
DA:95,1
DA:96,1
DA:97,1
DA:101,1
DA:107,1
DA:108,1
DA:111,17
LF:38
LH:38
BRDA:15,0,0,16
BRDA:15,1,0,16
BRDA:43,2,0,1
BRDA:43,2,1,26
BRDA:46,3,0,1
BRDA:46,3,1,0
BRDA:46,4,0,1
BRDA:46,4,1,1
BRDA:55,5,0,1
BRDA:55,5,1,26
BRDA:70,6,0,14
BRDA:70,6,1,0
BRDA:77,7,0,14
BRDA:77,7,1,1
BRDA:81,8,0,1
BRDA:81,8,1,1
BRDA:94,9,0,1
BRDA:94,9,1,0
BRDA:96,10,0,1
BRDA:96,10,1,0
BRDA:96,11,0,1
BRDA:96,11,1,1
BRF:22
BRH:18
end_of_record
TN:
SF:src/util/timeline-helper.ts
FN:19,(anonymous_0)
FN:41,(anonymous_1)
FN:113,(anonymous_2)
FN:123,(anonymous_3)
FN:153,(anonymous_4)
FN:165,(anonymous_5)
FN:176,(anonymous_6)
FN:252,(anonymous_7)
FN:296,(anonymous_8)
FN:320,(anonymous_9)
FN:341,(anonymous_10)
FN:363,(anonymous_11)
FN:388,(anonymous_12)
FN:398,(anonymous_13)
FN:414,(anonymous_14)
FN:430,(anonymous_15)
FN:446,(anonymous_16)
FNF:17
FNH:12
FNDA:1,(anonymous_0)
FNDA:8,(anonymous_1)
FNDA:10,(anonymous_2)
FNDA:10,(anonymous_3)
FNDA:28,(anonymous_4)
FNDA:13,(anonymous_5)
FNDA:1,(anonymous_6)
FNDA:13,(anonymous_7)
FNDA:13,(anonymous_8)
FNDA:6,(anonymous_9)
FNDA:1,(anonymous_10)
FNDA:1,(anonymous_11)
FNDA:0,(anonymous_12)
FNDA:0,(anonymous_13)
FNDA:0,(anonymous_14)
FNDA:0,(anonymous_15)
FNDA:0,(anonymous_16)
DA:7,10
DA:8,10
DA:20,1
DA:23,0
DA:26,1
DA:27,1
DA:28,1
DA:29,1
DA:31,1
DA:34,0
DA:43,8
DA:44,8
DA:45,3
DA:48,5
DA:49,5
DA:50,5
DA:51,1
DA:52,1
DA:53,1
DA:57,4
DA:58,4
DA:59,4
DA:60,3
DA:64,1
DA:67,10
DA:86,10
DA:113,10
DA:114,10
DA:115,10
DA:116,10
DA:117,10
DA:123,10
DA:125,10
DA:126,10
DA:127,10
DA:128,10
DA:130,10
DA:131,10
DA:132,10
DA:133,10
DA:135,10
DA:136,10
DA:137,10
DA:138,10
DA:139,10
DA:140,10
DA:142,10
DA:154,28
DA:155,28
DA:166,13
DA:168,13
DA:169,13
DA:170,0
DA:171,0
DA:174,13
DA:175,13
DA:176,9
DA:177,1
DA:181,13
DA:183,11
DA:185,10
DA:186,6
DA:189,10
DA:190,1
DA:193,10
DA:194,8
DA:196,8
DA:198,8
DA:200,8
DA:204,8
DA:210,8
DA:214,0
DA:217,0
DA:218,0
DA:222,1
DA:223,1
DA:224,1
DA:226,1
DA:227,1
DA:232,13
DA:234,13
DA:243,0
DA:244,0
DA:253,13
DA:255,13
DA:256,0
DA:257,0
DA:260,13
DA:262,13
DA:263,13
DA:265,13
DA:269,13
DA:270,0
DA:273,13
DA:274,1
DA:275,1
DA:278,0
DA:281,13
DA:284,0
DA:285,0
DA:297,13
DA:298,13
DA:299,8
DA:305,7
DA:306,7
DA:310,1
DA:312,6
DA:321,6
DA:322,6
DA:323,5
DA:326,5
DA:327,5
DA:331,0
DA:333,1
DA:342,1
DA:343,1
DA:344,1
DA:348,1
DA:349,1
DA:353,0
DA:355,0
DA:364,1
DA:366,1
DA:367,1
DA:370,1
DA:371,1
DA:374,0
DA:375,0
DA:379,0
DA:380,0
DA:389,0
DA:399,0
DA:415,0
DA:431,0
DA:447,0
DA:456,10
DA:460,10
LF:137
LH:110
BRDA:20,0,0,0
BRDA:20,0,1,1
BRDA:20,1,0,1
BRDA:20,1,1,1
BRDA:20,1,2,1
BRDA:20,1,3,1
BRDA:20,1,4,1
BRDA:20,1,5,1
BRDA:29,2,0,1
BRDA:29,2,1,0
BRDA:29,3,0,1
BRDA:29,3,1,1
BRDA:29,3,2,1
BRDA:29,3,3,1
BRDA:31,4,0,1
BRDA:31,4,1,0
BRDA:44,5,0,3
BRDA:44,5,1,5
BRDA:50,6,0,1
BRDA:50,6,1,4
BRDA:50,7,0,5
BRDA:50,7,1,1
BRDA:52,8,0,1
BRDA:52,8,1,0
BRDA:57,9,0,4
BRDA:57,9,1,0
BRDA:59,10,0,3
BRDA:59,10,1,1
BRDA:118,11,0,10
BRDA:118,11,1,10
BRDA:143,12,0,10
BRDA:143,12,1,10
BRDA:169,13,0,0
BRDA:169,13,1,13
BRDA:175,14,0,9
BRDA:175,14,1,4
BRDA:181,15,0,11
BRDA:181,15,1,2
BRDA:183,16,0,10
BRDA:183,16,1,1
BRDA:185,17,0,6
BRDA:185,17,1,4
BRDA:185,18,0,10
BRDA:185,18,1,6
BRDA:189,19,0,1
BRDA:189,19,1,9
BRDA:189,20,0,10
BRDA:189,20,1,1
BRDA:193,21,0,8
BRDA:193,21,1,2
BRDA:193,22,0,10
BRDA:193,22,1,4
BRDA:196,23,0,8
BRDA:196,23,1,0
BRDA:200,24,0,6
BRDA:200,24,1,2
BRDA:214,25,0,0
BRDA:214,25,1,0
BRDA:222,26,0,1
BRDA:222,26,1,0
BRDA:223,27,0,1
BRDA:223,27,1,0
BRDA:223,28,0,1
BRDA:223,28,1,1
BRDA:226,29,0,1
BRDA:226,29,1,0
BRDA:232,30,0,9
BRDA:232,30,1,4
BRDA:255,31,0,0
BRDA:255,31,1,13
BRDA:255,32,0,13
BRDA:255,32,1,13
BRDA:260,33,0,13
BRDA:260,33,1,0
BRDA:262,34,0,13
BRDA:262,34,1,0
BRDA:265,35,0,13
BRDA:265,35,1,6
BRDA:265,35,2,1
BRDA:269,36,0,0
BRDA:269,36,1,13
BRDA:273,37,0,1
BRDA:273,37,1,12
BRDA:298,38,0,8
BRDA:298,38,1,5
BRDA:322,39,0,5
BRDA:322,39,1,1
BRDA:343,40,0,1
BRDA:343,40,1,0
BRDA:343,41,0,1
BRDA:343,41,1,1
BRDA:366,42,0,1
BRDA:366,42,1,0
BRDA:398,43,0,0
BRDA:414,44,0,0
BRDA:430,45,0,0
BRDA:446,46,0,0
BRF:97
BRH:75
end_of_record
TN:
SF:src/util/validation.ts
FN:19,validateNumber
FN:41,validateBoolean
FN:50,validateString
FN:68,validateArray
FNF:4
FNH:4
FNDA:134,validateNumber
FNDA:26,validateBoolean
FNDA:5,validateString
FNDA:5,validateArray
DA:6,20
DA:7,20
DA:8,20
DA:9,20
DA:10,20
DA:20,134
DA:21,2
DA:23,132
DA:24,3
DA:26,129
DA:27,2
DA:29,127
DA:30,1
DA:32,126
DA:42,26
DA:43,1
DA:45,25
DA:51,5
DA:52,1
DA:54,4
DA:55,1
DA:57,3
DA:58,1
DA:60,2
DA:61,1
DA:63,1
DA:69,5
DA:70,1
DA:72,4
DA:73,1
DA:75,3
DA:76,1
DA:78,2
DA:79,1
DA:80,2
DA:81,1
DA:85,1
LF:37
LH:37
BRDA:19,0,0,2
BRDA:20,1,0,2
BRDA:20,1,1,132
BRDA:20,2,0,134
BRDA:20,2,1,133
BRDA:23,3,0,3
BRDA:23,3,1,129
BRDA:23,4,0,132
BRDA:23,4,1,128
BRDA:26,5,0,2
BRDA:26,5,1,127
BRDA:26,6,0,129
BRDA:26,6,1,125
BRDA:29,7,0,1
BRDA:29,7,1,126
BRDA:29,8,0,127
BRDA:29,8,1,2
BRDA:42,9,0,1
BRDA:42,9,1,25
BRDA:50,10,0,2
BRDA:51,11,0,1
BRDA:51,11,1,4
BRDA:54,12,0,1
BRDA:54,12,1,3
BRDA:54,13,0,4
BRDA:54,13,1,1
BRDA:57,14,0,1
BRDA:57,14,1,2
BRDA:57,15,0,3
BRDA:57,15,1,1
BRDA:60,16,0,1
BRDA:60,16,1,1
BRDA:60,17,0,2
BRDA:60,17,1,1
BRDA:68,18,0,2
BRDA:69,19,0,1
BRDA:69,19,1,4
BRDA:72,20,0,1
BRDA:72,20,1,3
BRDA:72,21,0,4
BRDA:72,21,1,1
BRDA:75,22,0,1
BRDA:75,22,1,2
BRDA:75,23,0,3
BRDA:75,23,1,1
BRDA:78,24,0,1
BRDA:78,24,1,1
BRDA:80,25,0,1
BRDA:80,25,1,1
BRF:49
BRH:49
end_of_record
