{"/Users/kjetilvetlejord/Documents/mel/com.melcloud.optimize/src/api.ts": {"path":"/Users/kjetilvetlejord/Documents/mel/com.melcloud.optimize/src/api.ts","statementMap":{"0":{"start":{"line":11,"column":4},"end":{"line":11,"column":19}},"1":{"start":{"line":18,"column":4},"end":{"line":18,"column":50}},"2":{"start":{"line":19,"column":4},"end":{"line":19,"column":27}},"3":{"start":{"line":20,"column":4},"end":{"line":20,"column":64}},"4":{"start":{"line":27,"column":4},"end":{"line":27,"column":57}},"5":{"start":{"line":28,"column":4},"end":{"line":28,"column":40}},"6":{"start":{"line":29,"column":4},"end":{"line":29,"column":71}},"7":{"start":{"line":36,"column":4},"end":{"line":36,"column":59}},"8":{"start":{"line":37,"column":4},"end":{"line":37,"column":42}},"9":{"start":{"line":38,"column":4},"end":{"line":38,"column":70}},"10":{"start":{"line":7,"column":0},"end":{"line":7,"column":13}}},"fnMap":{"0":{"name":"(anonymous_7)","decl":{"start":{"line":10,"column":2},"end":{"line":10,"column":14}},"loc":{"start":{"line":10,"column":35},"end":{"line":12,"column":3}}},"1":{"name":"(anonymous_8)","decl":{"start":{"line":17,"column":8},"end":{"line":17,"column":19}},"loc":{"start":{"line":17,"column":19},"end":{"line":21,"column":null}}},"2":{"name":"(anonymous_10)","decl":{"start":{"line":26,"column":8},"end":{"line":26,"column":26}},"loc":{"start":{"line":26,"column":26},"end":{"line":30,"column":null}}},"3":{"name":"(anonymous_12)","decl":{"start":{"line":35,"column":8},"end":{"line":35,"column":28}},"loc":{"start":{"line":35,"column":28},"end":{"line":39,"column":null}}}},"branchMap":{},"s":{"0":5,"1":1,"2":1,"3":1,"4":2,"5":2,"6":1,"7":2,"8":2,"9":1,"10":1},"f":{"0":5,"1":1,"2":2,"3":2},"b":{}}
,"/Users/kjetilvetlejord/Documents/mel/com.melcloud.optimize/src/app.simple.ts": {"path":"/Users/kjetilvetlejord/Documents/mel/com.melcloud.optimize/src/app.simple.ts","statementMap":{"0":{"start":{"line":1,"column":0},"end":{"line":1,"column":28}},"1":{"start":{"line":2,"column":0},"end":{"line":2,"column":31}},"2":{"start":{"line":38,"column":4},"end":{"line":38,"column":60}},"3":{"start":{"line":39,"column":4},"end":{"line":39,"column":48}},"4":{"start":{"line":42,"column":4},"end":{"line":42,"column":69}},"5":{"start":{"line":43,"column":4},"end":{"line":43,"column":52}},"6":{"start":{"line":46,"column":4},"end":{"line":46,"column":30}},"7":{"start":{"line":49,"column":4},"end":{"line":49,"column":23}},"8":{"start":{"line":52,"column":4},"end":{"line":52,"column":64}},"9":{"start":{"line":59,"column":4},"end":{"line":59,"column":39}},"10":{"start":{"line":62,"column":4},"end":{"line":69,"column":7}},"11":{"start":{"line":62,"column":59},"end":{"line":69,"column":6}},"12":{"start":{"line":63,"column":6},"end":{"line":63,"column":44}},"13":{"start":{"line":64,"column":6},"end":{"line":68,"column":7}},"14":{"start":{"line":65,"column":8},"end":{"line":65,"column":40}},"15":{"start":{"line":67,"column":8},"end":{"line":67,"column":61}},"16":{"start":{"line":72,"column":4},"end":{"line":79,"column":7}},"17":{"start":{"line":72,"column":59},"end":{"line":79,"column":6}},"18":{"start":{"line":73,"column":6},"end":{"line":73,"column":44}},"19":{"start":{"line":74,"column":6},"end":{"line":78,"column":7}},"20":{"start":{"line":75,"column":8},"end":{"line":75,"column":42}},"21":{"start":{"line":77,"column":8},"end":{"line":77,"column":61}},"22":{"start":{"line":82,"column":4},"end":{"line":82,"column":27}},"23":{"start":{"line":83,"column":4},"end":{"line":83,"column":27}},"24":{"start":{"line":84,"column":4},"end":{"line":84,"column":34}},"25":{"start":{"line":91,"column":4},"end":{"line":91,"column":40}},"26":{"start":{"line":94,"column":4},"end":{"line":99,"column":5}},"27":{"start":{"line":95,"column":20},"end":{"line":95,"column":48}},"28":{"start":{"line":96,"column":6},"end":{"line":96,"column":65}},"29":{"start":{"line":98,"column":6},"end":{"line":98,"column":49}},"30":{"start":{"line":102,"column":4},"end":{"line":174,"column":5}},"31":{"start":{"line":103,"column":23},"end":{"line":103,"column":69}},"32":{"start":{"line":104,"column":6},"end":{"line":106,"column":7}},"33":{"start":{"line":105,"column":8},"end":{"line":105,"column":53}},"34":{"start":{"line":109,"column":9},"end":{"line":174,"column":5}},"35":{"start":{"line":110,"column":6},"end":{"line":110,"column":78}},"36":{"start":{"line":114,"column":9},"end":{"line":174,"column":5}},"37":{"start":{"line":115,"column":6},"end":{"line":115,"column":70}},"38":{"start":{"line":117,"column":22},"end":{"line":117,"column":87}},"39":{"start":{"line":118,"column":6},"end":{"line":118,"column":64}},"40":{"start":{"line":120,"column":6},"end":{"line":142,"column":7}},"41":{"start":{"line":122,"column":8},"end":{"line":122,"column":69}},"42":{"start":{"line":123,"column":8},"end":{"line":123,"column":70}},"43":{"start":{"line":125,"column":8},"end":{"line":141,"column":9}},"44":{"start":{"line":127,"column":10},"end":{"line":130,"column":13}},"45":{"start":{"line":133,"column":10},"end":{"line":133,"column":42}},"46":{"start":{"line":134,"column":10},"end":{"line":134,"column":71}},"47":{"start":{"line":136,"column":10},"end":{"line":136,"column":69}},"48":{"start":{"line":137,"column":10},"end":{"line":137,"column":70}},"49":{"start":{"line":140,"column":10},"end":{"line":140,"column":73}},"50":{"start":{"line":145,"column":9},"end":{"line":174,"column":5}},"51":{"start":{"line":146,"column":6},"end":{"line":146,"column":69}},"52":{"start":{"line":148,"column":22},"end":{"line":148,"column":86}},"53":{"start":{"line":149,"column":6},"end":{"line":149,"column":63}},"54":{"start":{"line":151,"column":6},"end":{"line":173,"column":7}},"55":{"start":{"line":153,"column":8},"end":{"line":153,"column":68}},"56":{"start":{"line":154,"column":8},"end":{"line":154,"column":72}},"57":{"start":{"line":156,"column":8},"end":{"line":172,"column":9}},"58":{"start":{"line":158,"column":10},"end":{"line":161,"column":13}},"59":{"start":{"line":164,"column":10},"end":{"line":164,"column":44}},"60":{"start":{"line":165,"column":10},"end":{"line":165,"column":70}},"61":{"start":{"line":167,"column":10},"end":{"line":167,"column":69}},"62":{"start":{"line":168,"column":10},"end":{"line":168,"column":69}},"63":{"start":{"line":171,"column":10},"end":{"line":171,"column":72}},"64":{"start":{"line":182,"column":4},"end":{"line":182,"column":49}},"65":{"start":{"line":183,"column":4},"end":{"line":183,"column":45}},"66":{"start":{"line":184,"column":4},"end":{"line":184,"column":44}},"67":{"start":{"line":185,"column":4},"end":{"line":185,"column":47}},"68":{"start":{"line":186,"column":4},"end":{"line":186,"column":47}},"69":{"start":{"line":187,"column":4},"end":{"line":187,"column":51}},"70":{"start":{"line":194,"column":4},"end":{"line":194,"column":45}},"71":{"start":{"line":195,"column":4},"end":{"line":195,"column":56}},"72":{"start":{"line":197,"column":4},"end":{"line":217,"column":5}},"73":{"start":{"line":199,"column":6},"end":{"line":199,"column":59}},"74":{"start":{"line":202,"column":6},"end":{"line":202,"column":62}},"75":{"start":{"line":202,"column":35},"end":{"line":202,"column":60}},"76":{"start":{"line":204,"column":6},"end":{"line":204,"column":73}},"77":{"start":{"line":206,"column":20},"end":{"line":206,"column":32}},"78":{"start":{"line":207,"column":6},"end":{"line":207,"column":53}},"79":{"start":{"line":210,"column":6},"end":{"line":214,"column":7}},"80":{"start":{"line":211,"column":8},"end":{"line":211,"column":114}},"81":{"start":{"line":213,"column":8},"end":{"line":213,"column":70}},"82":{"start":{"line":216,"column":6},"end":{"line":216,"column":59}},"83":{"start":{"line":224,"column":4},"end":{"line":224,"column":44}},"84":{"start":{"line":225,"column":4},"end":{"line":225,"column":55}},"85":{"start":{"line":227,"column":4},"end":{"line":247,"column":5}},"86":{"start":{"line":229,"column":6},"end":{"line":229,"column":58}},"87":{"start":{"line":232,"column":6},"end":{"line":232,"column":62}},"88":{"start":{"line":232,"column":35},"end":{"line":232,"column":60}},"89":{"start":{"line":234,"column":6},"end":{"line":234,"column":72}},"90":{"start":{"line":236,"column":20},"end":{"line":236,"column":32}},"91":{"start":{"line":237,"column":6},"end":{"line":237,"column":52}},"92":{"start":{"line":240,"column":6},"end":{"line":244,"column":7}},"93":{"start":{"line":241,"column":8},"end":{"line":241,"column":116}},"94":{"start":{"line":243,"column":8},"end":{"line":243,"column":70}},"95":{"start":{"line":246,"column":6},"end":{"line":246,"column":58}},"96":{"start":{"line":254,"column":4},"end":{"line":254,"column":36}},"97":{"start":{"line":262,"column":4},"end":{"line":262,"column":56}},"98":{"start":{"line":265,"column":4},"end":{"line":268,"column":5}},"99":{"start":{"line":266,"column":6},"end":{"line":266,"column":28}},"100":{"start":{"line":267,"column":6},"end":{"line":267,"column":42}},"101":{"start":{"line":270,"column":4},"end":{"line":273,"column":5}},"102":{"start":{"line":271,"column":6},"end":{"line":271,"column":28}},"103":{"start":{"line":272,"column":6},"end":{"line":272,"column":42}},"104":{"start":{"line":275,"column":4},"end":{"line":275,"column":57}},"105":{"start":{"line":29,"column":0},"end":{"line":29,"column":21}}},"fnMap":{"0":{"name":"(anonymous_7)","decl":{"start":{"line":36,"column":8},"end":{"line":36,"column":14}},"loc":{"start":{"line":36,"column":14},"end":{"line":53,"column":null}}},"1":{"name":"(anonymous_9)","decl":{"start":{"line":58,"column":10},"end":{"line":58,"column":28}},"loc":{"start":{"line":58,"column":28},"end":{"line":85,"column":3}}},"2":{"name":"(anonymous_10)","decl":{"start":{"line":62,"column":48},"end":{"line":62,"column":57}},"loc":{"start":{"line":62,"column":59},"end":{"line":69,"column":6}}},"3":{"name":"(anonymous_11)","decl":{"start":{"line":62,"column":59},"end":{"line":62,"column":null}},"loc":{"start":{"line":62,"column":59},"end":{"line":69,"column":5}}},"4":{"name":"(anonymous_12)","decl":{"start":{"line":72,"column":48},"end":{"line":72,"column":57}},"loc":{"start":{"line":72,"column":59},"end":{"line":79,"column":6}}},"5":{"name":"(anonymous_13)","decl":{"start":{"line":72,"column":59},"end":{"line":72,"column":null}},"loc":{"start":{"line":72,"column":59},"end":{"line":79,"column":5}}},"6":{"name":"(anonymous_14)","decl":{"start":{"line":90,"column":16},"end":{"line":90,"column":33}},"loc":{"start":{"line":90,"column":45},"end":{"line":175,"column":null}}},"7":{"name":"(anonymous_16)","decl":{"start":{"line":180,"column":10},"end":{"line":180,"column":21}},"loc":{"start":{"line":180,"column":21},"end":{"line":188,"column":3}}},"8":{"name":"(anonymous_17)","decl":{"start":{"line":193,"column":16},"end":{"line":193,"column":34}},"loc":{"start":{"line":193,"column":34},"end":{"line":218,"column":null}}},"9":{"name":"(anonymous_19)","decl":{"start":{"line":202,"column":24},"end":{"line":202,"column":31}},"loc":{"start":{"line":202,"column":35},"end":{"line":202,"column":60}}},"10":{"name":"(anonymous_20)","decl":{"start":{"line":223,"column":16},"end":{"line":223,"column":36}},"loc":{"start":{"line":223,"column":36},"end":{"line":248,"column":null}}},"11":{"name":"(anonymous_22)","decl":{"start":{"line":232,"column":24},"end":{"line":232,"column":31}},"loc":{"start":{"line":232,"column":35},"end":{"line":232,"column":60}}},"12":{"name":"(anonymous_23)","decl":{"start":{"line":253,"column":10},"end":{"line":253,"column":26}},"loc":{"start":{"line":253,"column":26},"end":{"line":256,"column":3}}},"13":{"name":"(anonymous_24)","decl":{"start":{"line":261,"column":8},"end":{"line":261,"column":16}},"loc":{"start":{"line":261,"column":16},"end":{"line":276,"column":null}}}},"branchMap":{"0":{"loc":{"start":{"line":102,"column":4},"end":{"line":174,"column":5}},"type":"if","locations":[{"start":{"line":102,"column":4},"end":{"line":174,"column":5}},{"start":{"line":109,"column":9},"end":{"line":174,"column":5}}]},"1":{"loc":{"start":{"line":104,"column":6},"end":{"line":106,"column":7}},"type":"if","locations":[{"start":{"line":104,"column":6},"end":{"line":106,"column":7}}]},"2":{"loc":{"start":{"line":109,"column":9},"end":{"line":174,"column":5}},"type":"if","locations":[{"start":{"line":109,"column":9},"end":{"line":174,"column":5}},{"start":{"line":114,"column":9},"end":{"line":174,"column":5}}]},"3":{"loc":{"start":{"line":114,"column":9},"end":{"line":174,"column":5}},"type":"if","locations":[{"start":{"line":114,"column":9},"end":{"line":174,"column":5}},{"start":{"line":145,"column":9},"end":{"line":174,"column":5}}]},"4":{"loc":{"start":{"line":120,"column":6},"end":{"line":142,"column":7}},"type":"if","locations":[{"start":{"line":120,"column":6},"end":{"line":142,"column":7}}]},"5":{"loc":{"start":{"line":145,"column":9},"end":{"line":174,"column":5}},"type":"if","locations":[{"start":{"line":145,"column":9},"end":{"line":174,"column":5}}]},"6":{"loc":{"start":{"line":151,"column":6},"end":{"line":173,"column":7}},"type":"if","locations":[{"start":{"line":151,"column":6},"end":{"line":173,"column":7}}]},"7":{"loc":{"start":{"line":265,"column":4},"end":{"line":268,"column":5}},"type":"if","locations":[{"start":{"line":265,"column":4},"end":{"line":268,"column":5}}]},"8":{"loc":{"start":{"line":270,"column":4},"end":{"line":273,"column":5}},"type":"if","locations":[{"start":{"line":270,"column":4},"end":{"line":273,"column":5}}]}},"s":{"0":0,"1":0,"2":0,"3":0,"4":0,"5":0,"6":0,"7":0,"8":0,"9":0,"10":0,"11":0,"12":0,"13":0,"14":0,"15":0,"16":0,"17":0,"18":0,"19":0,"20":0,"21":0,"22":0,"23":0,"24":0,"25":0,"26":0,"27":0,"28":0,"29":0,"30":0,"31":0,"32":0,"33":0,"34":0,"35":0,"36":0,"37":0,"38":0,"39":0,"40":0,"41":0,"42":0,"43":0,"44":0,"45":0,"46":0,"47":0,"48":0,"49":0,"50":0,"51":0,"52":0,"53":0,"54":0,"55":0,"56":0,"57":0,"58":0,"59":0,"60":0,"61":0,"62":0,"63":0,"64":0,"65":0,"66":0,"67":0,"68":0,"69":0,"70":0,"71":0,"72":0,"73":0,"74":0,"75":0,"76":0,"77":0,"78":0,"79":0,"80":0,"81":0,"82":0,"83":0,"84":0,"85":0,"86":0,"87":0,"88":0,"89":0,"90":0,"91":0,"92":0,"93":0,"94":0,"95":0,"96":0,"97":0,"98":0,"99":0,"100":0,"101":0,"102":0,"103":0,"104":0,"105":0},"f":{"0":0,"1":0,"2":0,"3":0,"4":0,"5":0,"6":0,"7":0,"8":0,"9":0,"10":0,"11":0,"12":0,"13":0},"b":{"0":[0,0],"1":[0],"2":[0,0],"3":[0,0],"4":[0],"5":[0],"6":[0],"7":[0],"8":[0]}}
,"/Users/kjetilvetlejord/Documents/mel/com.melcloud.optimize/src/app.ts": {"path":"/Users/kjetilvetlejord/Documents/mel/com.melcloud.optimize/src/app.ts","statementMap":{"0":{"start":{"line":1,"column":0},"end":{"line":1,"column":28}},"1":{"start":{"line":2,"column":0},"end":{"line":2,"column":31}},"2":{"start":{"line":3,"column":0},"end":{"line":3,"column":50}},"3":{"start":{"line":4,"column":0},"end":{"line":4,"column":56}},"4":{"start":{"line":33,"column":19},"end":{"line":49,"column":6}},"5":{"start":{"line":52,"column":4},"end":{"line":52,"column":38}},"6":{"start":{"line":54,"column":4},"end":{"line":54,"column":18}},"7":{"start":{"line":62,"column":4},"end":{"line":67,"column":5}},"8":{"start":{"line":63,"column":6},"end":{"line":63,"column":78}},"9":{"start":{"line":64,"column":6},"end":{"line":64,"column":56}},"10":{"start":{"line":65,"column":6},"end":{"line":65,"column":32}},"11":{"start":{"line":66,"column":6},"end":{"line":66,"column":13}},"12":{"start":{"line":69,"column":4},"end":{"line":90,"column":5}},"13":{"start":{"line":70,"column":21},"end":{"line":84,"column":8}},"14":{"start":{"line":86,"column":6},"end":{"line":86,"column":53}},"15":{"start":{"line":87,"column":6},"end":{"line":87,"column":50}},"16":{"start":{"line":89,"column":6},"end":{"line":89,"column":75}},"17":{"start":{"line":98,"column":4},"end":{"line":98,"column":41}},"18":{"start":{"line":101,"column":4},"end":{"line":106,"column":5}},"19":{"start":{"line":102,"column":6},"end":{"line":102,"column":46}},"20":{"start":{"line":103,"column":6},"end":{"line":103,"column":28}},"21":{"start":{"line":104,"column":6},"end":{"line":104,"column":33}},"22":{"start":{"line":105,"column":6},"end":{"line":105,"column":42}},"23":{"start":{"line":109,"column":4},"end":{"line":114,"column":5}},"24":{"start":{"line":110,"column":6},"end":{"line":110,"column":46}},"25":{"start":{"line":111,"column":6},"end":{"line":111,"column":28}},"26":{"start":{"line":112,"column":6},"end":{"line":112,"column":33}},"27":{"start":{"line":113,"column":6},"end":{"line":113,"column":42}},"28":{"start":{"line":116,"column":4},"end":{"line":116,"column":50}},"29":{"start":{"line":124,"column":4},"end":{"line":124,"column":60}},"30":{"start":{"line":125,"column":4},"end":{"line":125,"column":48}},"31":{"start":{"line":128,"column":4},"end":{"line":128,"column":33}},"32":{"start":{"line":129,"column":4},"end":{"line":129,"column":52}},"33":{"start":{"line":130,"column":4},"end":{"line":130,"column":51}},"34":{"start":{"line":131,"column":4},"end":{"line":131,"column":53}},"35":{"start":{"line":134,"column":4},"end":{"line":134,"column":69}},"36":{"start":{"line":135,"column":4},"end":{"line":135,"column":52}},"37":{"start":{"line":138,"column":4},"end":{"line":138,"column":28}},"38":{"start":{"line":143,"column":4},"end":{"line":151,"column":5}},"39":{"start":{"line":144,"column":6},"end":{"line":144,"column":55}},"40":{"start":{"line":145,"column":6},"end":{"line":145,"column":41}},"41":{"start":{"line":148,"column":7},"end":{"line":148,"column":49}},"42":{"start":{"line":150,"column":6},"end":{"line":150,"column":69}},"43":{"start":{"line":154,"column":4},"end":{"line":167,"column":5}},"44":{"start":{"line":156,"column":21},"end":{"line":159,"column":8}},"45":{"start":{"line":157,"column":50},"end":{"line":157,"column":76}},"46":{"start":{"line":158,"column":77},"end":{"line":158,"column":121}},"47":{"start":{"line":160,"column":6},"end":{"line":160,"column":67}},"48":{"start":{"line":161,"column":6},"end":{"line":161,"column":46}},"49":{"start":{"line":164,"column":7},"end":{"line":164,"column":59}},"50":{"start":{"line":166,"column":6},"end":{"line":166,"column":74}},"51":{"start":{"line":170,"column":4},"end":{"line":170,"column":30}},"52":{"start":{"line":173,"column":4},"end":{"line":173,"column":51}},"53":{"start":{"line":174,"column":4},"end":{"line":174,"column":23}},"54":{"start":{"line":177,"column":4},"end":{"line":177,"column":50}},"55":{"start":{"line":178,"column":4},"end":{"line":178,"column":56}},"56":{"start":{"line":179,"column":4},"end":{"line":179,"column":36}},"57":{"start":{"line":180,"column":4},"end":{"line":180,"column":55}},"58":{"start":{"line":181,"column":4},"end":{"line":181,"column":54}},"59":{"start":{"line":184,"column":4},"end":{"line":187,"column":5}},"60":{"start":{"line":185,"column":6},"end":{"line":185,"column":32}},"61":{"start":{"line":186,"column":6},"end":{"line":186,"column":74}},"62":{"start":{"line":190,"column":4},"end":{"line":190,"column":64}},"63":{"start":{"line":198,"column":4},"end":{"line":198,"column":51}},"64":{"start":{"line":201,"column":27},"end":{"line":201,"column":75}},"65":{"start":{"line":204,"column":19},"end":{"line":204,"column":62}},"66":{"start":{"line":207,"column":16},"end":{"line":207,"column":26}},"67":{"start":{"line":210,"column":22},"end":{"line":210,"column":45}},"68":{"start":{"line":211,"column":4},"end":{"line":211,"column":72}},"69":{"start":{"line":214,"column":26},"end":{"line":214,"column":50}},"70":{"start":{"line":215,"column":4},"end":{"line":223,"column":5}},"71":{"start":{"line":217,"column":20},"end":{"line":217,"column":37}},"72":{"start":{"line":218,"column":6},"end":{"line":222,"column":7}},"73":{"start":{"line":219,"column":8},"end":{"line":219,"column":59}},"74":{"start":{"line":220,"column":8},"end":{"line":220,"column":29}},"75":{"start":{"line":221,"column":8},"end":{"line":221,"column":73}},"76":{"start":{"line":225,"column":4},"end":{"line":225,"column":53}},"77":{"start":{"line":226,"column":4},"end":{"line":226,"column":59}},"78":{"start":{"line":227,"column":4},"end":{"line":227,"column":102}},"79":{"start":{"line":230,"column":27},"end":{"line":230,"column":94}},"80":{"start":{"line":232,"column":4},"end":{"line":232,"column":57}},"81":{"start":{"line":236,"column":4},"end":{"line":236,"column":98}},"82":{"start":{"line":237,"column":4},"end":{"line":316,"column":35}},"83":{"start":{"line":237,"column":59},"end":{"line":316,"column":7}},"84":{"start":{"line":239,"column":26},"end":{"line":239,"column":36}},"85":{"start":{"line":242,"column":31},"end":{"line":242,"column":62}},"86":{"start":{"line":243,"column":6},"end":{"line":243,"column":89}},"87":{"start":{"line":246,"column":6},"end":{"line":251,"column":7}},"88":{"start":{"line":247,"column":22},"end":{"line":247,"column":47}},"89":{"start":{"line":248,"column":8},"end":{"line":250,"column":9}},"90":{"start":{"line":249,"column":10},"end":{"line":249,"column":75}},"91":{"start":{"line":253,"column":6},"end":{"line":253,"column":66}},"92":{"start":{"line":254,"column":6},"end":{"line":254,"column":65}},"93":{"start":{"line":255,"column":6},"end":{"line":255,"column":70}},"94":{"start":{"line":258,"column":6},"end":{"line":258,"column":76}},"95":{"start":{"line":261,"column":25},"end":{"line":261,"column":69}},"96":{"start":{"line":262,"column":6},"end":{"line":262,"column":59}},"97":{"start":{"line":263,"column":6},"end":{"line":263,"column":56}},"98":{"start":{"line":264,"column":6},"end":{"line":264,"column":57}},"99":{"start":{"line":267,"column":6},"end":{"line":309,"column":7}},"100":{"start":{"line":268,"column":8},"end":{"line":268,"column":59}},"101":{"start":{"line":270,"column":8},"end":{"line":306,"column":9}},"102":{"start":{"line":271,"column":10},"end":{"line":275,"column":12}},"103":{"start":{"line":276,"column":10},"end":{"line":276,"column":67}},"104":{"start":{"line":280,"column":10},"end":{"line":305,"column":11}},"105":{"start":{"line":281,"column":12},"end":{"line":285,"column":15}},"106":{"start":{"line":286,"column":12},"end":{"line":286,"column":66}},"107":{"start":{"line":289,"column":15},"end":{"line":305,"column":11}},"108":{"start":{"line":290,"column":12},"end":{"line":292,"column":15}},"109":{"start":{"line":293,"column":12},"end":{"line":293,"column":71}},"110":{"start":{"line":296,"column":15},"end":{"line":305,"column":11}},"111":{"start":{"line":297,"column":12},"end":{"line":300,"column":15}},"112":{"start":{"line":301,"column":12},"end":{"line":301,"column":62}},"113":{"start":{"line":304,"column":12},"end":{"line":304,"column":66}},"114":{"start":{"line":308,"column":8},"end":{"line":308,"column":90}},"115":{"start":{"line":310,"column":6},"end":{"line":310,"column":44}},"116":{"start":{"line":311,"column":6},"end":{"line":315,"column":7}},"117":{"start":{"line":312,"column":8},"end":{"line":312,"column":40}},"118":{"start":{"line":314,"column":8},"end":{"line":314,"column":61}},"119":{"start":{"line":319,"column":4},"end":{"line":319,"column":98}},"120":{"start":{"line":320,"column":4},"end":{"line":400,"column":35}},"121":{"start":{"line":320,"column":59},"end":{"line":400,"column":7}},"122":{"start":{"line":322,"column":26},"end":{"line":322,"column":36}},"123":{"start":{"line":325,"column":31},"end":{"line":325,"column":62}},"124":{"start":{"line":326,"column":6},"end":{"line":326,"column":89}},"125":{"start":{"line":329,"column":6},"end":{"line":334,"column":7}},"126":{"start":{"line":330,"column":22},"end":{"line":330,"column":47}},"127":{"start":{"line":331,"column":8},"end":{"line":333,"column":9}},"128":{"start":{"line":332,"column":10},"end":{"line":332,"column":75}},"129":{"start":{"line":336,"column":6},"end":{"line":336,"column":66}},"130":{"start":{"line":337,"column":6},"end":{"line":337,"column":65}},"131":{"start":{"line":338,"column":6},"end":{"line":338,"column":70}},"132":{"start":{"line":341,"column":6},"end":{"line":341,"column":76}},"133":{"start":{"line":344,"column":25},"end":{"line":344,"column":69}},"134":{"start":{"line":345,"column":6},"end":{"line":345,"column":59}},"135":{"start":{"line":346,"column":6},"end":{"line":346,"column":56}},"136":{"start":{"line":347,"column":6},"end":{"line":347,"column":57}},"137":{"start":{"line":350,"column":6},"end":{"line":392,"column":7}},"138":{"start":{"line":351,"column":8},"end":{"line":351,"column":59}},"139":{"start":{"line":353,"column":8},"end":{"line":389,"column":9}},"140":{"start":{"line":354,"column":10},"end":{"line":358,"column":12}},"141":{"start":{"line":359,"column":10},"end":{"line":359,"column":67}},"142":{"start":{"line":363,"column":10},"end":{"line":388,"column":11}},"143":{"start":{"line":364,"column":12},"end":{"line":368,"column":15}},"144":{"start":{"line":369,"column":12},"end":{"line":369,"column":66}},"145":{"start":{"line":372,"column":15},"end":{"line":388,"column":11}},"146":{"start":{"line":373,"column":12},"end":{"line":375,"column":15}},"147":{"start":{"line":376,"column":12},"end":{"line":376,"column":71}},"148":{"start":{"line":379,"column":15},"end":{"line":388,"column":11}},"149":{"start":{"line":380,"column":12},"end":{"line":383,"column":15}},"150":{"start":{"line":384,"column":12},"end":{"line":384,"column":62}},"151":{"start":{"line":387,"column":12},"end":{"line":387,"column":66}},"152":{"start":{"line":391,"column":8},"end":{"line":391,"column":90}},"153":{"start":{"line":394,"column":6},"end":{"line":394,"column":44}},"154":{"start":{"line":395,"column":6},"end":{"line":399,"column":7}},"155":{"start":{"line":396,"column":8},"end":{"line":396,"column":42}},"156":{"start":{"line":398,"column":8},"end":{"line":398,"column":61}},"157":{"start":{"line":403,"column":4},"end":{"line":403,"column":44}},"158":{"start":{"line":404,"column":4},"end":{"line":404,"column":27}},"159":{"start":{"line":405,"column":4},"end":{"line":405,"column":40}},"160":{"start":{"line":407,"column":4},"end":{"line":407,"column":44}},"161":{"start":{"line":408,"column":4},"end":{"line":408,"column":27}},"162":{"start":{"line":409,"column":4},"end":{"line":409,"column":40}},"163":{"start":{"line":412,"column":26},"end":{"line":412,"column":51}},"164":{"start":{"line":413,"column":26},"end":{"line":413,"column":51}},"165":{"start":{"line":416,"column":4},"end":{"line":416,"column":60}},"166":{"start":{"line":417,"column":4},"end":{"line":417,"column":60}},"167":{"start":{"line":420,"column":4},"end":{"line":438,"column":7}},"168":{"start":{"line":440,"column":4},"end":{"line":440,"column":83}},"169":{"start":{"line":441,"column":4},"end":{"line":441,"column":83}},"170":{"start":{"line":442,"column":4},"end":{"line":442,"column":47}},"171":{"start":{"line":449,"column":4},"end":{"line":449,"column":40}},"172":{"start":{"line":452,"column":4},"end":{"line":457,"column":5}},"173":{"start":{"line":453,"column":20},"end":{"line":453,"column":48}},"174":{"start":{"line":454,"column":6},"end":{"line":454,"column":65}},"175":{"start":{"line":456,"column":6},"end":{"line":456,"column":49}},"176":{"start":{"line":460,"column":4},"end":{"line":636,"column":5}},"177":{"start":{"line":461,"column":23},"end":{"line":461,"column":69}},"178":{"start":{"line":462,"column":6},"end":{"line":464,"column":7}},"179":{"start":{"line":463,"column":8},"end":{"line":463,"column":53}},"180":{"start":{"line":467,"column":9},"end":{"line":636,"column":5}},"181":{"start":{"line":468,"column":6},"end":{"line":468,"column":78}},"182":{"start":{"line":470,"column":6},"end":{"line":470,"column":30}},"183":{"start":{"line":473,"column":9},"end":{"line":636,"column":5}},"184":{"start":{"line":474,"column":6},"end":{"line":474,"column":79}},"185":{"start":{"line":475,"column":6},"end":{"line":475,"column":30}},"186":{"start":{"line":478,"column":9},"end":{"line":636,"column":5}},"187":{"start":{"line":479,"column":6},"end":{"line":479,"column":76}},"188":{"start":{"line":482,"column":6},"end":{"line":488,"column":7}},"189":{"start":{"line":483,"column":20},"end":{"line":483,"column":40}},"190":{"start":{"line":484,"column":8},"end":{"line":484,"column":54}},"191":{"start":{"line":485,"column":8},"end":{"line":485,"column":69}},"192":{"start":{"line":487,"column":8},"end":{"line":487,"column":97}},"193":{"start":{"line":491,"column":9},"end":{"line":636,"column":5}},"194":{"start":{"line":492,"column":6},"end":{"line":492,"column":70}},"195":{"start":{"line":494,"column":22},"end":{"line":494,"column":87}},"196":{"start":{"line":495,"column":6},"end":{"line":495,"column":64}},"197":{"start":{"line":497,"column":6},"end":{"line":554,"column":7}},"198":{"start":{"line":499,"column":8},"end":{"line":499,"column":69}},"199":{"start":{"line":500,"column":8},"end":{"line":500,"column":70}},"200":{"start":{"line":502,"column":8},"end":{"line":553,"column":9}},"201":{"start":{"line":504,"column":10},"end":{"line":504,"column":77}},"202":{"start":{"line":506,"column":10},"end":{"line":542,"column":11}},"203":{"start":{"line":507,"column":12},"end":{"line":511,"column":14}},"204":{"start":{"line":512,"column":12},"end":{"line":512,"column":69}},"205":{"start":{"line":516,"column":12},"end":{"line":541,"column":13}},"206":{"start":{"line":517,"column":14},"end":{"line":521,"column":17}},"207":{"start":{"line":522,"column":14},"end":{"line":522,"column":68}},"208":{"start":{"line":525,"column":17},"end":{"line":541,"column":13}},"209":{"start":{"line":526,"column":14},"end":{"line":528,"column":17}},"210":{"start":{"line":529,"column":14},"end":{"line":529,"column":73}},"211":{"start":{"line":532,"column":17},"end":{"line":541,"column":13}},"212":{"start":{"line":533,"column":14},"end":{"line":536,"column":17}},"213":{"start":{"line":537,"column":14},"end":{"line":537,"column":64}},"214":{"start":{"line":540,"column":14},"end":{"line":540,"column":68}},"215":{"start":{"line":545,"column":10},"end":{"line":545,"column":42}},"216":{"start":{"line":546,"column":10},"end":{"line":546,"column":71}},"217":{"start":{"line":548,"column":10},"end":{"line":548,"column":69}},"218":{"start":{"line":549,"column":10},"end":{"line":549,"column":70}},"219":{"start":{"line":552,"column":10},"end":{"line":552,"column":73}},"220":{"start":{"line":557,"column":9},"end":{"line":636,"column":5}},"221":{"start":{"line":558,"column":6},"end":{"line":558,"column":55}},"222":{"start":{"line":560,"column":22},"end":{"line":560,"column":72}},"223":{"start":{"line":561,"column":6},"end":{"line":561,"column":49}},"224":{"start":{"line":563,"column":6},"end":{"line":579,"column":7}},"225":{"start":{"line":565,"column":8},"end":{"line":565,"column":55}},"226":{"start":{"line":566,"column":8},"end":{"line":566,"column":66}},"227":{"start":{"line":568,"column":8},"end":{"line":578,"column":9}},"228":{"start":{"line":570,"column":10},"end":{"line":570,"column":29}},"229":{"start":{"line":571,"column":10},"end":{"line":571,"column":57}},"230":{"start":{"line":573,"column":10},"end":{"line":573,"column":60}},"231":{"start":{"line":574,"column":10},"end":{"line":574,"column":56}},"232":{"start":{"line":577,"column":10},"end":{"line":577,"column":58}},"233":{"start":{"line":582,"column":9},"end":{"line":636,"column":5}},"234":{"start":{"line":583,"column":6},"end":{"line":583,"column":69}},"235":{"start":{"line":585,"column":22},"end":{"line":585,"column":86}},"236":{"start":{"line":586,"column":6},"end":{"line":586,"column":63}},"237":{"start":{"line":588,"column":6},"end":{"line":635,"column":7}},"238":{"start":{"line":590,"column":8},"end":{"line":590,"column":68}},"239":{"start":{"line":591,"column":8},"end":{"line":591,"column":72}},"240":{"start":{"line":593,"column":8},"end":{"line":634,"column":9}},"241":{"start":{"line":595,"column":10},"end":{"line":595,"column":76}},"242":{"start":{"line":598,"column":10},"end":{"line":623,"column":11}},"243":{"start":{"line":599,"column":12},"end":{"line":603,"column":15}},"244":{"start":{"line":604,"column":12},"end":{"line":604,"column":66}},"245":{"start":{"line":607,"column":15},"end":{"line":623,"column":11}},"246":{"start":{"line":608,"column":12},"end":{"line":610,"column":15}},"247":{"start":{"line":611,"column":12},"end":{"line":611,"column":71}},"248":{"start":{"line":614,"column":15},"end":{"line":623,"column":11}},"249":{"start":{"line":615,"column":12},"end":{"line":618,"column":15}},"250":{"start":{"line":619,"column":12},"end":{"line":619,"column":62}},"251":{"start":{"line":622,"column":12},"end":{"line":622,"column":66}},"252":{"start":{"line":626,"column":10},"end":{"line":626,"column":44}},"253":{"start":{"line":627,"column":10},"end":{"line":627,"column":70}},"254":{"start":{"line":629,"column":10},"end":{"line":629,"column":69}},"255":{"start":{"line":630,"column":10},"end":{"line":630,"column":69}},"256":{"start":{"line":633,"column":10},"end":{"line":633,"column":72}},"257":{"start":{"line":643,"column":32},"end":{"line":651,"column":22}},"258":{"start":{"line":644,"column":26},"end":{"line":644,"column":47}},"259":{"start":{"line":645,"column":6},"end":{"line":650,"column":9}},"260":{"start":{"line":654,"column":4},"end":{"line":654,"column":51}},"261":{"start":{"line":662,"column":4},"end":{"line":662,"column":49}},"262":{"start":{"line":663,"column":4},"end":{"line":663,"column":45}},"263":{"start":{"line":664,"column":4},"end":{"line":664,"column":44}},"264":{"start":{"line":665,"column":4},"end":{"line":665,"column":47}},"265":{"start":{"line":666,"column":4},"end":{"line":666,"column":47}},"266":{"start":{"line":669,"column":4},"end":{"line":669,"column":36}},"267":{"start":{"line":670,"column":4},"end":{"line":670,"column":35}},"268":{"start":{"line":671,"column":4},"end":{"line":671,"column":54}},"269":{"start":{"line":672,"column":4},"end":{"line":672,"column":53}},"270":{"start":{"line":673,"column":4},"end":{"line":673,"column":55}},"271":{"start":{"line":674,"column":4},"end":{"line":674,"column":52}},"272":{"start":{"line":675,"column":4},"end":{"line":675,"column":71}},"273":{"start":{"line":678,"column":4},"end":{"line":678,"column":61}},"274":{"start":{"line":680,"column":4},"end":{"line":680,"column":51}},"275":{"start":{"line":687,"column":4},"end":{"line":687,"column":45}},"276":{"start":{"line":688,"column":4},"end":{"line":688,"column":56}},"277":{"start":{"line":690,"column":4},"end":{"line":783,"column":5}},"278":{"start":{"line":692,"column":18},"end":{"line":692,"column":38}},"279":{"start":{"line":693,"column":21},"end":{"line":693,"column":75}},"280":{"start":{"line":695,"column":6},"end":{"line":727,"column":7}},"281":{"start":{"line":697,"column":8},"end":{"line":697,"column":68}},"282":{"start":{"line":700,"column":8},"end":{"line":721,"column":9}},"283":{"start":{"line":701,"column":10},"end":{"line":718,"column":11}},"284":{"start":{"line":703,"column":26},"end":{"line":703,"column":77}},"285":{"start":{"line":705,"column":12},"end":{"line":707,"column":13}},"286":{"start":{"line":706,"column":14},"end":{"line":706,"column":96}},"287":{"start":{"line":709,"column":12},"end":{"line":711,"column":13}},"288":{"start":{"line":710,"column":14},"end":{"line":710,"column":113}},"289":{"start":{"line":713,"column":12},"end":{"line":717,"column":14}},"290":{"start":{"line":720,"column":10},"end":{"line":720,"column":86}},"291":{"start":{"line":723,"column":8},"end":{"line":723,"column":75}},"292":{"start":{"line":724,"column":8},"end":{"line":724,"column":22}},"293":{"start":{"line":726,"column":8},"end":{"line":726,"column":57}},"294":{"start":{"line":729,"column":20},"end":{"line":729,"column":32}},"295":{"start":{"line":730,"column":6},"end":{"line":730,"column":53}},"296":{"start":{"line":733,"column":6},"end":{"line":761,"column":7}},"297":{"start":{"line":734,"column":27},"end":{"line":734,"column":78}},"298":{"start":{"line":735,"column":8},"end":{"line":758,"column":9}},"299":{"start":{"line":736,"column":10},"end":{"line":736,"column":67}},"300":{"start":{"line":739,"column":10},"end":{"line":754,"column":11}},"301":{"start":{"line":740,"column":12},"end":{"line":751,"column":13}},"302":{"start":{"line":741,"column":14},"end":{"line":745,"column":16}},"303":{"start":{"line":748,"column":14},"end":{"line":750,"column":17}},"304":{"start":{"line":753,"column":12},"end":{"line":753,"column":74}},"305":{"start":{"line":756,"column":10},"end":{"line":756,"column":78}},"306":{"start":{"line":757,"column":10},"end":{"line":757,"column":51}},"307":{"start":{"line":760,"column":8},"end":{"line":760,"column":87}},"308":{"start":{"line":764,"column":6},"end":{"line":779,"column":7}},"309":{"start":{"line":765,"column":8},"end":{"line":776,"column":9}},"310":{"start":{"line":766,"column":10},"end":{"line":770,"column":12}},"311":{"start":{"line":773,"column":10},"end":{"line":775,"column":13}},"312":{"start":{"line":778,"column":8},"end":{"line":778,"column":70}},"313":{"start":{"line":781,"column":6},"end":{"line":781,"column":59}},"314":{"start":{"line":782,"column":6},"end":{"line":782,"column":18}},"315":{"start":{"line":791,"column":29},"end":{"line":791,"column":31}},"316":{"start":{"line":794,"column":4},"end":{"line":803,"column":5}},"317":{"start":{"line":795,"column":18},"end":{"line":795,"column":38}},"318":{"start":{"line":796,"column":29},"end":{"line":796,"column":79}},"319":{"start":{"line":798,"column":6},"end":{"line":800,"column":7}},"320":{"start":{"line":799,"column":8},"end":{"line":799,"column":58}},"321":{"start":{"line":802,"column":6},"end":{"line":802,"column":113}},"322":{"start":{"line":806,"column":4},"end":{"line":815,"column":5}},"323":{"start":{"line":807,"column":18},"end":{"line":807,"column":38}},"324":{"start":{"line":808,"column":27},"end":{"line":808,"column":75}},"325":{"start":{"line":810,"column":6},"end":{"line":812,"column":7}},"326":{"start":{"line":811,"column":8},"end":{"line":811,"column":60}},"327":{"start":{"line":814,"column":6},"end":{"line":814,"column":115}},"328":{"start":{"line":818,"column":4},"end":{"line":820,"column":5}},"329":{"start":{"line":819,"column":6},"end":{"line":819,"column":58}},"330":{"start":{"line":822,"column":4},"end":{"line":824,"column":5}},"331":{"start":{"line":823,"column":6},"end":{"line":823,"column":57}},"332":{"start":{"line":826,"column":4},"end":{"line":829,"column":6}},"333":{"start":{"line":837,"column":4},"end":{"line":837,"column":44}},"334":{"start":{"line":839,"column":25},"end":{"line":839,"column":55}},"335":{"start":{"line":841,"column":4},"end":{"line":915,"column":5}},"336":{"start":{"line":842,"column":6},"end":{"line":842,"column":103}},"337":{"start":{"line":845,"column":6},"end":{"line":856,"column":7}},"338":{"start":{"line":846,"column":8},"end":{"line":853,"column":9}},"339":{"start":{"line":847,"column":32},"end":{"line":847,"column":62}},"340":{"start":{"line":848,"column":10},"end":{"line":852,"column":12}},"341":{"start":{"line":855,"column":8},"end":{"line":855,"column":89}},"342":{"start":{"line":859,"column":22},"end":{"line":859,"column":27}},"343":{"start":{"line":861,"column":6},"end":{"line":896,"column":7}},"344":{"start":{"line":863,"column":8},"end":{"line":867,"column":9}},"345":{"start":{"line":864,"column":10},"end":{"line":864,"column":43}},"346":{"start":{"line":865,"column":10},"end":{"line":865,"column":36}},"347":{"start":{"line":866,"column":10},"end":{"line":866,"column":27}},"348":{"start":{"line":871,"column":8},"end":{"line":871,"column":54}},"349":{"start":{"line":874,"column":8},"end":{"line":880,"column":9}},"350":{"start":{"line":875,"column":10},"end":{"line":879,"column":12}},"351":{"start":{"line":882,"column":8},"end":{"line":882,"column":64}},"352":{"start":{"line":885,"column":8},"end":{"line":895,"column":9}},"353":{"start":{"line":886,"column":10},"end":{"line":894,"column":11}},"354":{"start":{"line":887,"column":12},"end":{"line":891,"column":14}},"355":{"start":{"line":893,"column":12},"end":{"line":893,"column":97}},"356":{"start":{"line":898,"column":6},"end":{"line":900,"column":null}},"357":{"start":{"line":904,"column":6},"end":{"line":914,"column":7}},"358":{"start":{"line":905,"column":8},"end":{"line":911,"column":9}},"359":{"start":{"line":906,"column":10},"end":{"line":910,"column":12}},"360":{"start":{"line":913,"column":8},"end":{"line":913,"column":97}},"361":{"start":{"line":917,"column":4},"end":{"line":917,"column":43}},"362":{"start":{"line":918,"column":4},"end":{"line":920,"column":null}},"363":{"start":{"line":928,"column":4},"end":{"line":928,"column":44}},"364":{"start":{"line":929,"column":4},"end":{"line":929,"column":55}},"365":{"start":{"line":931,"column":4},"end":{"line":990,"column":5}},"366":{"start":{"line":933,"column":18},"end":{"line":933,"column":38}},"367":{"start":{"line":934,"column":21},"end":{"line":934,"column":77}},"368":{"start":{"line":936,"column":6},"end":{"line":965,"column":7}},"369":{"start":{"line":938,"column":8},"end":{"line":959,"column":9}},"370":{"start":{"line":939,"column":10},"end":{"line":956,"column":11}},"371":{"start":{"line":941,"column":26},"end":{"line":941,"column":66}},"372":{"start":{"line":943,"column":12},"end":{"line":945,"column":13}},"373":{"start":{"line":944,"column":14},"end":{"line":944,"column":117}},"374":{"start":{"line":947,"column":12},"end":{"line":949,"column":13}},"375":{"start":{"line":948,"column":14},"end":{"line":948,"column":63}},"376":{"start":{"line":951,"column":12},"end":{"line":955,"column":14}},"377":{"start":{"line":958,"column":10},"end":{"line":958,"column":86}},"378":{"start":{"line":961,"column":8},"end":{"line":961,"column":74}},"379":{"start":{"line":962,"column":8},"end":{"line":962,"column":22}},"380":{"start":{"line":964,"column":8},"end":{"line":964,"column":57}},"381":{"start":{"line":967,"column":20},"end":{"line":967,"column":32}},"382":{"start":{"line":968,"column":6},"end":{"line":968,"column":52}},"383":{"start":{"line":971,"column":6},"end":{"line":986,"column":7}},"384":{"start":{"line":972,"column":8},"end":{"line":983,"column":9}},"385":{"start":{"line":973,"column":10},"end":{"line":977,"column":12}},"386":{"start":{"line":980,"column":10},"end":{"line":982,"column":13}},"387":{"start":{"line":985,"column":8},"end":{"line":985,"column":70}},"388":{"start":{"line":988,"column":6},"end":{"line":988,"column":58}},"389":{"start":{"line":989,"column":6},"end":{"line":989,"column":18}},"390":{"start":{"line":1000,"column":4},"end":{"line":1000,"column":36}},"391":{"start":{"line":1003,"column":25},"end":{"line":1003,"column":65}},"392":{"start":{"line":1004,"column":25},"end":{"line":1004,"column":65}},"393":{"start":{"line":1005,"column":24},"end":{"line":1005,"column":63}},"394":{"start":{"line":1007,"column":4},"end":{"line":1010,"column":5}},"395":{"start":{"line":1008,"column":6},"end":{"line":1008,"column":53}},"396":{"start":{"line":1009,"column":6},"end":{"line":1009,"column":19}},"397":{"start":{"line":1012,"column":4},"end":{"line":1015,"column":5}},"398":{"start":{"line":1013,"column":6},"end":{"line":1013,"column":48}},"399":{"start":{"line":1014,"column":6},"end":{"line":1014,"column":19}},"400":{"start":{"line":1018,"column":20},"end":{"line":1018,"column":55}},"401":{"start":{"line":1019,"column":20},"end":{"line":1019,"column":55}},"402":{"start":{"line":1021,"column":4},"end":{"line":1026,"column":5}},"403":{"start":{"line":1022,"column":6},"end":{"line":1025,"column":7}},"404":{"start":{"line":1023,"column":8},"end":{"line":1023,"column":72}},"405":{"start":{"line":1024,"column":8},"end":{"line":1024,"column":21}},"406":{"start":{"line":1029,"column":24},"end":{"line":1029,"column":63}},"407":{"start":{"line":1030,"column":4},"end":{"line":1043,"column":5}},"408":{"start":{"line":1031,"column":27},"end":{"line":1031,"column":68}},"409":{"start":{"line":1032,"column":27},"end":{"line":1032,"column":68}},"410":{"start":{"line":1034,"column":6},"end":{"line":1042,"column":7}},"411":{"start":{"line":1035,"column":8},"end":{"line":1038,"column":9}},"412":{"start":{"line":1036,"column":10},"end":{"line":1036,"column":86}},"413":{"start":{"line":1037,"column":10},"end":{"line":1037,"column":23}},"414":{"start":{"line":1040,"column":8},"end":{"line":1040,"column":88}},"415":{"start":{"line":1041,"column":8},"end":{"line":1041,"column":21}},"416":{"start":{"line":1046,"column":30},"end":{"line":1046,"column":76}},"417":{"start":{"line":1047,"column":4},"end":{"line":1060,"column":5}},"418":{"start":{"line":1048,"column":26},"end":{"line":1048,"column":66}},"419":{"start":{"line":1049,"column":26},"end":{"line":1049,"column":66}},"420":{"start":{"line":1051,"column":6},"end":{"line":1059,"column":7}},"421":{"start":{"line":1052,"column":8},"end":{"line":1055,"column":9}},"422":{"start":{"line":1053,"column":10},"end":{"line":1053,"column":84}},"423":{"start":{"line":1054,"column":10},"end":{"line":1054,"column":23}},"424":{"start":{"line":1057,"column":8},"end":{"line":1057,"column":86}},"425":{"start":{"line":1058,"column":8},"end":{"line":1058,"column":21}},"426":{"start":{"line":1063,"column":27},"end":{"line":1063,"column":70}},"427":{"start":{"line":1064,"column":4},"end":{"line":1072,"column":5}},"428":{"start":{"line":1065,"column":23},"end":{"line":1065,"column":58}},"429":{"start":{"line":1066,"column":24},"end":{"line":1066,"column":60}},"430":{"start":{"line":1068,"column":6},"end":{"line":1071,"column":7}},"431":{"start":{"line":1069,"column":8},"end":{"line":1069,"column":68}},"432":{"start":{"line":1074,"column":4},"end":{"line":1074,"column":47}},"433":{"start":{"line":1075,"column":4},"end":{"line":1075,"column":16}},"434":{"start":{"line":1082,"column":4},"end":{"line":1082,"column":60}},"435":{"start":{"line":1084,"column":4},"end":{"line":1120,"column":5}},"436":{"start":{"line":1086,"column":6},"end":{"line":1086,"column":29}},"437":{"start":{"line":1089,"column":6},"end":{"line":1099,"column":7}},"438":{"start":{"line":1091,"column":20},"end":{"line":1091,"column":40}},"439":{"start":{"line":1092,"column":8},"end":{"line":1096,"column":9}},"440":{"start":{"line":1093,"column":10},"end":{"line":1093,"column":56}},"441":{"start":{"line":1094,"column":10},"end":{"line":1094,"column":51}},"442":{"start":{"line":1095,"column":10},"end":{"line":1095,"column":52}},"443":{"start":{"line":1098,"column":8},"end":{"line":1098,"column":88}},"444":{"start":{"line":1102,"column":6},"end":{"line":1105,"column":7}},"445":{"start":{"line":1103,"column":8},"end":{"line":1103,"column":53}},"446":{"start":{"line":1108,"column":6},"end":{"line":1112,"column":7}},"447":{"start":{"line":1109,"column":8},"end":{"line":1109,"column":56}},"448":{"start":{"line":1110,"column":8},"end":{"line":1110,"column":48}},"449":{"start":{"line":1111,"column":8},"end":{"line":1111,"column":45}},"450":{"start":{"line":1115,"column":6},"end":{"line":1115,"column":43}},"451":{"start":{"line":1117,"column":6},"end":{"line":1117,"column":63}},"452":{"start":{"line":1119,"column":6},"end":{"line":1119,"column":59}},"453":{"start":{"line":20,"column":0},"end":{"line":20,"column":21}}},"fnMap":{"0":{"name":"(anonymous_7)","decl":{"start":{"line":32,"column":9},"end":{"line":32,"column":22}},"loc":{"start":{"line":32,"column":22},"end":{"line":55,"column":3}}},"1":{"name":"(anonymous_8)","decl":{"start":{"line":61,"column":9},"end":{"line":61,"column":35}},"loc":{"start":{"line":61,"column":35},"end":{"line":91,"column":3}}},"2":{"name":"(anonymous_9)","decl":{"start":{"line":97,"column":9},"end":{"line":97,"column":24}},"loc":{"start":{"line":97,"column":24},"end":{"line":117,"column":3}}},"3":{"name":"(anonymous_10)","decl":{"start":{"line":122,"column":8},"end":{"line":122,"column":14}},"loc":{"start":{"line":122,"column":14},"end":{"line":191,"column":null}}},"4":{"name":"(anonymous_12)","decl":{"start":{"line":157,"column":13},"end":{"line":157,"column":14}},"loc":{"start":{"line":157,"column":50},"end":{"line":157,"column":76}}},"5":{"name":"(anonymous_13)","decl":{"start":{"line":158,"column":15},"end":{"line":158,"column":16}},"loc":{"start":{"line":158,"column":77},"end":{"line":158,"column":121}}},"6":{"name":"(anonymous_14)","decl":{"start":{"line":197,"column":9},"end":{"line":197,"column":27}},"loc":{"start":{"line":197,"column":27},"end":{"line":443,"column":3}}},"7":{"name":"(anonymous_15)","decl":{"start":{"line":237,"column":48},"end":{"line":237,"column":57}},"loc":{"start":{"line":237,"column":59},"end":{"line":316,"column":7}}},"8":{"name":"(anonymous_16)","decl":{"start":{"line":237,"column":59},"end":{"line":237,"column":null}},"loc":{"start":{"line":237,"column":59},"end":{"line":316,"column":5}}},"9":{"name":"(anonymous_17)","decl":{"start":{"line":320,"column":48},"end":{"line":320,"column":57}},"loc":{"start":{"line":320,"column":59},"end":{"line":400,"column":7}}},"10":{"name":"(anonymous_18)","decl":{"start":{"line":320,"column":59},"end":{"line":320,"column":null}},"loc":{"start":{"line":320,"column":59},"end":{"line":400,"column":5}}},"11":{"name":"(anonymous_19)","decl":{"start":{"line":448,"column":16},"end":{"line":448,"column":33}},"loc":{"start":{"line":448,"column":45},"end":{"line":637,"column":null}}},"12":{"name":"(anonymous_21)","decl":{"start":{"line":642,"column":10},"end":{"line":642,"column":28}},"loc":{"start":{"line":642,"column":28},"end":{"line":655,"column":3}}},"13":{"name":"(anonymous_22)","decl":{"start":{"line":643,"column":44},"end":{"line":643,"column":47}},"loc":{"start":{"line":643,"column":49},"end":{"line":651,"column":5}}},"14":{"name":"(anonymous_23)","decl":{"start":{"line":660,"column":9},"end":{"line":660,"column":20}},"loc":{"start":{"line":660,"column":20},"end":{"line":681,"column":3}}},"15":{"name":"(anonymous_24)","decl":{"start":{"line":686,"column":15},"end":{"line":686,"column":33}},"loc":{"start":{"line":686,"column":33},"end":{"line":784,"column":null}}},"16":{"name":"(anonymous_26)","decl":{"start":{"line":790,"column":16},"end":{"line":790,"column":33}},"loc":{"start":{"line":790,"column":33},"end":{"line":830,"column":null}}},"17":{"name":"(anonymous_28)","decl":{"start":{"line":836,"column":15},"end":{"line":836,"column":35}},"loc":{"start":{"line":836,"column":35},"end":{"line":922,"column":null}}},"18":{"name":"(anonymous_30)","decl":{"start":{"line":927,"column":15},"end":{"line":927,"column":35}},"loc":{"start":{"line":927,"column":35},"end":{"line":991,"column":null}}},"19":{"name":"(anonymous_32)","decl":{"start":{"line":999,"column":10},"end":{"line":999,"column":26}},"loc":{"start":{"line":999,"column":26},"end":{"line":1076,"column":3}}},"20":{"name":"(anonymous_33)","decl":{"start":{"line":1081,"column":8},"end":{"line":1081,"column":16}},"loc":{"start":{"line":1081,"column":16},"end":{"line":1121,"column":null}}}},"branchMap":{"0":{"loc":{"start":{"line":34,"column":17},"end":{"line":38,"column":65}},"type":"cond-expr","locations":[{"start":{"line":34,"column":34},"end":{"line":38,"column":8}},{"start":{"line":38,"column":10},"end":{"line":38,"column":65}}]},"1":{"loc":{"start":{"line":40,"column":17},"end":{"line":44,"column":65}},"type":"cond-expr","locations":[{"start":{"line":40,"column":34},"end":{"line":44,"column":8}},{"start":{"line":44,"column":10},"end":{"line":44,"column":65}}]},"2":{"loc":{"start":{"line":46,"column":21},"end":{"line":46,"column":74}},"type":"binary-expr","locations":[{"start":{"line":46,"column":21},"end":{"line":46,"column":63}},{"start":{"line":46,"column":67},"end":{"line":46,"column":74}}]},"3":{"loc":{"start":{"line":47,"column":21},"end":{"line":47,"column":74}},"type":"binary-expr","locations":[{"start":{"line":47,"column":21},"end":{"line":47,"column":63}},{"start":{"line":47,"column":67},"end":{"line":47,"column":74}}]},"4":{"loc":{"start":{"line":62,"column":4},"end":{"line":67,"column":5}},"type":"if","locations":[{"start":{"line":62,"column":4},"end":{"line":67,"column":5}}]},"5":{"loc":{"start":{"line":62,"column":8},"end":{"line":62,"column":42}},"type":"binary-expr","locations":[{"start":{"line":62,"column":8},"end":{"line":62,"column":23}},{"start":{"line":62,"column":27},"end":{"line":62,"column":42}}]},"6":{"loc":{"start":{"line":81,"column":23},"end":{"line":81,"column":76}},"type":"binary-expr","locations":[{"start":{"line":81,"column":23},"end":{"line":81,"column":65}},{"start":{"line":81,"column":69},"end":{"line":81,"column":76}}]},"7":{"loc":{"start":{"line":82,"column":23},"end":{"line":82,"column":76}},"type":"binary-expr","locations":[{"start":{"line":82,"column":23},"end":{"line":82,"column":65}},{"start":{"line":82,"column":69},"end":{"line":82,"column":76}}]},"8":{"loc":{"start":{"line":101,"column":4},"end":{"line":106,"column":5}},"type":"if","locations":[{"start":{"line":101,"column":4},"end":{"line":106,"column":5}}]},"9":{"loc":{"start":{"line":109,"column":4},"end":{"line":114,"column":5}},"type":"if","locations":[{"start":{"line":109,"column":4},"end":{"line":114,"column":5}}]},"10":{"loc":{"start":{"line":184,"column":4},"end":{"line":187,"column":5}},"type":"if","locations":[{"start":{"line":184,"column":4},"end":{"line":187,"column":5}}]},"11":{"loc":{"start":{"line":201,"column":27},"end":{"line":201,"column":75}},"type":"binary-expr","locations":[{"start":{"line":201,"column":27},"end":{"line":201,"column":70}},{"start":{"line":201,"column":74},"end":{"line":201,"column":75}}]},"12":{"loc":{"start":{"line":204,"column":19},"end":{"line":204,"column":62}},"type":"binary-expr","locations":[{"start":{"line":204,"column":19},"end":{"line":204,"column":53}},{"start":{"line":204,"column":57},"end":{"line":204,"column":62}}]},"13":{"loc":{"start":{"line":215,"column":4},"end":{"line":223,"column":5}},"type":"if","locations":[{"start":{"line":215,"column":4},"end":{"line":223,"column":5}}]},"14":{"loc":{"start":{"line":218,"column":6},"end":{"line":222,"column":7}},"type":"if","locations":[{"start":{"line":218,"column":6},"end":{"line":222,"column":7}}]},"15":{"loc":{"start":{"line":218,"column":10},"end":{"line":218,"column":33}},"type":"binary-expr","locations":[{"start":{"line":218,"column":10},"end":{"line":218,"column":19}},{"start":{"line":218,"column":23},"end":{"line":218,"column":33}}]},"16":{"loc":{"start":{"line":227,"column":63},"end":{"line":227,"column":98}},"type":"cond-expr","locations":[{"start":{"line":227,"column":72},"end":{"line":227,"column":93}},{"start":{"line":227,"column":96},"end":{"line":227,"column":98}}]},"17":{"loc":{"start":{"line":230,"column":33},"end":{"line":230,"column":64}},"type":"cond-expr","locations":[{"start":{"line":230,"column":56},"end":{"line":230,"column":59}},{"start":{"line":230,"column":62},"end":{"line":230,"column":64}}]},"18":{"loc":{"start":{"line":246,"column":6},"end":{"line":251,"column":7}},"type":"if","locations":[{"start":{"line":246,"column":6},"end":{"line":251,"column":7}}]},"19":{"loc":{"start":{"line":248,"column":8},"end":{"line":250,"column":9}},"type":"if","locations":[{"start":{"line":248,"column":8},"end":{"line":250,"column":9}}]},"20":{"loc":{"start":{"line":248,"column":12},"end":{"line":248,"column":35}},"type":"binary-expr","locations":[{"start":{"line":248,"column":12},"end":{"line":248,"column":21}},{"start":{"line":248,"column":25},"end":{"line":248,"column":35}}]},"21":{"loc":{"start":{"line":261,"column":25},"end":{"line":261,"column":69}},"type":"binary-expr","locations":[{"start":{"line":261,"column":25},"end":{"line":261,"column":63}},{"start":{"line":261,"column":67},"end":{"line":261,"column":69}}]},"22":{"loc":{"start":{"line":270,"column":8},"end":{"line":306,"column":9}},"type":"if","locations":[{"start":{"line":270,"column":8},"end":{"line":306,"column":9}},{"start":{"line":277,"column":15},"end":{"line":306,"column":9}}]},"23":{"loc":{"start":{"line":280,"column":10},"end":{"line":305,"column":11}},"type":"if","locations":[{"start":{"line":280,"column":10},"end":{"line":305,"column":11}},{"start":{"line":289,"column":15},"end":{"line":305,"column":11}}]},"24":{"loc":{"start":{"line":280,"column":14},"end":{"line":280,"column":110}},"type":"binary-expr","locations":[{"start":{"line":280,"column":14},"end":{"line":280,"column":53}},{"start":{"line":280,"column":57},"end":{"line":280,"column":110}}]},"25":{"loc":{"start":{"line":289,"column":15},"end":{"line":305,"column":11}},"type":"if","locations":[{"start":{"line":289,"column":15},"end":{"line":305,"column":11}},{"start":{"line":296,"column":15},"end":{"line":305,"column":11}}]},"26":{"loc":{"start":{"line":289,"column":19},"end":{"line":289,"column":132}},"type":"binary-expr","locations":[{"start":{"line":289,"column":19},"end":{"line":289,"column":63}},{"start":{"line":289,"column":67},"end":{"line":289,"column":132}}]},"27":{"loc":{"start":{"line":296,"column":15},"end":{"line":305,"column":11}},"type":"if","locations":[{"start":{"line":296,"column":15},"end":{"line":305,"column":11}},{"start":{"line":303,"column":15},"end":{"line":305,"column":11}}]},"28":{"loc":{"start":{"line":296,"column":19},"end":{"line":296,"column":113}},"type":"binary-expr","locations":[{"start":{"line":296,"column":19},"end":{"line":296,"column":54}},{"start":{"line":296,"column":58},"end":{"line":296,"column":113}}]},"29":{"loc":{"start":{"line":329,"column":6},"end":{"line":334,"column":7}},"type":"if","locations":[{"start":{"line":329,"column":6},"end":{"line":334,"column":7}}]},"30":{"loc":{"start":{"line":331,"column":8},"end":{"line":333,"column":9}},"type":"if","locations":[{"start":{"line":331,"column":8},"end":{"line":333,"column":9}}]},"31":{"loc":{"start":{"line":331,"column":12},"end":{"line":331,"column":35}},"type":"binary-expr","locations":[{"start":{"line":331,"column":12},"end":{"line":331,"column":21}},{"start":{"line":331,"column":25},"end":{"line":331,"column":35}}]},"32":{"loc":{"start":{"line":344,"column":25},"end":{"line":344,"column":69}},"type":"binary-expr","locations":[{"start":{"line":344,"column":25},"end":{"line":344,"column":63}},{"start":{"line":344,"column":67},"end":{"line":344,"column":69}}]},"33":{"loc":{"start":{"line":353,"column":8},"end":{"line":389,"column":9}},"type":"if","locations":[{"start":{"line":353,"column":8},"end":{"line":389,"column":9}},{"start":{"line":360,"column":15},"end":{"line":389,"column":9}}]},"34":{"loc":{"start":{"line":363,"column":10},"end":{"line":388,"column":11}},"type":"if","locations":[{"start":{"line":363,"column":10},"end":{"line":388,"column":11}},{"start":{"line":372,"column":15},"end":{"line":388,"column":11}}]},"35":{"loc":{"start":{"line":363,"column":14},"end":{"line":363,"column":110}},"type":"binary-expr","locations":[{"start":{"line":363,"column":14},"end":{"line":363,"column":53}},{"start":{"line":363,"column":57},"end":{"line":363,"column":110}}]},"36":{"loc":{"start":{"line":372,"column":15},"end":{"line":388,"column":11}},"type":"if","locations":[{"start":{"line":372,"column":15},"end":{"line":388,"column":11}},{"start":{"line":379,"column":15},"end":{"line":388,"column":11}}]},"37":{"loc":{"start":{"line":372,"column":19},"end":{"line":372,"column":132}},"type":"binary-expr","locations":[{"start":{"line":372,"column":19},"end":{"line":372,"column":63}},{"start":{"line":372,"column":67},"end":{"line":372,"column":132}}]},"38":{"loc":{"start":{"line":379,"column":15},"end":{"line":388,"column":11}},"type":"if","locations":[{"start":{"line":379,"column":15},"end":{"line":388,"column":11}},{"start":{"line":386,"column":15},"end":{"line":388,"column":11}}]},"39":{"loc":{"start":{"line":379,"column":19},"end":{"line":379,"column":113}},"type":"binary-expr","locations":[{"start":{"line":379,"column":19},"end":{"line":379,"column":54}},{"start":{"line":379,"column":58},"end":{"line":379,"column":113}}]},"40":{"loc":{"start":{"line":460,"column":4},"end":{"line":636,"column":5}},"type":"if","locations":[{"start":{"line":460,"column":4},"end":{"line":636,"column":5}},{"start":{"line":467,"column":9},"end":{"line":636,"column":5}}]},"41":{"loc":{"start":{"line":462,"column":6},"end":{"line":464,"column":7}},"type":"if","locations":[{"start":{"line":462,"column":6},"end":{"line":464,"column":7}}]},"42":{"loc":{"start":{"line":467,"column":9},"end":{"line":636,"column":5}},"type":"if","locations":[{"start":{"line":467,"column":9},"end":{"line":636,"column":5}},{"start":{"line":473,"column":9},"end":{"line":636,"column":5}}]},"43":{"loc":{"start":{"line":473,"column":9},"end":{"line":636,"column":5}},"type":"if","locations":[{"start":{"line":473,"column":9},"end":{"line":636,"column":5}},{"start":{"line":478,"column":9},"end":{"line":636,"column":5}}]},"44":{"loc":{"start":{"line":478,"column":9},"end":{"line":636,"column":5}},"type":"if","locations":[{"start":{"line":478,"column":9},"end":{"line":636,"column":5}},{"start":{"line":491,"column":9},"end":{"line":636,"column":5}}]},"45":{"loc":{"start":{"line":491,"column":9},"end":{"line":636,"column":5}},"type":"if","locations":[{"start":{"line":491,"column":9},"end":{"line":636,"column":5}},{"start":{"line":557,"column":9},"end":{"line":636,"column":5}}]},"46":{"loc":{"start":{"line":497,"column":6},"end":{"line":554,"column":7}},"type":"if","locations":[{"start":{"line":497,"column":6},"end":{"line":554,"column":7}}]},"47":{"loc":{"start":{"line":506,"column":10},"end":{"line":542,"column":11}},"type":"if","locations":[{"start":{"line":506,"column":10},"end":{"line":542,"column":11}},{"start":{"line":513,"column":17},"end":{"line":542,"column":11}}]},"48":{"loc":{"start":{"line":516,"column":12},"end":{"line":541,"column":13}},"type":"if","locations":[{"start":{"line":516,"column":12},"end":{"line":541,"column":13}},{"start":{"line":525,"column":17},"end":{"line":541,"column":13}}]},"49":{"loc":{"start":{"line":516,"column":16},"end":{"line":516,"column":112}},"type":"binary-expr","locations":[{"start":{"line":516,"column":16},"end":{"line":516,"column":55}},{"start":{"line":516,"column":59},"end":{"line":516,"column":112}}]},"50":{"loc":{"start":{"line":525,"column":17},"end":{"line":541,"column":13}},"type":"if","locations":[{"start":{"line":525,"column":17},"end":{"line":541,"column":13}},{"start":{"line":532,"column":17},"end":{"line":541,"column":13}}]},"51":{"loc":{"start":{"line":525,"column":21},"end":{"line":525,"column":134}},"type":"binary-expr","locations":[{"start":{"line":525,"column":21},"end":{"line":525,"column":65}},{"start":{"line":525,"column":69},"end":{"line":525,"column":134}}]},"52":{"loc":{"start":{"line":532,"column":17},"end":{"line":541,"column":13}},"type":"if","locations":[{"start":{"line":532,"column":17},"end":{"line":541,"column":13}},{"start":{"line":539,"column":17},"end":{"line":541,"column":13}}]},"53":{"loc":{"start":{"line":532,"column":21},"end":{"line":532,"column":115}},"type":"binary-expr","locations":[{"start":{"line":532,"column":21},"end":{"line":532,"column":56}},{"start":{"line":532,"column":60},"end":{"line":532,"column":115}}]},"54":{"loc":{"start":{"line":557,"column":9},"end":{"line":636,"column":5}},"type":"if","locations":[{"start":{"line":557,"column":9},"end":{"line":636,"column":5}},{"start":{"line":582,"column":9},"end":{"line":636,"column":5}}]},"55":{"loc":{"start":{"line":563,"column":6},"end":{"line":579,"column":7}},"type":"if","locations":[{"start":{"line":563,"column":6},"end":{"line":579,"column":7}}]},"56":{"loc":{"start":{"line":582,"column":9},"end":{"line":636,"column":5}},"type":"if","locations":[{"start":{"line":582,"column":9},"end":{"line":636,"column":5}}]},"57":{"loc":{"start":{"line":588,"column":6},"end":{"line":635,"column":7}},"type":"if","locations":[{"start":{"line":588,"column":6},"end":{"line":635,"column":7}}]},"58":{"loc":{"start":{"line":598,"column":10},"end":{"line":623,"column":11}},"type":"if","locations":[{"start":{"line":598,"column":10},"end":{"line":623,"column":11}},{"start":{"line":607,"column":15},"end":{"line":623,"column":11}}]},"59":{"loc":{"start":{"line":598,"column":14},"end":{"line":598,"column":110}},"type":"binary-expr","locations":[{"start":{"line":598,"column":14},"end":{"line":598,"column":53}},{"start":{"line":598,"column":57},"end":{"line":598,"column":110}}]},"60":{"loc":{"start":{"line":607,"column":15},"end":{"line":623,"column":11}},"type":"if","locations":[{"start":{"line":607,"column":15},"end":{"line":623,"column":11}},{"start":{"line":614,"column":15},"end":{"line":623,"column":11}}]},"61":{"loc":{"start":{"line":607,"column":19},"end":{"line":607,"column":132}},"type":"binary-expr","locations":[{"start":{"line":607,"column":19},"end":{"line":607,"column":63}},{"start":{"line":607,"column":67},"end":{"line":607,"column":132}}]},"62":{"loc":{"start":{"line":614,"column":15},"end":{"line":623,"column":11}},"type":"if","locations":[{"start":{"line":614,"column":15},"end":{"line":623,"column":11}},{"start":{"line":621,"column":15},"end":{"line":623,"column":11}}]},"63":{"loc":{"start":{"line":614,"column":19},"end":{"line":614,"column":113}},"type":"binary-expr","locations":[{"start":{"line":614,"column":19},"end":{"line":614,"column":54}},{"start":{"line":614,"column":58},"end":{"line":614,"column":113}}]},"64":{"loc":{"start":{"line":695,"column":6},"end":{"line":727,"column":7}},"type":"if","locations":[{"start":{"line":695,"column":6},"end":{"line":727,"column":7}},{"start":{"line":725,"column":13},"end":{"line":727,"column":7}}]},"65":{"loc":{"start":{"line":701,"column":10},"end":{"line":718,"column":11}},"type":"if","locations":[{"start":{"line":701,"column":10},"end":{"line":718,"column":11}}]},"66":{"loc":{"start":{"line":705,"column":12},"end":{"line":707,"column":13}},"type":"if","locations":[{"start":{"line":705,"column":12},"end":{"line":707,"column":13}}]},"67":{"loc":{"start":{"line":705,"column":16},"end":{"line":705,"column":83}},"type":"binary-expr","locations":[{"start":{"line":705,"column":16},"end":{"line":705,"column":27}},{"start":{"line":705,"column":31},"end":{"line":705,"column":53}},{"start":{"line":705,"column":57},"end":{"line":705,"column":83}}]},"68":{"loc":{"start":{"line":709,"column":12},"end":{"line":711,"column":13}},"type":"if","locations":[{"start":{"line":709,"column":12},"end":{"line":711,"column":13}}]},"69":{"loc":{"start":{"line":709,"column":16},"end":{"line":709,"column":50}},"type":"binary-expr","locations":[{"start":{"line":709,"column":16},"end":{"line":709,"column":27}},{"start":{"line":709,"column":31},"end":{"line":709,"column":50}}]},"70":{"loc":{"start":{"line":710,"column":83},"end":{"line":710,"column":110}},"type":"binary-expr","locations":[{"start":{"line":710,"column":83},"end":{"line":710,"column":103}},{"start":{"line":710,"column":107},"end":{"line":710,"column":110}}]},"71":{"loc":{"start":{"line":726,"column":24},"end":{"line":726,"column":55}},"type":"binary-expr","locations":[{"start":{"line":726,"column":24},"end":{"line":726,"column":36}},{"start":{"line":726,"column":40},"end":{"line":726,"column":55}}]},"72":{"loc":{"start":{"line":735,"column":8},"end":{"line":758,"column":9}},"type":"if","locations":[{"start":{"line":735,"column":8},"end":{"line":758,"column":9}}]},"73":{"loc":{"start":{"line":740,"column":12},"end":{"line":751,"column":13}},"type":"if","locations":[{"start":{"line":740,"column":12},"end":{"line":751,"column":13}},{"start":{"line":746,"column":19},"end":{"line":751,"column":13}}]},"74":{"loc":{"start":{"line":765,"column":8},"end":{"line":776,"column":9}},"type":"if","locations":[{"start":{"line":765,"column":8},"end":{"line":776,"column":9}},{"start":{"line":771,"column":15},"end":{"line":776,"column":9}}]},"75":{"loc":{"start":{"line":798,"column":6},"end":{"line":800,"column":7}},"type":"if","locations":[{"start":{"line":798,"column":6},"end":{"line":800,"column":7}}]},"76":{"loc":{"start":{"line":802,"column":55},"end":{"line":802,"column":109}},"type":"cond-expr","locations":[{"start":{"line":802,"column":80},"end":{"line":802,"column":93}},{"start":{"line":802,"column":96},"end":{"line":802,"column":109}}]},"77":{"loc":{"start":{"line":810,"column":6},"end":{"line":812,"column":7}},"type":"if","locations":[{"start":{"line":810,"column":6},"end":{"line":812,"column":7}}]},"78":{"loc":{"start":{"line":814,"column":57},"end":{"line":814,"column":111}},"type":"cond-expr","locations":[{"start":{"line":814,"column":82},"end":{"line":814,"column":95}},{"start":{"line":814,"column":98},"end":{"line":814,"column":111}}]},"79":{"loc":{"start":{"line":818,"column":4},"end":{"line":820,"column":5}},"type":"if","locations":[{"start":{"line":818,"column":4},"end":{"line":820,"column":5}}]},"80":{"loc":{"start":{"line":818,"column":8},"end":{"line":818,"column":50}},"type":"binary-expr","locations":[{"start":{"line":818,"column":8},"end":{"line":818,"column":23}},{"start":{"line":818,"column":27},"end":{"line":818,"column":50}}]},"81":{"loc":{"start":{"line":822,"column":4},"end":{"line":824,"column":5}},"type":"if","locations":[{"start":{"line":822,"column":4},"end":{"line":824,"column":5}}]},"82":{"loc":{"start":{"line":822,"column":8},"end":{"line":822,"column":50}},"type":"binary-expr","locations":[{"start":{"line":822,"column":8},"end":{"line":822,"column":23}},{"start":{"line":822,"column":27},"end":{"line":822,"column":50}}]},"83":{"loc":{"start":{"line":841,"column":4},"end":{"line":915,"column":5}},"type":"if","locations":[{"start":{"line":841,"column":4},"end":{"line":915,"column":5}},{"start":{"line":902,"column":11},"end":{"line":915,"column":5}}]},"84":{"loc":{"start":{"line":846,"column":8},"end":{"line":853,"column":9}},"type":"if","locations":[{"start":{"line":846,"column":8},"end":{"line":853,"column":9}}]},"85":{"loc":{"start":{"line":863,"column":8},"end":{"line":867,"column":9}},"type":"if","locations":[{"start":{"line":863,"column":8},"end":{"line":867,"column":9}}]},"86":{"loc":{"start":{"line":863,"column":12},"end":{"line":863,"column":66}},"type":"binary-expr","locations":[{"start":{"line":863,"column":12},"end":{"line":863,"column":40}},{"start":{"line":863,"column":40},"end":{"line":863,"column":66}}]},"87":{"loc":{"start":{"line":863,"column":13},"end":{"line":863,"column":36}},"type":"cond-expr","locations":[{"start":{"line":863,"column":27},"end":{"line":863,"column":29}},{"start":{"line":863,"column":27},"end":{"line":863,"column":36}}]},"88":{"loc":{"start":{"line":863,"column":13},"end":{"line":863,"column":29}},"type":"binary-expr","locations":[{"start":{"line":863,"column":13},"end":{"line":863,"column":29}},{"start":{"line":863,"column":27},"end":{"line":863,"column":29}}]},"89":{"loc":{"start":{"line":863,"column":41},"end":{"line":863,"column":64}},"type":"cond-expr","locations":[{"start":{"line":863,"column":55},"end":{"line":863,"column":57}},{"start":{"line":863,"column":55},"end":{"line":863,"column":64}}]},"90":{"loc":{"start":{"line":863,"column":41},"end":{"line":863,"column":57}},"type":"binary-expr","locations":[{"start":{"line":863,"column":41},"end":{"line":863,"column":57}},{"start":{"line":863,"column":55},"end":{"line":863,"column":57}}]},"91":{"loc":{"start":{"line":874,"column":8},"end":{"line":880,"column":9}},"type":"if","locations":[{"start":{"line":874,"column":8},"end":{"line":880,"column":9}}]},"92":{"loc":{"start":{"line":874,"column":12},"end":{"line":874,"column":44}},"type":"binary-expr","locations":[{"start":{"line":874,"column":12},"end":{"line":874,"column":21}},{"start":{"line":874,"column":25},"end":{"line":874,"column":44}}]},"93":{"loc":{"start":{"line":885,"column":8},"end":{"line":895,"column":9}},"type":"if","locations":[{"start":{"line":885,"column":8},"end":{"line":895,"column":9}}]},"94":{"loc":{"start":{"line":889,"column":62},"end":{"line":889,"column":116}},"type":"cond-expr","locations":[{"start":{"line":889,"column":87},"end":{"line":889,"column":100}},{"start":{"line":889,"column":103},"end":{"line":889,"column":116}}]},"95":{"loc":{"start":{"line":905,"column":8},"end":{"line":911,"column":9}},"type":"if","locations":[{"start":{"line":905,"column":8},"end":{"line":911,"column":9}}]},"96":{"loc":{"start":{"line":936,"column":6},"end":{"line":965,"column":7}},"type":"if","locations":[{"start":{"line":936,"column":6},"end":{"line":965,"column":7}},{"start":{"line":963,"column":13},"end":{"line":965,"column":7}}]},"97":{"loc":{"start":{"line":939,"column":10},"end":{"line":956,"column":11}},"type":"if","locations":[{"start":{"line":939,"column":10},"end":{"line":956,"column":11}}]},"98":{"loc":{"start":{"line":943,"column":12},"end":{"line":945,"column":13}},"type":"if","locations":[{"start":{"line":943,"column":12},"end":{"line":945,"column":13}}]},"99":{"loc":{"start":{"line":943,"column":16},"end":{"line":943,"column":67}},"type":"binary-expr","locations":[{"start":{"line":943,"column":16},"end":{"line":943,"column":27}},{"start":{"line":943,"column":31},"end":{"line":943,"column":47}},{"start":{"line":943,"column":51},"end":{"line":943,"column":67}}]},"100":{"loc":{"start":{"line":947,"column":12},"end":{"line":949,"column":13}},"type":"if","locations":[{"start":{"line":947,"column":12},"end":{"line":949,"column":13}}]},"101":{"loc":{"start":{"line":947,"column":16},"end":{"line":947,"column":49}},"type":"binary-expr","locations":[{"start":{"line":947,"column":16},"end":{"line":947,"column":27}},{"start":{"line":947,"column":31},"end":{"line":947,"column":49}}]},"102":{"loc":{"start":{"line":964,"column":24},"end":{"line":964,"column":55}},"type":"binary-expr","locations":[{"start":{"line":964,"column":24},"end":{"line":964,"column":36}},{"start":{"line":964,"column":40},"end":{"line":964,"column":55}}]},"103":{"loc":{"start":{"line":972,"column":8},"end":{"line":983,"column":9}},"type":"if","locations":[{"start":{"line":972,"column":8},"end":{"line":983,"column":9}},{"start":{"line":978,"column":15},"end":{"line":983,"column":9}}]},"104":{"loc":{"start":{"line":1007,"column":4},"end":{"line":1010,"column":5}},"type":"if","locations":[{"start":{"line":1007,"column":4},"end":{"line":1010,"column":5}}]},"105":{"loc":{"start":{"line":1007,"column":8},"end":{"line":1007,"column":38}},"type":"binary-expr","locations":[{"start":{"line":1007,"column":8},"end":{"line":1007,"column":21}},{"start":{"line":1007,"column":25},"end":{"line":1007,"column":38}}]},"106":{"loc":{"start":{"line":1012,"column":4},"end":{"line":1015,"column":5}},"type":"if","locations":[{"start":{"line":1012,"column":4},"end":{"line":1015,"column":5}}]},"107":{"loc":{"start":{"line":1021,"column":4},"end":{"line":1026,"column":5}},"type":"if","locations":[{"start":{"line":1021,"column":4},"end":{"line":1026,"column":5}}]},"108":{"loc":{"start":{"line":1021,"column":8},"end":{"line":1021,"column":54}},"type":"binary-expr","locations":[{"start":{"line":1021,"column":8},"end":{"line":1021,"column":29}},{"start":{"line":1021,"column":33},"end":{"line":1021,"column":54}}]},"109":{"loc":{"start":{"line":1022,"column":6},"end":{"line":1025,"column":7}},"type":"if","locations":[{"start":{"line":1022,"column":6},"end":{"line":1025,"column":7}}]},"110":{"loc":{"start":{"line":1030,"column":4},"end":{"line":1043,"column":5}},"type":"if","locations":[{"start":{"line":1030,"column":4},"end":{"line":1043,"column":5}}]},"111":{"loc":{"start":{"line":1034,"column":6},"end":{"line":1042,"column":7}},"type":"if","locations":[{"start":{"line":1034,"column":6},"end":{"line":1042,"column":7}},{"start":{"line":1039,"column":13},"end":{"line":1042,"column":7}}]},"112":{"loc":{"start":{"line":1034,"column":10},"end":{"line":1034,"column":66}},"type":"binary-expr","locations":[{"start":{"line":1034,"column":10},"end":{"line":1034,"column":36}},{"start":{"line":1034,"column":40},"end":{"line":1034,"column":66}}]},"113":{"loc":{"start":{"line":1035,"column":8},"end":{"line":1038,"column":9}},"type":"if","locations":[{"start":{"line":1035,"column":8},"end":{"line":1038,"column":9}}]},"114":{"loc":{"start":{"line":1047,"column":4},"end":{"line":1060,"column":5}},"type":"if","locations":[{"start":{"line":1047,"column":4},"end":{"line":1060,"column":5}}]},"115":{"loc":{"start":{"line":1051,"column":6},"end":{"line":1059,"column":7}},"type":"if","locations":[{"start":{"line":1051,"column":6},"end":{"line":1059,"column":7}},{"start":{"line":1056,"column":13},"end":{"line":1059,"column":7}}]},"116":{"loc":{"start":{"line":1051,"column":10},"end":{"line":1051,"column":64}},"type":"binary-expr","locations":[{"start":{"line":1051,"column":10},"end":{"line":1051,"column":35}},{"start":{"line":1051,"column":39},"end":{"line":1051,"column":64}}]},"117":{"loc":{"start":{"line":1052,"column":8},"end":{"line":1055,"column":9}},"type":"if","locations":[{"start":{"line":1052,"column":8},"end":{"line":1055,"column":9}}]},"118":{"loc":{"start":{"line":1064,"column":4},"end":{"line":1072,"column":5}},"type":"if","locations":[{"start":{"line":1064,"column":4},"end":{"line":1072,"column":5}}]},"119":{"loc":{"start":{"line":1068,"column":6},"end":{"line":1071,"column":7}},"type":"if","locations":[{"start":{"line":1068,"column":6},"end":{"line":1071,"column":7}}]},"120":{"loc":{"start":{"line":1068,"column":10},"end":{"line":1068,"column":33}},"type":"binary-expr","locations":[{"start":{"line":1068,"column":10},"end":{"line":1068,"column":19}},{"start":{"line":1068,"column":23},"end":{"line":1068,"column":33}}]},"121":{"loc":{"start":{"line":1092,"column":8},"end":{"line":1096,"column":9}},"type":"if","locations":[{"start":{"line":1092,"column":8},"end":{"line":1096,"column":9}}]},"122":{"loc":{"start":{"line":1092,"column":12},"end":{"line":1092,"column":62}},"type":"binary-expr","locations":[{"start":{"line":1092,"column":12},"end":{"line":1092,"column":25}},{"start":{"line":1092,"column":29},"end":{"line":1092,"column":62}}]},"123":{"loc":{"start":{"line":1102,"column":6},"end":{"line":1105,"column":7}},"type":"if","locations":[{"start":{"line":1102,"column":6},"end":{"line":1105,"column":7}}]},"124":{"loc":{"start":{"line":1108,"column":6},"end":{"line":1112,"column":7}},"type":"if","locations":[{"start":{"line":1108,"column":6},"end":{"line":1112,"column":7}}]}},"s":{"0":3,"1":3,"2":3,"3":3,"4":0,"5":0,"6":0,"7":0,"8":0,"9":0,"10":0,"11":0,"12":0,"13":0,"14":0,"15":0,"16":0,"17":3,"18":3,"19":0,"20":0,"21":0,"22":0,"23":3,"24":0,"25":0,"26":0,"27":0,"28":3,"29":13,"30":13,"31":13,"32":13,"33":13,"34":13,"35":13,"36":13,"37":13,"38":13,"39":13,"40":13,"41":13,"42":0,"43":13,"44":13,"45":0,"46":0,"47":13,"48":13,"49":13,"50":0,"51":13,"52":13,"53":13,"54":13,"55":13,"56":13,"57":13,"58":13,"59":13,"60":0,"61":0,"62":13,"63":13,"64":13,"65":13,"66":13,"67":13,"68":13,"69":13,"70":13,"71":0,"72":0,"73":0,"74":0,"75":0,"76":13,"77":13,"78":13,"79":13,"80":13,"81":13,"82":13,"83":0,"84":0,"85":0,"86":0,"87":0,"88":0,"89":0,"90":0,"91":0,"92":0,"93":0,"94":0,"95":0,"96":0,"97":0,"98":0,"99":0,"100":0,"101":0,"102":0,"103":0,"104":0,"105":0,"106":0,"107":0,"108":0,"109":0,"110":0,"111":0,"112":0,"113":0,"114":0,"115":0,"116":0,"117":0,"118":0,"119":13,"120":13,"121":0,"122":0,"123":0,"124":0,"125":0,"126":0,"127":0,"128":0,"129":0,"130":0,"131":0,"132":0,"133":0,"134":0,"135":0,"136":0,"137":0,"138":0,"139":0,"140":0,"141":0,"142":0,"143":0,"144":0,"145":0,"146":0,"147":0,"148":0,"149":0,"150":0,"151":0,"152":0,"153":0,"154":0,"155":0,"156":0,"157":13,"158":13,"159":13,"160":13,"161":13,"162":13,"163":13,"164":13,"165":13,"166":13,"167":13,"168":13,"169":13,"170":13,"171":5,"172":5,"173":5,"174":5,"175":0,"176":5,"177":0,"178":0,"179":0,"180":5,"181":1,"182":1,"183":4,"184":3,"185":3,"186":1,"187":0,"188":0,"189":0,"190":0,"191":0,"192":0,"193":1,"194":0,"195":0,"196":0,"197":0,"198":0,"199":0,"200":0,"201":0,"202":0,"203":0,"204":0,"205":0,"206":0,"207":0,"208":0,"209":0,"210":0,"211":0,"212":0,"213":0,"214":0,"215":0,"216":0,"217":0,"218":0,"219":0,"220":1,"221":0,"222":0,"223":0,"224":0,"225":0,"226":0,"227":0,"228":0,"229":0,"230":0,"231":0,"232":0,"233":1,"234":0,"235":0,"236":0,"237":0,"238":0,"239":0,"240":0,"241":0,"242":0,"243":0,"244":0,"245":0,"246":0,"247":0,"248":0,"249":0,"250":0,"251":0,"252":0,"253":0,"254":0,"255":0,"256":0,"257":0,"258":0,"259":0,"260":0,"261":13,"262":13,"263":13,"264":13,"265":13,"266":13,"267":13,"268":13,"269":13,"270":13,"271":13,"272":13,"273":13,"274":13,"275":0,"276":0,"277":0,"278":0,"279":0,"280":0,"281":0,"282":0,"283":0,"284":0,"285":0,"286":0,"287":0,"288":0,"289":0,"290":0,"291":0,"292":0,"293":0,"294":0,"295":0,"29
[...]
tart":{"line":41,"column":21},"end":{"line":41,"column":65}},"type":"cond-expr","locations":[{"start":{"line":41,"column":38},"end":{"line":41,"column":60}},{"start":{"line":41,"column":63},"end":{"line":41,"column":65}}]},"7":{"loc":{"start":{"line":60,"column":34},"end":{"line":60,"column":66}},"type":"cond-expr","locations":[{"start":{"line":60,"column":44},"end":{"line":60,"column":53}},{"start":{"line":60,"column":56},"end":{"line":60,"column":66}}]},"8":{"loc":{"start":{"line":67,"column":4},"end":{"line":70,"column":5}},"type":"if","locations":[{"start":{"line":67,"column":4},"end":{"line":70,"column":5}}]},"9":{"loc":{"start":{"line":77,"column":4},"end":{"line":80,"column":5}},"type":"if","locations":[{"start":{"line":77,"column":4},"end":{"line":80,"column":5}}]},"10":{"loc":{"start":{"line":87,"column":4},"end":{"line":94,"column":5}},"type":"if","locations":[{"start":{"line":87,"column":4},"end":{"line":94,"column":5}}]},"11":{"loc":{"start":{"line":91,"column":6},"end":{"line":93,"column":7}},"type":"if","locations":[{"start":{"line":91,"column":6},"end":{"line":93,"column":7}}]},"12":{"loc":{"start":{"line":101,"column":4},"end":{"line":108,"column":5}},"type":"if","locations":[{"start":{"line":101,"column":4},"end":{"line":108,"column":5}}]},"13":{"loc":{"start":{"line":105,"column":6},"end":{"line":107,"column":7}},"type":"if","locations":[{"start":{"line":105,"column":6},"end":{"line":107,"column":7}}]},"14":{"loc":{"start":{"line":115,"column":4},"end":{"line":126,"column":5}},"type":"if","locations":[{"start":{"line":115,"column":4},"end":{"line":126,"column":5}}]},"15":{"loc":{"start":{"line":117,"column":6},"end":{"line":121,"column":7}},"type":"if","locations":[{"start":{"line":117,"column":6},"end":{"line":121,"column":7}},{"start":{"line":119,"column":13},"end":{"line":121,"column":7}}]},"16":{"loc":{"start":{"line":123,"column":6},"end":{"line":125,"column":7}},"type":"if","locations":[{"start":{"line":123,"column":6},"end":{"line":125,"column":7}}]},"17":{"loc":{"start":{"line":124,"column":44},"end":{"line":124,"column":77}},"type":"cond-expr","locations":[{"start":{"line":124,"column":52},"end":{"line":124,"column":72}},{"start":{"line":124,"column":75},"end":{"line":124,"column":77}}]}},"s":{"0":1,"1":1,"2":1,"3":1,"4":1,"5":1,"6":16,"7":16,"8":16,"9":16,"10":16,"11":10,"12":10,"13":2,"14":2,"15":2,"16":1,"17":0,"18":0,"19":19,"20":11,"21":11,"22":9,"23":2,"24":1,"25":1,"26":1,"27":5,"28":4,"29":2,"30":2,"31":4,"32":4,"33":2,"34":2,"35":2,"36":1,"37":0,"38":14,"39":14,"40":14,"41":1,"42":1},"f":{"0":1,"1":16,"2":10,"3":2,"4":2,"5":0,"6":19,"7":2,"8":5,"9":2,"10":0,"11":14},"b":{"0":[1,1],"1":[0],"2":[16,0],"3":[16,16],"4":[16,0],"5":[16,16],"6":[16,0],"7":[1,1],"8":[1],"9":[0],"10":[11],"11":[9],"12":[1],"13":[1],"14":[4],"15":[2,2],"16":[4],"17":[2,2]}}
,"/Users/kjetilvetlejord/Documents/mel/com.melcloud.optimize/src/util/timeline-helper.ts": {"path":"/Users/kjetilvetlejord/Documents/mel/com.melcloud.optimize/src/util/timeline-helper.ts","statementMap":{"0":{"start":{"line":11,"column":0},"end":{"line":11,"column":null}},"1":{"start":{"line":12,"column":2},"end":{"line":12,"column":null}},"2":{"start":{"line":13,"column":2},"end":{"line":13,"column":null}},"3":{"start":{"line":14,"column":2},"end":{"line":14,"column":null}},"4":{"start":{"line":15,"column":2},"end":{"line":15,"column":null}},"5":{"start":{"line":39,"column":21},"end":{"line":39,"column":36}},"6":{"start":{"line":40,"column":21},"end":{"line":40,"column":63}},"7":{"start":{"line":49,"column":4},"end":{"line":93,"column":5}},"8":{"start":{"line":51,"column":6},"end":{"line":54,"column":7}},"9":{"start":{"line":52,"column":8},"end":{"line":52,"column":92}},"10":{"start":{"line":53,"column":8},"end":{"line":53,"column":21}},"11":{"start":{"line":57,"column":19},"end":{"line":57,"column":57}},"12":{"start":{"line":60,"column":19},"end":{"line":60,"column":55}},"13":{"start":{"line":63,"column":6},"end":{"line":78,"column":7}},"14":{"start":{"line":64,"column":8},"end":{"line":75,"column":9}},"15":{"start":{"line":65,"column":10},"end":{"line":70,"column":13}},"16":{"start":{"line":72,"column":10},"end":{"line":72,"column":70}},"17":{"start":{"line":74,"column":10},"end":{"line":74,"column":99}},"18":{"start":{"line":77,"column":8},"end":{"line":77,"column":77}},"19":{"start":{"line":81,"column":6},"end":{"line":87,"column":7}},"20":{"start":{"line":82,"column":8},"end":{"line":86,"column":9}},"21":{"start":{"line":83,"column":10},"end":{"line":83,"column":72}},"22":{"start":{"line":85,"column":10},"end":{"line":85,"column":75}},"23":{"start":{"line":89,"column":6},"end":{"line":89,"column":18}},"24":{"start":{"line":91,"column":6},"end":{"line":91,"column":65}},"25":{"start":{"line":92,"column":6},"end":{"line":92,"column":19}},"26":{"start":{"line":103,"column":4},"end":{"line":118,"column":5}},"27":{"start":{"line":105,"column":6},"end":{"line":113,"column":7}},"28":{"start":{"line":106,"column":8},"end":{"line":108,"column":11}},"29":{"start":{"line":110,"column":8},"end":{"line":110,"column":58}},"30":{"start":{"line":112,"column":8},"end":{"line":112,"column":92}},"31":{"start":{"line":114,"column":6},"end":{"line":114,"column":18}},"32":{"start":{"line":116,"column":6},"end":{"line":116,"column":63}},"33":{"start":{"line":117,"column":6},"end":{"line":117,"column":19}},"34":{"start":{"line":129,"column":4},"end":{"line":140,"column":null}},"35":{"start":{"line":133,"column":4},"end":{"line":139,"column":7}},"36":{"start":{"line":150,"column":4},"end":{"line":161,"column":null}},"37":{"start":{"line":154,"column":4},"end":{"line":160,"column":7}},"38":{"start":{"line":171,"column":4},"end":{"line":182,"column":null}},"39":{"start":{"line":175,"column":4},"end":{"line":181,"column":7}},"40":{"start":{"line":192,"column":4},"end":{"line":203,"column":null}},"41":{"start":{"line":196,"column":4},"end":{"line":202,"column":7}},"42":{"start":{"line":32,"column":0},"end":{"line":32,"column":13}}},"fnMap":{"0":{"name":"(anonymous_7)","decl":{"start":{"line":11,"column":0},"end":{"line":11,"column":12}},"loc":{"start":{"line":11,"column":29},"end":{"line":16,"column":1}}},"1":{"name":"(anonymous_8)","decl":{"start":{"line":38,"column":2},"end":{"line":38,"column":null}},"loc":{"start":{"line":40,"column":63},"end":{"line":41,"column":6}}},"2":{"name":"(anonymous_9)","decl":{"start":{"line":48,"column":15},"end":{"line":48,"column":34}},"loc":{"start":{"line":48,"column":64},"end":{"line":94,"column":null}}},"3":{"name":"(anonymous_11)","decl":{"start":{"line":102,"column":15},"end":{"line":102,"column":33}},"loc":{"start":{"line":102,"column":64},"end":{"line":119,"column":null}}},"4":{"name":"(anonymous_13)","decl":{"start":{"line":128,"column":15},"end":{"line":128,"column":30}},"loc":{"start":{"line":128,"column":30},"end":{"line":140,"column":null}}},"5":{"name":"(anonymous_14)","decl":{"start":{"line":129,"column":4},"end":{"line":129,"column":17}},"loc":{"start":{"line":131,"column":39},"end":{"line":140,"column":3}}},"6":{"name":"(anonymous_15)","decl":{"start":{"line":149,"column":15},"end":{"line":149,"column":33}},"loc":{"start":{"line":149,"column":33},"end":{"line":161,"column":null}}},"7":{"name":"(anonymous_16)","decl":{"start":{"line":150,"column":4},"end":{"line":150,"column":17}},"loc":{"start":{"line":152,"column":39},"end":{"line":161,"column":3}}},"8":{"name":"(anonymous_17)","decl":{"start":{"line":170,"column":15},"end":{"line":170,"column":33}},"loc":{"start":{"line":170,"column":33},"end":{"line":182,"column":null}}},"9":{"name":"(anonymous_18)","decl":{"start":{"line":171,"column":4},"end":{"line":171,"column":17}},"loc":{"start":{"line":173,"column":38},"end":{"line":182,"column":3}}},"10":{"name":"(anonymous_19)","decl":{"start":{"line":191,"column":15},"end":{"line":191,"column":31}},"loc":{"start":{"line":191,"column":31},"end":{"line":203,"column":null}}},"11":{"name":"(anonymous_20)","decl":{"start":{"line":192,"column":4},"end":{"line":192,"column":17}},"loc":{"start":{"line":194,"column":38},"end":{"line":203,"column":3}}}},"branchMap":{"0":{"loc":{"start":{"line":11,"column":12},"end":{"line":11,"column":null}},"type":"binary-expr","locations":[{"start":{"line":11,"column":12},"end":{"line":11,"column":29}},{"start":{"line":11,"column":29},"end":{"line":11,"column":null}}]},"1":{"loc":{"start":{"line":51,"column":6},"end":{"line":54,"column":7}},"type":"if","locations":[{"start":{"line":51,"column":6},"end":{"line":54,"column":7}}]},"2":{"loc":{"start":{"line":51,"column":10},"end":{"line":51,"column":44}},"type":"binary-expr","locations":[{"start":{"line":51,"column":10},"end":{"line":51,"column":24}},{"start":{"line":51,"column":28},"end":{"line":51,"column":44}}]},"3":{"loc":{"start":{"line":57,"column":19},"end":{"line":57,"column":57}},"type":"binary-expr","locations":[{"start":{"line":57,"column":19},"end":{"line":57,"column":31}},{"start":{"line":57,"column":35},"end":{"line":57,"column":57}}]},"4":{"loc":{"start":{"line":60,"column":19},"end":{"line":60,"column":55}},"type":"binary-expr","locations":[{"start":{"line":60,"column":19},"end":{"line":60,"column":31}},{"start":{"line":60,"column":35},"end":{"line":60,"column":55}}]},"5":{"loc":{"start":{"line":64,"column":8},"end":{"line":75,"column":9}},"type":"if","locations":[{"start":{"line":64,"column":8},"end":{"line":75,"column":9}},{"start":{"line":73,"column":15},"end":{"line":75,"column":9}}]},"6":{"loc":{"start":{"line":81,"column":6},"end":{"line":87,"column":7}},"type":"if","locations":[{"start":{"line":81,"column":6},"end":{"line":87,"column":7}}]},"7":{"loc":{"start":{"line":105,"column":6},"end":{"line":113,"column":7}},"type":"if","locations":[{"start":{"line":105,"column":6},"end":{"line":113,"column":7}},{"start":{"line":111,"column":13},"end":{"line":113,"column":7}}]},"8":{"loc":{"start":{"line":131,"column":4},"end":{"line":131,"column":39}},"type":"default-arg","locations":[{"start":{"line":131,"column":34},"end":{"line":131,"column":39}}]},"9":{"loc":{"start":{"line":152,"column":4},"end":{"line":152,"column":39}},"type":"default-arg","locations":[{"start":{"line":152,"column":34},"end":{"line":152,"column":39}}]},"10":{"loc":{"start":{"line":173,"column":4},"end":{"line":173,"column":38}},"type":"default-arg","locations":[{"start":{"line":173,"column":34},"end":{"line":173,"column":38}}]},"11":{"loc":{"start":{"line":194,"column":4},"end":{"line":194,"column":38}},"type":"default-arg","locations":[{"start":{"line":194,"column":34},"end":{"line":194,"column":38}}]}},"s":{"0":3,"1":3,"2":3,"3":3,"4":3,"5":13,"6":13,"7":0,"8":0,"9":0,"10":0,"11":0,"12":0,"13":0,"14":0,"15":0,"16":0,"17":0,"18":0,"19":0,"20":0,"21":0,"22":0,"23":0,"24":0,"25":0,"26":0,"27":0,"28":0,"29":0,"30":0,"31":0,"32":0,"33":0,"34":0,"35":0,"36":0,"37":0,"38":0,"39":0,"40":0,"41":0,"42":3},"f":{"0":3,"1":13,"2":0,"3":0,"4":0,"5":0,"6":0,"7":0,"8":0,"9":0,"10":0,"11":0},"b":{"0":[3,3],"1":[0],"2":[0,0],"3":[0,0],"4":[0,0],"5":[0,0],"6":[0],"7":[0,0],"8":[0],"9":[0],"10":[0],"11":[0]}}
,"/Users/kjetilvetlejord/Documents/mel/com.melcloud.optimize/src/util/validation.ts": {"path":"/Users/kjetilvetlejord/Documents/mel/com.melcloud.optimize/src/util/validation.ts","statementMap":{"0":{"start":{"line":14,"column":0},"end":{"line":14,"column":16}},"1":{"start":{"line":49,"column":0},"end":{"line":49,"column":16}},"2":{"start":{"line":65,"column":0},"end":{"line":65,"column":16}},"3":{"start":{"line":101,"column":0},"end":{"line":101,"column":16}},"4":{"start":{"line":23,"column":2},"end":{"line":25,"column":3}},"5":{"start":{"line":24,"column":4},"end":{"line":24,"column":57}},"6":{"start":{"line":27,"column":2},"end":{"line":29,"column":3}},"7":{"start":{"line":28,"column":4},"end":{"line":28,"column":72}},"8":{"start":{"line":31,"column":2},"end":{"line":33,"column":3}},"9":{"start":{"line":32,"column":4},"end":{"line":32,"column":71}},"10":{"start":{"line":35,"column":2},"end":{"line":37,"column":3}},"11":{"start":{"line":36,"column":4},"end":{"line":36,"column":59}},"12":{"start":{"line":39,"column":2},"end":{"line":39,"column":15}},"13":{"start":{"line":50,"column":2},"end":{"line":52,"column":3}},"14":{"start":{"line":51,"column":4},"end":{"line":51,"column":58}},"15":{"start":{"line":54,"column":2},"end":{"line":54,"column":15}},"16":{"start":{"line":74,"column":2},"end":{"line":76,"column":3}},"17":{"start":{"line":75,"column":4},"end":{"line":75,"column":57}},"18":{"start":{"line":78,"column":2},"end":{"line":80,"column":3}},"19":{"start":{"line":79,"column":4},"end":{"line":79,"column":89}},"20":{"start":{"line":82,"column":2},"end":{"line":84,"column":3}},"21":{"start":{"line":83,"column":4},"end":{"line":83,"column":88}},"22":{"start":{"line":86,"column":2},"end":{"line":88,"column":3}},"23":{"start":{"line":87,"column":4},"end":{"line":87,"column":72}},"24":{"start":{"line":90,"column":2},"end":{"line":90,"column":15}},"25":{"start":{"line":110,"column":2},"end":{"line":112,"column":3}},"26":{"start":{"line":111,"column":4},"end":{"line":111,"column":57}},"27":{"start":{"line":114,"column":2},"end":{"line":116,"column":3}},"28":{"start":{"line":115,"column":4},"end":{"line":115,"column":89}},"29":{"start":{"line":118,"column":2},"end":{"line":120,"column":3}},"30":{"start":{"line":119,"column":4},"end":{"line":119,"column":88}},"31":{"start":{"line":122,"column":2},"end":{"line":128,"column":3}},"32":{"start":{"line":123,"column":4},"end":{"line":127,"column":5}},"33":{"start":{"line":123,"column":17},"end":{"line":123,"column":18}},"34":{"start":{"line":124,"column":6},"end":{"line":126,"column":7}},"35":{"start":{"line":125,"column":8},"end":{"line":125,"column":84}},"36":{"start":{"line":130,"column":2},"end":{"line":130,"column":15}}},"fnMap":{"0":{"name":"validateNumber","decl":{"start":{"line":14,"column":16},"end":{"line":14,"column":30}},"loc":{"start":{"line":21,"column":8},"end":{"line":40,"column":1}}},"1":{"name":"validateBoolean","decl":{"start":{"line":49,"column":16},"end":{"line":49,"column":31}},"loc":{"start":{"line":49,"column":56},"end":{"line":55,"column":1}}},"2":{"name":"validateString","decl":{"start":{"line":65,"column":16},"end":{"line":65,"column":30}},"loc":{"start":{"line":72,"column":8},"end":{"line":91,"column":1}}},"3":{"name":"validateArray","decl":{"start":{"line":101,"column":16},"end":{"line":101,"column":29}},"loc":{"start":{"line":108,"column":8},"end":{"line":131,"column":1}}}},"branchMap":{"0":{"loc":{"start":{"line":17,"column":2},"end":{"line":21,"column":8}},"type":"default-arg","locations":[{"start":{"line":21,"column":6},"end":{"line":21,"column":8}}]},"1":{"loc":{"start":{"line":23,"column":2},"end":{"line":25,"column":3}},"type":"if","locations":[{"start":{"line":23,"column":2},"end":{"line":25,"column":3}}]},"2":{"loc":{"start":{"line":23,"column":6},"end":{"line":23,"column":47}},"type":"binary-expr","locations":[{"start":{"line":23,"column":6},"end":{"line":23,"column":31}},{"start":{"line":23,"column":35},"end":{"line":23,"column":47}}]},"3":{"loc":{"start":{"line":27,"column":2},"end":{"line":29,"column":3}},"type":"if","locations":[{"start":{"line":27,"column":2},"end":{"line":29,"column":3}}]},"4":{"loc":{"start":{"line":27,"column":6},"end":{"line":27,"column":54}},"type":"binary-expr","locations":[{"start":{"line":27,"column":6},"end":{"line":27,"column":31}},{"start":{"line":27,"column":35},"end":{"line":27,"column":54}}]},"5":{"loc":{"start":{"line":31,"column":2},"end":{"line":33,"column":3}},"type":"if","locations":[{"start":{"line":31,"column":2},"end":{"line":33,"column":3}}]},"6":{"loc":{"start":{"line":31,"column":6},"end":{"line":31,"column":54}},"type":"binary-expr","locations":[{"start":{"line":31,"column":6},"end":{"line":31,"column":31}},{"start":{"line":31,"column":35},"end":{"line":31,"column":54}}]},"7":{"loc":{"start":{"line":35,"column":2},"end":{"line":37,"column":3}},"type":"if","locations":[{"start":{"line":35,"column":2},"end":{"line":37,"column":3}}]},"8":{"loc":{"start":{"line":35,"column":6},"end":{"line":35,"column":49}},"type":"binary-expr","locations":[{"start":{"line":35,"column":6},"end":{"line":35,"column":21}},{"start":{"line":35,"column":25},"end":{"line":35,"column":49}}]},"9":{"loc":{"start":{"line":50,"column":2},"end":{"line":52,"column":3}},"type":"if","locations":[{"start":{"line":50,"column":2},"end":{"line":52,"column":3}}]},"10":{"loc":{"start":{"line":68,"column":2},"end":{"line":72,"column":8}},"type":"default-arg","locations":[{"start":{"line":72,"column":6},"end":{"line":72,"column":8}}]},"11":{"loc":{"start":{"line":74,"column":2},"end":{"line":76,"column":3}},"type":"if","locations":[{"start":{"line":74,"column":2},"end":{"line":76,"column":3}}]},"12":{"loc":{"start":{"line":78,"column":2},"end":{"line":80,"column":3}},"type":"if","locations":[{"start":{"line":78,"column":2},"end":{"line":80,"column":3}}]},"13":{"loc":{"start":{"line":78,"column":6},"end":{"line":78,"column":73}},"type":"binary-expr","locations":[{"start":{"line":78,"column":6},"end":{"line":78,"column":37}},{"start":{"line":78,"column":41},"end":{"line":78,"column":73}}]},"14":{"loc":{"start":{"line":82,"column":2},"end":{"line":84,"column":3}},"type":"if","locations":[{"start":{"line":82,"column":2},"end":{"line":84,"column":3}}]},"15":{"loc":{"start":{"line":82,"column":6},"end":{"line":82,"column":73}},"type":"binary-expr","locations":[{"start":{"line":82,"column":6},"end":{"line":82,"column":37}},{"start":{"line":82,"column":41},"end":{"line":82,"column":73}}]},"16":{"loc":{"start":{"line":86,"column":2},"end":{"line":88,"column":3}},"type":"if","locations":[{"start":{"line":86,"column":2},"end":{"line":88,"column":3}}]},"17":{"loc":{"start":{"line":86,"column":6},"end":{"line":86,"column":67}},"type":"binary-expr","locations":[{"start":{"line":86,"column":6},"end":{"line":86,"column":35}},{"start":{"line":86,"column":39},"end":{"line":86,"column":67}}]},"18":{"loc":{"start":{"line":104,"column":2},"end":{"line":108,"column":8}},"type":"default-arg","locations":[{"start":{"line":108,"column":6},"end":{"line":108,"column":8}}]},"19":{"loc":{"start":{"line":110,"column":2},"end":{"line":112,"column":3}},"type":"if","locations":[{"start":{"line":110,"column":2},"end":{"line":112,"column":3}}]},"20":{"loc":{"start":{"line":114,"column":2},"end":{"line":116,"column":3}},"type":"if","locations":[{"start":{"line":114,"column":2},"end":{"line":116,"column":3}}]},"21":{"loc":{"start":{"line":114,"column":6},"end":{"line":114,"column":73}},"type":"binary-expr","locations":[{"start":{"line":114,"column":6},"end":{"line":114,"column":37}},{"start":{"line":114,"column":41},"end":{"line":114,"column":73}}]},"22":{"loc":{"start":{"line":118,"column":2},"end":{"line":120,"column":3}},"type":"if","locations":[{"start":{"line":118,"column":2},"end":{"line":120,"column":3}}]},"23":{"loc":{"start":{"line":118,"column":6},"end":{"line":118,"column":73}},"type":"binary-expr","locations":[{"start":{"line":118,"column":6},"end":{"line":118,"column":37}},{"start":{"line":118,"column":41},"end":{"line":118,"column":73}}]},"24":{"loc":{"start":{"line":122,"column":2},"end":{"line":128,"column":3}},"type":"if","locations":[{"start":{"line":122,"column":2},"end":{"line":128,"column":3}}]},"25":{"loc":{"start":{"line":124,"column":6},"end":{"line":126,"column":7}},"type":"if","locations":[{"start":{"line":124,"column":6},"end":{"line":126,"column":7}}]}},"s":{"0":7,"1":7,"2":7,"3":7,"4":88,"5":0,"6":88,"7":1,"8":87,"9":0,"10":87,"11":0,"12":87,"13":36,"14":0,"15":36,"16":0,"17":0,"18":0,"19":0,"20":0,"21":0,"22":0,"23":0,"24":0,"25":0,"26":0,"27":0,"28":0,"29":0,"30":0,"31":0,"32":0,"33":0,"34":0,"35":0,"36":0},"f":{"0":88,"1":36,"2":0,"3":0},"b":{"0":[0],"1":[0],"2":[88,88],"3":[1],"4":[88,88],"5":[0],"6":[87,87],"7":[0],"8":[87,0],"9":[0],"10":[0],"11":[0],"12":[0],"13":[0,0],"14":[0],"15":[0,0],"16":[0],"17":[0,0],"18":[0],"19":[0],"20":[0],"21":[0,0],"22":[0],"23":[0,0],"24":[0],"25":[0]}}
}
