{"/home/runner/work/melcloud-optimizer/melcloud-optimizer/src/api.ts": {"path":"/home/runner/work/melcloud-optimizer/melcloud-optimizer/src/api.ts","statementMap":{"0":{"start":{"line":11,"column":4},"end":{"line":11,"column":19}},"1":{"start":{"line":18,"column":4},"end":{"line":18,"column":50}},"2":{"start":{"line":19,"column":4},"end":{"line":19,"column":27}},"3":{"start":{"line":20,"column":4},"end":{"line":20,"column":64}},"4":{"start":{"line":27,"column":4},"end":{"line":27,"column":57}},"5":{"start":{"line":28,"column":4},"end":{"line":28,"column":40}},"6":{"start":{"line":29,"column":4},"end":{"line":29,"column":71}},"7":{"start":{"line":36,"column":4},"end":{"line":36,"column":59}},"8":{"start":{"line":37,"column":4},"end":{"line":37,"column":42}},"9":{"start":{"line":38,"column":4},"end":{"line":38,"column":70}},"10":{"start":{"line":45,"column":4},"end":{"line":45,"column":53}},"11":{"start":{"line":47,"column":4},"end":{"line":77,"column":5}},"12":{"start":{"line":49,"column":18},"end":{"line":49,"column":38}},"13":{"start":{"line":52,"column":28},"end":{"line":52,"column":49}},"14":{"start":{"line":55,"column":31},"end":{"line":55,"column":35}},"15":{"start":{"line":56,"column":6},"end":{"line":58,"column":7}},"16":{"start":{"line":57,"column":8},"end":{"line":57,"column":80}},"17":{"start":{"line":60,"column":6},"end":{"line":70,"column":8}},"18":{"start":{"line":72,"column":6},"end":{"line":72,"column":68}},"19":{"start":{"line":73,"column":6},"end":{"line":76,"column":8}},"20":{"start":{"line":84,"column":4},"end":{"line":84,"column":60}},"21":{"start":{"line":86,"column":4},"end":{"line":109,"column":5}},"22":{"start":{"line":88,"column":18},"end":{"line":88,"column":38}},"23":{"start":{"line":91,"column":6},"end":{"line":102,"column":7}},"24":{"start":{"line":92,"column":23},"end":{"line":92,"column":75}},"25":{"start":{"line":93,"column":8},"end":{"line":95,"column":null}},"26":{"start":{"line":98,"column":8},"end":{"line":101,"column":10}},"27":{"start":{"line":104,"column":6},"end":{"line":104,"column":76}},"28":{"start":{"line":105,"column":6},"end":{"line":108,"column":8}},"29":{"start":{"line":7,"column":0},"end":{"line":7,"column":13}}},"fnMap":{"0":{"name":"(anonymous_7)","decl":{"start":{"line":10,"column":2},"end":{"line":10,"column":14}},"loc":{"start":{"line":10,"column":35},"end":{"line":12,"column":3}}},"1":{"name":"(anonymous_8)","decl":{"start":{"line":17,"column":8},"end":{"line":17,"column":19}},"loc":{"start":{"line":17,"column":19},"end":{"line":21,"column":null}}},"2":{"name":"(anonymous_10)","decl":{"start":{"line":26,"column":8},"end":{"line":26,"column":26}},"loc":{"start":{"line":26,"column":26},"end":{"line":30,"column":null}}},"3":{"name":"(anonymous_12)","decl":{"start":{"line":35,"column":8},"end":{"line":35,"column":28}},"loc":{"start":{"line":35,"column":28},"end":{"line":39,"column":null}}},"4":{"name":"(anonymous_14)","decl":{"start":{"line":44,"column":8},"end":{"line":44,"column":22}},"loc":{"start":{"line":44,"column":22},"end":{"line":78,"column":null}}},"5":{"name":"(anonymous_16)","decl":{"start":{"line":83,"column":8},"end":{"line":83,"column":29}},"loc":{"start":{"line":83,"column":29},"end":{"line":110,"column":null}}}},"branchMap":{"0":{"loc":{"start":{"line":56,"column":6},"end":{"line":58,"column":7}},"type":"if","locations":[{"start":{"line":56,"column":6},"end":{"line":58,"column":7}}]},"1":{"loc":{"start":{"line":56,"column":10},"end":{"line":56,"column":60}},"type":"binary-expr","locations":[{"start":{"line":56,"column":10},"end":{"line":56,"column":23}},{"start":{"line":56,"column":27},"end":{"line":56,"column":60}}]},"2":{"loc":{"start":{"line":75,"column":48},"end":{"line":75,"column":102}},"type":"cond-expr","locations":[{"start":{"line":75,"column":73},"end":{"line":75,"column":86}},{"start":{"line":75,"column":89},"end":{"line":75,"column":102}}]},"3":{"loc":{"start":{"line":91,"column":6},"end":{"line":102,"column":7}},"type":"if","locations":[{"start":{"line":91,"column":6},"end":{"line":102,"column":7}},{"start":{"line":97,"column":13},"end":{"line":102,"column":7}}]},"4":{"loc":{"start":{"line":91,"column":10},"end":{"line":91,"column":60}},"type":"binary-expr","locations":[{"start":{"line":91,"column":10},"end":{"line":91,"column":23}},{"start":{"line":91,"column":27},"end":{"line":91,"column":60}}]},"5":{"loc":{"start":{"line":107,"column":56},"end":{"line":107,"column":110}},"type":"cond-expr","locations":[{"start":{"line":107,"column":81},"end":{"line":107,"column":94}},{"start":{"line":107,"column":97},"end":{"line":107,"column":110}}]}},"s":{"0":0,"1":0,"2":0,"3":0,"4":0,"5":0,"6":0,"7":0,"8":0,"9":0,"10":0,"11":0,"12":0,"13":0,"14":0,"15":0,"16":0,"17":0,"18":0,"19":0,"20":0,"21":0,"22":0,"23":0,"24":0,"25":0,"26":0,"27":0,"28":0,"29":0},"f":{"0":0,"1":0,"2":0,"3":0,"4":0,"5":0},"b":{"0":[0],"1":[0,0],"2":[0,0],"3":[0,0],"4":[0,0],"5":[0,0]}}
,"/home/runner/work/melcloud-optimizer/melcloud-optimizer/src/app.ts": {"path":"/home/runner/work/melcloud-optimizer/melcloud-optimizer/src/app.ts","statementMap":{"0":{"start":{"line":1,"column":0},"end":{"line":1,"column":28}},"1":{"start":{"line":2,"column":0},"end":{"line":2,"column":31}},"2":{"start":{"line":3,"column":0},"end":{"line":3,"column":50}},"3":{"start":{"line":4,"column":0},"end":{"line":4,"column":75}},"4":{"start":{"line":5,"column":0},"end":{"line":5,"column":67}},"5":{"start":{"line":26,"column":9},"end":{"line":32,"column":5}},"6":{"start":{"line":40,"column":19},"end":{"line":56,"column":6}},"7":{"start":{"line":59,"column":4},"end":{"line":59,"column":38}},"8":{"start":{"line":61,"column":4},"end":{"line":61,"column":18}},"9":{"start":{"line":69,"column":4},"end":{"line":74,"column":5}},"10":{"start":{"line":70,"column":6},"end":{"line":70,"column":78}},"11":{"start":{"line":71,"column":6},"end":{"line":71,"column":56}},"12":{"start":{"line":72,"column":6},"end":{"line":72,"column":32}},"13":{"start":{"line":73,"column":6},"end":{"line":73,"column":13}},"14":{"start":{"line":76,"column":4},"end":{"line":97,"column":5}},"15":{"start":{"line":77,"column":21},"end":{"line":91,"column":8}},"16":{"start":{"line":93,"column":6},"end":{"line":93,"column":53}},"17":{"start":{"line":94,"column":6},"end":{"line":94,"column":50}},"18":{"start":{"line":96,"column":6},"end":{"line":96,"column":75}},"19":{"start":{"line":105,"column":4},"end":{"line":105,"column":41}},"20":{"start":{"line":108,"column":4},"end":{"line":113,"column":5}},"21":{"start":{"line":109,"column":6},"end":{"line":109,"column":46}},"22":{"start":{"line":110,"column":6},"end":{"line":110,"column":28}},"23":{"start":{"line":111,"column":6},"end":{"line":111,"column":33}},"24":{"start":{"line":112,"column":6},"end":{"line":112,"column":42}},"25":{"start":{"line":116,"column":4},"end":{"line":121,"column":5}},"26":{"start":{"line":117,"column":6},"end":{"line":117,"column":46}},"27":{"start":{"line":118,"column":6},"end":{"line":118,"column":28}},"28":{"start":{"line":119,"column":6},"end":{"line":119,"column":33}},"29":{"start":{"line":120,"column":6},"end":{"line":120,"column":42}},"30":{"start":{"line":123,"column":4},"end":{"line":123,"column":50}},"31":{"start":{"line":131,"column":4},"end":{"line":131,"column":28}},"32":{"start":{"line":134,"column":4},"end":{"line":134,"column":58}},"33":{"start":{"line":135,"column":4},"end":{"line":135,"column":56}},"34":{"start":{"line":138,"column":4},"end":{"line":138,"column":43}},"35":{"start":{"line":139,"column":4},"end":{"line":139,"column":62}},"36":{"start":{"line":140,"column":4},"end":{"line":140,"column":61}},"37":{"start":{"line":141,"column":4},"end":{"line":141,"column":63}},"38":{"start":{"line":144,"column":4},"end":{"line":144,"column":69}},"39":{"start":{"line":145,"column":4},"end":{"line":145,"column":60}},"40":{"start":{"line":148,"column":4},"end":{"line":148,"column":28}},"41":{"start":{"line":153,"column":4},"end":{"line":161,"column":5}},"42":{"start":{"line":154,"column":6},"end":{"line":154,"column":55}},"43":{"start":{"line":155,"column":6},"end":{"line":155,"column":49}},"44":{"start":{"line":158,"column":7},"end":{"line":158,"column":49}},"45":{"start":{"line":160,"column":6},"end":{"line":160,"column":75}},"46":{"start":{"line":164,"column":4},"end":{"line":172,"column":5}},"47":{"start":{"line":165,"column":6},"end":{"line":165,"column":72}},"48":{"start":{"line":166,"column":6},"end":{"line":166,"column":54}},"49":{"start":{"line":169,"column":7},"end":{"line":169,"column":59}},"50":{"start":{"line":171,"column":6},"end":{"line":171,"column":80}},"51":{"start":{"line":175,"column":4},"end":{"line":175,"column":30}},"52":{"start":{"line":178,"column":4},"end":{"line":178,"column":59}},"53":{"start":{"line":179,"column":4},"end":{"line":179,"column":23}},"54":{"start":{"line":182,"column":4},"end":{"line":185,"column":5}},"55":{"start":{"line":183,"column":6},"end":{"line":183,"column":32}},"56":{"start":{"line":184,"column":6},"end":{"line":184,"column":82}},"57":{"start":{"line":188,"column":4},"end":{"line":188,"column":33}},"58":{"start":{"line":191,"column":4},"end":{"line":191,"column":72}},"59":{"start":{"line":199,"column":28},"end":{"line":199,"column":64}},"60":{"start":{"line":200,"column":21},"end":{"line":200,"column":92}},"61":{"start":{"line":203,"column":26},"end":{"line":203,"column":77}},"62":{"start":{"line":206,"column":4},"end":{"line":212,"column":7}},"63":{"start":{"line":215,"column":5},"end":{"line":215,"column":41}},"64":{"start":{"line":218,"column":4},"end":{"line":218,"column":81}},"65":{"start":{"line":226,"column":4},"end":{"line":226,"column":51}},"66":{"start":{"line":229,"column":27},"end":{"line":229,"column":75}},"67":{"start":{"line":232,"column":19},"end":{"line":232,"column":62}},"68":{"start":{"line":235,"column":16},"end":{"line":235,"column":26}},"69":{"start":{"line":238,"column":22},"end":{"line":238,"column":45}},"70":{"start":{"line":239,"column":4},"end":{"line":239,"column":72}},"71":{"start":{"line":242,"column":26},"end":{"line":242,"column":50}},"72":{"start":{"line":243,"column":4},"end":{"line":251,"column":5}},"73":{"start":{"line":245,"column":20},"end":{"line":245,"column":37}},"74":{"start":{"line":246,"column":6},"end":{"line":250,"column":7}},"75":{"start":{"line":247,"column":8},"end":{"line":247,"column":59}},"76":{"start":{"line":248,"column":8},"end":{"line":248,"column":29}},"77":{"start":{"line":249,"column":8},"end":{"line":249,"column":73}},"78":{"start":{"line":253,"column":4},"end":{"line":253,"column":53}},"79":{"start":{"line":254,"column":4},"end":{"line":254,"column":59}},"80":{"start":{"line":255,"column":4},"end":{"line":255,"column":102}},"81":{"start":{"line":258,"column":27},"end":{"line":258,"column":94}},"82":{"start":{"line":260,"column":4},"end":{"line":260,"column":57}},"83":{"start":{"line":264,"column":4},"end":{"line":264,"column":98}},"84":{"start":{"line":265,"column":4},"end":{"line":345,"column":35}},"85":{"start":{"line":265,"column":59},"end":{"line":345,"column":7}},"86":{"start":{"line":267,"column":26},"end":{"line":267,"column":36}},"87":{"start":{"line":270,"column":31},"end":{"line":270,"column":62}},"88":{"start":{"line":271,"column":6},"end":{"line":271,"column":89}},"89":{"start":{"line":274,"column":6},"end":{"line":279,"column":7}},"90":{"start":{"line":275,"column":22},"end":{"line":275,"column":47}},"91":{"start":{"line":276,"column":8},"end":{"line":278,"column":9}},"92":{"start":{"line":277,"column":10},"end":{"line":277,"column":75}},"93":{"start":{"line":281,"column":6},"end":{"line":281,"column":66}},"94":{"start":{"line":282,"column":6},"end":{"line":282,"column":65}},"95":{"start":{"line":283,"column":6},"end":{"line":283,"column":70}},"96":{"start":{"line":286,"column":6},"end":{"line":286,"column":76}},"97":{"start":{"line":289,"column":25},"end":{"line":289,"column":69}},"98":{"start":{"line":290,"column":6},"end":{"line":290,"column":59}},"99":{"start":{"line":291,"column":6},"end":{"line":291,"column":56}},"100":{"start":{"line":292,"column":6},"end":{"line":292,"column":57}},"101":{"start":{"line":295,"column":6},"end":{"line":338,"column":7}},"102":{"start":{"line":296,"column":8},"end":{"line":296,"column":59}},"103":{"start":{"line":298,"column":8},"end":{"line":335,"column":9}},"104":{"start":{"line":299,"column":10},"end":{"line":303,"column":12}},"105":{"start":{"line":304,"column":10},"end":{"line":304,"column":67}},"106":{"start":{"line":307,"column":10},"end":{"line":307,"column":76}},"107":{"start":{"line":309,"column":10},"end":{"line":334,"column":11}},"108":{"start":{"line":310,"column":12},"end":{"line":314,"column":15}},"109":{"start":{"line":315,"column":12},"end":{"line":315,"column":66}},"110":{"start":{"line":318,"column":15},"end":{"line":334,"column":11}},"111":{"start":{"line":319,"column":12},"end":{"line":321,"column":15}},"112":{"start":{"line":322,"column":12},"end":{"line":322,"column":71}},"113":{"start":{"line":325,"column":15},"end":{"line":334,"column":11}},"114":{"start":{"line":326,"column":12},"end":{"line":329,"column":15}},"115":{"start":{"line":330,"column":12},"end":{"line":330,"column":62}},"116":{"start":{"line":333,"column":12},"end":{"line":333,"column":66}},"117":{"start":{"line":337,"column":8},"end":{"line":337,"column":90}},"118":{"start":{"line":339,"column":6},"end":{"line":339,"column":44}},"119":{"start":{"line":340,"column":6},"end":{"line":344,"column":7}},"120":{"start":{"line":341,"column":8},"end":{"line":341,"column":40}},"121":{"start":{"line":343,"column":8},"end":{"line":343,"column":61}},"122":{"start":{"line":348,"column":4},"end":{"line":348,"column":98}},"123":{"start":{"line":349,"column":4},"end":{"line":430,"column":35}},"124":{"start":{"line":349,"column":59},"end":{"line":430,"column":7}},"125":{"start":{"line":351,"column":26},"end":{"line":351,"column":36}},"126":{"start":{"line":354,"column":31},"end":{"line":354,"column":62}},"127":{"start":{"line":355,"column":6},"end":{"line":355,"column":89}},"128":{"start":{"line":358,"column":6},"end":{"line":363,"column":7}},"129":{"start":{"line":359,"column":22},"end":{"line":359,"column":47}},"130":{"start":{"line":360,"column":8},"end":{"line":362,"column":9}},"131":{"start":{"line":361,"column":10},"end":{"line":361,"column":75}},"132":{"start":{"line":365,"column":6},"end":{"line":365,"column":66}},"133":{"start":{"line":366,"column":6},"end":{"line":366,"column":65}},"134":{"start":{"line":367,"column":6},"end":{"line":367,"column":70}},"135":{"start":{"line":370,"column":6},"end":{"line":370,"column":76}},"136":{"start":{"line":373,"column":25},"end":{"line":373,"column":69}},"137":{"start":{"line":374,"column":6},"end":{"line":374,"column":59}},"138":{"start":{"line":375,"column":6},"end":{"line":375,"column":56}},"139":{"start":{"line":376,"column":6},"end":{"line":376,"column":57}},"140":{"start":{"line":379,"column":6},"end":{"line":422,"column":7}},"141":{"start":{"line":380,"column":8},"end":{"line":380,"column":59}},"142":{"start":{"line":382,"column":8},"end":{"line":419,"column":9}},"143":{"start":{"line":383,"column":10},"end":{"line":387,"column":12}},"144":{"start":{"line":388,"column":10},"end":{"line":388,"column":67}},"145":{"start":{"line":391,"column":10},"end":{"line":391,"column":76}},"146":{"start":{"line":393,"column":10},"end":{"line":418,"column":11}},"147":{"start":{"line":394,"column":12},"end":{"line":398,"column":15}},"148":{"start":{"line":399,"column":12},"end":{"line":399,"column":66}},"149":{"start":{"line":402,"column":15},"end":{"line":418,"column":11}},"150":{"start":{"line":403,"column":12},"end":{"line":405,"column":15}},"151":{"start":{"line":406,"column":12},"end":{"line":406,"column":71}},"152":{"start":{"line":409,"column":15},"end":{"line":418,"column":11}},"153":{"start":{"line":410,"column":12},"end":{"line":413,"column":15}},"154":{"start":{"line":414,"column":12},"end":{"line":414,"column":62}},"155":{"start":{"line":417,"column":12},"end":{"line":417,"column":66}},"156":{"start":{"line":421,"column":8},"end":{"line":421,"column":90}},"157":{"start":{"line":424,"column":6},"end":{"line":424,"column":44}},"158":{"start":{"line":425,"column":6},"end":{"line":429,"column":7}},"159":{"start":{"line":426,"column":8},"end":{"line":426,"column":42}},"160":{"start":{"line":428,"column":8},"end":{"line":428,"column":61}},"161":{"start":{"line":433,"column":4},"end":{"line":433,"column":44}},"162":{"start":{"line":434,"column":4},"end":{"line":434,"column":27}},"163":{"start":{"line":435,"column":4},"end":{"line":435,"column":40}},"164":{"start":{"line":437,"column":4},"end":{"line":437,"column":44}},"165":{"start":{"line":438,"column":4},"end":{"line":438,"column":27}},"166":{"start":{"line":439,"column":4},"end":{"line":439,"column":40}},"167":{"start":{"line":442,"column":26},"end":{"line":442,"column":51}},"168":{"start":{"line":443,"column":26},"end":{"line":443,"column":51}},"169":{"start":{"line":446,"column":4},"end":{"line":446,"column":60}},"170":{"start":{"line":447,"column":4},"end":{"line":447,"column":60}},"171":{"start":{"line":450,"column":4},"end":{"line":468,"column":7}},"172":{"start":{"line":470,"column":4},"end":{"line":470,"column":83}},"173":{"start":{"line":471,"column":4},"end":{"line":471,"column":83}},"174":{"start":{"line":472,"column":4},"end":{"line":472,"column":47}},"175":{"start":{"line":479,"column":4},"end":{"line":479,"column":40}},"176":{"start":{"line":482,"column":4},"end":{"line":487,"column":5}},"177":{"start":{"line":483,"column":20},"end":{"line":483,"column":48}},"178":{"start":{"line":484,"column":6},"end":{"line":484,"column":65}},"179":{"start":{"line":486,"column":6},"end":{"line":486,"column":49}},"180":{"start":{"line":490,"column":4},"end":{"line":679,"column":5}},"181":{"start":{"line":491,"column":23},"end":{"line":491,"column":69}},"182":{"start":{"line":492,"column":6},"end":{"line":495,"column":7}},"183":{"start":{"line":493,"column":8},"end":{"line":493,"column":42}},"184":{"start":{"line":494,"column":8},"end":{"line":494,"column":71}},"185":{"start":{"line":498,"column":9},"end":{"line":679,"column":5}},"186":{"start":{"line":499,"column":6},"end":{"line":499,"column":78}},"187":{"start":{"line":501,"column":6},"end":{"line":501,"column":30}},"188":{"start":{"line":504,"column":9},"end":{"line":679,"column":5}},"189":{"start":{"line":505,"column":6},"end":{"line":505,"column":79}},"190":{"start":{"line":506,"column":6},"end":{"line":506,"column":30}},"191":{"start":{"line":509,"column":9},"end":{"line":679,"column":5}},"192":{"start":{"line":510,"column":6},"end":{"line":510,"column":76}},"193":{"start":{"line":513,"column":6},"end":{"line":519,"column":7}},"194":{"start":{"line":514,"column":20},"end":{"line":514,"column":40}},"195":{"start":{"line":515,"column":8},"end":{"line":515,"column":54}},"196":{"start":{"line":516,"column":8},"end":{"line":516,"column":69}},"197":{"start":{"line":518,"column":8},"end":{"line":518,"column":97}},"198":{"start":{"line":522,"column":9},"end":{"line":679,"column":5}},"199":{"start":{"line":523,"column":6},"end":{"line":523,"column":70}},"200":{"start":{"line":525,"column":22},"end":{"line":525,"column":87}},"201":{"start":{"line":526,"column":6},"end":{"line":526,"column":64}},"202":{"start":{"line":528,"column":6},"end":{"line":586,"column":7}},"203":{"start":{"line":530,"column":8},"end":{"line":530,"column":69}},"204":{"start":{"line":531,"column":8},"end":{"line":531,"column":70}},"205":{"start":{"line":533,"column":8},"end":{"line":585,"column":9}},"206":{"start":{"line":535,"column":10},"end":{"line":535,"column":77}},"207":{"start":{"line":537,"column":10},"end":{"line":574,"column":11}},"208":{"start":{"line":538,"column":12},"end":{"line":542,"column":14}},"209":{"start":{"line":543,"column":12},"end":{"line":543,"column":69}},"210":{"start":{"line":546,"column":12},"end":{"line":546,"column":78}},"211":{"start":{"line":548,"column":12},"end":{"line":573,"column":13}},"212":{"start":{"line":549,"column":14},"end":{"line":553,"column":17}},"213":{"start":{"line":554,"column":14},"end":{"line":554,"column":68}},"214":{"start":{"line":557,"column":17},"end":{"line":573,"column":13}},"215":{"start":{"line":558,"column":14},"end":{"line":560,"column":17}},"216":{"start":{"line":561,"column":14},"end":{"line":561,"column":73}},"217":{"start":{"line":564,"column":17},"end":{"line":573,"column":13}},"218":{"start":{"line":565,"column":14},"end":{"line":568,"column":17}},"219":{"start":{"line":569,"column":14},"end":{"line":569,"column":64}},"220":{"start":{"line":572,"column":14},"end":{"line":572,"column":68}},"221":{"start":{"line":577,"column":10},"end":{"line":577,"column":42}},"222":{"start":{"line":578,"column":10},"end":{"line":578,"column":71}},"223":{"start":{"line":580,"column":10},"end":{"line":580,"column":69}},"224":{"start":{"line":581,"column":10},"end":{"line":581,"column":70}},"225":{"start":{"line":584,"column":10},"end":{"line":584,"column":73}},"226":{"start":{"line":589,"column":9},"end":{"line":679,"column":5}},"227":{"start":{"line":590,"column":6},"end":{"line":590,"column":55}},"228":{"start":{"line":592,"column":22},"end":{"line":592,"column":72}},"229":{"start":{"line":593,"column":6},"end":{"line":593,"column":49}},"230":{"start":{"line":595,"column":6},"end":{"line":611,"column":7}},"231":{"start":{"line":597,"column":8},"end":{"line":597,"column":55}},"232":{"start":{"line":598,"column":8},"end":{"line":598,"column":66}},"233":{"start":{"line":600,"column":8},"end":{"line":610,"column":9}},"234":{"start":{"line":602,"column":10},"end":{"line":602,"column":29}},"235":{"start":{"line":603,"column":10},"end":{"line":603,"column":57}},"236":{"start":{"line":605,"column":10},"end":{"line":605,"column":60}},"237":{"start":{"line":606,"column":10},"end":{"line":606,"column":56}},"238":{"start":{"line":609,"column":10},"end":{"line":609,"column":58}},"239":{"start":{"line":614,"column":9},"end":{"line":679,"column":5}},"240":{"start":{"line":615,"column":6},"end":{"line":615,"column":69}},"241":{"start":{"line":617,"column":22},"end":{"line":617,"column":86}},"242":{"start":{"line":618,"column":6},"end":{"line":618,"column":63}},"243":{"start":{"line":620,"column":6},"end":{"line":678,"column":7}},"244":{"start":{"line":622,"column":8},"end":{"line":622,"column":68}},"245":{"start":{"line":623,"column":8},"end":{"line":623,"column":72}},"246":{"start":{"line":625,"column":8},"end":{"line":677,"column":9}},"247":{"start":{"line":627,"column":10},"end":{"line":627,"column":76}},"248":{"start":{"line":629,"column":10},"end":{"line":666,"column":11}},"249":{"start":{"line":630,"column":12},"end":{"line":634,"column":14}},"250":{"start":{"line":635,"column":12},"end":{"line":635,"column":69}},"251":{"start":{"line":638,"column":12},"end":{"line":638,"column":78}},"252":{"start":{"line":640,"column":12},"end":{"line":665,"column":13}},"253":{"start":{"line":641,"column":14},"end":{"line":645,"column":17}},"254":{"start":{"line":646,"column":14},"end":{"line":646,"column":68}},"255":{"start":{"line":649,"column":17},"end":{"line":665,"column":13}},"256":{"start":{"line":650,"column":14},"end":{"line":652,"column":17}},"257":{"start":{"line":653,"column":14},"end":{"line":653,"column":73}},"258":{"start":{"line":656,"column":17},"end":{"line":665,"column":13}},"259":{"start":{"line":657,"column":14},"end":{"line":660,"column":17}},"260":{"start":{"line":661,"column":14},"end":{"line":661,"column":64}},"261":{"start":{"line":664,"column":14},"end":{"line":664,"column":68}},"262":{"start":{"line":669,"column":10},"end":{"line":669,"column":44}},"263":{"start":{"line":670,"column":10},"end":{"line":670,"column":70}},"264":{"start":{"line":672,"column":10},"end":{"line":672,"column":69}},"265":{"start":{"line":673,"column":10},"end":{"line":673,"column":69}},"266":{"start":{"line":676,"column":10},"end":{"line":676,"column":72}},"267":{"start":{"line":686,"column":32},"end":{"line":705,"column":22}},"268":{"start":{"line":687,"column":26},"end":{"line":687,"column":47}},"269":{"start":{"line":688,"column":30},"end":{"line":693,"column":8}},"270":{"start":{"line":695,"column":6},"end":{"line":695,"column":58}},"271":{"start":{"line":698,"column":25},"end":{"line":698,"column":71}},"272":{"start":{"line":699,"column":6},"end":{"line":704,"column":7}},"273":{"start":{"line":700,"column":8},"end":{"line":703,"column":11}},"274":{"start":{"line":708,"column":4},"end":{"line":708,"column":51}},"275":{"start":{"line":716,"column":4},"end":{"line":716,"column":47}},"276":{"start":{"line":719,"column":4},"end":{"line":719,"column":54}},"277":{"start":{"line":720,"column":4},"end":{"line":720,"column":52}},"278":{"start":{"line":721,"column":4},"end":{"line":721,"column":82}},"279":{"start":{"line":722,"column":4},"end":{"line":722,"column":106}},"280":{"start":{"line":725,"column":4},"end":{"line":725,"column":92}},"281":{"start":{"line":726,"column":4},"end":{"line":726,"column":109}},"282":{"start":{"line":729,"column":4},"end":{"line":729,"column":44}},"283":{"start":{"line":730,"column":23},"end":{"line":737,"column":6}},"284":{"start":{"line":740,"column":4},"end":{"line":740,"column":56}},"285":{"start":{"line":743,"column":4},"end":{"line":743,"column":69}},"286":{"start":{"line":746,"column":4},"end":{"line":752,"column":5}},"287":{"start":{"line":747,"column":6},"end":{"line":749,"column":86}},"288":{"start":{"line":748,"column":20},"end":{"line":748,"column":67}},"289":{"start":{"line":749,"column":22},"end":{"line":749,"column":84}},"290":{"start":{"line":751,"column":6},"end":{"line":751,"column":80}},"291":{"start":{"line":755,"column":22},"end":{"line":755,"column":71}},"292":{"start":{"line":755,"column":59},"end":{"line":755,"column":70}},"293":{"start":{"line":756,"column":4},"end":{"line":756,"column":59}},"294":{"start":{"line":759,"column":4},"end":{"line":763,"column":5}},"295":{"start":{"line":760,"column":6},"end":{"line":760,"column":53}},"296":{"start":{"line":762,"column":6},"end":{"line":762,"column":52}},"297":{"start":{"line":765,"column":4},"end":{"line":765,"column":49}},"298":{"start":{"line":772,"column":4},"end":{"line":772,"column":54}},"299":{"start":{"line":773,"column":4},"end":{"line":773,"column":69}},"300":{"start":{"line":775,"column":4},"end":{"line":900,"column":5}},"301":{"start":{"line":777,"column":18},"end":{"line":777,"column":38}},"302":{"start":{"line":778,"column":21},"end":{"line":778,"column":75}},"303":{"start":{"line":780,"column":6},"end":{"line":835,"column":7}},"304":{"start":{"line":782,"column":8},"end":{"line":782,"column":68}},"305":{"start":{"line":785,"column":8},"end":{"line":793,"column":9}},"306":{"start":{"line":786,"column":10},"end":{"line":792,"column":13}},"307":{"start":{"line":796,"column":8},"end":{"line":829,"column":9}},"308":{"start":{"line":797,"column":10},"end":{"line":826,"column":11}},"309":{"start":{"line":799,"column":56},"end":{"line":799,"column":58}},"310":{"start":{"line":801,"column":12},"end":{"line":804,"column":13}},"311":{"start":{"line":802,"column":14},"end":{"line":802,"column":65}},"312":{"start":{"line":803,"column":14},"end":{"line":803,"column":73}},"313":{"start":{"line":806,"column":12},"end":{"line":808,"column":13}},"314":{"start":{"line":807,"column":14},"end":{"line":807,"column":59}},"315":{"start":{"line":811,"column":12},"end":{"line":813,"column":13}},"316":{"start":{"line":812,"column":14},"end":{"line":812,"column":57}},"317":{"start":{"line":815,"column":12},"end":{"line":817,"column":13}},"318":{"start":{"line":816,"column":14},"end":{"line":816,"column":51}},"319":{"start":{"line":820,"column":12},"end":{"line":825,"column":14}},"320":{"start":{"line":828,"column":10},"end":{"line":828,"column":93}},"321":{"start":{"line":831,"column":8},"end":{"line":831,"column":73}},"322":{"start":{"line":832,"column":8},"end":{"line":832,"column":22}},"323":{"start":{"line":834,"column":8},"end":{"line":834,"column":57}},"324":{"start":{"line":837,"column":20},"end":{"line":837,"column":32}},"325":{"start":{"line":838,"column":6},"end":{"line":841,"column":9}},"326":{"start":{"line":844,"column":6},"end":{"line":878,"column":7}},"327":{"start":{"line":845,"column":27},"end":{"line":845,"column":78}},"328":{"start":{"line":846,"column":8},"end":{"line":875,"column":9}},"329":{"start":{"line":847,"column":10},"end":{"line":850,"column":13}},"330":{"start":{"line":853,"column":10},"end":{"line":871,"column":11}},"331":{"start":{"line":854,"column":12},"end":{"line":868,"column":13}},"332":{"start":{"line":855,"column":14},"end":{"line":862,"column":16}},"333":{"start":{"line":865,"column":14},"end":{"line":867,"column":17}},"334":{"start":{"line":870,"column":12},"end":{"line":870,"column":81}},"335":{"start":{"line":873,"column":10},"end":{"line":873,"column":76}},"336":{"start":{"line":874,"column":10},"end":{"line":874,"column":51}},"337":{"start":{"line":877,"column":8},"end":{"line":877,"column":94}},"338":{"start":{"line":881,"column":6},"end":{"line":896,"column":7}},"339":{"start":{"line":882,"column":8},"end":{"line":893,"column":9}},"340":{"start":{"line":883,"column":10},"end":{"line":887,"column":12}},"341":{"start":{"line":890,"column":10},"end":{"line":892,"column":13}},"342":{"start":{"line":895,"column":8},"end":{"line":895,"column":77}},"343":{"start":{"line":898,"column":6},"end":{"line":898,"column":55}},"344":{"start":{"line":899,"column":6},"end":{"line":899,"column":18}},"345":{"start":{"line":908,"column":29},"end":{"line":908,"column":31}},"346":{"start":{"line":911,"column":4},"end":{"line":920,"column":5}},"347":{"start":{"line":912,"column":18},"end":{"line":912,"column":38}},"348":{"start":{"line":913,"column":29},"end":{"line":913,"column":79}},"349":{"start":{"line":915,"column":6},"end":{"line":917,"column":7}},"350":{"start":{"line":916,"column":8},"end":{"line":916,"column":58}},"351":{"start":{"line":919,"column":6},"end":{"line":919,"column":113}},"352":{"start":{"line":923,"column":4},"end":{"line":932,"column":5}},"353":{"start":{"line":924,"column":18},"end":{"line":924,"column":38}},"354":{"start":{"line":925,"column":27},"end":{"line":925,"column":75}},"355":{"start":{"line":927,"column":6},"end":{"line":929,"column":7}},"356":{"start":{"line":928,"column":8},"end":{"line":928,"column":60}},"357":{"start":{"line":931,"column":6},"end":{"line":931,"column":115}},"358":{"start":{"line":935,"column":4},"end":{"line":937,"column":5}},"359":{"start":{"line":936,"column":6},"end":{"line":936,"column":58}},"360":{"start":{"line":939,"column":4},"end":{"line":941,"column":5}},"361":{"start":{"line":940,"column":6},"end":{"line":940,"column":57}},"362":{"start":{"line":943,"column":4},"end":{"line":946,"column":6}},"363":{"start":{"line":954,"column":4},"end":{"line":954,"column":44}},"364":{"start":{"line":956,"column":25},"end":{"line":956,"column":55}},"365":{"start":{"line":958,"column":4},"end":{"line":1039,"column":5}},"366":{"start":{"line":959,"column":6},"end":{"line":959,"column":103}},"367":{"start":{"line":962,"column":6},"end":{"line":976,"column":7}},"368":{"start":{"line":963,"column":8},"end":{"line":973,"column":9}},"369":{"start":{"line":964,"column":32},"end":{"line":964,"column":62}},"370":{"start":{"line":965,"column":10},"end":{"line":972,"column":12}},"371":{"start":{"line":975,"column":8},"end":{"line":975,"column":89}},"372":{"start":{"line":979,"column":22},"end":{"line":979,"column":27}},"373":{"start":{"line":981,"column":6},"end":{"line":1020,"column":7}},"374":{"start":{"line":983,"column":8},"end":{"line":987,"column":9}},"375":{"start":{"line":984,"column":10},"end":{"line":984,"column":43}},"376":{"start":{"line":985,"column":10},"end":{"line":985,"column":36}},"377":{"start":{"line":986,"column":10},"end":{"line":986,"column":27}},"378":{"start":{"line":991,"column":8},"end":{"line":991,"column":54}},"379":{"start":{"line":994,"column":8},"end":{"line":1000,"column":9}},"380":{"start":{"line":995,"column":10},"end":{"line":999,"column":12}},"381":{"start":{"line":1002,"column":8},"end":{"line":1002,"column":64}},"382":{"start":{"line":1005,"column":8},"end":{"line":1019,"column":9}},"383":{"start":{"line":1006,"column":10},"end":{"line":1018,"column":11}},"384":{"start":{"line":1007,"column":12},"end":{"line":1015,"column":14}},"385":{"start":{"line":1017,"column":12},"end":{"line":1017,"column":97}},"386":{"start":{"line":1022,"column":6},"end":{"line":1024,"column":null}},"387":{"start":{"line":1028,"column":6},"end":{"line":1038,"column":7}},"388":{"start":{"line":1029,"column":8},"end":{"line":1035,"column":9}},"389":{"start":{"line":1030,"column":10},"end":{"line":1034,"column":12}},"390":{"start":{"line":1037,"column":8},"end":{"line":1037,"column":97}},"391":{"start":{"line":1041,"column":4},"end":{"line":1041,"column":43}},"392":{"start":{"line":1042,"column":4},"end":{"line":1044,"column":null}},"393":{"start":{"line":1052,"column":4},"end":{"line":1052,"column":44}},"394":{"start":{"line":1053,"column":4},"end":{"line":1053,"column":55}},"395":{"start":{"line":1055,"column":4},"end":{"line":1126,"column":5}},"396":{"start":{"line":1057,"column":18},"end":{"line":1057,"column":38}},"397":{"start":{"line":1058,"column":21},"end":{"line":1058,"column":77}},"398":{"start":{"line":1060,"column":6},"end":{"line":1101,"column":7}},"399":{"start":{"line":1062,"column":8},"end":{"line":1095,"column":9}},"400":{"start":{"line":1063,"column":10},"end":{"line":1092,"column":11}},"401":{"start":{"line":1065,"column":56},"end":{"line":1065,"column":58}},"402":{"start":{"line":1067,"column":12},"end":{"line":1070,"column":13}},"403":{"start":{"line":1068,"column":14},"end":{"line":1068,"column":53}},"404":{"start":{"line":1069,"column":14},"end":{"line":1069,"column":53}},"405":{"start":{"line":1072,"column":12},"end":{"line":1074,"column":13}},"406":{"start":{"line":1073,"column":14},"end":{"line":1073,"column":57}},"407":{"start":{"line":1077,"column":12},"end":{"line":1079,"column":13}},"408":{"start":{"line":1078,"column":14},"end":{"line":1078,"column":53}},"409":{"start":{"line":1081,"column":12},"end":{"line":1083,"column":13}},"410":{"start":{"line":1082,"column":14},"end":{"line":1082,"column":89}},"411":{"start":{"line":1086,"column":12},"end":{"line":1091,"column":14}},"412":{"start":{"line":1094,"column":10},"end":{"line":1094,"column":86}},"413":{"start":{"line":1097,"column":8},"end":{"line":1097,"column":74}},"414":{"start":{"line":1098,"column":8},"end":{"line":1098,"column":22}},"415":{"start":{"line":1100,"column":8},"end":{"line":1100,"column":57}},"416":{"start":{"line":1103,"column":20},"end":{"line":1103,"column":32}},"417":{"start":{"line":1104,"column":6},"end":{"line":1104,"column":52}},"418":{"start":{"line":1107,"column":6},"end":{"line":1122,"column":7}},"419":{"start":{"line":1108,"column":8},"end":{"line":1119,"column":9}},"420":{"start":{"line":1109,"column":10},"end":{"line":1113,"column":12}},"421":{"start":{"line":1116,"column":10},"end":{"line":1118,"column":13}},"422":{"start":{"line":1121,"column":8},"end":{"line":1121,"column":70}},"423":{"start":{"line":1124,"column":6},"end":{"line":1124,"column":58}},"424":{"start":{"line":1125,"column":6},"end":{"line":1125,"column":18}},"425":{"start":{"line":1136,"column":4},"end":{"line":1136,"column":36}},"426":{"start":{"line":1139,"column":25},"end":{"line":1139,"column":65}},"427":{"start":{"line":1140,"column":25},"end":{"line":1140,"column":65}},"428":{"start":{"line":1141,"column":24},"end":{"line":1141,"column":63}},"429":{"start":{"line":1143,"column":4},"end":{"line":1146,"column":5}},"430":{"start":{"line":1144,"column":6},"end":{"line":1144,"column":53}},"431":{"start":{"line":1145,"column":6},"end":{"line":1145,"column":19}},"432":{"start":{"line":1148,"column":4},"end":{"line":1151,"column":5}},"433":{"start":{"line":1149,"column":6},"end":{"line":1149,"column":48}},"434":{"start":{"line":1150,"column":6},"end":{"line":1150,"column":19}},"435":{"start":{"line":1154,"column":20},"end":{"line":1154,"column":55}},"436":{"start":{"line":1155,"column":20},"end":{"line":1155,"column":55}},"437":{"start":{"line":1157,"column":4},"end":{"line":1162,"column":5}},"438":{"start":{"line":1158,"column":6},"end":{"line":1161,"column":7}},"439":{"start":{"line":1159,"column":8},"end":{"line":1159,"column":72}},"440":{"start":{"line":1160,"column":8},"end":{"line":1160,"column":21}},"441":{"start":{"line":1165,"column":24},"end":{"line":1165,"column":63}},"442":{"start":{"line":1166,"column":4},"end":{"line":1179,"column":5}},"443":{"start":{"line":1167,"column":27},"end":{"line":1167,"column":68}},"444":{"start":{"line":1168,"column":27},"end":{"line":1168,"column":68}},"445":{"start":{"line":1170,"column":6},"end":{"line":1178,"column":7}},"446":{"start":{"line":1171,"column":8},"end":{"line":1174,"column":9}},"447":{"start":{"line":1172,"column":10},"end":{"line":1172,"column":86}},"448":{"start":{"line":1173,"column":10},"end":{"line":1173,"column":23}},"449":{"start":{"line":1176,"column":8},"end":{"line":1176,"column":88}},"450":{"start":{"line":1177,"column":8},"end":{"line":1177,"column":21}},"451":{"start":{"line":1182,"column":30},"end":{"line":1182,"column":76}},"452":{"start":{"line":1183,"column":4},"end":{"line":1196,"column":5}},"453":{"start":{"line":1184,"column":26},"end":{"line":1184,"column":66}},"454":{"start":{"line":1185,"column":26},"end":{"line":1185,"column":66}},"455":{"start":{"line":1187,"column":6},"end":{"line":1195,"column":7}},"456":{"start":{"line":1188,"column":8},"end":{"line":1191,"column":9}},"457":{"start":{"line":1189,"column":10},"end":{"line":1189,"column":84}},"458":{"start":{"line":1190,"column":10},"end":{"line":1190,"column":23}},"459":{"start":{"line":1193,"column":8},"end":{"line":1193,"column":86}},"460":{"start":{"line":1194,"column":8},"end":{"line":1194,"column":21}},"461":{"start":{"line":1199,"column":27},"end":{"line":1199,"column":70}},"462":{"start":{"line":1200,"column":4},"end":{"line":1208,"column":5}},"463":{"start":{"line":1201,"column":23},"end":{"line":1201,"column":58}},"464":{"start":{"line":1202,"column":24},"end":{"line":1202,"column":60}},"465":{"start":{"line":1204,"column":6},"end":{"line":1207,"column":7}},"466":{"start":{"line":1205,"column":8},"end":{"line":1205,"column":68}},"467":{"start":{"line":1210,"column":4},"end":{"line":1210,"column":47}},"468":{"start":{"line":1211,"column":4},"end":{"line":1211,"column":16}},"469":{"start":{"line":1218,"column":4},"end":{"line":1218,"column":58}},"470":{"start":{"line":1220,"column":4},"end":{"line":1299,"column":5}},"471":{"start":{"line":1222,"column":6},"end":{"line":1222,"column":29}},"472":{"start":{"line":1225,"column":6},"end":{"line":1256,"column":7}},"473":{"start":{"line":1226,"column":20},"end":{"line":1226,"column":40}},"474":{"start":{"line":1229,"column":8},"end":{"line":1235,"column":9}},"475":{"start":{"line":1230,"column":10},"end":{"line":1230,"column":65}},"476":{"start":{"line":1231,"column":10},"end":{"line":1234,"column":11}},"477":{"start":{"line":1232,"column":12},"end":{"line":1232,"column":35}},"478":{"start":{"line":1233,"column":12},"end":{"line":1233,"column":66}},"479":{"start":{"line":1238,"column":8},"end":{"line":1244,"column":9}},"480":{"start":{"line":1239,"column":10},"end":{"line":1239,"column":63}},"481":{"start":{"line":1240,"column":10},"end":{"line":1243,"column":11}},"482":{"start":{"line":1241,"column":12},"end":{"line":1241,"column":33}},"483":{"start":{"line":1242,"column":12},"end":{"line":1242,"column":64}},"484":{"start":{"line":1247,"column":8},"end":{"line":1253,"column":9}},"485":{"start":{"line":1248,"column":10},"end":{"line":1248,"column":61}},"486":{"start":{"line":1249,"column":10},"end":{"line":1252,"column":11}},"487":{"start":{"line":1250,"column":12},"end":{"line":1250,"column":53}},"488":{"start":{"line":1251,"column":12},"end":{"line":1251,"column":62}},"489":{"start":{"line":1255,"column":8},"end":{"line":1255,"column":81}},"490":{"start":{"line":1259,"column":6},"end":{"line":1262,"column":7}},"491":{"start":{"line":1260,"column":8},"end":{"line":1260,"column":61}},"492":{"start":{"line":1265,"column":6},"end":{"line":1268,"column":7}},"493":{"start":{"line":1266,"column":8},"end":{"line":1266,"column":66}},"494":{"start":{"line":1271,"column":6},"end":{"line":1275,"column":7}},"495":{"start":{"line":1272,"column":8},"end":{"line":1272,"column":64}},"496":{"start":{"line":1273,"column":8},"end":{"line":1273,"column":48}},"497":{"start":{"line":1274,"column":8},"end":{"line":1274,"column":45}},"498":{"start":{"line":1278,"column":6},"end":{"line":1281,"column":7}},"499":{"start":{"line":1279,"column":8},"end":{"line":1279,"column":61}},"500":{"start":{"line":1280,"column":9},"end":{"line":1280,"column":43}},"501":{"start":{"line":1283,"column":6},"end":{"line":1286,"column":7}},"502":{"start":{"line":1284,"column":8},"end":{"line":1284,"column":65}},"503":{"start":{"line":1285,"column":9},"end":{"line":1285,"column":46}},"504":{"start":{"line":1288,"column":6},"end":{"line":1291,"column":7}},"505":{"start":{"line":1289,"column":8},"end":{"line":1289,"column":70}},"506":{"start":{"line":1290,"column":9},"end":{"line":1290,"column":51}},"507":{"start":{"line":1294,"column":6},"end":{"line":1294,"column":51}},"508":{"start":{"line":1296,"column":6},"end":{"line":1296,"column":70}},"509":{"start":{"line":1298,"column":6},"end":{"line":1298,"column":69}},"510":{"start":{"line":1307,"column":4},"end":{"line":1338,"column":5}},"511":{"start":{"line":1309,"column":6},"end":{"line":1335,"column":24}},"512":{"start":{"line":1309,"column":28},"end":{"line":1335,"column":9}},"513":{"start":{"line":1310,"column":8},"end":{"line":1310,"column":77}},"514":{"start":{"line":1312,"column":8},"end":{"line":1334,"column":9}},"515":{"start":{"line":1314,"column":22},"end":{"line":1314,"column":42}},"516":{"start":{"line":1317,"column":10},"end":{"line":1331,"column":11}},"517":{"start":{"line":1318,"column":27},"end":{"line":1318,"column":79}},"518":{"start":{"line":1320,"column":12},"end":{"line":1328,"column":13}},"519":{"start":{"line":1321,"column":14},"end":{"line":1321,"column":147}},"520":{"start":{"line":1324,"column":34},"end":{"line":1324,"column":84}},"521":{"start":{"line":1325,"column":14},"end":{"line":1325,"column":150}},"522":{"start":{"line":1327,"column":14},"end":{"line":1327,"column":75}},"523":{"start":{"line":1330,"column":12},"end":{"line":1330,"column":84}},"524":{"start":{"line":1333,"column":10},"end":{"line":1333,"column":75}},"525":{"start":{"line":1337,"column":6},"end":{"line":1337,"column":75}},"526":{"start":{"line":20,"column":0},"end":{"line":20,"column":21}}},"fnMap":{"0":{"name":"(anonymous_7)","decl":{"start":{"line":20,"column":0},"end":{"line":20,"column":21}},"loc":{"start":{"line":20,"column":0},"end":{"line":1340,"column":1}}},"1":{"name":"(anonymous_8)","decl":{"start":{"line":39,"column":9},"end":{"line":39,"column":22}},"loc":{"start":{"line":39,"column":22},"end":{"line":62,"column":3}}},"2":{"name":"(anonymous_9)","decl":{"start":{"line":68,"column":9},"end":{"line":68,"column":35}},"loc":{"start":{"line":68,"column":35},"end":{"line":98,"column":3}}},"3":{"name":"(anonymous_10)","decl":{"start":{"line":104,"column":9},"end":{"line":104,"column":24}},"loc":{"start":{"line":104,"column":24},"end":{"line":124,"column":3}}},"4":{"name":"(anonymous_11)","decl":{"start":{"line":129,"column":8},"end":{"line":129,"column":14}},"loc":{"start":{"line":129,"column":14},"end":{"line":192,"column":null}}},"5":{"name":"(anonymous_13)","decl":{"start":{"line":197,"column":10},"end":{"line":197,"column":26}},"loc":{"start":{"line":197,"column":26},"end":{"line":219,"column":3}}},"6":{"name":"(anonymous_14)","decl":{"start":{"line":225,"column":9},"end":{"line":225,"column":27}},"loc":{"start":{"line":225,"column":27},"end":{"line":473,"column":3}}},"7":{"name":"(anonymous_15)","decl":{"start":{"line":265,"column":48},"end":{"line":265,"column":57}},"loc":{"start":{"line":265,"column":59},"end":{"line":345,"column":7}}},"8":{"name":"(anonymous_16)","decl":{"start":{"line":265,"column":59},"end":{"line":265,"column":null}},"loc":{"start":{"line":265,"column":59},"end":{"line":345,"column":5}}},"9":{"name":"(anonymous_17)","decl":{"start":{"line":349,"column":48},"end":{"line":349,"column":57}},"loc":{"start":{"line":349,"column":59},"end":{"line":430,"column":7}}},"10":{"name":"(anonymous_18)","decl":{"start":{"line":349,"column":59},"end":{"line":349,"column":null}},"loc":{"start":{"line":349,"column":59},"end":{"line":430,"column":5}}},"11":{"name":"(anonymous_19)","decl":{"start":{"line":478,"column":16},"end":{"line":478,"column":33}},"loc":{"start":{"line":478,"column":45},"end":{"line":680,"column":null}}},"12":{"name":"(anonymous_21)","decl":{"start":{"line":685,"column":10},"end":{"line":685,"column":28}},"loc":{"start":{"line":685,"column":28},"end":{"line":709,"column":3}}},"13":{"name":"(anonymous_22)","decl":{"start":{"line":686,"column":44},"end":{"line":686,"column":47}},"loc":{"start":{"line":686,"column":49},"end":{"line":705,"column":5}}},"14":{"name":"(anonymous_23)","decl":{"start":{"line":714,"column":9},"end":{"line":714,"column":20}},"loc":{"start":{"line":714,"column":20},"end":{"line":766,"column":3}}},"15":{"name":"(anonymous_24)","decl":{"start":{"line":748,"column":14},"end":{"line":748,"column":17}},"loc":{"start":{"line":748,"column":20},"end":{"line":748,"column":67}}},"16":{"name":"(anonymous_25)","decl":{"start":{"line":749,"column":15},"end":{"line":749,"column":18}},"loc":{"start":{"line":749,"column":22},"end":{"line":749,"column":84}}},"17":{"name":"(anonymous_26)","decl":{"start":{"line":755,"column":49},"end":{"line":755,"column":50}},"loc":{"start":{"line":755,"column":59},"end":{"line":755,"column":70}}},"18":{"name":"(anonymous_27)","decl":{"start":{"line":771,"column":15},"end":{"line":771,"column":33}},"loc":{"start":{"line":771,"column":33},"end":{"line":901,"column":null}}},"19":{"name":"(anonymous_29)","decl":{"start":{"line":907,"column":16},"end":{"line":907,"column":33}},"loc":{"start":{"line":907,"column":33},"end":{"line":947,"column":null}}},"20":{"name":"(anonymous_31)","decl":{"start":{"line":953,"column":15},"end":{"line":953,"column":35}},"loc":{"start":{"line":953,"column":35},"end":{"line":1046,"column":null}}},"21":{"name":"(anonymous_33)","decl":{"start":{"line":1051,"column":15},"end":{"line":1051,"column":35}},"loc":{"start":{"line":1051,"column":35},"end":{"line":1127,"column":null}}},"22":{"name":"(anonymous_35)","decl":{"start":{"line":1135,"column":10},"end":{"line":1135,"column":26}},"loc":{"start":{"line":1135,"column":26},"end":{"line":1212,"column":3}}},"23":{"name":"(anonymous_36)","decl":{"start":{"line":1217,"column":8},"end":{"line":1217,"column":16}},"loc":{"start":{"line":1217,"column":16},"end":{"line":1300,"column":null}}},"24":{"name":"(anonymous_38)","decl":{"start":{"line":1306,"column":10},"end":{"line":1306,"column":31}},"loc":{"start":{"line":1306,"column":31},"end":{"line":1339,"column":3}}},"25":{"name":"(anonymous_39)","decl":{"start":{"line":1309,"column":17},"end":{"line":1309,"column":26}},"loc":{"start":{"line":1309,"column":28},"end":{"line":1335,"column":9}}},"26":{"name":"(anonymous_40)","decl":{"start":{"line":1309,"column":28},"end":{"line":1309,"column":null}},"loc":{"start":{"line":1309,"column":28},"end":{"line":1335,"column":7}}}},"branchMap":{"0":{"loc":{"start":{"line":41,"column":17},"end":{"line":45,"column":65}},"type":"cond-expr","locations":[{"start":{"line":41,"column":34},"end":{"line":45,"column":8}},{"start":{"line":45,"column":10},"end":{"line":45,"column":65}}]},"1":{"loc":{"start":{"line":47,"column":17},"end":{"line":51,"column":65}},"type":"cond-expr","locations":[{"start":{"line":47,"column":34},"end":{"line":51,"column":8}},{"start":{"line":51,"column":10},"end":{"line":51,"column":65}}]},"2":{"loc":{"start":{"line":53,"column":21},"end":{"line":53,"column":74}},"type":"binary-expr","locations":[{"start":{"line":53,"column":21},"end":{"line":53,"column":63}},{"start":{"line":53,"column":67},"end":{"line":53,"column":74}}]},"3":{"loc":{"start":{"line":54,"column":21},"end":{"line":54,"column":74}},"type":"binary-expr","locations":[{"start":{"line":54,"column":21},"end":{"line":54,"column":63}},{"start":{"line":54,"column":67},"end":{"line":54,"column":74}}]},"4":{"loc":{"start":{"line":69,"column":4},"end":{"line":74,"column":5}},"type":"if","locations":[{"start":{"line":69,"column":4},"end":{"line":74,"column":5}}]},"5":{"loc":{"start":{"line":69,"column":8},"end":{"line":69,"column":42}},"type":"binary-expr","locations":[{"start":{"line":69,"column":8},"end":{"line":69,"column":23}},{"start":{"line":69,"column":27},"end":{"line":69,"column":42}}]},"6":{"loc":{"start":{"line":88,"column":23},"end":{"line":88,"column":76}},"type":"binary-expr","locations":[{"start":{"line":88,"column":23},"end":{"line":88,"column":65}},{"start":{"line":88,"column":69},"end":{"line":88,"column":76}}]},"7":{"loc":{"start":{"line":89,"column":23},"end":{"line":89,"column":76}},"type":"binary-expr","locations":[{"start":{"line":89,"column":23},"end":{"line":89,"column":65}},{"start":{"line":89,"column":69},"end":{"line":89,"column":76}}]},"8":{"loc":{"start":{"line":108,"column":4},"end":{"line":113,"column":5}},"type":"if","locations":[{"start":{"line":108,"column":4},"end":{"line":113,"column":5}}]},"9":{"loc":{"start":{"line":116,"column":4},"end":{"line":121,"column":5}},"type":"if","locations":[{"start":{"line":116,"column":4},"end":{"line":121,"column":5}}]},"10":{"loc":{"start":{"line":182,"column":4},"end":{"line":185,"column":5}},"type":"if","locations":[{"start":{"line":182,"column":4},"end":{"line":185,"column":5}}]},"11":{"loc":{"start":{"line":200,"column":21},"end":{"line":200,"column":92}},"type":"cond-expr","locations":[{"start":{"line":200,"column":53},"end":{"line":200,"column":76}},{"start":{"line":200,"column":79},"end":{"line":200,"column":92}}]},"12":{"loc":{"start":{"line":229,"column":27},"end":{"line":229,"column":75}},"type":"binary-expr","locations":[{"start":{"line":229,"column":27},"end":{"line":229,"column":70}},{"start":{"line":229,"column":74},"end":{"line":229,"column":75}}]},"13":{"loc":{"start":{"line":232,"column":19},"end":{"line":232,"column":62}},"type":"binary-expr","locations":[{"start":{"line":232,"column":19},"end":{"line":232,"column":53}},{"start":{"line":232,"column":57},"end":{"line":232,"column":62}}]},"14":{"loc":{"start":{"line":243,"column":4},"end":{"line":251,"column":5}},"type":"if","locations":[{"start":{"line":243,"column":4},"end":{"line":251,"column":5}}]},"15":{"loc":{"start":{"line":246,"column":6},"end":{"line":250,"column":7}},"type":"if","locations":[{"start":{"line":246,"column":6},"end":{"line":250,"column":7}}]},"16":{"loc":{"start":{"line":246,"column":10},"end":{"line":246,"column":33}},"type":"binary-expr","locations":[{"start":{"line":246,"column":10},"end":{"line":246,"column":19}},{"start":{"line":246,"column":23},"end":{"line":246,"column":33}}]},"17":{"loc":{"start":{"line":255,"column":63},"end":{"line":255,"column":98}},"type":"cond-expr","locations":[{"start":{"line":255,"column":72},"end":{"line":255,"column":93}},{"start":{"line":255,"column":96},"end":{"line":255,"column":98}}]},"18":{"loc":{"start":{"line":258,"column":33},"end":{"line":258,"column":64}},"type":"cond-expr","locations":[{"start":{"line":258,"column":56},"end":{"line":258,"column":59}},{"start":{"line":258,"column":62},"end":{"line":258,"column":64}}]},"19":{"loc":{"start":{"line":274,"column":6},"end":{"line":279,"column":7}},"type":"if","locations":[{"start":{"line":274,"column":6},"end":{"line":279,"column":7}}]},"20":{"loc":{"start":{"line":276,"column":8},"end":{"line":278,"column":9}},"type":"if","locations":[{"start":{"line":276,"column":8},"end":{"line":278,"column":9}}]},"21":{"loc":{"start":{"line":276,"column":12},"end":{"line":276,"column":35}},"type":"binary-expr","locations":[{"start":{"line":276,"column":12},"end":{"line":276,"column":21}},{"start":{"line":276,"column":25},"end":{"line":276,"column":35}}]},"22":{"loc":{"start":{"line":289,"column":25},"end":{"line":289,"column":69}},"type":"binary-expr","locations":[{"start":{"line":289,"column":25},"end":{"line":289,"column":63}},{"start":{"line":289,"column":67},"end":{"line":289,"column":69}}]},"23":{"loc":{"start":{"line":298,"column":8},"end":{"line":335,"column":9}},"type":"if","locations":[{"start":{"line":298,"column":8},"end":{"line":335,"column":9}},{"start":{"line":305,"column":15},"end":{"line":335,"column":9}}]},"24":{"loc":{"start":{"line":309,"column":10},"end":{"line":334,"column":11}},"type":"if","locations":[{"start":{"line":309,"column":10},"end":{"line":334,"column":11}},{"start":{"line":318,"column":15},"end":{"line":334,"column":11}}]},"25":{"loc":{"start":{"line":309,"column":14},"end":{"line":309,"column":110}},"type":"binary-expr","locations":[{"start":{"line":309,"column":14},"end":{"line":309,"column":53}},{"start":{"line":309,"column":57},"end":{"line":309,"column":110}}]},"26":{"loc":{"start":{"line":318,"column":15},"end":{"line":334,"column":11}},"type":"if","locations":[{"start":{"line":318,"column":15},"end":{"line":334,"column":11}},{"start":{"line":325,"column":15},"end":{"line":334,"column":11}}]},"27":{"loc":{"start":{"line":318,"column":19},"end":{"line":318,"column":132}},"type":"binary-expr","locations":[{"start":{"line":318,"column":19},"end":{"line":318,"column":63}},{"start":{"line":318,"column":67},"end":{"line":318,"column":132}}]},"28":{"loc":{"start":{"line":325,"column":15},"end":{"line":334,"column":11}},"type":"if","locations":[{"start":{"line":325,"column":15},"end":{"line":334,"column":11}},{"start":{"line":332,"column":15},"end":{"line":334,"column":11}}]},"29":{"loc":{"start":{"line":325,"column":19},"end":{"line":325,"column":113}},"type":"binary-expr","locations":[{"start":{"line":325,"column":19},"end":{"line":325,"column":54}},{"start":{"line":325,"column":58},"end":{"line":325,"column":113}}]},"30":{"loc":{"start":{"line":358,"column":6},"end":{"line":363,"column":7}},"type":"if","locations":[{"start":{"line":358,"column":6},"end":{"line":363,"column":7}}]},"31":{"loc":{"start":{"line":360,"column":8},"end":{"line":362,"column":9}},"type":"if","locations":[{"start":{"line":360,"column":8},"end":{"line":362,"column":9}}]},"32":{"loc":{"start":{"line":360,"column":12},"end":{"line":360,"column":35}},"type":"binary-expr","locations":[{"start":{"line":360,"column":12},"end":{"line":360,"column":21}},{"start":{"line":360,"column":25},"end":{"line":360,"column":35}}]},"33":{"loc":{"start":{"line":373,"column":25},"end":{"line":373,"column":69}},"type":"binary-expr","locations":[{"start":{"line":373,"column":25},"end":{"line":373,"column":63}},{"start":{"line":373,"column":67},"end":{"line":373,"column":69}}]},"34":{"loc":{"start":{"line":382,"column":8},"end":{"line":419,"column":9}},"type":"if","locations":[{"start":{"line":382,"column":8},"end":{"line":419,"column":9}},{"start":{"line":389,"column":15},"end":{"line":419,"column":9}}]},"35":{"loc":{"start":{"line":393,"column":10},"end":{"line":418,"column":11}},"type":"if","locations":[{"start":{"line":393,"column":10},"end":{"line":418,"column":11}},{"start":{"line":402,"column":15},"end":{"line":418,"column":11}}]},"36":{"loc":{"start":{"line":393,"column":14},"end":{"line":393,"column":110}},"type":"binary-expr","locations":[{"start":{"line":393,"column":14},"end":{"line":393,"column":53}},{"start":{"line":393,"column":57},"end":{"line":393,"column":110}}]},"37":{"loc":{"start":{"line":402,"column":15},"end":{"line":418,"column":11}},"type":"if","locations":[{"start":{"line":402,"column":15},"end":{"line":418,"column":11}},{"start":{"line":409,"column":15},"end":{"line":418,"column":11}}]},"38":{"loc":{"start":{"line":402,"column":19},"end":{"line":402,"column":132}},"type":"binary-expr","locations":[{"start":{"line":402,"column":19},"end":{"line":402,"column":63}},{"start":{"line":402,"column":67},"end":{"line":402,"column":132}}]},"39":{"loc":{"start":{"line":409,"column":15},"end":{"line":418,"column":11}},"type":"if","locations":[{"start":{"line":409,"column":15},"end":{"line":418,"column":11}},{"start":{"line":416,"column":15},"end":{"line":418,"column":11}}]},"40":{"loc":{"start":{"line":409,"column":19},"end":{"line":409,"column":113}},"type":"binary-expr","locations":[{"start":{"line":409,"column":19},"end":{"line":409,"column":54}},{"start":{"line":409,"column":58},"end":{"line":409,"column":113}}]},"41":{"loc":{"start":{"line":490,"column":4},"end":{"line":679,"column":5}},"type":"if","locations":[{"start":{"line":490,"column":4},"end":{"line":679,"column":5}},{"start":{"line":498,"column":9},"end":{"line":679,"column":5}}]},"42":{"loc":{"start":{"line":492,"column":6},"end":{"line":495,"column":7}},"type":"if","locations":[{"start":{"line":492,"column":6},"end":{"line":495,"column":7}}]},"43":{"loc":{"start":{"line":498,"column":9},"end":{"line":679,"column":5}},"type":"if","locations":[{"start":{"line":498,"column":9},"end":{"line":679,"column":5}},{"start":{"line":504,"column":9},"end":{"line":679,"column":5}}]},"44":{"loc":{"start":{"line":504,"column":9},"end":{"line":679,"column":5}},"type":"if","locations":[{"start":{"line":504,"column":9},"end":{"line":679,"column":5}},{"start":{"line":509,"column":9},"end":{"line":679,"column":5}}]},"45":{"loc":{"start":{"line":509,"column":9},"end":{"line":679,"column":5}},"type":"if","locations":[{"start":{"line":509,"column":9},"end":{"line":679,"column":5}},{"start":{"line":522,"column":9},"end":{"line":679,"column":5}}]},"46":{"loc":{"start":{"line":522,"column":9},"end":{"line":679,"column":5}},"type":"if","locations":[{"start":{"line":522,"column":9},"end":{"line":679,"column":5}},{"start":{"line":589,"column":9},"end":{"line":679,"column":5}}]},"47":{"loc":{"start":{"line":528,"column":6},"end":{"line":586,"column":7}},"type":"if","locations":[{"start":{"line":528,"column":6},"end":{"line":586,"column":7}}]},"48":{"loc":{"start":{"line":537,"column":10},"end":{"line":574,"column":11}},"type":"if","locations":[{"start":{"line":537,"column":10},"end":{"line":574,"column":11}},{"start":{"line":544,"column":17},"end":{"line":574,"column":11}}]},"49":{"loc":{"start":{"line":548,"column":12},"end":{"line":573,"column":13}},"type":"if","locations":[{"start":{"line":548,"column":12},"end":{"line":573,"column":13}},{"start":{"line":557,"column":17},"end":{"line":573,"column":13}}]},"50":{"loc":{"start":{"line":548,"column":16},"end":{"line":548,"column":112}},"type":"binary-expr","locations":[{"start":{"line":548,"column":16},"end":{"line":548,"column":55}},{"start":{"line":548,"column":59},"end":{"line":548,"column":112}}]},"51":{"loc":{"start":{"line":557,"column":17},"end":{"line":573,"column":13}},"type":"if","locations":[{"start":{"line":557,"column":17},"end":{"line":573,"column":13}},{"start":{"line":564,"column":17},"end":{"line":573,"column":13}}]},"52":{"loc":{"start":{"line":557,"column":21},"end":{"line":557,"column":134}},"type":"binary-expr","locations":[{"start":{"line":557,"column":21},"end":{"line":557,"column":65}},{"start":{"line":557,"column":69},"end":{"line":557,"column":134}}]},"53":{"loc":{"start":{"line":564,"column":17},"end":{"line":573,"column":13}},"type":"if","locations":[{"start":{"line":564,"column":17},"end":{"line":573,"column":13}},{"start":{"line":571,"column":17},"end":{"line":573,"column":13}}]},"54":{"loc":{"start":{"line":564,"column":21},"end":{"line":564,"column":115}},"type":"binary-expr","locations":[{"start":{"line":564,"column":21},"end":{"line":564,"column":56}},{"start":{"line":564,"column":60},"end":{"line":564,"column":115}}]},"55":{"loc":{"start":{"line":589,"column":9},"end":{"line":679,"column":5}},"type":"if","locations":[{"start":{"line":589,"column":9},"end":{"line":679,"column":5}},{"start":{"line":614,"column":9},"end":{"line":679,"column":5}}]},"56":{"loc":{"start":{"line":595,"column":6},"end":{"line":611,"column":7}},"type":"if","locations":[{"start":{"line":595,"column":6},"end":{"line":611,"column":7}}]},"57":{"loc":{"start":{"line":614,"column":9},"end":{"line":679,"column":5}},"type":"if","locations":[{"start":{"line":614,"column":9},"end":{"line":679,"column":5}}]},"58":{"loc":{"start":{"line":620,"column":6},"end":{"line":678,"column":7}},"type":"if","locations":[{"start":{"line":620,"column":6},"end":{"line":678,"column":7}}]},"59":{"loc":{"start":{"line":629,"column":10},"end":{"line":666,"column":11}},"type":"if","locations":[{"start":{"line":629,"column":10},"end":{"line":666,"column":11}},{"start":{"line":636,"column":17},"end":{"line":666,"column":11}}]},"60":{"loc":{"start":{"line":640,"column":12},"end":{"line":665,"column":13}},"type":"if","locations":[{"start":{"line":640,"column":12},"end":{"line":665,"column":13}},{"start":{"line":649,"column":17},"end":{"line":665,"column":13}}]},"61":{"loc":{"start":{"line":640,"column":16},"end":{"line":640,"column":112}},"type":"binary-expr","locations":[{"start":{"line":640,"column":16},"end":{"line":640,"column":55}},{"start":{"line":640,"column":59},"end":{"line":640,"column":112}}]},"62":{"loc":{"start":{"line":649,"column":17},"end":{"line":665,"column":13}},"type":"if","locations":[{"start":{"line":649,"column":17},"end":{"line":665,"column":13}},{"start":{"line":656,"column":17},"end":{"line":665,"column":13}}]},"63":{"loc":{"start":{"line":649,"column":21},"end":{"line":649,"column":134}},"type":"binary-expr","locations":[{"start":{"line":649,"column":21},"end":{"line":649,"column":65}},{"start":{"line":649,"column":69},"end":{"line":649,"column":134}}]},"64":{"loc":{"start":{"line":656,"column":17},"end":{"line":665,"column":13}},"type":"if","locations":[{"start":{"line":656,"column":17},"end":{"line":665,"column":13}},{"start":{"line":663,"column":17},"end":{"line":665,"column":13}}]},"65":{"loc":{"start":{"line":656,"column":21},"end":{"line":656,"column":115}},"type":"binary-expr","locations":[{"start":{"line":656,"column":21},"end":{"line":656,"column":56}},{"start":{"line":656,"column":60},"end":{"line":656,"column":115}}]},"66":{"loc":{"start":{"line":699,"column":6},"end":{"line":704,"column":7}},"type":"if","locations":[{"start":{"line":699,"column":6},"end":{"line":704,"column":7}}]},"67":{"loc":{"start":{"line":746,"column":4},"end":{"line":752,"column":5}},"type":"if","locations":[{"start":{"line":746,"column":4},"end":{"line":752,"column":5}},{"start":{"line":750,"column":11},"end":{"line":752,"column":5}}]},"68":{"loc":{"start":{"line":780,"column":6},"end":{"line":835,"column":7}},"type":"if","locations":[{"start":{"line":780,"column":6},"end":{"line":835,"column":7}},{"start":{"line":833,"column":13},"end":{"line":835,"column":7}}]},"69":{"loc":{"start":{"line":785,"column":8},"end":{"line":793,"column":9}},"type":"if","locations":[{"start":{"line":785,"column":8},"end":{"line":793,"column":9}}]},"70":{"loc":{"start":{"line":797,"column":10},"end":{"line":826,"column":11}},"type":"if","locations":[{"start":{"line":797,"column":10},"end":{"line":826,"column":11}}]},"71":{"loc":{"start":{"line":801,"column":12},"end":{"line":804,"column":13}},"type":"if","locations":[{"start":{"line":801,"column":12},"end":{"line":804,"column":13}}]},"72":{"loc":{"start":{"line":801,"column":16},"end":{"line":801,"column":83}},"type":"binary-expr","locations":[{"start":{"line":801,"column":16},"end":{"line":801,"column":27}},{"start":{"line":801,"column":31},"end":{"line":801,"column":53}},{"start":{"line":801,"column":57},"end":{"line":801,"column":83}}]},"73":{"loc":{"start":{"line":806,"column":12},"end":{"line":808,"column":13}},"type":"if","locations":[{"start":{"line":806,"column":12},"end":{"line":808,"column":13}}]},"74":{"loc":{"start":{"line":806,"column":16},"end":{"line":806,"column":50}},"type":"binary-expr","locations":[{"start":{"line":806,"column":16},"end":{"line":806,"column":27}},{"start":{"line":806,"column":31},"end":{"line":806,"column":50}}]},"75":{"loc":{"start":{"line":811,"column":12},"end":{"line":813,"column":13}},"type":"if","locations":[{"start":{"line":811,"column":12},"end":{"line":813,"column":13}}]},"76":{"loc":{"start":{"line":811,"column":16},"end":{"line":811,"column":49}},"type":"binary-expr","locations":[{"start":{"line":811,"column":16},"end":{"line":811,"column":27}},{"start":{"line":811,"column":31},"end":{"line":811,"column":49}}]},"77":{"loc":{"start":{"line":815,"column":12},"end":{"line":817,"column":13}},"type":"if","locations":[{"start":{"line":815,"column":12},"end":{"line":817,"column":13}}]},"78":{"loc":{"start":{"line":815,"column":16},"end":{"line":815,"column":46}},"type":"binary-expr","locations":[{"start":{"line":815,"column":16},"end":{"line":815,"column":27}},{"start":{"line":815,"column":31},"end":{"line":815,"column":46}}]},"79":{"loc":{"start":{"line":834,"column":24},"end":{"line":834,"column":55}},"type":"binary-expr","locations":[{"start":{"line":834,"column":24},"end":{"line":834,"column":36}},{"start":{"line":834,"column":40},"end":{"line":834,"column":55}}]},"80":{"loc":{"start":{"line":846,"column":8},"end":{"line":875,"column":9}},"type":"if","locations":[{"start":{"line":846,"column":8},"end":{"line":875,"column":9}}]},"81":{"loc":{"start":{"line":848,"column":33},"end":{"line":848,"column":66}},"type":"binary-expr","locations":[{"start":{"line":848,"column":33},"end":{"line":848,"column":53}},{"start":{"line":848,"column":57},"end":{"line":848,"column":66}}]},"82":{"loc":{"start":{"line":854,"column":12},"end":{"line":868,"column":13}},"type":"if","locations":[{"start":{"line":854,"column":12},"end":{"line":868,"column":13}},{"start":{"line":863,"column":19},"end":{"line":868,"column":13}}]},"83":{"loc":{"start":{"line":882,"column":8},"end":{"line":893,"column":9}},"type":"if","locations":[{"start":{"line":882,"column":8},"end":{"line":893,"column":9}},{"start":{"line":888,"column":15},"end":{"line":893,"column":9}}]},"84":{"loc":{"start":{"line":915,"column":6},"end":{"line":917,"column":7}},"type":"if","locations":[{"start":{"line":915,"column":6},"end":{"line":917,"column":7}}]},"85":{"loc":{"start":{"line":919,"column":55},"end":{"line":919,"column":109}},"type":"cond-expr","locations":[{"start":{"line":919,"column":80},"end":{"line":919,"column":93}},{"start":{"line":919,"column":96},"end":{"line":919,"column":109}}]},"86":{"loc":{"start":{"line":927,"column":6},"end":{"line":929,"column":7}},"type":"if","locations":[{"start":{"line":927,"column":6},"end":{"line":929,"column":7}}]},"87":{"loc":{"start":{"line":931,"column":57},"end":{"line":931,"column":111}},"type":"cond-expr","locations":[{"start":{"line":931,"column":82},"end":{"line":931,"column":95}},{"start":{"line":931,"column":98},"end":{"line":931,"column":111}}]},"88":{"loc":{"start":{"line":935,"column":4},"end":{"line":937,"column":5}},"type":"if","locations":[{"start":{"line":935,"column":4},"end":{"line":937,"column":5}}]},"89":{"loc":{"start":{"line":935,"column":8},"end":{"line":935,"column":50}},"type":"binary-expr","locations":[{"start":{"line":935,"column":8},"end":{"line":935,"column":23}},{"start":{"line":935,"column":27},"end":{"line":935,"column":50}}]},"90":{"loc":{"start":{"line":939,"column":4},"end":{"line":941,"column":5}},"type":"if","locations":[{"start":{"line":939,"column":4},"end":{"line":941,"column":5}}]},"91":{"loc":{"start":{"line":939,"column":8},"end":{"line":939,"column":50}},"type":"binary-expr","locations":[{"start":{"line":939,"column":8},"end":{"line":939,"column":23}},{"start":{"line":939,"column":27},"end":{"line":939,"column":50}}]},"92":{"loc":{"start":{"line":958,"column":4},"end":{"line":1039,"column":5}},"type":"if","locations":[{"start":{"line":958,"column":4},"end":{"line":1039,"column":5}},{"start":{"line":1026,"column":11},"end":{"line":1039,"column":5}}]},"93":{"loc":{"start":{"line":963,"column":8},"end":{"line":973,"column":9}},"type":"if","locations":[{"start":{"line":963,"column":8},"end":{"line":973,"column":9}}]},"94":{"loc":{"start":{"line":983,"column":8},"end":{"line":987,"column":9}},"type":"if","locations":[{"start":{"line":983,"column":8},"end":{"line":987,"column":9}}]},"95":{"loc":{"start":{"line":983,"column":12},"end":{"line":983,"column":66}},"type":"binary-expr","locations":[{"start":{"line":983,"column":12},"end":{"line":983,"column":40}},{"start":{"line":983,"column":40},"end":{"line":983,"column":66}}]},"96":{"loc":{"start":{"line":983,"column":13},"end":{"line":983,"column":36}},"type":"cond-expr","locations":[{"start":{"line":983,"column":27},"end":{"line":983,"column":29}},{"start":{"line":983,"column":27},"end":{"line":983,"column":36}}]},"97":{"loc":{"start":{"line":983,"column":13},"end":{"line":983,"column":29}},"type":"binary-expr","locations":[{"start":{"line":983,"column":13},"end":{"line":983,"column":29}},{"start":{"line":983,"column":27},"end":{"line":983,"column":29}}]},"98":{"loc":{"start":{"line":983,"column":41},"end":{"line":983,"column":64}},"type":"cond-expr","locations":[{"start":{"line":983,"column":55},"end":{"line":983,"column":57}},{"start":{"line":983,"column":55},"end":{"line":983,"column":64}}]},"99":{"loc":{"start":{"line":983,"column":41},"end":{"line":983,"column":57}},"type":"binary-expr","locations":[{"start":{"line":983,"column":41},"end":{"line":983,"column":57}},{"start":{"line":983,"column":55},"end":{"line":983,"column":57}}]},"100":{"loc":{"start":{"line":994,"column":8},"end":{"line":1000,"column":9}},"type":"if","locations":[{"start":{"line":994,"column":8},"end":{"line":1000,"column":9}}]},"101":{"loc":{"start":{"line":994,"column":12},"end":{"line":994,"column":44}},"type":"binary-expr","locations":[{"start":{"line":994,"column":12},"end":{"line":994,"column":21}},{"start":{"line":994,"column":25},"end":{"line":994,"column":44}}]},"102":{"loc":{"start":{"line":1005,"column":8},"end":{"line":1019,"column":9}},"type":"if","locations":[{"start":{"line":1005,"column":8},"end":{"line":1019,"column":9}}]},"103":{"loc":{"start":{"line":1010,"column":71},"end":{"line":1010,"column":125}},"type":"cond-expr","locations":[{"start":{"line":1010,"column":96},"end":{"line":1010,"column":109}},{"start":{"line":1010,"column":112},"end":{"line":1010,"column":125}}]},"104":{"loc":{"start":{"line":1029,"column":8},"end":{"line":1035,"column":9}},"type":"if","locations":[{"start":{"line":1029,"column":8},"end":{"line":1035,"column":9}}]},"105":{"loc":{"start":{"line":1060,"column":6},"end":{"line":1101,"column":7}},"type":"if","locations":[{"start":{"line":1060,"column":6},"end":{"line":1101,"column":7}},{"start":{"line":1099,"column":13},"end":{"line":1101,"column":7}}]},"106":{"loc":{"start":{"line":1063,"column":10},"end":{"line":1092,"column":11}},"type":"if","locations":[{"start":{"line":1063,"column":10},"end":{"line":1092,"column":11}}]},"107":{"loc":{"start":{"line":1067,"column":12},"end":{"line":1070,"column":13}},"type":"if","locations":[{"start":{"line":1067,"column":12},"end":{"line":1070,"column":13}}]},"108":{"loc":{"start":{"line":1067,"column":16},"end":{"line":1067,"column":67}},"type":"binary-expr","locations":[{"start":{"line":1067,"column":16},"end":{"line":1067,"column":27}},{"start":{"line":1067,"column":31},"end":{"line":1067,"column":47}},{"start":{"line":1067,"column":51},"end":{"line":1067,"column":67}}]},"109":{"loc":{"start":{"line":1072,"column":12},"end":{"line":1074,"column":13}},"type":"if","locations":[{"start":{"line":1072,"column":12},"end":{"line":1074,"column":13}}]},"110":{"loc":{"start":{"line":1072,"column":16},"end":{"line":1072,"column":49}},"type":"binary-expr","locations":[{"start":{"line":1072,"column":16},"end":{"line":1072,"column":27}},{"start":{"line":1072,"column":31},"end":{"line":1072,"column":49}}]},"111":{"loc":{"start":{"line":1077,"column":12},"end":{"line":1079,"column":13}},"type":"if","locations":[{"start":{"line":1077,"column":12},"end":{"line":1079,"column":13}}]},"112":{"loc":{"start":{"line":1077,"column":16},"end":{"line":1077,"column":47}},"type":"binary-expr","locations":[{"start":{"line":1077,"column":16},"end":{"line":1077,"column":27}},{"start":{"line":1077,"column":31},"end":{"line":1077,"column":47}}]},"113":{"loc":{"start":{"line":1081,"column":12},"end":{"line":1083,"column":13}},"type":"if","locations":[{"start":{"line":1081,"column":12},"end":{"line":1083,"column":13}}]},"114":{"loc":{"start":{"line":1081,"column":16},"end":{"line":1081,"column":65}},"type":"binary-expr","locations":[{"start":{"line":1081,"column":16},"end":{"line":1081,"column":27}},{"start":{"line":1081,"column":31},"end":{"line":1081,"column":65}}]},"115":{"loc":{"start":{"line":1100,"column":24},"end":{"line":1100,"column":55}},"type":"binary-expr","locations":[{"start":{"line":1100,"column":24},"end":{"line":1100,"column":36}},{"start":{"line":1100,"column":40},"end":{"line":1100,"column":55}}]},"116":{"loc":{"start":{"line":1108,"column":8},"end":{"line":1119,"column":9}},"type":"if","locations":[{"start":{"line":1108,"column":8},"end":{"line":1119,"column":9}},{"start":{"line":1114,"column":15},"end":{"line":1119,"column":9}}]},"117":{"loc":{"start":{"line":1143,"column":4},"end":{"line":1146,"column":5}},"type":"if","locations":[{"start":{"line":1143,"column":4},"end":{"line":1146,"column":5}}]},"118":{"loc":{"start":{"line":1143,"column":8},"end":{"line":1143,"column":38}},"type":"binary-expr","locations":[{"start":{"line":1143,"column":8},"end":{"line":1143,"column":21}},{"start":{"line":1143,"column":25},"end":{"line":1143,"column":38}}]},"119":{"loc":{"start":{"line":1148,"column":4},"end":{"line":1151,"column":5}},"type":"if","locations":[{"start":{"line":1148,"column":4},"end":{"line":1151,"column":5}}]},"120":{"loc":{"start":{"line":1157,"column":4},"end":{"line":1162,"column":5}},"type":"if","locations":[{"start":{"line":1157,"column":4},"end":{"line":1162,"column":5}}]},"121":{"loc":{"start":{"line":1157,"column":8},"end":{"line":1157,"column":54}},"type":"binary-expr","locations":[{"start":{"line":1157,"column":8},"end":{"line":1157,"column":29}},{"start":{"line":1157,"column":33},"end":{"line":1157,"column":54}}]},"122":{"loc":{"start":{"line":1158,"column":6},"end":{"line":1161,"column":7}},"type":"if","locations":[{"start":{"line":1158,"column":6},"end":{"line":1161,"column":7}}]},"123":{"loc":{"start":{"line":1166,"column":4},"end":{"line":1179,"column":5}},"type":"if","locations":[{"start":{"line":1166,"column":4},"end":{"line":1179,"column":5}}]},"124":{"loc":{"start":{"line":1170,"column":6},"end":{"line":1178,"column":7}},"type":"if","locations":[{"start":{"line":1170,"column":6},"end":{"line":1178,"column":7}},{"start":{"line":1175,"column":13},"end":{"line":1178,"column":7}}]},"125":{"loc":{"start":{"line":1170,"column":10},"end":{"line":1170,"column":66}},"type":"binary-expr","locations":[{"start":{"line":1170,"column":10},"end":{"line":1170,"column":36}},{"start":{"line":1170,"column":40},"end":{"line":1170,"column":66}}]},"126":{"loc":{"start":{"line":1171,"column":8},"end":{"line":1174,"column":9}},"type":"if","locations":[{"start":{"line":1171,"column":8},"end":{"line":1174,"column":9}}]},"127":{"loc":{"start":{"line":1183,"column":4},"end":{"line":1196,"column":5}},"type":"if","locations":[{"start":{"line":1183,"column":4},"end":{"line":1196,"column":5}}]},"128":{"loc":{"start":{"line":1187,"column":6},"end":{"line":1195,"column":7}},"type":"if","locations":[{"start":{"line":1187,"column":6},"end":{"line":1195,"column":7}},{"start":{"line":1192,"column":13},"end":{"line":1195,"column":7}}]},"129":{"loc":{"start":{"line":1187,"column":10},"end":{"line":1187,"column":64}},"type":"binary-expr","locations":[{"start":{"line":1187,"column":10},"end":{"line":1187,"column":35}},{"start":{"line":1187,"column":39},"end":{"line":1187,"column":64}}]},"130":{"loc":{"start":{"line":1188,"column":8},"end":{"line":1191,"column":9}},"type":"if","locations":[{"start":{"line":1188,"column":8},"end":{"line":1191,"column":9}}]},"131":{"loc":{"start":{"line":1200,"column":4},"end":{"line":1208,"column":5}},"type":"if","locations":[{"start":{"line":1200,"column":4},"end":{"line":1208,"column":5}}]},"132":{"loc":{"start":{"line":1204,"column":6},"end":{"line":1207,"column":7}},"type":"if","locations":[{"start":{"line":1204,"column":6},"end":{"line":1207,"column":7}}]},"133":{"loc":{"start":{"line":1204,"column":10},"end":{"line":1204,"column":33}},"type":"binary-expr","locations":[{"start":{"line":1204,"column":10},"end":{"line":1204,"column":19}},{"start":{"line":1204,"column":23},"end":{"line":1204,"column":33}}]},"134":{"loc":{"start":{"line":1229,"column":8},"end":{"line":1235,"column":9}},"type":"if","locations":[{"start":{"line":1229,"column":8},"end":{"line":1235,"column":9}}]},"135":{"loc":{"start":{"line":1231,"column":10},"end":{"line":1234,"column":11}},"type":"if","locations":[{"start":{"line":1231,"column":10},"end":{"line":1234,"column":11}}]},"136":{"loc":{"start":{"line":1238,"column":8},"end":{"line":1244,"column":9}},"type":"if","locations":[{"start":{"line":1238,"column":8},"end":{"line":1244,"column":9}}]},"137":{"loc":{"start":{"line":1240,"column":10},"end":{"line":1243,"column":11}},"type":"if","locations":[{"start":{"line":1240,"column":10},"end":{"line":1243,"column":11}}]},"138":{"loc":{"start":{"line":1247,"column":8},"end":{"line":1253,"column":9}},"type":"if","locations":[{"start":{"line":1247,"column":8},"end":{"line":1253,"column":9}}]},"139":{"loc":{"start":{"line":1247,"column":12},"end":{"line":1247,"column":62}},"type":"binary-expr","locations":[{"start":{"line":1247,"column":12},"end":{"line":1247,"column":25}},{"start":{"line":1247,"column":29},"end":{"line":1247,"column":62}}]},"140":{"loc":{"start":{"line":1249,"column":10},"end":{"line":1252,"column":11}},"type":"if","locations":[{"start":{"line":1249,"column":10},"end":{"line":1252,"column":11}}]},"141":{"loc":{"start":{"line":1259,"column":6},"end":{"line":1262,"column":7}},"type":"if","locations":[{"start":{"line":1259,"column":6},"end":{"line":1262,"column":7}}]},"142":{"loc":{"start":{"line":1265,"column":6},"end":{"line":1268,"column":7}},"type":"if","locations":[{"start":{"line":1265,"column":6},"end":{"line":1268,"column":7}}]},"143":{"loc":{"start":{"line":1271,"column":6},"end":{"line":1275,"column":7}},"type":"if","locations":[{"start":{"line":1271,"column":6},"end":{"line":1275,"column":7}}]},"144":{"loc":{"start":{"line":1278,"column":6},"end":{"line":1281,"column":7}},"type":"if","locations":[{"start":{"line":1278,"column":6},"end":{"line":1281,"column":7}}]},"145":{"loc":{"start":{"line":1283,"column":6},"end":{"line":1286,"column":7}},"type":"if","locations":[{"start":{"line":1283,"column":6},"end":{"line":1286,"column":7}}]},"146":{"loc":{"start":{"line":1288,"column":6},"end":{"line":1291,"column":7}},"type":"if","locations":[{"start":{"line":1288,"column":6},"end":{"line":1291,"column":7}}]},"147":{"loc":{"start":{"line":1317,"column":10},"end":{"line":1331,"column":11}},"type":"if","locations":[{"start":{"line":1317,"column":10},"end":{"line":1331,"column":11}},{"start":{"line":1329,"column":17},"end":{"line":1331,"column":11}}]},"148":{"loc":{"start":{"line":1317,"column":14},"end":{"line":1317,"column":64}},"type":"binary-expr","locations":[{"start":{"line":1317,"column":14},"end":{"line":1317,"column":27}},{"start":{"line":1317,"column":31},"end":{"line":1317,"column":64}}]},"149":{"loc":{"start":{"line":1320,"column":12},"end":{"line":1328,"column":13}},"type":"if","locations":[{"start":{"line":1320,"column":12},"end":{"line":1328,"column":13}},{"start":{"line":1326,"column":19},"end":{"line":1328,"column":13}}]}},"s":{"0":1,"1":1,"2":1,"3":1,"4":1,"5":16,"6":0,"7":0,"8":0,"9":0,"10":0,"11":0,"12":0,"13":0,"14":0,"15":0,"16":0,"17":0,"18":0,"19":3,"20":3,"21":0,"22":0,"23":0,"24":0,"25":3,"26":0,"27":0,"28":0
[...]
18,"column":5}},"type":"if","locations":[{"start":{"line":113,"column":4},"end":{"line":118,"column":5}}]},"13":{"loc":{"start":{"line":113,"column":8},"end":{"line":113,"column":29}},"type":"binary-expr","locations":[{"start":{"line":113,"column":8},"end":{"line":113,"column":16}},{"start":{"line":113,"column":20},"end":{"line":113,"column":29}}]},"14":{"loc":{"start":{"line":115,"column":6},"end":{"line":117,"column":7}},"type":"if","locations":[{"start":{"line":115,"column":6},"end":{"line":117,"column":7}}]},"15":{"loc":{"start":{"line":121,"column":4},"end":{"line":126,"column":5}},"type":"if","locations":[{"start":{"line":121,"column":4},"end":{"line":126,"column":5}}]},"16":{"loc":{"start":{"line":121,"column":8},"end":{"line":121,"column":31}},"type":"cond-expr","locations":[{"start":{"line":121,"column":18},"end":{"line":121,"column":20}},{"start":{"line":121,"column":18},"end":{"line":121,"column":31}}]},"17":{"loc":{"start":{"line":121,"column":8},"end":{"line":121,"column":20}},"type":"binary-expr","locations":[{"start":{"line":121,"column":8},"end":{"line":121,"column":20}},{"start":{"line":121,"column":18},"end":{"line":121,"column":20}}]},"18":{"loc":{"start":{"line":123,"column":6},"end":{"line":125,"column":7}},"type":"if","locations":[{"start":{"line":123,"column":6},"end":{"line":125,"column":7}}]},"19":{"loc":{"start":{"line":136,"column":12},"end":{"line":136,"column":null}},"type":"binary-expr","locations":[{"start":{"line":136,"column":12},"end":{"line":136,"column":29}},{"start":{"line":136,"column":29},"end":{"line":136,"column":null}}]},"20":{"loc":{"start":{"line":146,"column":12},"end":{"line":146,"column":null}},"type":"binary-expr","locations":[{"start":{"line":146,"column":12},"end":{"line":146,"column":29}},{"start":{"line":146,"column":29},"end":{"line":146,"column":null}}]},"21":{"loc":{"start":{"line":342,"column":6},"end":{"line":345,"column":7}},"type":"if","locations":[{"start":{"line":342,"column":6},"end":{"line":345,"column":7}}]},"22":{"loc":{"start":{"line":349,"column":6},"end":{"line":353,"column":7}},"type":"if","locations":[{"start":{"line":349,"column":6},"end":{"line":353,"column":7}}]},"23":{"loc":{"start":{"line":356,"column":6},"end":{"line":410,"column":7}},"type":"if","locations":[{"start":{"line":356,"column":6},"end":{"line":410,"column":7}}]},"24":{"loc":{"start":{"line":358,"column":8},"end":{"line":409,"column":9}},"type":"if","locations":[{"start":{"line":358,"column":8},"end":{"line":409,"column":9}},{"start":{"line":401,"column":15},"end":{"line":409,"column":9}}]},"25":{"loc":{"start":{"line":360,"column":10},"end":{"line":362,"column":11}},"type":"if","locations":[{"start":{"line":360,"column":10},"end":{"line":362,"column":11}}]},"26":{"loc":{"start":{"line":360,"column":14},"end":{"line":360,"column":100}},"type":"binary-expr","locations":[{"start":{"line":360,"column":14},"end":{"line":360,"column":53}},{"start":{"line":360,"column":57},"end":{"line":360,"column":100}}]},"27":{"loc":{"start":{"line":365,"column":10},"end":{"line":367,"column":11}},"type":"if","locations":[{"start":{"line":365,"column":10},"end":{"line":367,"column":11}}]},"28":{"loc":{"start":{"line":365,"column":14},"end":{"line":365,"column":96}},"type":"binary-expr","locations":[{"start":{"line":365,"column":14},"end":{"line":365,"column":51}},{"start":{"line":365,"column":55},"end":{"line":365,"column":96}}]},"29":{"loc":{"start":{"line":370,"column":10},"end":{"line":400,"column":11}},"type":"if","locations":[{"start":{"line":370,"column":10},"end":{"line":400,"column":11}}]},"30":{"loc":{"start":{"line":370,"column":14},"end":{"line":370,"column":95}},"type":"binary-expr","locations":[{"start":{"line":370,"column":14},"end":{"line":370,"column":55}},{"start":{"line":370,"column":59},"end":{"line":370,"column":95}}]},"31":{"loc":{"start":{"line":373,"column":33},"end":{"line":373,"column":74}},"type":"binary-expr","locations":[{"start":{"line":373,"column":33},"end":{"line":373,"column":63}},{"start":{"line":373,"column":67},"end":{"line":373,"column":74}}]},"32":{"loc":{"start":{"line":373,"column":33},"end":{"line":373,"column":63}},"type":"cond-expr","locations":[{"start":{"line":373,"column":48},"end":{"line":373,"column":50}},{"start":{"line":373,"column":48},"end":{"line":373,"column":63}}]},"33":{"loc":{"start":{"line":373,"column":33},"end":{"line":373,"column":50}},"type":"binary-expr","locations":[{"start":{"line":373,"column":33},"end":{"line":373,"column":50}},{"start":{"line":373,"column":48},"end":{"line":373,"column":50}}]},"34":{"loc":{"start":{"line":379,"column":36},"end":{"line":381,"column":45}},"type":"cond-expr","locations":[{"start":{"line":380,"column":16},"end":{"line":380,"column":43}},{"start":{"line":381,"column":17},"end":{"line":381,"column":44}}]},"35":{"loc":{"start":{"line":394,"column":36},"end":{"line":396,"column":45}},"type":"cond-expr","locations":[{"start":{"line":395,"column":16},"end":{"line":395,"column":43}},{"start":{"line":396,"column":17},"end":{"line":396,"column":44}}]},"36":{"loc":{"start":{"line":401,"column":15},"end":{"line":409,"column":9}},"type":"if","locations":[{"start":{"line":401,"column":15},"end":{"line":409,"column":9}}]},"37":{"loc":{"start":{"line":402,"column":10},"end":{"line":404,"column":11}},"type":"if","locations":[{"start":{"line":402,"column":10},"end":{"line":404,"column":11}}]},"38":{"loc":{"start":{"line":402,"column":14},"end":{"line":402,"column":84}},"type":"binary-expr","locations":[{"start":{"line":402,"column":14},"end":{"line":402,"column":47}},{"start":{"line":402,"column":51},"end":{"line":402,"column":84}}]},"39":{"loc":{"start":{"line":406,"column":10},"end":{"line":408,"column":11}},"type":"if","locations":[{"start":{"line":406,"column":10},"end":{"line":408,"column":11}}]},"40":{"loc":{"start":{"line":413,"column":39},"end":{"line":413,"column":122}},"type":"cond-expr","locations":[{"start":{"line":413,"column":74},"end":{"line":413,"column":92}},{"start":{"line":413,"column":95},"end":{"line":413,"column":122}}]},"41":{"loc":{"start":{"line":437,"column":6},"end":{"line":440,"column":7}},"type":"if","locations":[{"start":{"line":437,"column":6},"end":{"line":440,"column":7}}]},"42":{"loc":{"start":{"line":437,"column":10},"end":{"line":437,"column":44}},"type":"binary-expr","locations":[{"start":{"line":437,"column":10},"end":{"line":437,"column":24}},{"start":{"line":437,"column":28},"end":{"line":437,"column":44}}]},"43":{"loc":{"start":{"line":443,"column":19},"end":{"line":443,"column":57}},"type":"binary-expr","locations":[{"start":{"line":443,"column":19},"end":{"line":443,"column":31}},{"start":{"line":443,"column":35},"end":{"line":443,"column":57}}]},"44":{"loc":{"start":{"line":446,"column":19},"end":{"line":446,"column":55}},"type":"binary-expr","locations":[{"start":{"line":446,"column":19},"end":{"line":446,"column":31}},{"start":{"line":446,"column":35},"end":{"line":446,"column":55}}]},"45":{"loc":{"start":{"line":451,"column":16},"end":{"line":453,"column":70}},"type":"binary-expr","locations":[{"start":{"line":451,"column":16},"end":{"line":451,"column":85}},{"start":{"line":452,"column":16},"end":{"line":452,"column":78}},{"start":{"line":453,"column":16},"end":{"line":453,"column":69}}]},"46":{"loc":{"start":{"line":456,"column":6},"end":{"line":458,"column":7}},"type":"if","locations":[{"start":{"line":456,"column":6},"end":{"line":458,"column":7}}]},"47":{"loc":{"start":{"line":461,"column":6},"end":{"line":467,"column":7}},"type":"if","locations":[{"start":{"line":461,"column":6},"end":{"line":467,"column":7}}]},"48":{"loc":{"start":{"line":491,"column":6},"end":{"line":500,"column":7}},"type":"if","locations":[{"start":{"line":491,"column":6},"end":{"line":500,"column":7}}]},"49":{"loc":{"start":{"line":515,"column":6},"end":{"line":521,"column":7}},"type":"if","locations":[{"start":{"line":515,"column":6},"end":{"line":521,"column":7}}]},"50":{"loc":{"start":{"line":536,"column":6},"end":{"line":543,"column":7}},"type":"if","locations":[{"start":{"line":536,"column":6},"end":{"line":543,"column":7}}]},"51":{"loc":{"start":{"line":536,"column":10},"end":{"line":536,"column":84}},"type":"binary-expr","locations":[{"start":{"line":536,"column":10},"end":{"line":536,"column":25}},{"start":{"line":536,"column":29},"end":{"line":536,"column":84}}]},"52":{"loc":{"start":{"line":559,"column":6},"end":{"line":569,"column":7}},"type":"if","locations":[{"start":{"line":559,"column":6},"end":{"line":569,"column":7}},{"start":{"line":566,"column":13},"end":{"line":569,"column":7}}]},"53":{"loc":{"start":{"line":595,"column":4},"end":{"line":595,"column":39}},"type":"default-arg","locations":[{"start":{"line":595,"column":34},"end":{"line":595,"column":39}}]},"54":{"loc":{"start":{"line":616,"column":4},"end":{"line":616,"column":39}},"type":"default-arg","locations":[{"start":{"line":616,"column":34},"end":{"line":616,"column":39}}]},"55":{"loc":{"start":{"line":637,"column":4},"end":{"line":637,"column":38}},"type":"default-arg","locations":[{"start":{"line":637,"column":34},"end":{"line":637,"column":38}}]},"56":{"loc":{"start":{"line":658,"column":4},"end":{"line":658,"column":38}},"type":"default-arg","locations":[{"start":{"line":658,"column":34},"end":{"line":658,"column":38}}]}},"s":{"0":0,"1":0,"2":0,"3":0,"4":0,"5":0,"6":0,"7":0,"8":0,"9":0,"10":0,"11":0,"12":0,"13":0,"14":0,"15":0,"16":0,"17":0,"18":0,"19":0,"20":0,"21":0,"22":1,"23":1,"24":1,"25":1,"26":1,"27":1,"28":1,"29":1,"30":1,"31":1,"32":1,"33":1,"34":1,"35":1,"36":1,"37":1,"38":1,"39":1,"40":1,"41":1,"42":1,"43":1,"44":1,"45":13,"46":13,"47":0,"48":0,"49":0,"50":0,"51":0,"52":0,"53":0,"54":0,"55":0,"56":0,"57":0,"58":0,"59":0,"60":0,"61":0,"62":0,"63":0,"64":0,"65":0,"66":0,"67":0,"68":0,"69":0,"70":0,"71":0,"72":0,"73":0,"74":0,"75":0,"76":0,"77":0,"78":0,"79":0,"80":0,"81":13,"82":13,"83":0,"84":0,"85":13,"86":13,"87":13,"88":13,"89":13,"90":0,"91":13,"92":0,"93":0,"94":0,"95":13,"96":0,"97":0,"98":13,"99":13,"100":0,"101":0,"102":0,"103":0,"104":13,"105":13,"106":13,"107":13,"108":13,"109":13,"110":0,"111":0,"112":0,"113":0,"114":0,"115":0,"116":0,"117":0,"118":0,"119":0,"120":0,"121":0,"122":0,"123":0,"124":0,"125":0,"126":0,"127":0,"128":0,"129":13,"130":13,"131":0,"132":0,"133":0,"134":0,"135":0,"136":0,"137":1,"138":1},"f":{"0":0,"1":0,"2":1,"3":1,"4":13,"5":0,"6":0,"7":13,"8":13,"9":13,"10":0,"11":0,"12":0,"13":13,"14":13,"15":0,"16":0,"17":0,"18":0,"19":0,"20":0},"b":{"0":[0],"1":[0,0,0,0,0,0],"2":[0],"3":[0,0,0,0],"4":[0,0],"5":[0,0],"6":[0,0],"7":[0],"8":[0,0],"9":[0,0],"10":[0,0],"11":[0,0],"12":[0],"13":[0,0],"14":[0],"15":[0],"16":[0,0],"17":[0,0],"18":[0],"19":[1,1],"20":[1,1],"21":[0],"22":[0],"23":[0],"24":[0,0],"25":[0],"26":[0,0],"27":[0],"28":[0,0],"29":[0],"30":[0,0],"31":[0,0],"32":[0,0],"33":[0,0],"34":[0,0],"35":[0,0],"36":[0],"37":[0],"38":[0,0],"39":[0],"40":[0,0],"41":[0],"42":[13,13],"43":[13,0],"44":[13,0],"45":[13,13,0],"46":[0],"47":[0],"48":[0],"49":[13],"50":[0],"51":[0,0],"52":[0,0],"53":[0],"54":[0],"55":[0],"56":[0]}}
,"/home/runner/work/melcloud-optimizer/melcloud-optimizer/src/util/validation.ts": {"path":"/home/runner/work/melcloud-optimizer/melcloud-optimizer/src/util/validation.ts","statementMap":{"0":{"start":{"line":14,"column":0},"end":{"line":14,"column":16}},"1":{"start":{"line":49,"column":0},"end":{"line":49,"column":16}},"2":{"start":{"line":65,"column":0},"end":{"line":65,"column":16}},"3":{"start":{"line":101,"column":0},"end":{"line":101,"column":16}},"4":{"start":{"line":23,"column":2},"end":{"line":25,"column":3}},"5":{"start":{"line":24,"column":4},"end":{"line":24,"column":57}},"6":{"start":{"line":27,"column":2},"end":{"line":29,"column":3}},"7":{"start":{"line":28,"column":4},"end":{"line":28,"column":72}},"8":{"start":{"line":31,"column":2},"end":{"line":33,"column":3}},"9":{"start":{"line":32,"column":4},"end":{"line":32,"column":71}},"10":{"start":{"line":35,"column":2},"end":{"line":37,"column":3}},"11":{"start":{"line":36,"column":4},"end":{"line":36,"column":59}},"12":{"start":{"line":39,"column":2},"end":{"line":39,"column":15}},"13":{"start":{"line":50,"column":2},"end":{"line":52,"column":3}},"14":{"start":{"line":51,"column":4},"end":{"line":51,"column":58}},"15":{"start":{"line":54,"column":2},"end":{"line":54,"column":15}},"16":{"start":{"line":74,"column":2},"end":{"line":76,"column":3}},"17":{"start":{"line":75,"column":4},"end":{"line":75,"column":57}},"18":{"start":{"line":78,"column":2},"end":{"line":80,"column":3}},"19":{"start":{"line":79,"column":4},"end":{"line":79,"column":89}},"20":{"start":{"line":82,"column":2},"end":{"line":84,"column":3}},"21":{"start":{"line":83,"column":4},"end":{"line":83,"column":88}},"22":{"start":{"line":86,"column":2},"end":{"line":88,"column":3}},"23":{"start":{"line":87,"column":4},"end":{"line":87,"column":72}},"24":{"start":{"line":90,"column":2},"end":{"line":90,"column":15}},"25":{"start":{"line":110,"column":2},"end":{"line":112,"column":3}},"26":{"start":{"line":111,"column":4},"end":{"line":111,"column":57}},"27":{"start":{"line":114,"column":2},"end":{"line":116,"column":3}},"28":{"start":{"line":115,"column":4},"end":{"line":115,"column":89}},"29":{"start":{"line":118,"column":2},"end":{"line":120,"column":3}},"30":{"start":{"line":119,"column":4},"end":{"line":119,"column":88}},"31":{"start":{"line":122,"column":2},"end":{"line":128,"column":3}},"32":{"start":{"line":123,"column":4},"end":{"line":127,"column":5}},"33":{"start":{"line":123,"column":17},"end":{"line":123,"column":18}},"34":{"start":{"line":124,"column":6},"end":{"line":126,"column":7}},"35":{"start":{"line":125,"column":8},"end":{"line":125,"column":84}},"36":{"start":{"line":130,"column":2},"end":{"line":130,"column":15}}},"fnMap":{"0":{"name":"validateNumber","decl":{"start":{"line":14,"column":16},"end":{"line":14,"column":30}},"loc":{"start":{"line":21,"column":8},"end":{"line":40,"column":1}}},"1":{"name":"validateBoolean","decl":{"start":{"line":49,"column":16},"end":{"line":49,"column":31}},"loc":{"start":{"line":49,"column":56},"end":{"line":55,"column":1}}},"2":{"name":"validateString","decl":{"start":{"line":65,"column":16},"end":{"line":65,"column":30}},"loc":{"start":{"line":72,"column":8},"end":{"line":91,"column":1}}},"3":{"name":"validateArray","decl":{"start":{"line":101,"column":16},"end":{"line":101,"column":29}},"loc":{"start":{"line":108,"column":8},"end":{"line":131,"column":1}}}},"branchMap":{"0":{"loc":{"start":{"line":17,"column":2},"end":{"line":21,"column":8}},"type":"default-arg","locations":[{"start":{"line":21,"column":6},"end":{"line":21,"column":8}}]},"1":{"loc":{"start":{"line":23,"column":2},"end":{"line":25,"column":3}},"type":"if","locations":[{"start":{"line":23,"column":2},"end":{"line":25,"column":3}}]},"2":{"loc":{"start":{"line":23,"column":6},"end":{"line":23,"column":47}},"type":"binary-expr","locations":[{"start":{"line":23,"column":6},"end":{"line":23,"column":31}},{"start":{"line":23,"column":35},"end":{"line":23,"column":47}}]},"3":{"loc":{"start":{"line":27,"column":2},"end":{"line":29,"column":3}},"type":"if","locations":[{"start":{"line":27,"column":2},"end":{"line":29,"column":3}}]},"4":{"loc":{"start":{"line":27,"column":6},"end":{"line":27,"column":54}},"type":"binary-expr","locations":[{"start":{"line":27,"column":6},"end":{"line":27,"column":31}},{"start":{"line":27,"column":35},"end":{"line":27,"column":54}}]},"5":{"loc":{"start":{"line":31,"column":2},"end":{"line":33,"column":3}},"type":"if","locations":[{"start":{"line":31,"column":2},"end":{"line":33,"column":3}}]},"6":{"loc":{"start":{"line":31,"column":6},"end":{"line":31,"column":54}},"type":"binary-expr","locations":[{"start":{"line":31,"column":6},"end":{"line":31,"column":31}},{"start":{"line":31,"column":35},"end":{"line":31,"column":54}}]},"7":{"loc":{"start":{"line":35,"column":2},"end":{"line":37,"column":3}},"type":"if","locations":[{"start":{"line":35,"column":2},"end":{"line":37,"column":3}}]},"8":{"loc":{"start":{"line":35,"column":6},"end":{"line":35,"column":49}},"type":"binary-expr","locations":[{"start":{"line":35,"column":6},"end":{"line":35,"column":21}},{"start":{"line":35,"column":25},"end":{"line":35,"column":49}}]},"9":{"loc":{"start":{"line":50,"column":2},"end":{"line":52,"column":3}},"type":"if","locations":[{"start":{"line":50,"column":2},"end":{"line":52,"column":3}}]},"10":{"loc":{"start":{"line":68,"column":2},"end":{"line":72,"column":8}},"type":"default-arg","locations":[{"start":{"line":72,"column":6},"end":{"line":72,"column":8}}]},"11":{"loc":{"start":{"line":74,"column":2},"end":{"line":76,"column":3}},"type":"if","locations":[{"start":{"line":74,"column":2},"end":{"line":76,"column":3}}]},"12":{"loc":{"start":{"line":78,"column":2},"end":{"line":80,"column":3}},"type":"if","locations":[{"start":{"line":78,"column":2},"end":{"line":80,"column":3}}]},"13":{"loc":{"start":{"line":78,"column":6},"end":{"line":78,"column":73}},"type":"binary-expr","locations":[{"start":{"line":78,"column":6},"end":{"line":78,"column":37}},{"start":{"line":78,"column":41},"end":{"line":78,"column":73}}]},"14":{"loc":{"start":{"line":82,"column":2},"end":{"line":84,"column":3}},"type":"if","locations":[{"start":{"line":82,"column":2},"end":{"line":84,"column":3}}]},"15":{"loc":{"start":{"line":82,"column":6},"end":{"line":82,"column":73}},"type":"binary-expr","locations":[{"start":{"line":82,"column":6},"end":{"line":82,"column":37}},{"start":{"line":82,"column":41},"end":{"line":82,"column":73}}]},"16":{"loc":{"start":{"line":86,"column":2},"end":{"line":88,"column":3}},"type":"if","locations":[{"start":{"line":86,"column":2},"end":{"line":88,"column":3}}]},"17":{"loc":{"start":{"line":86,"column":6},"end":{"line":86,"column":67}},"type":"binary-expr","locations":[{"start":{"line":86,"column":6},"end":{"line":86,"column":35}},{"start":{"line":86,"column":39},"end":{"line":86,"column":67}}]},"18":{"loc":{"start":{"line":104,"column":2},"end":{"line":108,"column":8}},"type":"default-arg","locations":[{"start":{"line":108,"column":6},"end":{"line":108,"column":8}}]},"19":{"loc":{"start":{"line":110,"column":2},"end":{"line":112,"column":3}},"type":"if","locations":[{"start":{"line":110,"column":2},"end":{"line":112,"column":3}}]},"20":{"loc":{"start":{"line":114,"column":2},"end":{"line":116,"column":3}},"type":"if","locations":[{"start":{"line":114,"column":2},"end":{"line":116,"column":3}}]},"21":{"loc":{"start":{"line":114,"column":6},"end":{"line":114,"column":73}},"type":"binary-expr","locations":[{"start":{"line":114,"column":6},"end":{"line":114,"column":37}},{"start":{"line":114,"column":41},"end":{"line":114,"column":73}}]},"22":{"loc":{"start":{"line":118,"column":2},"end":{"line":120,"column":3}},"type":"if","locations":[{"start":{"line":118,"column":2},"end":{"line":120,"column":3}}]},"23":{"loc":{"start":{"line":118,"column":6},"end":{"line":118,"column":73}},"type":"binary-expr","locations":[{"start":{"line":118,"column":6},"end":{"line":118,"column":37}},{"start":{"line":118,"column":41},"end":{"line":118,"column":73}}]},"24":{"loc":{"start":{"line":122,"column":2},"end":{"line":128,"column":3}},"type":"if","locations":[{"start":{"line":122,"column":2},"end":{"line":128,"column":3}}]},"25":{"loc":{"start":{"line":124,"column":6},"end":{"line":126,"column":7}},"type":"if","locations":[{"start":{"line":124,"column":6},"end":{"line":126,"column":7}}]}},"s":{"0":4,"1":4,"2":4,"3":4,"4":25,"5":0,"6":25,"7":0,"8":25,"9":0,"10":25,"11":0,"12":25,"13":14,"14":0,"15":14,"16":0,"17":0,"18":0,"19":0,"20":0,"21":0,"22":0,"23":0,"24":0,"25":0,"26":0,"27":0,"28":0,"29":0,"30":0,"31":0,"32":0,"33":0,"34":0,"35":0,"36":0},"f":{"0":25,"1":14,"2":0,"3":0},"b":{"0":[0],"1":[0],"2":[25,25],"3":[0],"4":[25,25],"5":[0],"6":[25,25],"7":[0],"8":[25,0],"9":[0],"10":[0],"11":[0],"12":[0],"13":[0,0],"14":[0],"15":[0,0],"16":[0],"17":[0,0],"18":[0],"19":[0],"20":[0],"21":[0,0],"22":[0],"23":[0,0],"24":[0],"25":[0]}}
}
