TN:
SF:src/api.ts
FN:9,(anonymous_0)
FN:15,(anonymous_1)
FN:23,(anonymous_2)
FN:31,(anonymous_3)
FN:66,(anonymous_4)
FN:84,(anonymous_5)
FN:113,(anonymous_6)
FNF:7
FNH:7
FNDA:12,(anonymous_0)
FNDA:2,(anonymous_1)
FNDA:2,(anonymous_2)
FNDA:1,(anonymous_3)
FNDA:3,(anonymous_4)
FNDA:2,(anonymous_5)
FNDA:2,(anonymous_6)
DA:2,1
DA:3,1
DA:10,12
DA:16,2
DA:17,2
DA:18,1
DA:24,2
DA:25,2
DA:26,1
DA:32,1
DA:33,1
DA:35,1
DA:37,1
DA:39,1
DA:40,1
DA:41,0
DA:43,1
DA:56,0
DA:57,0
DA:67,3
DA:68,3
DA:70,3
DA:71,3
DA:74,1
DA:75,1
DA:85,2
DA:86,2
DA:87,2
DA:88,1
DA:89,1
DA:95,1
DA:102,0
DA:103,0
DA:114,2
DA:115,2
DA:116,2
DA:117,1
DA:118,1
DA:124,1
DA:131,0
DA:132,0
DA:139,1
LF:42
LH:35
BRDA:40,0,0,0
BRDA:40,0,1,1
BRDA:40,1,0,1
BRDA:40,1,1,0
BRDA:59,2,0,0
BRDA:59,2,1,0
BRDA:77,3,0,1
BRDA:77,3,1,0
BRDA:87,4,0,1
BRDA:87,4,1,1
BRDA:105,5,0,0
BRDA:105,5,1,0
BRDA:113,6,0,2
BRDA:113,7,0,2
BRDA:116,8,0,1
BRDA:116,8,1,1
BRDA:120,9,0,1
BRDA:120,9,1,0
BRDA:131,10,0,0
BRDA:131,10,1,0
BRDA:134,11,0,0
BRDA:134,11,1,0
BRF:22
BRH:10
end_of_record
TN:
SF:src/app.ts
FN:15,(anonymous_0)
FN:29,(anonymous_1)
FN:53,(anonymous_2)
FN:87,(anonymous_3)
FN:108,(anonymous_4)
FN:116,(anonymous_5)
FN:117,(anonymous_6)
FN:118,(anonymous_7)
FN:119,(anonymous_8)
FN:120,(anonymous_9)
FN:121,(anonymous_10)
FN:210,(anonymous_11)
FN:233,(anonymous_12)
FN:264,(anonymous_13)
FN:339,(anonymous_14)
FN:452,(anonymous_15)
FN:622,(anonymous_16)
FN:623,(anonymous_17)
FN:647,(anonymous_18)
FN:766,(anonymous_19)
FN:806,(anonymous_20)
FN:885,(anonymous_21)
FN:955,(anonymous_22)
FN:1026,(anonymous_23)
FN:1084,(anonymous_24)
FN:1087,(anonymous_25)
FNF:26
FNH:21
FNDA:59,(anonymous_0)
FNDA:1,(anonymous_1)
FNDA:2,(anonymous_2)
FNDA:6,(anonymous_3)
FNDA:15,(anonymous_4)
FNDA:1,(anonymous_5)
FNDA:9,(anonymous_6)
FNDA:0,(anonymous_7)
FNDA:2,(anonymous_8)
FNDA:0,(anonymous_9)
FNDA:0,(anonymous_10)
FNDA:18,(anonymous_11)
FNDA:21,(anonymous_12)
FNDA:0,(anonymous_13)
FNDA:0,(anonymous_14)
FNDA:10,(anonymous_15)
FNDA:2,(anonymous_16)
FNDA:2,(anonymous_17)
FNDA:4,(anonymous_18)
FNDA:5,(anonymous_19)
FNDA:3,(anonymous_20)
FNDA:4,(anonymous_21)
FNDA:5,(anonymous_22)
FNDA:1,(anonymous_23)
FNDA:15,(anonymous_24)
FNDA:1,(anonymous_25)
DA:2,6
DA:3,6
DA:4,6
DA:5,6
DA:6,6
DA:7,6
DA:8,6
DA:16,59
DA:17,59
DA:30,1
DA:46,1
DA:47,1
DA:54,2
DA:55,2
DA:56,2
DA:57,2
DA:58,2
DA:60,0
DA:61,0
DA:76,0
DA:77,0
DA:80,0
DA:88,6
DA:90,6
DA:91,1
DA:92,1
DA:93,1
DA:94,1
DA:97,6
DA:98,1
DA:99,1
DA:100,1
DA:101,1
DA:103,6
DA:110,15
DA:111,15
DA:115,1
DA:116,1
DA:117,9
DA:118,0
DA:119,2
DA:120,0
DA:121,0
DA:123,1
DA:126,15
DA:127,15
DA:129,15
DA:130,15
DA:131,15
DA:132,15
DA:133,15
DA:136,0
DA:139,15
DA:140,15
DA:141,15
DA:144,0
DA:147,15
DA:148,15
DA:151,1
DA:156,15
DA:157,15
DA:158,15
DA:160,15
DA:163,0
DA:166,15
DA:167,15
DA:168,0
DA:170,0
DA:173,15
DA:176,15
DA:177,15
DA:178,15
DA:180,15
DA:183,0
DA:186,15
DA:187,15
DA:190,1
DA:193,15
DA:194,0
DA:195,0
DA:196,0
DA:199,0
DA:203,15
DA:205,15
DA:212,18
DA:213,17
DA:215,17
DA:217,17
DA:225,17
DA:227,17
DA:234,21
DA:236,21
DA:238,20
DA:240,20
DA:242,20
DA:243,20
DA:245,20
DA:246,20
DA:248,2
DA:249,2
DA:250,2
DA:251,2
DA:252,2
DA:255,20
DA:256,20
DA:257,20
DA:259,20
DA:260,20
DA:263,20
DA:264,20
DA:266,0
DA:268,0
DA:269,0
DA:271,0
DA:272,0
DA:273,0
DA:274,0
DA:277,0
DA:278,0
DA:279,0
DA:281,0
DA:283,0
DA:284,0
DA:285,0
DA:286,0
DA:288,0
DA:289,0
DA:290,0
DA:291,0
DA:292,0
DA:296,0
DA:298,0
DA:299,0
DA:304,0
DA:307,0
DA:308,0
DA:311,0
DA:314,0
DA:315,0
DA:319,0
DA:322,0
DA:327,0
DA:329,0
DA:330,0
DA:331,0
DA:334,0
DA:338,20
DA:339,20
DA:341,0
DA:343,0
DA:344,0
DA:346,0
DA:347,0
DA:348,0
DA:349,0
DA:352,0
DA:353,0
DA:354,0
DA:356,0
DA:358,0
DA:359,0
DA:360,0
DA:361,0
DA:363,0
DA:364,0
DA:365,0
DA:366,0
DA:367,0
DA:371,0
DA:373,0
DA:374,0
DA:379,0
DA:382,0
DA:383,0
DA:386,0
DA:389,0
DA:390,0
DA:394,0
DA:397,0
DA:402,0
DA:404,0
DA:405,0
DA:406,0
DA:409,0
DA:413,20
DA:414,20
DA:415,20
DA:416,20
DA:417,20
DA:418,20
DA:420,20
DA:421,20
DA:423,20
DA:424,20
DA:426,20
DA:445,20
DA:446,20
DA:447,20
DA:453,10
DA:455,10
DA:456,10
DA:457,10
DA:460,0
DA:463,10
DA:464,2
DA:465,2
DA:466,2
DA:467,2
DA:471,8
DA:472,1
DA:474,1
DA:477,7
DA:478,3
DA:479,3
DA:482,4
DA:483,1
DA:485,1
DA:486,1
DA:487,1
DA:488,1
DA:491,0
DA:495,3
DA:496,1
DA:497,1
DA:498,1
DA:499,1
DA:501,1
DA:502,1
DA:503,1
DA:505,1
DA:506,1
DA:507,0
DA:509,0
DA:513,1
DA:515,1
DA:516,0
DA:521,0
DA:524,1
DA:525,0
DA:528,0
DA:531,1
DA:532,0
DA:536,0
DA:539,1
DA:543,1
DA:544,1
DA:547,0
DA:548,0
DA:552,1
DA:557,2
DA:558,1
DA:559,1
DA:560,1
DA:561,1
DA:563,1
DA:564,1
DA:565,1
DA:567,1
DA:568,1
DA:569,0
DA:571,0
DA:575,1
DA:577,1
DA:578,0
DA:583,0
DA:586,1
DA:587,0
DA:590,0
DA:593,1
DA:594,0
DA:598,0
DA:601,1
DA:605,1
DA:606,1
DA:609,0
DA:610,0
DA:614,1
DA:623,2
DA:624,2
DA:625,2
DA:631,2
DA:633,2
DA:634,2
DA:635,1
DA:642,2
DA:648,4
DA:649,4
DA:650,4
DA:652,4
DA:653,4
DA:654,2
DA:656,2
DA:658,2
DA:659,2
DA:668,2
DA:669,2
DA:671,1
DA:672,1
DA:673,1
DA:674,1
DA:676,1
DA:677,1
DA:680,1
DA:681,1
DA:683,1
DA:684,1
DA:687,1
DA:693,0
DA:695,2
DA:696,2
DA:699,0
DA:703,2
DA:704,2
DA:709,2
DA:710,2
DA:711,2
DA:712,2
DA:717,2
DA:718,2
DA:719,1
DA:727,1
DA:733,0
DA:735,2
DA:736,2
DA:740,0
DA:743,0
DA:744,0
DA:745,0
DA:750,0
DA:756,0
DA:758,0
DA:759,0
DA:767,5
DA:769,5
DA:770,5
DA:771,5
DA:772,2
DA:773,1
DA:777,3
DA:780,5
DA:781,5
DA:782,5
DA:783,2
DA:784,1
DA:788,3
DA:791,5
DA:792,3
DA:794,5
DA:795,3
DA:797,5
DA:807,3
DA:808,3
DA:809,3
DA:810,2
DA:812,2
DA:813,2
DA:814,0
DA:815,0
DA:823,0
DA:826,2
DA:827,2
DA:829,2
DA:830,2
DA:831,2
DA:832,1
DA:835,1
DA:837,1
DA:838,0
DA:843,1
DA:845,1
DA:846,0
DA:847,0
DA:855,0
DA:859,2
DA:866,1
DA:867,1
DA:868,0
DA:873,0
DA:876,1
DA:877,1
DA:886,4
DA:887,4
DA:888,4
DA:890,4
DA:891,4
DA:892,2
DA:894,2
DA:895,2
DA:897,1
DA:898,1
DA:899,1
DA:900,1
DA:902,1
DA:903,1
DA:906,1
DA:907,1
DA:909,1
DA:910,1
DA:913,1
DA:919,0
DA:921,2
DA:922,2
DA:925,0
DA:929,2
DA:930,2
DA:932,2
DA:933,2
DA:934,1
DA:939,1
DA:945,0
DA:947,2
DA:948,2
DA:956,5
DA:958,5
DA:959,4
DA:960,4
DA:961,4
DA:962,1
DA:963,1
DA:965,3
DA:966,1
DA:967,1
DA:970,2
DA:971,2
DA:972,2
DA:973,2
DA:974,1
DA:975,1
DA:979,1
DA:980,1
DA:981,0
DA:982,0
DA:983,0
DA:984,0
DA:985,0
DA:986,0
DA:990,0
DA:991,0
DA:995,1
DA:996,1
DA:997,0
DA:998,0
DA:999,0
DA:1000,0
DA:1001,0
DA:1002,0
DA:1006,0
DA:1007,0
DA:1011,1
DA:1012,1
DA:1013,0
DA:1014,0
DA:1015,0
DA:1016,0
DA:1020,1
DA:1021,1
DA:1027,1
DA:1028,1
DA:1030,1
DA:1032,1
DA:1033,1
DA:1036,1
DA:1039,0
DA:1042,1
DA:1043,1
DA:1047,1
DA:1048,1
DA:1052,1
DA:1053,1
DA:1054,1
DA:1055,1
DA:1058,1
DA:1059,0
DA:1060,0
DA:1062,1
DA:1063,0
DA:1064,0
DA:1066,1
DA:1067,0
DA:1068,0
DA:1071,1
DA:1074,0
DA:1077,1
DA:1085,15
DA:1087,15
DA:1088,1
DA:1089,1
DA:1091,1
DA:1092,1
DA:1093,1
DA:1094,1
DA:1097,0
DA:1101,0
DA:1106,0
DA:1110,6
LF:495
LH:329
BRDA:31,0,0,0
BRDA:31,0,1,1
BRDA:36,1,0,0
BRDA:36,1,1,1
BRDA:41,2,0,1
BRDA:41,2,1,1
BRDA:42,3,0,1
BRDA:42,3,1,1
BRDA:54,4,0,2
BRDA:54,4,1,0
BRDA:54,5,0,2
BRDA:54,5,1,0
BRDA:72,6,0,0
BRDA:72,6,1,0
BRDA:73,7,0,0
BRDA:73,7,1,0
BRDA:90,8,0,1
BRDA:90,8,1,5
BRDA:97,9,0,1
BRDA:97,9,1,5
BRDA:193,10,0,0
BRDA:193,10,1,15
BRDA:213,11,0,14
BRDA:213,11,1,3
BRDA:236,12,0,21
BRDA:236,12,1,18
BRDA:238,13,0,20
BRDA:238,13,1,18
BRDA:246,14,0,2
BRDA:246,14,1,18
BRDA:249,15,0,2
BRDA:249,15,1,0
BRDA:249,16,0,2
BRDA:249,16,1,2
BRDA:257,17,0,2
BRDA:257,17,1,18
BRDA:259,18,0,20
BRDA:259,18,1,0
BRDA:271,19,0,0
BRDA:271,19,1,0
BRDA:273,20,0,0
BRDA:273,20,1,0
BRDA:273,21,0,0
BRDA:273,21,1,0
BRDA:283,22,0,0
BRDA:283,22,1,0
BRDA:290,23,0,0
BRDA:290,23,1,0
BRDA:298,24,0,0
BRDA:298,24,1,0
BRDA:298,25,0,0
BRDA:298,25,1,0
BRDA:307,26,0,0
BRDA:307,26,1,0
BRDA:307,27,0,0
BRDA:307,27,1,0
BRDA:314,28,0,0
BRDA:314,28,1,0
BRDA:314,29,0,0
BRDA:314,29,1,0
BRDA:346,30,0,0
BRDA:346,30,1,0
BRDA:348,31,0,0
BRDA:348,31,1,0
BRDA:348,32,0,0
BRDA:348,32,1,0
BRDA:358,33,0,0
BRDA:358,33,1,0
BRDA:365,34,0,0
BRDA:365,34,1,0
BRDA:373,35,0,0
BRDA:373,35,1,0
BRDA:373,36,0,0
BRDA:373,36,1,0
BRDA:382,37,0,0
BRDA:382,37,1,0
BRDA:382,38,0,0
BRDA:382,38,1,0
BRDA:389,39,0,0
BRDA:389,39,1,0
BRDA:389,40,0,0
BRDA:389,40,1,0
BRDA:463,41,0,2
BRDA:463,41,1,8
BRDA:465,42,0,2
BRDA:465,42,1,0
BRDA:471,43,0,1
BRDA:471,43,1,7
BRDA:477,44,0,3
BRDA:477,44,1,4
BRDA:482,45,0,1
BRDA:482,45,1,3
BRDA:495,46,0,1
BRDA:495,46,1,2
BRDA:499,47,0,1
BRDA:499,47,1,0
BRDA:506,48,0,0
BRDA:506,48,1,1
BRDA:515,49,0,0
BRDA:515,49,1,1
BRDA:515,50,0,1
BRDA:515,50,1,0
BRDA:524,51,0,0
BRDA:524,51,1,1
BRDA:524,52,0,1
BRDA:524,52,1,0
BRDA:531,53,0,0
BRDA:531,53,1,1
BRDA:531,54,0,1
BRDA:531,54,1,0
BRDA:557,55,0,1
BRDA:557,55,1,1
BRDA:561,56,0,1
BRDA:561,56,1,0
BRDA:568,57,0,0
BRDA:568,57,1,1
BRDA:577,58,0,0
BRDA:577,58,1,1
BRDA:577,59,0,1
BRDA:577,59,1,0
BRDA:586,60,0,0
BRDA:586,60,1,1
BRDA:586,61,0,1
BRDA:586,61,1,0
BRDA:593,62,0,0
BRDA:593,62,1,1
BRDA:593,63,0,1
BRDA:593,63,1,0
BRDA:634,64,0,1
BRDA:634,64,1,1
BRDA:654,65,0,2
BRDA:654,65,1,0
BRDA:658,66,0,2
BRDA:658,66,1,0
BRDA:669,67,0,1
BRDA:669,67,1,1
BRDA:672,68,0,1
BRDA:672,68,1,0
BRDA:672,69,0,1
BRDA:672,69,1,1
BRDA:672,69,2,1
BRDA:676,70,0,1
BRDA:676,70,1,0
BRDA:676,71,0,1
BRDA:676,71,1,1
BRDA:680,72,0,1
BRDA:680,72,1,0
BRDA:680,73,0,1
BRDA:680,73,1,1
BRDA:683,74,0,1
BRDA:683,74,1,0
BRDA:683,75,0,1
BRDA:683,75,1,1
BRDA:699,76,0,0
BRDA:699,76,1,0
BRDA:711,77,0,2
BRDA:711,77,1,0
BRDA:713,78,0,2
BRDA:713,78,1,0
BRDA:718,79,0,1
BRDA:718,79,1,1
BRDA:744,80,0,0
BRDA:744,80,1,0
BRDA:772,81,0,1
BRDA:772,81,1,1
BRDA:777,82,0,3
BRDA:777,82,1,0
BRDA:783,83,0,1
BRDA:783,83,1,1
BRDA:788,84,0,3
BRDA:788,84,1,0
BRDA:791,85,0,3
BRDA:791,85,1,2
BRDA:791,86,0,5
BRDA:791,86,1,2
BRDA:794,87,0,3
BRDA:794,87,1,2
BRDA:794,88,0,5
BRDA:794,88,1,2
BRDA:809,89,0,2
BRDA:809,89,1,1
BRDA:813,90,0,0
BRDA:813,90,1,2
BRDA:829,91,0,2
BRDA:829,91,1,0
BRDA:829,92,0,2
BRDA:829,92,1,0
BRDA:837,93,0,0
BRDA:837,93,1,1
BRDA:837,94,0,1
BRDA:837,94,1,1
BRDA:845,95,0,0
BRDA:845,95,1,1
BRDA:848,96,0,0
BRDA:848,96,1,0
BRDA:867,97,0,0
BRDA:867,97,1,1
BRDA:892,98,0,2
BRDA:892,98,1,0
BRDA:895,99,0,1
BRDA:895,99,1,1
BRDA:898,100,0,1
BRDA:898,100,1,0
BRDA:898,101,0,1
BRDA:898,101,1,1
BRDA:898,101,2,1
BRDA:902,102,0,1
BRDA:902,102,1,0
BRDA:902,103,0,1
BRDA:902,103,1,1
BRDA:906,104,0,1
BRDA:906,104,1,0
BRDA:906,105,0,1
BRDA:906,105,1,1
BRDA:909,106,0,1
BRDA:909,106,1,0
BRDA:909,107,0,1
BRDA:909,107,1,1
BRDA:925,108,0,0
BRDA:925,108,1,0
BRDA:933,109,0,1
BRDA:933,109,1,1
BRDA:961,110,0,1
BRDA:961,110,1,3
BRDA:961,111,0,4
BRDA:961,111,1,3
BRDA:965,112,0,1
BRDA:965,112,1,2
BRDA:972,113,0,2
BRDA:972,113,1,0
BRDA:972,114,0,2
BRDA:972,114,1,2
BRDA:973,115,0,1
BRDA:973,115,1,1
BRDA:980,116,0,0
BRDA:980,116,1,1
BRDA:983,117,0,0
BRDA:983,117,1,0
BRDA:983,118,0,0
BRDA:983,118,1,0
BRDA:984,119,0,0
BRDA:984,119,1,0
BRDA:996,120,0,0
BRDA:996,120,1,1
BRDA:999,121,0,0
BRDA:999,121,1,0
BRDA:999,122,0,0
BRDA:999,122,1,0
BRDA:1000,123,0,0
BRDA:1000,123,1,0
BRDA:1012,124,0,0
BRDA:1012,124,1,1
BRDA:1015,125,0,0
BRDA:1015,125,1,0
BRDA:1015,126,0,0
BRDA:1015,126,1,0
BRDA:1042,127,0,1
BRDA:1042,127,1,0
BRDA:1047,128,0,1
BRDA:1047,128,1,0
BRDA:1052,129,0,1
BRDA:1052,129,1,0
BRDA:1058,130,0,0
BRDA:1058,130,1,1
BRDA:1062,131,0,0
BRDA:1062,131,1,1
BRDA:1066,132,0,0
BRDA:1066,132,1,1
BRDA:1093,133,0,1
BRDA:1093,133,1,0
BRDA:1094,134,0,1
BRDA:1094,134,1,0
BRDA:1094,135,0,1
BRDA:1094,135,1,0
BRF:274
BRH:144
end_of_record
TN:
SF:src/services/base-api-service.ts
FN:17,(anonymous_0)
FN:44,(anonymous_1)
FN:59,(anonymous_2)
FN:70,(anonymous_3)
FN:86,(anonymous_4)
FN:97,(anonymous_5)
FN:104,(anonymous_6)
FN:115,(anonymous_7)
FN:129,(anonymous_8)
FN:138,(anonymous_9)
FNF:10
FNH:9
FNDA:72,(anonymous_0)
FNDA:49,(anonymous_1)
FNDA:33,(anonymous_2)
FNDA:23,(anonymous_3)
FNDA:13,(anonymous_4)
FNDA:17,(anonymous_5)
FNDA:0,(anonymous_6)
FNDA:50,(anonymous_7)
FNDA:10,(anonymous_8)
FNDA:20,(anonymous_9)
DA:2,19
DA:3,19
DA:4,19
DA:5,19
DA:18,72
DA:19,72
DA:20,72
DA:21,72
DA:22,72
DA:23,72
DA:24,72
DA:26,72
DA:45,49
DA:60,33
DA:71,23
DA:72,23
DA:73,23
DA:74,0
DA:75,0
DA:76,0
DA:77,0
DA:79,0
DA:87,13
DA:98,17
DA:99,17
DA:100,17
DA:101,17
DA:102,0
DA:103,0
DA:104,0
DA:106,17
DA:116,50
DA:117,50
DA:118,60
DA:119,60
DA:122,12
DA:123,12
DA:124,10
DA:125,10
DA:129,10
DA:133,2
DA:140,20
DA:142,20
DA:143,20
DA:146,19
LF:45
LH:37
BRDA:48,0,0,49
BRDA:48,0,1,29
BRDA:72,1,0,23
BRDA:72,1,1,0
BRDA:75,2,0,0
BRDA:75,2,1,0
BRDA:100,3,0,17
BRDA:100,3,1,17
BRDA:101,4,0,0
BRDA:101,4,1,17
BRDA:115,5,0,50
BRDA:115,6,0,50
BRDA:122,7,0,12
BRDA:122,7,1,0
BRDA:123,8,0,10
BRDA:123,8,1,2
BRDA:133,9,0,2
BRDA:133,9,1,0
BRF:18
BRH:12
end_of_record
TN:
SF:src/services/cop-helper.ts
FN:19,(anonymous_0)
FN:28,(anonymous_1)
FN:31,(anonymous_2)
FN:36,(anonymous_3)
FN:41,(anonymous_4)
FN:55,(anonymous_5)
FN:91,(anonymous_6)
FN:120,(anonymous_7)
FN:141,(anonymous_8)
FN:169,(anonymous_9)
FN:190,(anonymous_10)
FN:200,(anonymous_11)
FN:215,(anonymous_12)
FN:233,(anonymous_13)
FN:244,(anonymous_14)
FN:255,(anonymous_15)
FNF:16
FNH:12
FNDA:51,(anonymous_0)
FNDA:51,(anonymous_1)
FNDA:0,(anonymous_2)
FNDA:0,(anonymous_3)
FNDA:0,(anonymous_4)
FNDA:3,(anonymous_5)
FNDA:0,(anonymous_6)
FNDA:1,(anonymous_7)
FNDA:3,(anonymous_8)
FNDA:3,(anonymous_9)
FNDA:2,(anonymous_10)
FNDA:2,(anonymous_11)
FNDA:1,(anonymous_12)
FNDA:1,(anonymous_13)
FNDA:1,(anonymous_14)
FNDA:1,(anonymous_15)
DA:2,20
DA:3,20
DA:4,20
DA:6,20
DA:7,20
DA:8,20
DA:20,51
DA:21,51
DA:23,51
DA:29,51
DA:31,51
DA:32,0
DA:33,0
DA:36,35
DA:37,0
DA:38,0
DA:41,35
DA:42,0
DA:43,0
DA:45,35
DA:48,16
DA:56,3
DA:57,3
DA:59,3
DA:60,2
DA:61,1
DA:62,1
DA:65,1
DA:66,1
DA:67,1
DA:68,1
DA:70,1
DA:71,1
DA:73,1
DA:79,1
DA:80,1
DA:81,1
DA:84,1
DA:92,0
DA:94,0
DA:95,0
DA:96,0
DA:97,0
DA:98,0
DA:101,0
DA:102,0
DA:103,0
DA:104,0
DA:107,0
DA:108,0
DA:111,0
DA:112,0
DA:121,1
DA:122,1
DA:123,1
DA:124,1
DA:126,1
DA:127,0
DA:128,1
DA:129,1
DA:132,0
DA:142,3
DA:143,3
DA:144,3
DA:145,2
DA:146,1
DA:149,1
DA:150,1
DA:151,1
DA:152,3
DA:153,3
DA:154,2
DA:155,2
DA:158,1
DA:161,1
DA:162,1
DA:170,3
DA:171,3
DA:172,2
DA:173,1
DA:175,1
DA:176,1
DA:182,1
DA:183,1
DA:191,2
DA:192,2
DA:194,2
DA:201,2
DA:202,2
DA:204,1
DA:208,1
DA:216,1
DA:217,1
DA:218,1
DA:219,1
DA:220,1
DA:221,1
DA:222,1
DA:223,1
DA:224,1
DA:226,1
DA:227,1
DA:228,1
DA:233,1
DA:244,1
DA:255,1
DA:263,0
DA:264,0
DA:265,0
DA:274,20
LF:110
LH:85
BRDA:60,0,0,1
BRDA:60,0,1,1
BRDA:60,1,0,2
BRDA:60,1,1,1
BRDA:65,2,0,1
BRDA:65,2,1,0
BRDA:66,3,0,1
BRDA:66,3,1,0
BRDA:67,4,0,1
BRDA:67,4,1,0
BRDA:68,5,0,1
BRDA:68,5,1,0
BRDA:70,6,0,1
BRDA:70,6,1,0
BRDA:71,7,0,1
BRDA:71,7,1,0
BRDA:95,8,0,0
BRDA:95,8,1,0
BRDA:96,9,0,0
BRDA:96,9,1,0
BRDA:96,10,0,0
BRDA:96,10,1,0
BRDA:102,11,0,0
BRDA:102,11,1,0
BRDA:123,12,0,1
BRDA:123,12,1,0
BRDA:126,13,0,0
BRDA:126,13,1,1
BRDA:144,14,0,3
BRDA:144,14,1,1
BRDA:145,15,0,1
BRDA:145,15,1,1
BRDA:152,16,0,3
BRDA:152,16,1,0
BRDA:153,17,0,2
BRDA:153,17,1,1
BRDA:158,18,0,1
BRDA:158,18,1,0
BRDA:171,19,0,3
BRDA:171,19,1,1
BRDA:172,20,0,1
BRDA:172,20,1,1
BRDA:177,21,0,1
BRDA:177,21,1,0
BRDA:178,22,0,1
BRDA:178,22,1,0
BRDA:194,23,0,2
BRDA:194,23,1,1
BRDA:202,24,0,1
BRDA:202,24,1,1
BRDA:224,25,0,0
BRDA:224,25,1,1
BRDA:226,26,0,1
BRDA:226,26,1,0
BRDA:227,27,0,1
BRDA:227,27,1,0
BRDA:264,28,0,0
BRDA:264,28,1,0
BRF:58
BRH:33
end_of_record
TN:
SF:src/services/melcloud-api.ts
FN:2,(anonymous_0)
FN:6,(anonymous_1)
FN:9,(anonymous_2)
FN:13,(anonymous_3)
FN:15,(anonymous_4)
FN:18,(anonymous_5)
FN:19,(anonymous_6)
FN:20,(anonymous_7)
FN:27,(anonymous_8)
FN:52,(anonymous_9)
FN:77,(anonymous_10)
FN:89,(anonymous_11)
FN:129,(anonymous_12)
FN:135,(anonymous_13)
FN:147,(anonymous_14)
FN:162,(anonymous_15)
FN:172,(anonymous_16)
FN:181,(anonymous_17)
FN:210,(anonymous_18)
FN:211,(anonymous_19)
FN:214,(anonymous_20)
FN:218,(anonymous_21)
FN:236,(anonymous_22)
FN:251,(anonymous_23)
FN:262,(anonymous_24)
FN:264,(anonymous_25)
FN:302,(anonymous_26)
FN:312,(anonymous_27)
FN:353,(anonymous_28)
FN:364,(anonymous_29)
FN:402,(anonymous_30)
FN:410,(anonymous_31)
FN:437,(anonymous_32)
FN:458,(anonymous_33)
FN:473,(anonymous_34)
FN:474,(anonymous_35)
FN:482,(anonymous_36)
FN:524,(anonymous_37)
FN:570,(anonymous_38)
FN:615,(anonymous_39)
FN:662,(anonymous_40)
FN:710,(anonymous_41)
FN:726,(anonymous_42)
FN:771,(anonymous_43)
FN:789,(anonymous_44)
FN:815,(anonymous_45)
FN:875,(anonymous_46)
FN:884,(anonymous_47)
FN:901,(anonymous_48)
FN:934,(anonymous_49)
FN:954,(anonymous_50)
FN:957,(anonymous_51)
FN:959,(anonymous_52)
FN:968,(anonymous_53)
FN:1004,(anonymous_54)
FN:1020,(anonymous_55)
FN:1072,(anonymous_56)
FN:1098,(anonymous_57)
FN:1151,(anonymous_58)
FN:1167,(anonymous_59)
FN:1219,(anonymous_60)
FN:1243,(anonymous_61)
FN:1296,(anonymous_62)
FN:1312,(anonymous_63)
FNF:64
FNH:49
FNDA:90,(anonymous_0)
FNDA:11,(anonymous_1)
FNDA:0,(anonymous_2)
FNDA:15,(anonymous_3)
FNDA:0,(anonymous_4)
FNDA:15,(anonymous_5)
FNDA:15,(anonymous_6)
FNDA:0,(anonymous_7)
FNDA:15,(anonymous_8)
FNDA:74,(anonymous_9)
FNDA:0,(anonymous_10)
FNDA:14,(anonymous_11)
FNDA:0,(anonymous_12)
FNDA:0,(anonymous_13)
FNDA:34,(anonymous_14)
FNDA:14,(anonymous_15)
FNDA:13,(anonymous_16)
FNDA:11,(anonymous_17)
FNDA:11,(anonymous_18)
FNDA:6,(anonymous_19)
FNDA:6,(anonymous_20)
FNDA:6,(anonymous_21)
FNDA:0,(anonymous_22)
FNDA:6,(anonymous_23)
FNDA:19,(anonymous_24)
FNDA:22,(anonymous_25)
FNDA:11,(anonymous_26)
FNDA:10,(anonymous_27)
FNDA:5,(anonymous_28)
FNDA:5,(anonymous_29)
FNDA:28,(anonymous_30)
FNDA:4,(anonymous_31)
FNDA:4,(anonymous_32)
FNDA:24,(anonymous_33)
FNDA:2,(anonymous_34)
FNDA:2,(anonymous_35)
FNDA:1,(anonymous_36)
FNDA:0,(anonymous_37)
FNDA:0,(anonymous_38)
FNDA:0,(anonymous_39)
FNDA:0,(anonymous_40)
FNDA:15,(anonymous_41)
FNDA:12,(anonymous_42)
FNDA:20,(anonymous_43)
FNDA:12,(anonymous_44)
FNDA:3,(anonymous_45)
FNDA:5,(anonymous_46)
FNDA:5,(anonymous_47)
FNDA:6,(anonymous_48)
FNDA:18,(anonymous_49)
FNDA:4,(anonymous_50)
FNDA:4,(anonymous_51)
FNDA:2,(anonymous_52)
FNDA:18,(anonymous_53)
FNDA:0,(anonymous_54)
FNDA:0,(anonymous_55)
FNDA:0,(anonymous_56)
FNDA:0,(anonymous_57)
FNDA:2,(anonymous_58)
FNDA:2,(anonymous_59)
FNDA:2,(anonymous_60)
FNDA:1,(anonymous_61)
FNDA:2,(anonymous_62)
FNDA:2,(anonymous_63)
DA:2,15
DA:3,90
DA:4,90
DA:5,90
DA:6,90
DA:8,90
DA:10,0
DA:11,0
DA:13,15
DA:14,15
DA:16,0
DA:18,15
DA:19,15
DA:20,15
DA:21,0
DA:22,0
DA:23,0
DA:25,15
DA:27,15
DA:28,15
DA:29,15
DA:30,90
DA:31,15
DA:32,15
DA:35,15
DA:36,15
DA:37,15
DA:38,15
DA:39,15
DA:40,15
DA:41,15
DA:54,74
DA:60,74
DA:61,74
DA:62,74
DA:63,74
DA:64,74
DA:65,74
DA:66,74
DA:68,74
DA:70,74
DA:78,0
DA:90,14
DA:91,1
DA:93,13
DA:94,1
DA:96,1
DA:97,1
DA:99,12
DA:100,12
DA:102,12
DA:103,12
DA:104,12
DA:105,11
DA:107,1
DA:109,1
DA:110,0
DA:111,0
DA:113,0
DA:114,0
DA:115,0
DA:118,0
DA:122,12
DA:124,12
DA:125,12
DA:127,12
DA:129,12
DA:131,0
DA:132,0
DA:133,0
DA:135,0
DA:136,0
DA:140,12
DA:141,12
DA:149,34
DA:150,5
DA:153,34
DA:163,14
DA:174,13
DA:176,13
DA:177,2
DA:178,2
DA:181,11
DA:183,11
DA:185,11
DA:187,11
DA:189,11
DA:191,11
DA:195,11
DA:196,8
DA:199,11
DA:200,4
DA:203,11
DA:210,11
DA:211,11
DA:212,6
DA:214,6
DA:215,6
DA:218,6
DA:220,6
DA:221,6
DA:223,6
DA:224,6
DA:227,0
DA:231,0
DA:236,11
DA:237,0
DA:240,11
DA:241,8
DA:244,11
DA:248,11
DA:250,11
DA:252,6
DA:254,11
DA:263,19
DA:264,22
DA:277,17
DA:278,4
DA:280,12
DA:281,12
DA:283,12
DA:284,12
DA:288,7
DA:293,7
DA:295,7
DA:303,11
DA:304,11
DA:305,4
DA:306,4
DA:307,4
DA:310,7
DA:311,7
DA:312,10
DA:313,5
DA:314,4
DA:315,4
DA:319,3
DA:323,3
DA:324,0
DA:326,0
DA:329,3
DA:331,3
DA:336,7
DA:337,1
DA:340,6
DA:344,6
DA:345,6
DA:354,5
DA:356,5
DA:358,5
DA:359,1
DA:360,1
DA:362,5
DA:364,5
DA:365,5
DA:367,4
DA:369,4
DA:370,4
DA:371,4
DA:372,4
DA:375,0
DA:377,0
DA:378,0
DA:396,4
DA:397,4
DA:403,28
DA:405,28
DA:406,12
DA:409,16
DA:410,4
DA:411,4
DA:412,4
DA:414,4
DA:417,12
DA:419,4
DA:420,0
DA:421,0
DA:422,0
DA:431,4
DA:435,12
DA:436,4
DA:437,4
DA:438,4
DA:440,4
DA:441,4
DA:442,4
DA:443,4
DA:452,0
DA:458,12
DA:460,24
DA:461,4
DA:463,20
DA:464,20
DA:466,12
DA:474,2
DA:483,1
DA:485,1
DA:487,1
DA:488,1
DA:489,1
DA:490,1
DA:494,1
DA:495,1
DA:496,1
DA:497,1
DA:500,1
DA:501,1
DA:507,0
DA:512,0
DA:525,0
DA:527,0
DA:532,0
DA:533,0
DA:535,0
DA:537,0
DA:542,0
DA:560,0
DA:561,0
DA:571,0
DA:572,0
DA:574,0
DA:575,0
DA:576,0
DA:577,0
DA:580,0
DA:581,0
DA:582,0
DA:583,0
DA:588,0
DA:589,0
DA:590,0
DA:591,0
DA:594,0
DA:595,0
DA:596,0
DA:597,0
DA:600,0
DA:603,0
DA:607,0
DA:616,0
DA:618,0
DA:619,0
DA:622,0
DA:623,0
DA:625,0
DA:626,0
DA:628,0
DA:629,0
DA:631,0
DA:632,0
DA:634,0
DA:635,0
DA:637,0
DA:645,0
DA:648,0
DA:663,0
DA:665,0
DA:667,0
DA:668,0
DA:669,0
DA:671,0
DA:672,0
DA:675,0
DA:676,0
DA:677,0
DA:680,0
DA:681,0
DA:682,0
DA:684,0
DA:685,0
DA:687,0
DA:694,0
DA:697,0
DA:711,15
DA:712,15
DA:713,3
DA:714,3
DA:715,3
DA:718,12
DA:719,12
DA:720,12
DA:721,0
DA:722,0
DA:724,12
DA:725,12
DA:726,12
DA:727,10
DA:729,10
DA:730,10
DA:734,2
DA:740,2
DA:741,0
DA:743,0
DA:746,2
DA:748,2
DA:753,5
DA:754,0
DA:757,5
DA:763,5
DA:764,5
DA:773,20
DA:775,20
DA:777,20
DA:778,20
DA:780,20
DA:790,12
DA:792,12
DA:793,1
DA:795,11
DA:796,1
DA:798,10
DA:799,2
DA:801,8
DA:802,3
DA:803,3
DA:804,3
DA:807,5
DA:808,5
DA:810,5
DA:812,4
DA:813,3
DA:815,3
DA:821,3
DA:822,3
DA:823,3
DA:826,0
DA:828,3
DA:832,2
DA:839,2
DA:840,0
DA:842,0
DA:845,2
DA:847,2
DA:852,9
DA:853,1
DA:856,8
DA:863,8
DA:864,8
DA:876,5
DA:878,5
DA:883,5
DA:884,5
DA:891,0
DA:892,0
DA:902,6
DA:904,6
DA:905,6
DA:906,6
DA:907,6
DA:908,6
DA:909,6
DA:910,6
DA:912,6
DA:913,2
DA:914,2
DA:915,2
DA:916,2
DA:917,2
DA:921,6
DA:934,6
DA:935,18
DA:936,14
DA:937,4
DA:938,0
DA:939,4
DA:941,6
DA:942,6
DA:943,6
DA:945,6
DA:946,6
DA:947,6
DA:948,1
DA:949,6
DA:950,2
DA:951,6
DA:952,1
DA:953,6
DA:954,4
DA:956,4
DA:957,4
DA:958,1
DA:959,2
DA:960,1
DA:964,6
DA:965,6
DA:966,6
DA:968,18
DA:969,6
DA:970,6
DA:971,6
DA:972,6
DA:973,6
DA:976,0
DA:982,0
DA:1005,0
DA:1006,0
DA:1007,0
DA:1008,0
DA:1009,0
DA:1012,0
DA:1013,0
DA:1015,0
DA:1017,0
DA:1018,0
DA:1020,0
DA:1026,0
DA:1027,0
DA:1028,0
DA:1031,0
DA:1033,0
DA:1036,0
DA:1042,0
DA:1043,0
DA:1044,0
DA:1046,0
DA:1047,0
DA:1051,0
DA:1052,0
DA:1054,0
DA:1060,0
DA:1061,0
DA:1073,0
DA:1074,0
DA:1075,0
DA:1076,0
DA:1077,0
DA:1080,0
DA:1081,0
DA:1082,0
DA:1083,0
DA:1085,0
DA:1087,0
DA:1088,0
DA:1090,0
DA:1091,0
DA:1094,0
DA:1096,0
DA:1098,0
DA:1104,0
DA:1105,0
DA:1106,0
DA:1109,0
DA:1111,0
DA:1114,0
DA:1121,0
DA:1122,0
DA:1123,0
DA:1125,0
DA:1126,0
DA:1130,0
DA:1131,0
DA:1133,0
DA:1140,0
DA:1141,0
DA:1152,2
DA:1153,2
DA:1154,0
DA:1155,0
DA:1156,0
DA:1159,2
DA:1160,2
DA:1162,2
DA:1164,2
DA:1165,2
DA:1167,2
DA:1173,1
DA:1174,1
DA:1175,1
DA:1178,0
DA:1180,1
DA:1183,1
DA:1189,1
DA:1190,0
DA:1191,0
DA:1193,1
DA:1194,1
DA:1198,1
DA:1199,0
DA:1201,1
DA:1207,1
DA:1208,1
DA:1220,2
DA:1221,2
DA:1222,0
DA:1223,0
DA:1224,0
DA:1227,2
DA:1228,2
DA:1230,2
DA:1232,2
DA:1233,1
DA:1235,1
DA:1236,0
DA:1239,1
DA:1241,1
DA:1243,1
DA:1249,1
DA:1250,1
DA:1251,1
DA:1254,0
DA:1256,1
DA:1259,1
DA:1266,1
DA:1267,0
DA:1268,0
DA:1270,1
DA:1271,1
DA:1275,1
DA:1276,0
DA:1278,1
DA:1285,1
DA:1286,1
DA:1297,2
DA:1298,2
DA:1299,0
DA:1300,0
DA:1301,0
DA:1304,2
DA:1305,2
DA:1307,2
DA:1309,2
DA:1310,2
DA:1312,2
DA:1318,1
DA:1319,1
DA:1320,1
DA:1323,0
DA:1325,1
DA:1328,1
DA:1334,1
DA:1335,0
DA:1336,0
DA:1338,1
DA:1339,1
DA:1343,1
DA:1344,0
DA:1346,1
DA:1352,1
DA:1353,1
DA:1357,15
LF:540
LH:349
BRDA:2,0,0,15
BRDA:2,0,1,15
BRDA:2,0,2,15
BRDA:2,1,0,15
BRDA:2,1,1,0
BRDA:3,2,0,90
BRDA:3,2,1,0
BRDA:5,3,0,90
BRDA:5,3,1,0
BRDA:5,4,0,90
BRDA:5,4,1,90
BRDA:5,5,0,0
BRDA:5,5,1,90
BRDA:5,6,0,90
BRDA:5,6,1,0
BRDA:10,7,0,0
BRDA:10,7,1,0
BRDA:13,8,0,15
BRDA:13,8,1,15
BRDA:13,8,2,15
BRDA:13,9,0,15
BRDA:13,9,1,0
BRDA:18,10,0,15
BRDA:18,10,1,15
BRDA:18,10,2,15
BRDA:20,11,0,15
BRDA:20,11,1,0
BRDA:22,12,0,0
BRDA:22,12,1,0
BRDA:28,13,0,0
BRDA:28,13,1,15
BRDA:28,14,0,15
BRDA:28,14,1,15
BRDA:30,15,0,15
BRDA:30,15,1,0
BRDA:30,16,0,90
BRDA:30,16,1,0
BRDA:54,17,0,74
BRDA:54,17,1,1
BRDA:78,18,0,0
BRDA:78,18,1,0
BRDA:78,18,2,0
BRDA:78,18,3,0
BRDA:78,18,4,0
BRDA:78,18,5,0
BRDA:90,19,0,1
BRDA:90,19,1,13
BRDA:93,20,0,1
BRDA:93,20,1,12
BRDA:104,21,0,11
BRDA:104,21,1,1
BRDA:104,22,0,12
BRDA:104,22,1,1
BRDA:110,23,0,0
BRDA:110,23,1,0
BRDA:132,24,0,0
BRDA:132,24,1,0
BRDA:163,25,0,14
BRDA:163,25,1,6
BRDA:172,26,0,5
BRDA:176,27,0,2
BRDA:176,27,1,11
BRDA:195,28,0,8
BRDA:195,28,1,3
BRDA:195,29,0,11
BRDA:195,29,1,8
BRDA:199,30,0,4
BRDA:199,30,1,7
BRDA:220,31,0,6
BRDA:220,31,1,0
BRDA:220,32,0,6
BRDA:220,32,1,6
BRDA:220,32,2,6
BRDA:227,33,0,0
BRDA:227,33,1,0
BRDA:240,34,0,8
BRDA:240,34,1,3
BRDA:277,35,0,4
BRDA:277,35,1,12
BRDA:290,36,0,7
BRDA:290,36,1,0
BRDA:304,37,0,4
BRDA:304,37,1,7
BRDA:306,38,0,4
BRDA:306,38,1,0
BRDA:323,39,0,0
BRDA:323,39,1,3
BRDA:336,40,0,1
BRDA:336,40,1,6
BRDA:358,41,0,1
BRDA:358,41,1,4
BRDA:365,42,0,5
BRDA:365,42,1,4
BRDA:365,43,0,4
BRDA:365,43,1,0
BRDA:370,44,0,4
BRDA:370,44,1,0
BRDA:371,45,0,4
BRDA:371,45,1,4
BRDA:375,46,0,0
BRDA:375,46,1,0
BRDA:402,47,0,4
BRDA:402,48,0,4
BRDA:405,49,0,12
BRDA:405,49,1,16
BRDA:405,50,0,28
BRDA:405,50,1,28
BRDA:409,51,0,4
BRDA:409,51,1,12
BRDA:417,52,0,4
BRDA:417,52,1,8
BRDA:417,53,0,12
BRDA:417,53,1,4
BRDA:419,54,0,0
BRDA:419,54,1,4
BRDA:424,55,0,0
BRDA:424,55,1,0
BRDA:435,56,0,4
BRDA:435,56,1,8
BRDA:435,57,0,12
BRDA:435,57,1,4
BRDA:438,58,0,4
BRDA:438,58,1,0
BRDA:440,59,0,4
BRDA:440,59,1,0
BRDA:441,60,0,4
BRDA:441,60,1,0
BRDA:445,61,0,4
BRDA:445,61,1,0
BRDA:452,62,0,0
BRDA:452,62,1,0
BRDA:460,63,0,4
BRDA:460,63,1,20
BRDA:474,64,0,2
BRDA:474,64,1,1
BRDA:488,65,0,1
BRDA:488,65,1,0
BRDA:488,66,0,1
BRDA:488,66,1,1
BRDA:489,67,0,1
BRDA:489,67,1,0
BRDA:495,68,0,1
BRDA:495,68,1,0
BRDA:495,69,0,1
BRDA:495,69,1,1
BRDA:496,70,0,1
BRDA:496,70,1,0
BRDA:510,71,0,0
BRDA:510,71,1,0
BRDA:546,72,0,0
BRDA:546,72,1,0
BRDA:552,73,0,0
BRDA:552,73,1,0
BRDA:552,73,2,0
BRDA:552,73,3,0
BRDA:553,74,0,0
BRDA:553,74,1,0
BRDA:553,74,2,0
BRDA:553,74,3,0
BRDA:572,75,0,0
BRDA:572,75,1,0
BRDA:574,76,0,0
BRDA:574,76,1,0
BRDA:575,77,0,0
BRDA:575,77,1,0
BRDA:576,78,0,0
BRDA:576,78,1,0
BRDA:580,79,0,0
BRDA:580,79,1,0
BRDA:581,80,0,0
BRDA:581,80,1,0
BRDA:582,81,0,0
BRDA:582,81,1,0
BRDA:588,82,0,0
BRDA:588,82,1,0
BRDA:589,83,0,0
BRDA:589,83,1,0
BRDA:590,84,0,0
BRDA:590,84,1,0
BRDA:594,85,0,0
BRDA:594,85,1,0
BRDA:595,86,0,0
BRDA:595,86,1,0
BRDA:596,87,0,0
BRDA:596,87,1,0
BRDA:605,88,0,0
BRDA:605,88,1,0
BRDA:618,89,0,0
BRDA:618,89,1,0
BRDA:619,90,0,0
BRDA:619,90,1,0
BRDA:625,91,0,0
BRDA:625,91,1,0
BRDA:628,92,0,0
BRDA:628,92,1,0
BRDA:631,93,0,0
BRDA:631,93,1,0
BRDA:634,94,0,0
BRDA:634,94,1,0
BRDA:646,95,0,0
BRDA:646,95,1,0
BRDA:668,96,0,0
BRDA:668,96,1,0
BRDA:671,97,0,0
BRDA:671,97,1,0
BRDA:676,98,0,0
BRDA:676,98,1,0
BRDA:681,99,0,0
BRDA:681,99,1,0
BRDA:681,100,0,0
BRDA:681,100,1,0
BRDA:684,101,0,0
BRDA:684,101,1,0
BRDA:695,102,0,0
BRDA:695,102,1,0
BRDA:698,103,0,0
BRDA:698,103,1,0
BRDA:699,104,0,0
BRDA:699,104,1,0
BRDA:712,105,0,3
BRDA:712,105,1,12
BRDA:714,106,0,3
BRDA:714,106,1,0
BRDA:720,107,0,0
BRDA:720,107,1,12
BRDA:740,108,0,0
BRDA:740,108,1,2
BRDA:753,109,0,0
BRDA:753,109,1,5
BRDA:792,110,0,1
BRDA:792,110,1,11
BRDA:792,111,0,12
BRDA:792,111,1,11
BRDA:792,111,2,11
BRDA:795,112,0,1
BRDA:795,112,1,10
BRDA:795,113,0,11
BRDA:795,113,1,10
BRDA:795,113,2,10
BRDA:798,114,0,2
BRDA:798,114,1,8
BRDA:798,115,0,10
BRDA:798,115,1,10
BRDA:798,115,2,10
BRDA:798,115,3,9
BRDA:801,116,0,3
BRDA:801,116,1,5
BRDA:803,117,0,3
BRDA:803,117,1,0
BRDA:822,118,0,3
BRDA:822,118,1,0
BRDA:839,119,0,0
BRDA:839,119,1,2
BRDA:852,120,0,1
BRDA:852,120,1,8
BRDA:880,121,0,5
BRDA:880,121,1,0
BRDA:881,122,0,5
BRDA:881,122,1,0
BRDA:912,123,0,2
BRDA:912,123,1,4
BRDA:912,124,0,6
BRDA:912,124,1,5
BRDA:912,124,2,2
BRDA:922,125,0,6
BRDA:922,125,1,5
BRDA:923,126,0,6
BRDA:923,126,1,5
BRDA:924,127,0,6
BRDA:924,127,1,4
BRDA:925,128,0,6
BRDA:925,128,1,4
BRDA:926,129,0,6
BRDA:926,129,1,5
BRDA:927,130,0,6
BRDA:927,130,1,5
BRDA:928,131,0,6
BRDA:928,131,1,3
BRDA:931,132,0,6
BRDA:931,132,1,6
BRDA:935,133,0,14
BRDA:935,133,1,4
BRDA:935,134,0,18
BRDA:935,134,1,4
BRDA:937,135,0,0
BRDA:937,135,1,4
BRDA:937,136,0,4
BRDA:937,136,1,0
BRDA:939,137,0,4
BRDA:939,137,1,0
BRDA:941,138,0,6
BRDA:941,138,1,5
BRDA:941,139,0,6
BRDA:941,139,1,5
BRDA:942,140,0,6
BRDA:942,140,1,4
BRDA:942,141,0,6
BRDA:942,141,1,4
BRDA:943,142,0,6
BRDA:943,142,1,5
BRDA:943,143,0,6
BRDA:943,143,1,5
BRDA:947,144,0,1
BRDA:947,144,1,5
BRDA:947,145,0,6
BRDA:947,145,1,1
BRDA:949,146,0,2
BRDA:949,146,1,4
BRDA:949,147,0,6
BRDA:949,147,1,2
BRDA:951,148,0,1
BRDA:951,148,1,5
BRDA:951,149,0,6
BRDA:951,149,1,1
BRDA:953,150,0,2
BRDA:953,150,1,4
BRDA:956,151,0,1
BRDA:956,151,1,3
BRDA:956,152,0,4
BRDA:956,152,1,1
BRDA:957,153,0,4
BRDA:957,153,1,3
BRDA:958,154,0,1
BRDA:958,154,1,0
BRDA:964,155,0,6
BRDA:964,155,1,3
BRDA:965,156,0,1
BRDA:965,156,1,5
BRDA:965,157,0,6
BRDA:965,157,1,1
BRDA:965,158,0,2
BRDA:965,158,1,3
BRDA:966,159,0,2
BRDA:966,159,1,4
BRDA:966,160,0,6
BRDA:966,160,1,2
BRDA:966,161,0,1
BRDA:966,161,1,3
BRDA:968,162,0,14
BRDA:968,162,1,4
BRDA:968,163,0,18
BRDA:968,163,1,4
BRDA:972,164,0,3
BRDA:972,164,1,3
BRDA:972,165,0,6
BRDA:972,165,1,3
BRDA:977,166,0,0
BRDA:977,166,1,0
BRDA:1006,167,0,0
BRDA:1006,167,1,0
BRDA:1008,168,0,0
BRDA:1008,168,1,0
BRDA:1012,169,0,0
BRDA:1012,169,1,0
BRDA:1027,170,0,0
BRDA:1027,170,1,0
BRDA:1028,171,0,0
BRDA:1028,171,1,0
BRDA:1042,172,0,0
BRDA:1042,172,1,0
BRDA:1051,173,0,0
BRDA:1051,173,1,0
BRDA:1072,174,0,0
BRDA:1074,175,0,0
BRDA:1074,175,1,0
BRDA:1076,176,0,0
BRDA:1076,176,1,0
BRDA:1081,177,0,0
BRDA:1081,177,1,0
BRDA:1087,178,0,0
BRDA:1087,178,1,0
BRDA:1090,179,0,0
BRDA:1090,179,1,0
BRDA:1105,180,0,0
BRDA:1105,180,1,0
BRDA:1121,181,0,0
BRDA:1121,181,1,0
BRDA:1130,182,0,0
BRDA:1130,182,1,0
BRDA:1153,183,0,0
BRDA:1153,183,1,2
BRDA:1155,184,0,0
BRDA:1155,184,1,0
BRDA:1159,185,0,2
BRDA:1159,185,1,0
BRDA:1174,186,0,1
BRDA:1174,186,1,0
BRDA:1175,187,0,1
BRDA:1175,187,1,0
BRDA:1189,188,0,0
BRDA:1189,188,1,1
BRDA:1198,189,0,0
BRDA:1198,189,1,1
BRDA:1219,190,0,0
BRDA:1221,191,0,0
BRDA:1221,191,1,2
BRDA:1223,192,0,0
BRDA:1223,192,1,0
BRDA:1232,193,0,1
BRDA:1232,193,1,1
BRDA:1235,194,0,0
BRDA:1235,194,1,1
BRDA:1250,195,0,1
BRDA:1250,195,1,0
BRDA:1266,196,0,0
BRDA:1266,196,1,1
BRDA:1275,197,0,0
BRDA:1275,197,1,1
BRDA:1298,198,0,0
BRDA:1298,198,1,2
BRDA:1300,199,0,0
BRDA:1300,199,1,0
BRDA:1319,200,0,1
BRDA:1319,200,1,0
BRDA:1334,201,0,0
BRDA:1334,201,1,1
BRDA:1343,202,0,0
BRDA:1343,202,1,1
BRF:418
BRH:231
end_of_record
TN:
SF:src/services/optimizer.ts
FN:25,(anonymous_0)
FN:105,(anonymous_1)
FN:117,(anonymous_2)
FN:123,(anonymous_3)
FN:153,(anonymous_4)
FN:171,(anonymous_5)
FN:186,(anonymous_6)
FN:202,(anonymous_7)
FN:217,(anonymous_8)
FN:221,(anonymous_9)
FN:224,(anonymous_10)
FN:299,(anonymous_11)
FN:301,(anonymous_12)
FN:319,(anonymous_13)
FN:335,(anonymous_14)
FN:353,(anonymous_15)
FN:363,(anonymous_16)
FN:376,(anonymous_17)
FN:379,(anonymous_18)
FN:380,(anonymous_19)
FN:381,(anonymous_20)
FN:411,(anonymous_21)
FN:416,(anonymous_22)
FN:430,(anonymous_23)
FN:439,(anonymous_24)
FN:450,(anonymous_25)
FN:475,(anonymous_26)
FN:477,(anonymous_27)
FN:482,(anonymous_28)
FN:492,(anonymous_29)
FN:502,(anonymous_30)
FN:506,(anonymous_31)
FN:508,(anonymous_32)
FN:531,(anonymous_33)
FN:554,(anonymous_34)
FN:682,(anonymous_35)
FN:798,(anonymous_36)
FN:808,(anonymous_37)
FN:814,(anonymous_38)
FN:881,(anonymous_39)
FN:901,(anonymous_40)
FN:920,(anonymous_41)
FN:921,(anonymous_42)
FN:1099,(anonymous_43)
FN:1114,(anonymous_44)
FN:1115,(anonymous_45)
FN:1116,(anonymous_46)
FN:1156,(anonymous_47)
FN:1275,(anonymous_48)
FN:1305,(anonymous_49)
FN:1369,(anonymous_50)
FN:1448,(anonymous_51)
FN:1464,(anonymous_52)
FN:1473,(anonymous_53)
FNF:54
FNH:39
FNDA:83,(anonymous_0)
FNDA:46,(anonymous_1)
FNDA:0,(anonymous_2)
FNDA:0,(anonymous_3)
FNDA:17,(anonymous_4)
FNDA:28,(anonymous_5)
FNDA:21,(anonymous_6)
FNDA:29,(anonymous_7)
FNDA:5,(anonymous_8)
FNDA:171,(anonymous_9)
FNDA:120,(anonymous_10)
FNDA:2,(anonymous_11)
FNDA:10,(anonymous_12)
FNDA:4,(anonymous_13)
FNDA:1,(anonymous_14)
FNDA:1,(anonymous_15)
FNDA:7,(anonymous_16)
FNDA:67,(anonymous_17)
FNDA:24,(anonymous_18)
FNDA:24,(anonymous_19)
FNDA:24,(anonymous_20)
FNDA:0,(anonymous_21)
FNDA:0,(anonymous_22)
FNDA:0,(anonymous_23)
FNDA:0,(anonymous_24)
FNDA:0,(anonymous_25)
FNDA:0,(anonymous_26)
FNDA:0,(anonymous_27)
FNDA:0,(anonymous_28)
FNDA:0,(anonymous_29)
FNDA:0,(anonymous_30)
FNDA:0,(anonymous_31)
FNDA:0,(anonymous_32)
FNDA:18,(anonymous_33)
FNDA:3,(anonymous_34)
FNDA:1,(anonymous_35)
FNDA:4,(anonymous_36)
FNDA:92,(anonymous_37)
FNDA:96,(anonymous_38)
FNDA:11,(anonymous_39)
FNDA:21,(anonymous_40)
FNDA:39,(anonymous_41)
FNDA:39,(anonymous_42)
FNDA:1,(anonymous_43)
FNDA:24,(anonymous_44)
FNDA:24,(anonymous_45)
FNDA:24,(anonymous_46)
FNDA:24,(anonymous_47)
FNDA:8,(anonymous_48)
FNDA:8,(anonymous_49)
FNDA:21,(anonymous_50)
FNDA:18,(anonymous_51)
FNDA:0,(anonymous_52)
FNDA:18,(anonymous_53)
DA:2,13
DA:3,13
DA:4,13
DA:5,13
DA:6,13
DA:7,13
DA:8,13
DA:26,83
DA:27,83
DA:28,83
DA:29,83
DA:30,83
DA:31,83
DA:32,83
DA:33,83
DA:34,83
DA:35,83
DA:36,83
DA:37,83
DA:38,83
DA:39,83
DA:40,83
DA:41,83
DA:42,83
DA:43,83
DA:44,83
DA:45,83
DA:47,83
DA:54,83
DA:61,83
DA:65,83
DA:72,83
DA:74,83
DA:75,46
DA:76,46
DA:77,46
DA:78,46
DA:81,0
DA:82,0
DA:85,46
DA:86,46
DA:87,46
DA:89,46
DA:90,46
DA:91,46
DA:92,46
DA:94,46
DA:97,0
DA:98,0
DA:106,46
DA:107,46
DA:108,0
DA:110,46
DA:111,46
DA:112,46
DA:113,46
DA:114,46
DA:115,30
DA:117,0
DA:121,0
DA:123,0
DA:124,0
DA:127,0
DA:131,0
DA:132,0
DA:133,0
DA:143,11
DA:155,17
DA:157,16
DA:158,16
DA:159,12
DA:161,14
DA:162,14
DA:173,28
DA:174,28
DA:176,28
DA:177,1
DA:179,27
DA:180,27
DA:187,21
DA:188,21
DA:189,21
DA:190,21
DA:192,21
DA:193,0
DA:203,29
DA:204,29
DA:205,0
DA:206,29
DA:218,5
DA:220,5
DA:221,171
DA:222,5
DA:224,120
DA:226,5
DA:228,5
DA:229,5
DA:231,5
DA:233,1
DA:235,1
DA:236,1
DA:245,4
DA:247,3
DA:249,3
DA:251,3
DA:252,3
DA:261,1
DA:263,0
DA:264,0
DA:265,0
DA:276,1
DA:286,0
DA:287,0
DA:300,2
DA:301,10
DA:302,2
DA:304,2
DA:305,2
DA:307,2
DA:309,2
DA:310,2
DA:313,0
DA:320,4
DA:322,4
DA:323,4
DA:325,4
DA:326,4
DA:329,0
DA:336,1
DA:338,1
DA:339,1
DA:341,1
DA:342,1
DA:343,1
DA:346,0
DA:354,1
DA:355,1
DA:357,0
DA:360,1
DA:361,1
DA:363,1
DA:364,7
DA:365,7
DA:366,7
DA:367,7
DA:370,1
DA:371,24
DA:372,1
DA:376,67
DA:377,1
DA:378,1
DA:379,24
DA:380,24
DA:381,24
DA:383,1
DA:384,1
DA:386,1
DA:393,1
DA:401,0
DA:412,0
DA:413,0
DA:414,0
DA:416,0
DA:418,0
DA:419,0
DA:421,0
DA:422,0
DA:423,0
DA:424,0
DA:425,0
DA:428,0
DA:430,0
DA:431,0
DA:432,0
DA:433,0
DA:434,0
DA:436,0
DA:438,0
DA:439,0
DA:440,0
DA:450,0
DA:452,0
DA:454,0
DA:455,0
DA:463,0
DA:464,0
DA:477,0
DA:478,0
DA:479,0
DA:482,0
DA:483,0
DA:484,0
DA:486,0
DA:488,0
DA:491,0
DA:492,0
DA:493,0
DA:495,0
DA:497,0
DA:503,0
DA:504,0
DA:505,0
DA:506,0
DA:507,0
DA:508,0
DA:509,0
DA:510,0
DA:512,0
DA:514,0
DA:515,0
DA:516,0
DA:518,0
DA:521,0
DA:533,18
DA:534,18
DA:535,18
DA:537,18
DA:538,18
DA:539,18
DA:540,18
DA:541,18
DA:544,0
DA:547,18
DA:555,3
DA:557,3
DA:559,3
DA:560,3
DA:562,3
DA:563,3
DA:564,3
DA:565,3
DA:567,3
DA:569,3
DA:570,3
DA:571,3
DA:572,3
DA:574,3
DA:589,3
DA:591,3
DA:593,3
DA:594,3
DA:599,3
DA:600,3
DA:601,3
DA:602,3
DA:604,0
DA:605,0
DA:606,0
DA:609,0
DA:611,0
DA:612,0
DA:614,0
DA:615,0
DA:618,0
DA:621,3
DA:630,3
DA:631,3
DA:643,3
DA:646,0
DA:648,0
DA:649,0
DA:650,0
DA:651,0
DA:653,0
DA:654,0
DA:655,0
DA:656,0
DA:667,0
DA:668,0
DA:684,1
DA:685,1
DA:687,0
DA:688,0
DA:694,1
DA:695,1
DA:697,1
DA:703,1
DA:705,1
DA:707,1
DA:708,1
DA:710,1
DA:712,1
DA:713,1
DA:714,0
DA:716,1
DA:717,1
DA:719,1
DA:720,1
DA:722,0
DA:724,0
DA:726,0
DA:727,0
DA:729,0
DA:731,0
DA:732,0
DA:734,0
DA:736,0
DA:738,0
DA:740,0
DA:742,0
DA:746,0
DA:749,0
DA:750,0
DA:751,0
DA:755,0
DA:757,0
DA:758,0
DA:759,0
DA:760,0
DA:761,0
DA:762,0
DA:764,0
DA:765,0
DA:766,0
DA:768,0
DA:769,0
DA:771,0
DA:772,0
DA:775,1
DA:777,0
DA:778,0
DA:780,1
DA:782,0
DA:783,0
DA:785,1
DA:787,1
DA:788,1
DA:790,1
DA:799,4
DA:800,4
DA:801,0
DA:804,4
DA:805,4
DA:807,4
DA:808,92
DA:809,4
DA:811,4
DA:812,4
DA:814,96
DA:816,4
DA:818,0
DA:819,0
DA:824,0
DA:825,0
DA:826,0
DA:833,4
DA:835,1
DA:836,1
DA:842,3
DA:844,0
DA:845,0
DA:851,0
DA:852,0
DA:859,3
DA:861,3
DA:862,0
DA:868,3
DA:869,3
DA:876,0
DA:882,11
DA:883,10
DA:885,10
DA:886,9
DA:889,1
DA:893,1
DA:894,1
DA:902,21
DA:903,21
DA:905,21
DA:906,17
DA:907,17
DA:908,17
DA:910,17
DA:911,1
DA:913,17
DA:914,1
DA:917,17
DA:918,13
DA:920,39
DA:921,39
DA:922,13
DA:923,13
DA:925,13
DA:932,13
DA:933,7
DA:934,7
DA:935,7
DA:944,0
DA:948,13
DA:949,10
DA:951,10
DA:965,10
DA:968,0
DA:973,13
DA:975,13
DA:976,10
DA:978,10
DA:985,10
DA:986,8
DA:987,8
DA:989,8
DA:991,8
DA:999,7
DA:1002,3
DA:1004,3
DA:1005,3
DA:1012,3
DA:1013,3
DA:1018,13
DA:1019,11
DA:1020,11
DA:1021,10
DA:1023,10
DA:1027,1
DA:1031,13
DA:1033,13
DA:1034,13
DA:1035,13
DA:1036,7
DA:1039,13
DA:1041,13
DA:1042,13
DA:1044,13
DA:1045,13
DA:1046,13
DA:1049,0
DA:1052,13
DA:1053,13
DA:1054,12
DA:1055,12
DA:1056,11
DA:1057,11
DA:1058,11
DA:1068,4
DA:1072,13
DA:1091,8
DA:1092,8
DA:1100,1
DA:1101,1
DA:1103,1
DA:1104,1
DA:1105,1
DA:1106,1
DA:1108,1
DA:1109,0
DA:1112,1
DA:1113,1
DA:1114,24
DA:1115,24
DA:1116,24
DA:1117,1
DA:1125,1
DA:1126,1
DA:1127,1
DA:1129,1
DA:1130,0
DA:1131,0
DA:1133,1
DA:1134,0
DA:1135,0
DA:1138,1
DA:1139,1
DA:1140,1
DA:1141,1
DA:1142,1
DA:1145,1
DA:1147,1
DA:1148,1
DA:1150,1
DA:1156,24
DA:1158,1
DA:1159,1
DA:1167,1
DA:1169,1
DA:1170,1
DA:1171,1
DA:1174,1
DA:1175,1
DA:1181,1
DA:1182,1
DA:1183,1
DA:1184,1
DA:1194,1
DA:1195,0
DA:1196,0
DA:1197,0
DA:1202,0
DA:1211,1
DA:1212,1
DA:1217,0
DA:1218,0
DA:1220,1
DA:1227,1
DA:1228,1
DA:1229,1
DA:1233,1
DA:1250,0
DA:1251,0
DA:1269,0
DA:1276,8
DA:1277,1
DA:1279,7
DA:1280,7
DA:1282,7
DA:1283,7
DA:1285,3
DA:1287,4
DA:1289,2
DA:1290,2
DA:1294,2
DA:1296,7
DA:1297,7
DA:1298,7
DA:1299,7
DA:1306,8
DA:1307,8
DA:1309,8
DA:1310,7
DA:1313,7
DA:1316,4
DA:1319,4
DA:1321,4
DA:1322,2
DA:1323,2
DA:1325,2
DA:1335,5
DA:1340,6
DA:1341,6
DA:1343,6
DA:1344,6
DA:1346,6
DA:1356,0
DA:1357,0
DA:1371,21
DA:1372,21
DA:1374,21
DA:1378,21
DA:1380,21
DA:1382,21
DA:1383,8
DA:1385,8
DA:1389,8
DA:1391,8
DA:1392,8
DA:1397,8
DA:1399,8
DA:1401,8
DA:1402,8
DA:1403,8
DA:1405,0
DA:1406,0
DA:1408,8
DA:1410,5
DA:1411,5
DA:1412,5
DA:1414,3
DA:1416,0
DA:1417,0
DA:1421,3
DA:1422,3
DA:1425,8
DA:1426,8
DA:1428,8
DA:1429,1
DA:1430,1
DA:1431,1
DA:1436,0
DA:1439,21
DA:1450,18
DA:1451,18
DA:1454,18
DA:1455,18
DA:1456,18
DA:1465,0
DA:1475,18
DA:1476,18
DA:1477,18
DA:1479,18
DA:1482,13
LF:579
LH:405
BRDA:74,0,0,46
BRDA:74,0,1,37
BRDA:89,1,0,46
BRDA:89,1,1,0
BRDA:107,2,0,0
BRDA:107,2,1,46
BRDA:115,3,0,0
BRDA:115,3,1,30
BRDA:115,4,0,30
BRDA:115,4,1,0
BRDA:115,4,2,0
BRDA:118,5,0,0
BRDA:118,5,1,0
BRDA:119,6,0,0
BRDA:119,6,1,0
BRDA:123,7,0,0
BRDA:123,7,1,0
BRDA:124,8,0,0
BRDA:124,8,1,0
BRDA:131,9,0,0
BRDA:131,9,1,0
BRDA:158,10,0,12
BRDA:158,10,1,4
BRDA:162,11,0,10
BRDA:162,11,1,4
BRDA:176,12,0,1
BRDA:176,12,1,27
BRDA:187,13,0,21
BRDA:187,13,1,0
BRDA:192,14,0,0
BRDA:192,14,1,21
BRDA:204,15,0,0
BRDA:204,15,1,29
BRDA:231,16,0,1
BRDA:231,16,1,4
BRDA:231,17,0,5
BRDA:231,17,1,2
BRDA:231,17,2,1
BRDA:245,18,0,3
BRDA:245,18,1,1
BRDA:245,19,0,4
BRDA:245,19,1,3
BRDA:261,20,0,0
BRDA:261,20,1,1
BRDA:261,21,0,1
BRDA:261,21,1,1
BRDA:261,21,2,0
BRDA:355,22,0,0
BRDA:355,22,1,1
BRDA:355,23,0,1
BRDA:355,23,1,1
BRDA:371,24,0,1
BRDA:371,24,1,23
BRDA:424,25,0,0
BRDA:424,25,1,0
BRDA:424,26,0,0
BRDA:424,26,1,0
BRDA:428,27,0,0
BRDA:428,27,1,0
BRDA:433,28,0,0
BRDA:433,28,1,0
BRDA:433,29,0,0
BRDA:433,29,1,0
BRDA:434,30,0,0
BRDA:434,30,1,0
BRDA:478,31,0,0
BRDA:478,31,1,0
BRDA:484,32,0,0
BRDA:484,32,1,0
BRDA:486,33,0,0
BRDA:486,33,1,0
BRDA:486,34,0,0
BRDA:486,34,1,0
BRDA:491,35,0,0
BRDA:491,35,1,0
BRDA:493,36,0,0
BRDA:493,36,1,0
BRDA:493,37,0,0
BRDA:493,37,1,0
BRDA:504,38,0,0
BRDA:504,38,1,0
BRDA:510,39,0,0
BRDA:510,39,1,0
BRDA:537,40,0,18
BRDA:537,40,1,0
BRDA:559,41,0,3
BRDA:559,41,1,0
BRDA:560,42,0,3
BRDA:560,42,1,0
BRDA:562,43,0,3
BRDA:562,43,1,0
BRDA:564,44,0,3
BRDA:564,44,1,0
BRDA:569,45,0,3
BRDA:569,45,1,3
BRDA:570,46,0,3
BRDA:570,46,1,3
BRDA:571,47,0,3
BRDA:571,47,1,3
BRDA:572,48,0,3
BRDA:572,48,1,3
BRDA:581,49,0,3
BRDA:581,49,1,0
BRDA:583,50,0,3
BRDA:583,50,1,3
BRDA:583,50,2,3
BRDA:584,51,0,3
BRDA:584,51,1,3
BRDA:584,51,2,3
BRDA:585,52,0,3
BRDA:585,52,1,3
BRDA:600,53,0,3
BRDA:600,53,1,0
BRDA:604,54,0,0
BRDA:604,54,1,0
BRDA:606,55,0,0
BRDA:606,55,1,0
BRDA:611,56,0,0
BRDA:611,56,1,0
BRDA:611,57,0,0
BRDA:611,57,1,0
BRDA:614,58,0,0
BRDA:614,58,1,0
BRDA:614,59,0,0
BRDA:614,59,1,0
BRDA:650,60,0,0
BRDA:650,60,1,0
BRDA:651,61,0,0
BRDA:651,61,1,0
BRDA:653,62,0,0
BRDA:653,62,1,0
BRDA:653,62,2,0
BRDA:653,62,3,0
BRDA:654,63,0,0
BRDA:654,63,1,0
BRDA:654,63,2,0
BRDA:654,63,3,0
BRDA:662,64,0,0
BRDA:662,64,1,0
BRDA:685,65,0,0
BRDA:685,65,1,1
BRDA:697,66,0,1
BRDA:697,66,1,0
BRDA:703,67,0,1
BRDA:703,67,1,0
BRDA:713,68,0,0
BRDA:713,68,1,1
BRDA:716,69,0,1
BRDA:716,69,1,0
BRDA:720,70,0,0
BRDA:720,70,1,1
BRDA:720,71,0,0
BRDA:720,71,1,1
BRDA:722,72,0,0
BRDA:722,72,1,0
BRDA:732,73,0,0
BRDA:732,73,1,0
BRDA:736,74,0,0
BRDA:736,74,1,0
BRDA:740,75,0,0
BRDA:740,75,1,0
BRDA:749,76,0,0
BRDA:749,76,1,0
BRDA:749,77,0,0
BRDA:749,77,1,0
BRDA:751,78,0,0
BRDA:751,78,1,0
BRDA:751,79,0,0
BRDA:751,79,1,0
BRDA:765,80,0,0
BRDA:765,80,1,0
BRDA:768,81,0,0
BRDA:768,81,1,0
BRDA:775,82,0,0
BRDA:775,82,1,1
BRDA:775,83,0,1
BRDA:775,83,1,1
BRDA:780,84,0,0
BRDA:780,84,1,1
BRDA:780,85,0,1
BRDA:780,85,1,0
BRDA:785,86,0,1
BRDA:785,86,1,0
BRDA:785,87,0,1
BRDA:785,87,1,1
BRDA:800,88,0,0
BRDA:800,88,1,4
BRDA:800,89,0,4
BRDA:800,89,1,4
BRDA:816,90,0,0
BRDA:816,90,1,4
BRDA:818,91,0,0
BRDA:818,91,1,0
BRDA:824,92,0,0
BRDA:824,92,1,0
BRDA:833,93,0,1
BRDA:833,93,1,3
BRDA:835,94,0,1
BRDA:835,94,1,0
BRDA:842,95,0,0
BRDA:842,95,1,3
BRDA:844,96,0,0
BRDA:844,96,1,0
BRDA:859,97,0,3
BRDA:859,97,1,0
BRDA:861,98,0,0
BRDA:861,98,1,3
BRDA:882,99,0,10
BRDA:882,99,1,1
BRDA:885,100,0,9
BRDA:885,100,1,1
BRDA:906,101,0,17
BRDA:906,101,1,7
BRDA:907,102,0,17
BRDA:907,102,1,7
BRDA:908,103,0,17
BRDA:908,103,1,0
BRDA:910,104,0,1
BRDA:910,104,1,16
BRDA:910,105,0,17
BRDA:910,105,1,1
BRDA:910,105,2,1
BRDA:913,106,0,1
BRDA:913,106,1,16
BRDA:913,107,0,17
BRDA:913,107,1,1
BRDA:913,107,2,1
BRDA:932,108,0,7
BRDA:932,108,1,6
BRDA:936,109,0,7
BRDA:936,109,1,0
BRDA:937,110,0,7
BRDA:937,110,1,0
BRDA:938,111,0,7
BRDA:938,111,1,0
BRDA:939,112,0,7
BRDA:939,112,1,0
BRDA:940,113,0,7
BRDA:940,113,1,7
BRDA:948,114,0,10
BRDA:948,114,1,3
BRDA:948,115,0,13
BRDA:948,115,1,10
BRDA:953,116,0,10
BRDA:953,116,1,1
BRDA:955,117,0,10
BRDA:955,117,1,1
BRDA:975,118,0,10
BRDA:975,118,1,3
BRDA:975,119,0,13
BRDA:975,119,1,10
BRDA:985,120,0,10
BRDA:985,120,1,1
BRDA:985,121,0,10
BRDA:985,121,1,1
BRDA:989,122,0,8
BRDA:989,122,1,1
BRDA:1004,123,0,3
BRDA:1004,123,1,0
BRDA:1005,124,0,3
BRDA:1005,124,1,0
BRDA:1005,125,0,3
BRDA:1005,125,1,0
BRDA:1006,126,0,0
BRDA:1006,126,1,0
BRDA:1006,127,0,0
BRDA:1006,127,1,0
BRDA:1012,128,0,3
BRDA:1012,128,1,0
BRDA:1013,129,0,3
BRDA:1013,129,1,0
BRDA:1013,130,0,3
BRDA:1013,130,1,0
BRDA:1014,131,0,0
BRDA:1014,131,1,0
BRDA:1014,132,0,0
BRDA:1014,132,1,0
BRDA:1018,133,0,11
BRDA:1018,133,1,2
BRDA:1018,134,0,13
BRDA:1018,134,1,12
BRDA:1021,135,0,10
BRDA:1021,135,1,0
BRDA:1034,136,0,13
BRDA:1034,136,1,1
BRDA:1035,137,0,7
BRDA:1035,137,1,6
BRDA:1036,138,0,1
BRDA:1036,138,1,6
BRDA:1044,139,0,13
BRDA:1044,139,1,0
BRDA:1053,140,0,12
BRDA:1053,140,1,1
BRDA:1057,141,0,11
BRDA:1057,141,1,0
BRDA:1104,142,0,1
BRDA:1104,142,1,0
BRDA:1105,143,0,1
BRDA:1105,143,1,0
BRDA:1106,144,0,1
BRDA:1106,144,1,0
BRDA:1108,145,0,0
BRDA:1108,145,1,1
BRDA:1108,146,0,1
BRDA:1108,146,1,0
BRDA:1108,146,2,0
BRDA:1125,147,0,1
BRDA:1125,147,1,0
BRDA:1129,148,0,0
BRDA:1129,148,1,1
BRDA:1133,149,0,0
BRDA:1133,149,1,1
BRDA:1139,150,0,1
BRDA:1139,150,1,0
BRDA:1140,151,0,1
BRDA:1140,151,1,0
BRDA:1141,152,0,0
BRDA:1141,152,1,1
BRDA:1158,153,0,1
BRDA:1158,153,1,0
BRDA:1171,154,0,1
BRDA:1171,154,1,0
BRDA:1171,155,0,1
BRDA:1171,155,1,0
BRDA:1174,156,0,1
BRDA:1174,156,1,0
BRDA:1174,157,0,1
BRDA:1174,157,1,1
BRDA:1174,157,2,1
BRDA:1175,158,0,1
BRDA:1175,158,1,0
BRDA:1181,159,0,1
BRDA:1181,159,1,0
BRDA:1194,160,0,0
BRDA:1194,160,1,1
BRDA:1194,161,0,1
BRDA:1194,161,1,1
BRDA:1227,162,0,1
BRDA:1227,162,1,0
BRDA:1246,163,0,1
BRDA:1246,163,1,0
BRDA:1264,164,0,0
BRDA:1264,164,1,0
BRDA:1276,165,0,1
BRDA:1276,165,1,7
BRDA:1283,166,0,3
BRDA:1283,166,1,4
BRDA:1287,167,0,2
BRDA:1287,167,1,2
BRDA:1297,168,0,5
BRDA:1297,168,1,2
BRDA:1299,169,0,5
BRDA:1299,169,1,2
BRDA:1309,170,0,7
BRDA:1309,170,1,1
BRDA:1309,171,0,8
BRDA:1309,171,1,7
BRDA:1316,172,0,3
BRDA:1316,172,1,1
BRDA:1341,173,0,6
BRDA:1341,173,1,6
BRDA:1374,174,0,1
BRDA:1374,174,1,20
BRDA:1382,175,0,8
BRDA:1382,175,1,13
BRDA:1382,176,0,21
BRDA:1382,176,1,11
BRDA:1385,177,0,8
BRDA:1385,177,1,0
BRDA:1392,178,0,8
BRDA:1392,178,1,0
BRDA:1403,179,0,0
BRDA:1403,179,1,8
BRDA:1408,180,0,5
BRDA:1408,180,1,3
BRDA:1414,181,0,0
BRDA:1414,181,1,3
BRDA:1428,182,0,1
BRDA:1428,182,1,7
BRDA:1464,183,0,0
BRF:380
BRH:203
end_of_record
TN:
SF:src/services/tibber-api.ts
FN:2,(anonymous_0)
FN:21,(anonymous_1)
FN:40,(anonymous_2)
FN:49,(anonymous_3)
FN:51,(anonymous_4)
FN:76,(anonymous_5)
FN:113,(anonymous_6)
FN:147,(anonymous_7)
FN:165,(anonymous_8)
FN:198,(anonymous_9)
FNF:10
FNH:8
FNDA:6,(anonymous_0)
FNDA:17,(anonymous_1)
FNDA:0,(anonymous_2)
FNDA:12,(anonymous_3)
FNDA:12,(anonymous_4)
FNDA:12,(anonymous_5)
FNDA:12,(anonymous_6)
FNDA:8,(anonymous_7)
FNDA:10,(anonymous_8)
FNDA:0,(anonymous_9)
DA:2,6
DA:3,6
DA:5,6
DA:6,6
DA:7,6
DA:8,6
DA:9,6
DA:10,6
DA:23,17
DA:29,17
DA:30,17
DA:32,17
DA:33,17
DA:41,0
DA:42,0
DA:51,12
DA:53,12
DA:55,12
DA:57,12
DA:58,12
DA:66,10
DA:67,0
DA:69,10
DA:78,12
DA:79,12
DA:80,12
DA:81,0
DA:82,0
DA:84,12
DA:112,12
DA:113,12
DA:114,10
DA:115,2
DA:116,2
DA:121,8
DA:122,4
DA:124,4
DA:125,4
DA:129,8
DA:130,6
DA:133,2
DA:137,2
DA:139,2
DA:148,8
DA:149,8
DA:150,8
DA:151,2
DA:152,2
DA:153,2
DA:155,6
DA:156,6
DA:157,2
DA:158,2
DA:159,2
DA:162,4
DA:165,10
DA:169,4
DA:179,4
DA:180,4
DA:184,4
DA:189,4
DA:191,4
DA:200,0
DA:203,6
LF:64
LH:58
BRDA:2,0,0,6
BRDA:2,0,1,6
BRDA:2,0,2,6
BRDA:3,1,0,6
BRDA:3,1,1,0
BRDA:3,2,0,6
BRDA:3,2,1,6
BRDA:23,3,0,17
BRDA:23,3,1,0
BRDA:33,4,0,17
BRDA:33,4,1,0
BRDA:66,5,0,0
BRDA:66,5,1,10
BRDA:80,6,0,0
BRDA:80,6,1,12
BRDA:114,7,0,2
BRDA:114,7,1,8
BRDA:129,8,0,6
BRDA:129,8,1,2
BRDA:150,9,0,2
BRDA:150,9,1,6
BRDA:150,10,0,8
BRDA:150,10,1,8
BRDA:156,11,0,2
BRDA:156,11,1,4
BRDA:163,12,0,4
BRDA:163,12,1,1
BRDA:164,13,0,4
BRDA:164,13,1,1
BRDA:170,14,0,4
BRDA:170,14,1,0
BRDA:179,15,0,4
BRDA:179,15,1,0
BRF:33
BRH:26
end_of_record
TN:
SF:src/services/hot-water/hot-water-analyzer.ts
FN:19,(anonymous_0)
FN:28,(anonymous_1)
FN:47,(anonymous_2)
FN:81,(anonymous_3)
FN:94,(anonymous_4)
FN:107,(anonymous_5)
FN:114,(anonymous_6)
FN:118,(anonymous_7)
FN:119,(anonymous_8)
FN:125,(anonymous_9)
FN:132,(anonymous_10)
FN:136,(anonymous_11)
FN:137,(anonymous_12)
FN:141,(anonymous_13)
FN:142,(anonymous_14)
FN:143,(anonymous_15)
FN:150,(anonymous_16)
FN:151,(anonymous_17)
FN:156,(anonymous_18)
FN:157,(anonymous_19)
FN:158,(anonymous_20)
FN:172,(anonymous_21)
FN:197,(anonymous_22)
FN:198,(anonymous_23)
FN:207,(anonymous_24)
FN:216,(anonymous_25)
FN:249,(anonymous_26)
FN:274,(anonymous_27)
FN:281,(anonymous_28)
FN:295,(anonymous_29)
FN:343,(anonymous_30)
FNF:31
FNH:30
FNDA:6,(anonymous_0)
FNDA:6,(anonymous_1)
FNDA:6,(anonymous_2)
FNDA:1,(anonymous_3)
FNDA:2,(anonymous_4)
FNDA:100,(anonymous_5)
FNDA:24,(anonymous_6)
FNDA:24,(anonymous_7)
FNDA:24,(anonymous_8)
FNDA:100,(anonymous_9)
FNDA:7,(anonymous_10)
FNDA:7,(anonymous_11)
FNDA:7,(anonymous_12)
FNDA:7,(anonymous_13)
FNDA:7,(anonymous_14)
FNDA:100,(anonymous_15)
FNDA:7,(anonymous_16)
FNDA:168,(anonymous_17)
FNDA:7,(anonymous_18)
FNDA:168,(anonymous_19)
FNDA:168,(anonymous_20)
FNDA:7,(anonymous_21)
FNDA:9,(anonymous_22)
FNDA:199,(anonymous_23)
FNDA:1,(anonymous_24)
FNDA:87,(anonymous_25)
FNDA:3,(anonymous_26)
FNDA:2,(anonymous_27)
FNDA:48,(anonymous_28)
FNDA:12,(anonymous_29)
FNDA:0,(anonymous_30)
DA:9,8
DA:10,8
DA:11,8
DA:13,8
DA:15,8
DA:17,8
DA:20,6
DA:21,6
DA:22,6
DA:29,6
DA:30,6
DA:31,6
DA:32,0
DA:33,0
DA:34,0
DA:36,6
DA:39,0
DA:40,0
DA:49,6
DA:51,6
DA:52,6
DA:53,6
DA:55,6
DA:56,6
DA:57,6
DA:58,6
DA:60,6
DA:62,6
DA:63,6
DA:65,6
DA:66,6
DA:67,42
DA:70,6
DA:82,1
DA:83,1
DA:84,1
DA:87,0
DA:95,2
DA:97,2
DA:99,2
DA:100,1
DA:101,1
DA:103,1
DA:105,1
DA:106,1
DA:107,1
DA:108,100
DA:109,100
DA:110,100
DA:114,1
DA:115,24
DA:118,24
DA:119,1
DA:120,24
DA:123,1
DA:124,1
DA:125,1
DA:126,100
DA:127,100
DA:128,100
DA:132,1
DA:133,7
DA:136,7
DA:137,1
DA:138,7
DA:141,7
DA:142,7
DA:143,1
DA:144,100
DA:145,100
DA:146,100
DA:150,1
DA:151,7
DA:152,168
DA:156,1
DA:157,168
DA:158,7
DA:159,168
DA:163,1
DA:167,1
DA:169,1
DA:173,7
DA:179,1
DA:181,1
DA:182,1
DA:183,1
DA:186,0
DA:187,0
DA:198,9
DA:199,199
DA:200,199
DA:208,1
DA:217,87
DA:219,87
DA:221,87
DA:223,1
DA:227,86
DA:228,86
DA:229,86
DA:231,86
DA:232,86
DA:233,86
DA:235,86
DA:238,86
DA:241,0
DA:242,0
DA:250,3
DA:251,3
DA:252,3
DA:253,3
DA:254,72
DA:255,72
DA:256,72
DA:257,72
DA:259,3
DA:262,0
DA:263,0
DA:275,2
DA:277,2
DA:279,2
DA:281,48
DA:283,2
DA:284,2
DA:285,2
DA:286,2
DA:288,2
DA:289,2
DA:290,12
DA:291,12
DA:292,12
DA:293,12
DA:295,12
DA:299,2
DA:301,1
DA:302,0
DA:305,1
DA:306,1
DA:310,0
DA:316,1
DA:317,0
DA:320,1
DA:321,1
DA:325,0
DA:329,2
DA:330,2
DA:331,2
DA:332,2
DA:335,0
DA:337,0
DA:344,0
DA:345,0
DA:346,0
DA:347,0
DA:350,0
DA:354,8
LF:155
LH:132
BRDA:22,0,0,6
BRDA:22,0,1,6
BRDA:31,1,0,0
BRDA:31,1,1,6
BRDA:99,2,0,1
BRDA:99,2,1,1
BRDA:108,3,0,100
BRDA:108,3,1,0
BRDA:115,4,0,24
BRDA:115,4,1,0
BRDA:120,5,0,24
BRDA:120,5,1,0
BRDA:126,6,0,100
BRDA:126,6,1,0
BRDA:133,7,0,2
BRDA:133,7,1,5
BRDA:138,8,0,7
BRDA:138,8,1,0
BRDA:144,9,0,100
BRDA:144,9,1,0
BRDA:152,10,0,34
BRDA:152,10,1,134
BRDA:159,11,0,48
BRDA:159,11,1,120
BRDA:173,12,0,7
BRDA:173,12,1,0
BRDA:199,13,0,199
BRDA:199,13,1,0
BRDA:221,14,0,1
BRDA:221,14,1,86
BRDA:223,15,0,1
BRDA:223,15,1,0
BRDA:231,16,0,86
BRDA:231,16,1,0
BRDA:232,17,0,86
BRDA:232,17,1,0
BRDA:233,18,0,86
BRDA:233,18,1,0
BRDA:299,19,0,1
BRDA:299,19,1,1
BRDA:301,20,0,0
BRDA:301,20,1,1
BRDA:305,21,0,1
BRDA:305,21,1,0
BRDA:316,22,0,0
BRDA:316,22,1,1
BRDA:320,23,0,1
BRDA:320,23,1,0
BRF:48
BRH:31
end_of_record
TN:
SF:src/services/hot-water/hot-water-data-collector.ts
FN:11,(anonymous_0)
FN:15,(anonymous_1)
FN:18,(anonymous_2)
FN:22,(anonymous_3)
FN:24,(anonymous_4)
FN:27,(anonymous_5)
FN:28,(anonymous_6)
FN:29,(anonymous_7)
FN:36,(anonymous_8)
FN:62,(anonymous_9)
FN:78,(anonymous_10)
FN:135,(anonymous_11)
FN:155,(anonymous_12)
FN:184,(anonymous_13)
FN:197,(anonymous_14)
FN:229,(anonymous_15)
FN:235,(anonymous_16)
FN:236,(anonymous_17)
FN:241,(anonymous_18)
FN:274,(anonymous_19)
FN:278,(anonymous_20)
FN:293,(anonymous_21)
FN:299,(anonymous_22)
FN:300,(anonymous_23)
FN:301,(anonymous_24)
FN:302,(anonymous_25)
FN:304,(anonymous_26)
FN:307,(anonymous_27)
FN:325,(anonymous_28)
FN:333,(anonymous_29)
FN:344,(anonymous_30)
FN:373,(anonymous_31)
FN:416,(anonymous_32)
FN:423,(anonymous_33)
FN:430,(anonymous_34)
FN:441,(anonymous_35)
FN:444,(anonymous_36)
FN:456,(anonymous_37)
FN:459,(anonymous_38)
FN:476,(anonymous_39)
FN:477,(anonymous_40)
FN:478,(anonymous_41)
FN:479,(anonymous_42)
FN:481,(anonymous_43)
FN:485,(anonymous_44)
FN:492,(anonymous_45)
FN:532,(anonymous_46)
FN:535,(anonymous_47)
FN:562,(anonymous_48)
FN:583,(anonymous_49)
FN:613,(anonymous_50)
FNF:51
FNH:38
FNDA:984,(anonymous_0)
FNDA:637,(anonymous_1)
FNDA:0,(anonymous_2)
FNDA:16,(anonymous_3)
FNDA:0,(anonymous_4)
FNDA:8,(anonymous_5)
FNDA:8,(anonymous_6)
FNDA:0,(anonymous_7)
FNDA:16,(anonymous_8)
FNDA:40,(anonymous_9)
FNDA:25,(anonymous_10)
FNDA:25,(anonymous_11)
FNDA:503,(anonymous_12)
FNDA:503,(anonymous_13)
FNDA:503,(anonymous_14)
FNDA:50,(anonymous_15)
FNDA:10050,(anonymous_16)
FNDA:10050,(anonymous_17)
FNDA:0,(anonymous_18)
FNDA:25,(anonymous_19)
FNDA:467,(anonymous_20)
FNDA:0,(anonymous_21)
FNDA:0,(anonymous_22)
FNDA:0,(anonymous_23)
FNDA:0,(anonymous_24)
FNDA:0,(anonymous_25)
FNDA:0,(anonymous_26)
FNDA:0,(anonymous_27)
FNDA:0,(anonymous_28)
FNDA:0,(anonymous_29)
FNDA:409,(anonymous_30)
FNDA:440,(anonymous_31)
FNDA:14,(anonymous_32)
FNDA:2,(anonymous_33)
FNDA:1,(anonymous_34)
FNDA:1,(anonymous_35)
FNDA:2,(anonymous_36)
FNDA:2,(anonymous_37)
FNDA:24,(anonymous_38)
FNDA:24,(anonymous_39)
FNDA:24,(anonymous_40)
FNDA:24,(anonymous_41)
FNDA:24,(anonymous_42)
FNDA:24,(anonymous_43)
FNDA:24,(anonymous_44)
FNDA:24,(anonymous_45)
FNDA:5,(anonymous_46)
FNDA:31,(anonymous_47)
FNDA:3,(anonymous_48)
FNDA:22,(anonymous_49)
FNDA:26,(anonymous_50)
DA:11,8
DA:12,984
DA:13,984
DA:14,984
DA:15,944
DA:17,984
DA:19,0
DA:20,0
DA:22,8
DA:23,16
DA:25,0
DA:27,8
DA:28,8
DA:29,8
DA:30,0
DA:31,0
DA:32,0
DA:34,8
DA:36,8
DA:37,16
DA:38,16
DA:39,984
DA:40,16
DA:41,16
DA:44,8
DA:45,8
DA:46,8
DA:47,8
DA:48,8
DA:50,8
DA:52,8
DA:54,8
DA:56,8
DA:58,8
DA:60,8
DA:63,40
DA:64,40
DA:65,40
DA:66,40
DA:67,40
DA:68,40
DA:69,40
DA:70,40
DA:71,25
DA:79,25
DA:81,25
DA:82,25
DA:83,25
DA:84,25
DA:85,0
DA:86,0
DA:87,0
DA:88,0
DA:91,0
DA:94,25
DA:95,0
DA:96,0
DA:97,0
DA:100,0
DA:101,0
DA:105,25
DA:106,25
DA:107,25
DA:108,25
DA:109,25
DA:110,22
DA:113,0
DA:117,3
DA:118,3
DA:122,25
DA:123,25
DA:126,0
DA:127,0
DA:128,0
DA:129,0
DA:136,25
DA:138,25
DA:140,25
DA:141,0
DA:142,0
DA:143,0
DA:146,25
DA:149,0
DA:156,503
DA:158,503
DA:160,503
DA:161,503
DA:163,503
DA:164,0
DA:165,0
DA:167,0
DA:169,0
DA:172,503
DA:173,503
DA:175,503
DA:178,0
DA:185,503
DA:187,503
DA:188,503
DA:191,0
DA:198,503
DA:200,503
DA:201,503
DA:202,478
DA:204,25
DA:206,25
DA:207,25
DA:209,25
DA:210,0
DA:211,0
DA:212,0
DA:215,0
DA:219,25
DA:223,0
DA:230,50
DA:232,50
DA:234,50
DA:235,10050
DA:236,10050
DA:237,50
DA:238,0
DA:240,0
DA:241,0
DA:242,0
DA:243,0
DA:244,0
DA:246,0
DA:249,0
DA:250,0
DA:253,0
DA:254,0
DA:256,0
DA:260,50
DA:261,50
DA:262,50
DA:264,50
DA:268,0
DA:275,25
DA:276,25
DA:277,25
DA:278,467
DA:279,25
DA:280,25
DA:281,0
DA:285,0
DA:294,0
DA:295,0
DA:296,0
DA:299,0
DA:300,0
DA:301,0
DA:302,0
DA:303,0
DA:304,0
DA:306,0
DA:307,0
DA:308,0
DA:309,0
DA:313,0
DA:325,0
DA:326,0
DA:327,0
DA:330,0
DA:333,0
DA:334,0
DA:337,0
DA:345,409
DA:347,409
DA:348,7
DA:351,402
DA:353,402
DA:355,50
DA:357,50
DA:358,0
DA:362,402
DA:365,0
DA:374,440
DA:376,440
DA:377,1
DA:378,1
DA:381,439
DA:382,2
DA:383,2
DA:385,437
DA:386,1
DA:387,1
DA:390,436
DA:391,436
DA:392,436
DA:393,1
DA:394,1
DA:397,435
DA:398,2
DA:399,2
DA:401,433
DA:402,1
DA:403,1
DA:405,432
DA:408,0
DA:409,0
DA:417,14
DA:424,2
DA:431,1
DA:442,1
DA:443,1
DA:444,2
DA:447,0
DA:448,0
DA:457,2
DA:458,2
DA:459,24
DA:460,2
DA:461,1
DA:475,1
DA:476,24
DA:477,24
DA:478,24
DA:479,24
DA:480,1
DA:481,24
DA:482,1
DA:484,1
DA:485,1
DA:486,24
DA:487,24
DA:491,1
DA:492,1
DA:493,24
DA:494,24
DA:498,1
DA:499,1
DA:513,0
DA:514,0
DA:533,5
DA:535,31
DA:536,5
DA:537,1
DA:540,5
DA:542,5
DA:544,0
DA:546,0
DA:547,0
DA:551,5
DA:552,4
DA:555,1
DA:563,3
DA:564,3
DA:565,1
DA:566,1
DA:568,3
DA:569,3
DA:571,3
DA:572,1
DA:576,1
DA:584,22
DA:585,22
DA:586,22
DA:587,22
DA:589,22
DA:590,22
DA:592,22
DA:593,22
DA:595,22
DA:599,0
DA:600,0
DA:603,22
DA:606,0
DA:614,26
DA:616,26
DA:617,26
DA:618,26
DA:619,26
DA:620,26
DA:622,26
DA:624,26
DA:625,26
DA:633,0
DA:634,0
DA:643,8
LF:279
LH:191
BRDA:11,0,0,8
BRDA:11,0,1,8
BRDA:11,0,2,8
BRDA:11,1,0,8
BRDA:11,1,1,0
BRDA:12,2,0,984
BRDA:12,2,1,0
BRDA:14,3,0,944
BRDA:14,3,1,40
BRDA:14,4,0,984
BRDA:14,4,1,984
BRDA:14,5,0,64
BRDA:14,5,1,920
BRDA:14,6,0,920
BRDA:14,6,1,40
BRDA:19,7,0,0
BRDA:19,7,1,0
BRDA:22,8,0,8
BRDA:22,8,1,8
BRDA:22,8,2,8
BRDA:22,9,0,8
BRDA:22,9,1,0
BRDA:27,10,0,8
BRDA:27,10,1,8
BRDA:27,10,2,8
BRDA:29,11,0,8
BRDA:29,11,1,0
BRDA:31,12,0,0
BRDA:31,12,1,0
BRDA:37,13,0,0
BRDA:37,13,1,16
BRDA:37,14,0,16
BRDA:37,14,1,16
BRDA:39,15,0,16
BRDA:39,15,1,0
BRDA:39,16,0,984
BRDA:39,16,1,0
BRDA:84,17,0,0
BRDA:84,17,1,25
BRDA:94,18,0,0
BRDA:94,18,1,25
BRDA:105,19,0,25
BRDA:105,19,1,0
BRDA:107,20,0,25
BRDA:107,20,1,0
BRDA:140,21,0,0
BRDA:140,21,1,25
BRDA:163,22,0,0
BRDA:163,22,1,503
BRDA:201,23,0,478
BRDA:201,23,1,25
BRDA:209,24,0,0
BRDA:209,24,1,25
BRDA:210,25,0,0
BRDA:210,25,1,0
BRDA:232,26,0,50
BRDA:232,26,1,0
BRDA:237,27,0,0
BRDA:237,27,1,50
BRDA:243,28,0,0
BRDA:243,28,1,0
BRDA:260,29,0,50
BRDA:260,29,1,0
BRDA:280,30,0,0
BRDA:280,30,1,25
BRDA:295,31,0,0
BRDA:295,31,1,0
BRDA:303,32,0,0
BRDA:303,32,1,0
BRDA:308,33,0,0
BRDA:308,33,1,0
BRDA:326,34,0,0
BRDA:326,34,1,0
BRDA:347,35,0,7
BRDA:347,35,1,402
BRDA:353,36,0,50
BRDA:353,36,1,352
BRDA:357,37,0,0
BRDA:357,37,1,50
BRDA:376,38,0,1
BRDA:376,38,1,439
BRDA:381,39,0,2
BRDA:381,39,1,437
BRDA:381,40,0,439
BRDA:381,40,1,438
BRDA:381,40,2,437
BRDA:385,41,0,1
BRDA:385,41,1,436
BRDA:385,42,0,437
BRDA:385,42,1,437
BRDA:385,42,2,437
BRDA:392,43,0,1
BRDA:392,43,1,435
BRDA:397,44,0,2
BRDA:397,44,1,433
BRDA:397,45,0,435
BRDA:397,45,1,435
BRDA:401,46,0,1
BRDA:401,46,1,432
BRDA:401,47,0,433
BRDA:401,47,1,433
BRDA:441,48,0,0
BRDA:456,49,0,0
BRDA:460,50,0,1
BRDA:460,50,1,1
BRDA:480,51,0,1
BRDA:480,51,1,0
BRDA:486,52,0,24
BRDA:486,52,1,0
BRDA:493,53,0,24
BRDA:493,53,1,0
BRDA:536,54,0,1
BRDA:536,54,1,4
BRDA:542,55,0,0
BRDA:542,55,1,5
BRDA:546,56,0,0
BRDA:546,56,1,0
BRDA:564,57,0,1
BRDA:564,57,1,2
BRDA:571,58,0,1
BRDA:571,58,1,2
BRDA:583,59,0,1
BRDA:586,60,0,22
BRDA:586,60,1,0
BRDA:592,61,0,22
BRDA:592,61,1,0
BRDA:622,62,0,8
BRDA:622,62,1,18
BRF:128
BRH:83
end_of_record
TN:
SF:src/services/hot-water/hot-water-service.ts
FN:14,(anonymous_0)
FN:29,(anonymous_1)
FN:74,(anonymous_2)
FN:94,(anonymous_3)
FN:121,(anonymous_4)
FN:141,(anonymous_5)
FN:160,(anonymous_6)
FN:183,(anonymous_7)
FN:196,(anonymous_8)
FNF:9
FNH:6
FNDA:19,(anonymous_0)
FNDA:2,(anonymous_1)
FNDA:1,(anonymous_2)
FNDA:1,(anonymous_3)
FNDA:2,(anonymous_4)
FNDA:0,(anonymous_5)
FNDA:1,(anonymous_6)
FNDA:0,(anonymous_7)
FNDA:0,(anonymous_8)
DA:8,7
DA:9,7
DA:10,7
DA:11,7
DA:12,7
DA:15,19
DA:16,19
DA:17,19
DA:18,19
DA:19,19
DA:20,19
DA:21,4
DA:22,4
DA:30,2
DA:32,2
DA:33,2
DA:34,0
DA:36,2
DA:38,2
DA:39,1
DA:40,1
DA:43,1
DA:55,1
DA:56,1
DA:58,1
DA:59,1
DA:60,1
DA:62,1
DA:65,0
DA:66,0
DA:75,1
DA:76,1
DA:77,1
DA:79,1
DA:80,0
DA:82,1
DA:85,0
DA:86,0
DA:95,1
DA:99,1
DA:101,1
DA:102,1
DA:103,1
DA:105,1
DA:106,1
DA:109,0
DA:110,0
DA:122,2
DA:123,2
DA:124,2
DA:125,2
DA:126,1
DA:127,1
DA:128,1
DA:131,1
DA:133,1
DA:142,0
DA:143,0
DA:144,0
DA:145,0
DA:152,0
DA:153,0
DA:161,1
DA:162,1
DA:164,1
DA:165,1
DA:166,1
DA:167,1
DA:168,1
DA:176,0
DA:177,0
DA:184,0
DA:185,0
DA:186,0
DA:189,0
DA:197,0
DA:198,0
DA:199,0
DA:200,0
DA:202,0
DA:205,0
DA:209,7
LF:82
LH:56
BRDA:33,0,0,0
BRDA:33,0,1,2
BRDA:38,1,0,1
BRDA:38,1,1,1
BRDA:38,2,0,2
BRDA:38,2,1,1
BRDA:45,3,0,1
BRDA:45,3,1,0
BRDA:47,4,0,1
BRDA:47,4,1,0
BRDA:48,5,0,1
BRDA:48,5,1,0
BRDA:58,6,0,1
BRDA:58,6,1,0
BRDA:76,7,0,1
BRDA:76,7,1,0
BRDA:77,8,0,1
BRDA:77,8,1,0
BRDA:79,9,0,0
BRDA:79,9,1,1
BRDA:101,10,0,1
BRDA:101,10,1,0
BRDA:102,11,0,1
BRDA:102,11,1,0
BRDA:105,12,0,1
BRDA:105,12,1,0
BRDA:106,13,0,1
BRDA:106,13,1,1
BRDA:106,13,2,1
BRDA:141,14,0,0
BRDA:177,15,0,0
BRDA:177,15,1,0
BRDA:196,16,0,0
BRDA:199,17,0,0
BRDA:199,17,1,0
BRDA:202,18,0,0
BRDA:202,18,1,0
BRF:37
BRH:18
end_of_record
TN:
SF:src/services/hot-water/index.ts
FN:10,(anonymous_0)
FN:12,(anonymous_1)
FN:14,(anonymous_2)
FNF:3
FNH:1
FNDA:0,(anonymous_0)
FNDA:0,(anonymous_1)
FNDA:15,(anonymous_2)
DA:7,6
DA:8,6
DA:9,6
DA:10,6
DA:11,6
DA:12,6
DA:13,6
DA:14,15
LF:8
LH:8
BRF:0
BRH:0
end_of_record
TN:
SF:src/services/thermal-model/data-collector.ts
FN:11,(anonymous_0)
FN:15,(anonymous_1)
FN:18,(anonymous_2)
FN:22,(anonymous_3)
FN:24,(anonymous_4)
FN:27,(anonymous_5)
FN:28,(anonymous_6)
FN:29,(anonymous_7)
FN:36,(anonymous_8)
FN:62,(anonymous_9)
FN:78,(anonymous_10)
FN:136,(anonymous_11)
FN:154,(anonymous_12)
FN:161,(anonymous_13)
FN:195,(anonymous_14)
FN:223,(anonymous_15)
FN:228,(anonymous_16)
FN:265,(anonymous_17)
FN:299,(anonymous_18)
FN:311,(anonymous_19)
FN:317,(anonymous_20)
FN:335,(anonymous_21)
FN:346,(anonymous_22)
FN:362,(anonymous_23)
FN:371,(anonymous_24)
FN:373,(anonymous_25)
FN:377,(anonymous_26)
FN:378,(anonymous_27)
FN:379,(anonymous_28)
FN:380,(anonymous_29)
FN:381,(anonymous_30)
FN:382,(anonymous_31)
FN:385,(anonymous_32)
FN:386,(anonymous_33)
FN:416,(anonymous_34)
FN:453,(anonymous_35)
FN:502,(anonymous_36)
FN:509,(anonymous_37)
FN:517,(anonymous_38)
FN:521,(anonymous_39)
FN:529,(anonymous_40)
FN:532,(anonymous_41)
FN:547,(anonymous_42)
FN:550,(anonymous_43)
FN:566,(anonymous_44)
FN:572,(anonymous_45)
FN:573,(anonymous_46)
FN:574,(anonymous_47)
FN:609,(anonymous_48)
FN:616,(anonymous_49)
FN:634,(anonymous_50)
FN:663,(anonymous_51)
FN:683,(anonymous_52)
FN:695,(anonymous_53)
FNF:54
FNH:35
FNDA:1766,(anonymous_0)
FNDA:73,(anonymous_1)
FNDA:0,(anonymous_2)
FNDA:34,(anonymous_3)
FNDA:0,(anonymous_4)
FNDA:17,(anonymous_5)
FNDA:17,(anonymous_6)
FNDA:0,(anonymous_7)
FNDA:34,(anonymous_8)
FNDA:34,(anonymous_9)
FNDA:34,(anonymous_10)
FNDA:33,(anonymous_11)
FNDA:6,(anonymous_12)
FNDA:1898,(anonymous_13)
FNDA:1,(anonymous_14)
FNDA:5,(anonymous_15)
FNDA:1886,(anonymous_16)
FNDA:6,(anonymous_17)
FNDA:5,(anonymous_18)
FNDA:38,(anonymous_19)
FNDA:173,(anonymous_20)
FNDA:8,(anonymous_21)
FNDA:335,(anonymous_22)
FNDA:1,(anonymous_23)
FNDA:1,(anonymous_24)
FNDA:0,(anonymous_25)
FNDA:1,(anonymous_26)
FNDA:1,(anonymous_27)
FNDA:1,(anonymous_28)
FNDA:1,(anonymous_29)
FNDA:1,(anonymous_30)
FNDA:1,(anonymous_31)
FNDA:1,(anonymous_32)
FNDA:0,(anonymous_33)
FNDA:6,(anonymous_34)
FNDA:5,(anonymous_35)
FNDA:8,(anonymous_36)
FNDA:0,(anonymous_37)
FNDA:3,(anonymous_38)
FNDA:0,(anonymous_39)
FNDA:0,(anonymous_40)
FNDA:0,(anonymous_41)
FNDA:3,(anonymous_42)
FNDA:0,(anonymous_43)
FNDA:0,(anonymous_44)
FNDA:0,(anonymous_45)
FNDA:0,(anonymous_46)
FNDA:0,(anonymous_47)
FNDA:0,(anonymous_48)
FNDA:0,(anonymous_49)
FNDA:0,(anonymous_50)
FNDA:0,(anonymous_51)
FNDA:9,(anonymous_52)
FNDA:0,(anonymous_53)
DA:11,17
DA:12,1766
DA:13,1766
DA:14,1766
DA:15,1696
DA:17,1766
DA:19,0
DA:20,0
DA:22,17
DA:23,34
DA:25,0
DA:27,17
DA:28,17
DA:29,17
DA:30,0
DA:31,0
DA:32,0
DA:34,17
DA:36,17
DA:37,34
DA:38,34
DA:39,1766
DA:40,34
DA:41,34
DA:44,17
DA:45,17
DA:46,17
DA:47,17
DA:48,17
DA:50,17
DA:52,17
DA:54,17
DA:56,17
DA:58,17
DA:60,17
DA:63,34
DA:64,34
DA:65,34
DA:66,34
DA:67,34
DA:68,34
DA:69,34
DA:70,34
DA:71,34
DA:79,34
DA:81,34
DA:82,33
DA:83,33
DA:84,33
DA:85,1
DA:86,1
DA:87,1
DA:88,1
DA:91,0
DA:94,33
DA:95,0
DA:96,0
DA:97,0
DA:100,0
DA:101,0
DA:105,33
DA:106,1
DA:107,1
DA:108,1
DA:109,1
DA:111,1
DA:112,1
DA:115,0
DA:118,33
DA:119,31
DA:120,31
DA:123,33
DA:124,33
DA:127,1
DA:128,1
DA:129,1
DA:130,1
DA:137,33
DA:139,33
DA:141,33
DA:142,0
DA:143,0
DA:144,0
DA:148,0
DA:155,6
DA:157,6
DA:159,6
DA:161,6
DA:163,1898
DA:164,350
DA:165,0
DA:167,350
DA:169,1898
DA:172,6
DA:173,0
DA:174,0
DA:175,0
DA:177,6
DA:179,5
DA:180,1
DA:181,1
DA:182,1
DA:184,5
DA:187,1
DA:189,1
DA:196,1
DA:198,1
DA:200,1
DA:201,0
DA:202,0
DA:203,0
DA:204,0
DA:206,0
DA:207,0
DA:208,0
DA:209,0
DA:212,0
DA:217,0
DA:224,5
DA:226,5
DA:228,5
DA:230,1886
DA:231,347
DA:232,0
DA:234,347
DA:236,1886
DA:238,5
DA:239,4
DA:241,4
DA:242,1
DA:243,0
DA:244,0
DA:248,2
DA:250,2
DA:251,0
DA:252,0
DA:253,0
DA:254,0
DA:257,0
DA:266,6
DA:268,6
DA:269,6
DA:270,0
DA:272,6
DA:274,6
DA:275,6
DA:276,6
DA:277,6
DA:278,6
DA:279,6
DA:281,6
DA:282,6
DA:283,6
DA:284,6
DA:286,0
DA:288,0
DA:293,0
DA:301,5
DA:303,5
DA:305,5
DA:312,38
DA:313,38
DA:315,38
DA:317,38
DA:318,173
DA:319,173
DA:321,38
DA:322,38
DA:323,2
DA:325,38
DA:328,0
DA:329,0
DA:336,8
DA:338,8
DA:339,6
DA:342,2
DA:344,2
DA:345,2
DA:346,2
DA:347,335
DA:348,335
DA:349,334
DA:352,1
DA:356,2
DA:357,1
DA:359,1
DA:361,1
DA:362,1
DA:363,1
DA:364,1
DA:365,1
DA:367,1
DA:370,1
DA:371,1
DA:373,1
DA:374,0
DA:377,1
DA:378,1
DA:379,1
DA:380,1
DA:381,1
DA:382,1
DA:384,1
DA:385,1
DA:386,0
DA:389,1
DA:400,1
DA:403,1
DA:405,1
DA:406,1
DA:409,0
DA:417,6
DA:418,1
DA:419,1
DA:421,5
DA:423,5
DA:424,0
DA:425,0
DA:428,5
DA:430,5
DA:432,1
DA:434,1
DA:435,0
DA:436,0
DA:437,0
DA:441,5
DA:442,5
DA:445,0
DA:454,5
DA:456,5
DA:461,0
DA:464,5
DA:467,0
DA:470,5
DA:471,5
DA:472,5
DA:473,0
DA:476,5
DA:477,0
DA:481,0
DA:484,5
DA:489,0
DA:491,5
DA:494,0
DA:495,0
DA:503,8
DA:510,0
DA:518,3
DA:521,0
DA:530,0
DA:531,0
DA:532,0
DA:533,0
DA:534,0
DA:538,0
DA:539,0
DA:548,3
DA:549,3
DA:550,3
DA:551,0
DA:552,0
DA:554,3
DA:555,3
DA:566,0
DA:567,0
DA:569,0
DA:570,0
DA:572,0
DA:573,0
DA:574,0
DA:575,0
DA:577,0
DA:578,0
DA:579,0
DA:580,0
DA:581,0
DA:592,0
DA:593,0
DA:610,0
DA:611,0
DA:612,0
DA:614,0
DA:616,0
DA:617,0
DA:618,0
DA:621,0
DA:623,0
DA:624,0
DA:627,0
DA:635,0
DA:636,0
DA:637,0
DA:638,0
DA:640,0
DA:641,0
DA:642,0
DA:644,0
DA:645,0
DA:646,0
DA:647,0
DA:648,0
DA:649,0
DA:652,0
DA:656,0
DA:664,0
DA:665,0
DA:666,0
DA:667,0
DA:668,0
DA:671,0
DA:673,0
DA:676,0
DA:684,9
DA:687,9
DA:688,9
DA:689,9
DA:691,9
DA:692,9
DA:693,0
DA:694,0
DA:695,0
DA:696,0
DA:697,0
DA:699,0
DA:701,9
DA:709,0
DA:710,0
DA:719,17
LF:328
LH:198
BRDA:11,0,0,17
BRDA:11,0,1,17
BRDA:11,0,2,17
BRDA:11,1,0,17
BRDA:11,1,1,0
BRDA:12,2,0,1766
BRDA:12,2,1,0
BRDA:14,3,0,1696
BRDA:14,3,1,70
BRDA:14,4,0,1766
BRDA:14,4,1,1766
BRDA:14,5,0,112
BRDA:14,5,1,1654
BRDA:14,6,0,1654
BRDA:14,6,1,70
BRDA:19,7,0,0
BRDA:19,7,1,0
BRDA:22,8,0,17
BRDA:22,8,1,17
BRDA:22,8,2,17
BRDA:22,9,0,17
BRDA:22,9,1,0
BRDA:27,10,0,17
BRDA:27,10,1,17
BRDA:27,10,2,17
BRDA:29,11,0,17
BRDA:29,11,1,0
BRDA:31,12,0,0
BRDA:31,12,1,0
BRDA:37,13,0,0
BRDA:37,13,1,34
BRDA:37,14,0,34
BRDA:37,14,1,34
BRDA:39,15,0,34
BRDA:39,15,1,0
BRDA:39,16,0,1766
BRDA:39,16,1,0
BRDA:84,17,0,1
BRDA:84,17,1,32
BRDA:94,18,0,0
BRDA:94,18,1,33
BRDA:105,19,0,1
BRDA:105,19,1,32
BRDA:105,20,0,33
BRDA:105,20,1,32
BRDA:118,21,0,31
BRDA:118,21,1,2
BRDA:141,22,0,0
BRDA:141,22,1,33
BRDA:163,23,0,350
BRDA:163,23,1,1548
BRDA:163,24,0,1898
BRDA:163,24,1,350
BRDA:164,25,0,0
BRDA:164,25,1,350
BRDA:172,26,0,0
BRDA:172,26,1,6
BRDA:179,27,0,1
BRDA:179,27,1,4
BRDA:200,28,0,0
BRDA:200,28,1,1
BRDA:230,29,0,347
BRDA:230,29,1,1539
BRDA:230,30,0,1886
BRDA:230,30,1,347
BRDA:231,31,0,0
BRDA:231,31,1,347
BRDA:241,32,0,1
BRDA:241,32,1,3
BRDA:250,33,0,0
BRDA:250,33,1,2
BRDA:269,34,0,0
BRDA:269,34,1,6
BRDA:274,35,0,6
BRDA:274,35,1,0
BRDA:274,36,0,6
BRDA:274,36,1,6
BRDA:281,37,0,6
BRDA:281,37,1,0
BRDA:281,38,0,6
BRDA:281,38,1,6
BRDA:286,39,0,0
BRDA:286,39,1,0
BRDA:322,40,0,2
BRDA:322,40,1,36
BRDA:338,41,0,6
BRDA:338,41,1,2
BRDA:348,42,0,334
BRDA:348,42,1,1
BRDA:356,43,0,1
BRDA:356,43,1,1
BRDA:364,44,0,1
BRDA:364,44,1,0
BRDA:373,45,0,0
BRDA:373,45,1,1
BRDA:385,46,0,0
BRDA:385,46,1,1
BRDA:386,47,0,0
BRDA:386,47,1,0
BRDA:417,48,0,1
BRDA:417,48,1,5
BRDA:423,49,0,0
BRDA:423,49,1,5
BRDA:430,50,0,1
BRDA:430,50,1,4
BRDA:434,51,0,0
BRDA:434,51,1,1
BRDA:456,52,0,0
BRDA:456,52,1,5
BRDA:456,53,0,5
BRDA:456,53,1,5
BRDA:456,53,2,5
BRDA:456,53,3,5
BRDA:456,53,4,5
BRDA:464,54,0,0
BRDA:464,54,1,5
BRDA:464,55,0,5
BRDA:464,55,1,5
BRDA:464,55,2,5
BRDA:464,55,3,5
BRDA:464,55,4,5
BRDA:464,55,5,5
BRDA:472,56,0,0
BRDA:472,56,1,5
BRDA:476,57,0,0
BRDA:476,57,1,5
BRDA:484,58,0,0
BRDA:484,58,1,5
BRDA:484,59,0,5
BRDA:484,59,1,5
BRDA:484,59,2,5
BRDA:484,59,3,5
BRDA:484,59,4,5
BRDA:534,60,0,0
BRDA:534,60,1,0
BRDA:547,61,0,0
BRDA:552,62,0,0
BRDA:552,62,1,0
BRDA:554,63,0,3
BRDA:554,63,1,0
BRDA:580,64,0,0
BRDA:580,64,1,0
BRDA:610,65,0,0
BRDA:610,65,1,0
BRDA:617,66,0,0
BRDA:617,66,1,0
BRDA:636,67,0,0
BRDA:636,67,1,0
BRDA:644,68,0,0
BRDA:644,68,1,0
BRDA:646,69,0,0
BRDA:646,69,1,0
BRDA:663,70,0,0
BRDA:666,71,0,0
BRDA:666,71,1,0
BRDA:692,72,0,0
BRDA:692,72,1,9
BRDA:697,73,0,0
BRDA:697,73,1,0
BRF:159
BRH:100
end_of_record
TN:
SF:src/services/thermal-model/index.ts
FN:8,(anonymous_0)
FN:12,(anonymous_1)
FN:15,(anonymous_2)
FN:19,(anonymous_3)
FNF:4
FNH:3
FNDA:51,(anonymous_0)
FNDA:96,(anonymous_1)
FNDA:0,(anonymous_2)
FNDA:51,(anonymous_3)
DA:8,17
DA:9,51
DA:10,51
DA:11,51
DA:12,96
DA:14,51
DA:16,0
DA:17,0
DA:19,17
DA:20,53
DA:22,17
DA:23,17
DA:24,17
DA:25,17
LF:14
LH:12
BRDA:8,0,0,17
BRDA:8,0,1,17
BRDA:8,0,2,17
BRDA:8,1,0,17
BRDA:8,1,1,0
BRDA:9,2,0,51
BRDA:9,2,1,0
BRDA:11,3,0,51
BRDA:11,3,1,0
BRDA:11,4,0,51
BRDA:11,4,1,51
BRDA:11,5,0,0
BRDA:11,5,1,51
BRDA:11,6,0,51
BRDA:11,6,1,0
BRDA:16,7,0,0
BRDA:16,7,1,0
BRDA:19,8,0,17
BRDA:19,8,1,17
BRDA:19,8,2,17
BRDA:20,9,0,51
BRDA:20,9,1,2
BRDA:20,10,0,53
BRDA:20,10,1,53
BRF:24
BRH:17
end_of_record
TN:
SF:src/services/thermal-model/thermal-analyzer.ts
FN:14,(anonymous_0)
FN:37,(anonymous_1)
FN:51,(anonymous_2)
FN:58,(anonymous_3)
FN:120,(anonymous_4)
FN:125,(anonymous_5)
FN:129,(anonymous_6)
FN:133,(anonymous_7)
FN:147,(anonymous_8)
FN:178,(anonymous_9)
FN:203,(anonymous_10)
FN:265,(anonymous_11)
FNF:12
FNH:11
FNDA:33,(anonymous_0)
FNDA:32,(anonymous_1)
FNDA:2,(anonymous_2)
FNDA:23,(anonymous_3)
FNDA:12,(anonymous_4)
FNDA:3,(anonymous_5)
FNDA:23,(anonymous_6)
FNDA:0,(anonymous_7)
FNDA:23,(anonymous_8)
FNDA:3,(anonymous_9)
FNDA:4,(anonymous_10)
FNDA:6,(anonymous_11)
DA:8,17
DA:9,17
DA:10,17
DA:12,17
DA:15,33
DA:16,33
DA:18,33
DA:19,33
DA:20,1
DA:21,1
DA:22,1
DA:25,0
DA:26,0
DA:30,32
DA:31,32
DA:38,32
DA:52,2
DA:53,1
DA:54,1
DA:56,1
DA:58,23
DA:60,1
DA:61,1
DA:62,1
DA:63,1
DA:64,1
DA:65,23
DA:66,23
DA:68,23
DA:70,23
DA:71,0
DA:73,23
DA:75,23
DA:77,23
DA:79,23
DA:81,12
DA:82,12
DA:83,12
DA:86,11
DA:88,3
DA:89,3
DA:90,3
DA:91,3
DA:92,3
DA:97,23
DA:98,23
DA:99,23
DA:100,23
DA:104,23
DA:105,23
DA:108,23
DA:109,23
DA:110,23
DA:111,0
DA:112,0
DA:113,0
DA:119,1
DA:120,12
DA:122,1
DA:124,1
DA:125,3
DA:126,1
DA:128,1
DA:129,23
DA:130,1
DA:132,1
DA:133,0
DA:134,0
DA:137,1
DA:138,1
DA:139,23
DA:140,23
DA:142,23
DA:143,23
DA:146,1
DA:147,23
DA:150,1
DA:151,1
DA:154,1
DA:155,1
DA:157,1
DA:159,1
DA:160,1
DA:161,1
DA:164,0
DA:166,1
DA:167,1
DA:179,3
DA:180,3
DA:181,3
DA:183,2
DA:184,2
DA:185,2
DA:189,1
DA:190,1
DA:192,1
DA:193,1
DA:196,3
DA:197,3
DA:198,3
DA:204,4
DA:206,1
DA:212,3
DA:213,3
DA:215,2
DA:216,2
DA:217,2
DA:218,0
DA:224,2
DA:225,2
DA:226,2
DA:234,1
DA:235,1
DA:237,1
DA:238,1
DA:244,0
DA:246,0
DA:247,0
DA:253,0
DA:254,0
DA:255,0
DA:266,6
DA:269,17
LF:123
LH:107
BRDA:19,0,0,1
BRDA:19,0,1,32
BRDA:52,1,0,1
BRDA:52,1,1,1
BRDA:70,2,0,0
BRDA:70,2,1,23
BRDA:79,3,0,12
BRDA:79,3,1,11
BRDA:79,4,0,23
BRDA:79,4,1,12
BRDA:82,5,0,12
BRDA:82,5,1,0
BRDA:82,6,0,12
BRDA:82,6,1,12
BRDA:86,7,0,3
BRDA:86,7,1,8
BRDA:86,8,0,11
BRDA:86,8,1,11
BRDA:89,9,0,3
BRDA:89,9,1,0
BRDA:91,10,0,3
BRDA:91,10,1,0
BRDA:91,11,0,3
BRDA:91,11,1,3
BRDA:97,12,0,23
BRDA:97,12,1,0
BRDA:99,13,0,23
BRDA:99,13,1,0
BRDA:99,14,0,23
BRDA:99,14,1,23
BRDA:104,15,0,23
BRDA:104,15,1,0
BRDA:110,16,0,0
BRDA:110,16,1,23
BRDA:112,17,0,0
BRDA:112,17,1,0
BRDA:112,18,0,0
BRDA:112,18,1,0
BRDA:119,19,0,1
BRDA:119,19,1,0
BRDA:124,20,0,1
BRDA:124,20,1,0
BRDA:128,21,0,1
BRDA:128,21,1,0
BRDA:132,22,0,0
BRDA:132,22,1,1
BRDA:142,23,0,23
BRDA:142,23,1,0
BRDA:146,24,0,1
BRDA:146,24,1,0
BRDA:181,25,0,2
BRDA:181,25,1,1
BRDA:181,26,0,3
BRDA:181,26,1,2
BRDA:204,27,0,1
BRDA:204,27,1,3
BRDA:213,28,0,2
BRDA:213,28,1,1
BRDA:217,29,0,0
BRDA:217,29,1,2
BRDA:237,30,0,1
BRDA:237,30,1,0
BRDA:246,31,0,0
BRDA:246,31,1,0
BRF:64
BRH:42
end_of_record
TN:
SF:src/services/thermal-model/thermal-model-service.ts
FN:16,(anonymous_0)
FN:32,(anonymous_1)
FN:34,(anonymous_2)
FN:39,(anonymous_3)
FN:43,(anonymous_4)
FN:47,(anonymous_5)
FN:58,(anonymous_6)
FN:110,(anonymous_7)
FN:148,(anonymous_8)
FN:201,(anonymous_9)
FN:224,(anonymous_10)
FN:225,(anonymous_11)
FN:226,(anonymous_12)
FN:238,(anonymous_13)
FN:241,(anonymous_14)
FN:244,(anonymous_15)
FN:344,(anonymous_16)
FN:364,(anonymous_17)
FN:384,(anonymous_18)
FN:396,(anonymous_19)
FN:439,(anonymous_20)
FN:483,(anonymous_21)
FN:532,(anonymous_22)
FN:567,(anonymous_23)
FNF:24
FNH:17
FNDA:33,(anonymous_0)
FNDA:33,(anonymous_1)
FNDA:0,(anonymous_2)
FNDA:0,(anonymous_3)
FNDA:0,(anonymous_4)
FNDA:0,(anonymous_5)
FNDA:6,(anonymous_6)
FNDA:5,(anonymous_7)
FNDA:1,(anonymous_8)
FNDA:4,(anonymous_9)
FNDA:3,(anonymous_10)
FNDA:3,(anonymous_11)
FNDA:3,(anonymous_12)
FNDA:1,(anonymous_13)
FNDA:1,(anonymous_14)
FNDA:1,(anonymous_15)
FNDA:1,(anonymous_16)
FNDA:2,(anonymous_17)
FNDA:0,(anonymous_18)
FNDA:1,(anonymous_19)
FNDA:5,(anonymous_20)
FNDA:2,(anonymous_21)
FNDA:0,(anonymous_22)
FNDA:0,(anonymous_23)
DA:9,17
DA:10,17
DA:11,17
DA:12,17
DA:13,17
DA:14,17
DA:17,33
DA:18,33
DA:19,33
DA:20,33
DA:21,33
DA:22,33
DA:26,33
DA:34,33
DA:35,0
DA:39,33
DA:40,0
DA:43,33
DA:44,0
DA:47,33
DA:48,0
DA:50,33
DA:59,6
DA:61,6
DA:62,6
DA:64,6
DA:65,5
DA:66,5
DA:67,3
DA:68,3
DA:79,2
DA:82,2
DA:84,1
DA:86,1
DA:87,1
DA:88,1
DA:89,1
DA:90,1
DA:93,2
DA:94,2
DA:111,5
DA:113,5
DA:116,5
DA:123,5
DA:125,5
DA:127,5
DA:128,5
DA:129,5
DA:130,3
DA:131,3
DA:132,3
DA:134,3
DA:137,2
DA:150,1
DA:151,1
DA:152,1
DA:153,1
DA:154,1
DA:155,1
DA:156,0
DA:159,1
DA:161,1
DA:163,1
DA:165,1
DA:168,0
DA:169,0
DA:170,0
DA:173,0
DA:174,0
DA:176,0
DA:177,0
DA:179,0
DA:181,0
DA:183,0
DA:186,0
DA:189,0
DA:205,4
DA:206,4
DA:207,4
DA:208,4
DA:209,4
DA:210,3
DA:212,3
DA:220,3
DA:221,2
DA:224,3
DA:225,3
DA:226,3
DA:228,1
DA:229,0
DA:236,1
DA:238,1
DA:241,1
DA:244,1
DA:246,1
DA:248,0
DA:249,0
DA:257,1
DA:259,1
DA:260,1
DA:262,1
DA:263,1
DA:274,0
DA:275,0
DA:276,0
DA:277,0
DA:281,0
DA:282,0
DA:286,0
DA:289,0
DA:296,0
DA:298,0
DA:299,0
DA:301,0
DA:303,0
DA:305,0
DA:315,0
DA:323,0
DA:328,1
DA:331,1
DA:332,1
DA:345,1
DA:346,1
DA:348,1
DA:351,1
DA:353,1
DA:354,1
DA:357,0
DA:358,0
DA:365,2
DA:366,2
DA:369,1
DA:370,1
DA:385,0
DA:398,1
DA:399,1
DA:401,1
DA:402,1
DA:403,1
DA:405,1
DA:411,1
DA:412,1
DA:419,1
DA:422,0
DA:424,0
DA:425,0
DA:428,0
DA:440,5
DA:442,5
DA:443,5
DA:446,0
DA:449,5
DA:450,1
DA:451,1
DA:452,1
DA:454,5
DA:455,5
DA:456,4
DA:457,4
DA:459,4
DA:460,4
DA:461,4
DA:462,4
DA:465,4
DA:466,4
DA:467,4
DA:470,1
DA:472,4
DA:475,1
DA:484,2
DA:486,2
DA:487,0
DA:490,2
DA:491,2
DA:492,2
DA:493,2
DA:494,2
DA:496,2
DA:502,2
DA:503,2
DA:511,2
DA:520,2
DA:521,1
DA:524,1
DA:525,1
DA:533,0
DA:535,0
DA:537,0
DA:538,0
DA:544,0
DA:545,0
DA:568,0
DA:570,0
DA:572,0
DA:574,0
DA:575,0
DA:587,0
DA:588,0
DA:601,17
LF:199
LH:141
BRDA:66,0,0,3
BRDA:66,0,1,2
BRDA:155,1,0,0
BRDA:155,1,1,1
BRDA:161,2,0,1
BRDA:161,2,1,0
BRDA:165,3,0,1
BRDA:165,3,1,0
BRDA:169,4,0,0
BRDA:169,4,1,0
BRDA:181,5,0,0
BRDA:181,5,1,0
BRDA:183,6,0,0
BRDA:183,6,1,0
BRDA:220,7,0,2
BRDA:220,7,1,1
BRDA:228,8,0,0
BRDA:228,8,1,1
BRDA:228,9,0,1
BRDA:228,9,1,1
BRDA:238,10,0,1
BRDA:238,10,1,1
BRDA:241,11,0,1
BRDA:241,11,1,0
BRDA:246,12,0,0
BRDA:246,12,1,1
BRDA:246,13,0,1
BRDA:246,13,1,0
BRDA:257,14,0,1
BRDA:257,14,1,0
BRDA:260,15,0,1
BRDA:260,15,1,0
BRDA:275,16,0,0
BRDA:275,16,1,0
BRDA:275,17,0,0
BRDA:275,17,1,0
BRDA:281,18,0,0
BRDA:281,18,1,0
BRDA:296,19,0,0
BRDA:296,19,1,0
BRDA:299,20,0,0
BRDA:299,20,1,0
BRDA:299,21,0,0
BRDA:299,21,1,0
BRDA:303,22,0,0
BRDA:303,22,1,0
BRDA:411,23,0,1
BRDA:411,23,1,0
BRDA:413,24,0,1
BRDA:413,24,1,0
BRDA:414,25,0,1
BRDA:414,25,1,0
BRDA:415,26,0,1
BRDA:415,26,1,0
BRDA:416,27,0,1
BRDA:416,27,1,1
BRDA:424,28,0,0
BRDA:424,28,1,0
BRDA:449,29,0,1
BRDA:449,29,1,4
BRDA:454,30,0,5
BRDA:454,30,1,0
BRDA:459,31,0,4
BRDA:459,31,1,0
BRDA:486,32,0,0
BRDA:486,32,1,2
BRDA:490,33,0,2
BRDA:490,33,1,0
BRDA:496,34,0,2
BRDA:496,34,1,0
BRDA:502,35,0,2
BRDA:502,35,1,0
BRF:72
BRH:31
end_of_record
TN:
SF:src/types/index.ts
FN:7,isError
FN:10,isMelCloudDevice
FN:16,isTibberPriceInfo
FNF:3
FNH:1
FNDA:11,isError
FNDA:0,isMelCloudDevice
FNDA:0,isTibberPriceInfo
DA:2,13
DA:3,13
DA:4,13
DA:5,13
DA:8,11
DA:11,0
DA:17,0
LF:7
LH:5
BRDA:11,0,0,0
BRDA:11,0,1,0
BRDA:11,0,2,0
BRDA:11,0,3,0
BRDA:17,1,0,0
BRDA:17,1,1,0
BRDA:17,1,2,0
BRDA:17,1,3,0
BRDA:17,1,4,0
BRF:9
BRH:0
end_of_record
TN:
SF:src/util/circuit-breaker.ts
FN:14,(anonymous_0)
FN:43,(anonymous_1)
FN:69,(anonymous_2)
FN:99,(anonymous_3)
FN:105,(anonymous_4)
FN:106,(anonymous_5)
FN:115,(anonymous_6)
FN:136,(anonymous_7)
FN:153,(anonymous_8)
FN:166,(anonymous_9)
FN:173,(anonymous_10)
FN:182,(anonymous_11)
FN:192,(anonymous_12)
FN:193,(anonymous_13)
FN:201,(anonymous_14)
FN:207,(anonymous_15)
FN:221,(anonymous_16)
FN:226,(anonymous_17)
FN:229,(anonymous_18)
FNF:19
FNH:18
FNDA:20,(anonymous_0)
FNDA:75,(anonymous_1)
FNDA:42,(anonymous_2)
FNDA:41,(anonymous_3)
FNDA:41,(anonymous_4)
FNDA:2,(anonymous_5)
FNDA:31,(anonymous_6)
FNDA:5,(anonymous_7)
FNDA:1,(anonymous_8)
FNDA:1,(anonymous_9)
FNDA:1,(anonymous_10)
FNDA:1,(anonymous_11)
FNDA:72,(anonymous_12)
FNDA:0,(anonymous_13)
FNDA:5,(anonymous_14)
FNDA:3,(anonymous_15)
FNDA:36,(anonymous_16)
FNDA:229,(anonymous_17)
FNDA:223,(anonymous_18)
DA:8,20
DA:9,20
DA:14,20
DA:15,20
DA:16,20
DA:17,20
DA:22,20
DA:44,75
DA:45,75
DA:46,75
DA:47,75
DA:48,75
DA:49,75
DA:50,75
DA:52,75
DA:53,75
DA:54,75
DA:55,75
DA:56,75
DA:57,75
DA:59,75
DA:60,72
DA:71,42
DA:73,1
DA:74,0
DA:77,1
DA:78,1
DA:81,41
DA:83,41
DA:85,31
DA:86,31
DA:90,5
DA:91,5
DA:100,41
DA:101,0
DA:103,41
DA:106,41
DA:107,2
DA:116,31
DA:117,1
DA:118,1
DA:119,1
DA:120,1
DA:125,30
DA:126,30
DA:127,30
DA:130,31
DA:137,5
DA:138,5
DA:139,5
DA:140,5
DA:142,5
DA:143,5
DA:144,1
DA:146,4
DA:147,0
DA:154,1
DA:155,1
DA:156,1
DA:157,1
DA:158,1
DA:160,1
DA:161,1
DA:163,1
DA:164,0
DA:166,1
DA:167,1
DA:174,1
DA:175,1
DA:176,1
DA:177,1
DA:183,1
DA:184,1
DA:185,1
DA:186,1
DA:187,1
DA:193,72
DA:194,0
DA:202,5
DA:208,3
DA:209,1
DA:210,1
DA:212,3
DA:213,0
DA:214,0
DA:222,36
DA:223,36
DA:225,36
DA:226,229
DA:228,36
DA:229,223
DA:230,33
DA:231,33
DA:232,11
DA:234,11
DA:236,10
DA:238,1
DA:240,1
DA:242,0
DA:244,0
DA:248,0
DA:250,11
DA:255,20
LF:103
LH:93
BRDA:18,0,0,20
BRDA:18,0,1,20
BRDA:43,1,0,0
BRDA:59,2,0,72
BRDA:59,2,1,3
BRDA:59,3,0,75
BRDA:59,3,1,72
BRDA:71,4,0,1
BRDA:71,4,1,41
BRDA:73,5,0,0
BRDA:73,5,1,1
BRDA:100,6,0,0
BRDA:100,6,1,41
BRDA:116,7,0,1
BRDA:116,7,1,30
BRDA:119,8,0,1
BRDA:119,8,1,0
BRDA:119,9,0,1
BRDA:119,9,1,0
BRDA:139,10,0,5
BRDA:139,10,1,0
BRDA:143,11,0,1
BRDA:143,11,1,4
BRDA:143,12,0,5
BRDA:143,12,1,5
BRDA:146,13,0,0
BRDA:146,13,1,4
BRDA:160,14,0,1
BRDA:160,14,1,0
BRDA:160,15,0,1
BRDA:160,15,1,0
BRDA:163,16,0,0
BRDA:163,16,1,1
BRDA:208,17,0,1
BRDA:208,17,1,2
BRDA:212,18,0,0
BRDA:212,18,1,3
BRDA:225,19,0,36
BRDA:225,19,1,0
BRDA:228,20,0,33
BRDA:228,20,1,3
BRDA:231,21,0,11
BRDA:231,21,1,22
BRDA:234,22,0,10
BRDA:234,22,1,1
BRDA:238,23,0,1
BRDA:238,23,1,0
BRDA:242,24,0,0
BRDA:242,24,1,0
BRF:49
BRH:34
end_of_record
TN:
SF:src/util/enhanced-savings-calculator.ts
FN:13,(anonymous_0)
FN:23,(anonymous_1)
FN:28,(anonymous_2)
FN:33,(anonymous_3)
FN:90,(anonymous_4)
FN:99,(anonymous_5)
FN:111,(anonymous_6)
FN:115,(anonymous_7)
FN:125,(anonymous_8)
FN:144,(anonymous_9)
FN:150,(anonymous_10)
FN:164,(anonymous_11)
FN:185,(anonymous_12)
FN:204,(anonymous_13)
FN:207,(anonymous_14)
FN:208,(anonymous_15)
FN:216,(anonymous_16)
FNF:17
FNH:17
FNDA:87,(anonymous_0)
FNDA:4,(anonymous_1)
FNDA:4,(anonymous_2)
FNDA:4,(anonymous_3)
FNDA:4,(anonymous_4)
FNDA:4,(anonymous_5)
FNDA:2,(anonymous_6)
FNDA:4,(anonymous_7)
FNDA:2,(anonymous_8)
FNDA:4,(anonymous_9)
FNDA:3,(anonymous_10)
FNDA:4,(anonymous_11)
FNDA:4,(anonymous_12)
FNDA:1,(anonymous_13)
FNDA:3,(anonymous_14)
FNDA:3,(anonymous_15)
FNDA:4,(anonymous_16)
DA:10,14
DA:11,14
DA:14,87
DA:24,4
DA:26,4
DA:27,4
DA:28,4
DA:29,4
DA:30,4
DA:33,4
DA:35,4
DA:37,4
DA:38,4
DA:40,4
DA:42,4
DA:44,4
DA:45,4
DA:58,4
DA:67,3
DA:70,1
DA:72,1
DA:91,4
DA:92,2
DA:95,2
DA:97,2
DA:99,4
DA:101,2
DA:103,2
DA:104,2
DA:106,2
DA:112,2
DA:113,0
DA:115,2
DA:116,4
DA:120,2
DA:126,2
DA:127,1
DA:129,1
DA:130,1
DA:131,2
DA:132,2
DA:133,2
DA:134,2
DA:137,1
DA:139,1
DA:145,4
DA:146,0
DA:148,4
DA:149,1
DA:150,3
DA:152,1
DA:154,1
DA:155,1
DA:158,3
DA:159,3
DA:167,4
DA:168,4
DA:169,88
DA:170,88
DA:171,20
DA:173,68
DA:174,32
DA:177,36
DA:180,4
DA:186,4
DA:188,4
DA:189,4
DA:191,4
DA:192,4
DA:194,4
DA:195,1
DA:196,1
DA:197,1
DA:199,4
DA:205,1
DA:206,0
DA:207,3
DA:208,1
DA:209,3
DA:211,1
DA:217,4
DA:218,2
DA:220,2
DA:221,1
DA:223,1
DA:224,1
DA:227,0
DA:231,14
LF:88
LH:84
BRDA:23,0,0,0
BRDA:23,1,0,0
BRDA:30,2,0,4
BRDA:30,2,1,4
BRDA:33,3,0,4
BRDA:33,3,1,0
BRDA:91,4,0,2
BRDA:91,4,1,2
BRDA:99,5,0,4
BRDA:99,5,1,0
BRDA:112,6,0,0
BRDA:112,6,1,2
BRDA:126,7,0,1
BRDA:126,7,1,1
BRDA:133,8,0,2
BRDA:133,8,1,0
BRDA:145,9,0,0
BRDA:145,9,1,4
BRDA:148,10,0,1
BRDA:148,10,1,3
BRDA:170,11,0,20
BRDA:170,11,1,68
BRDA:170,12,0,88
BRDA:170,12,1,28
BRDA:173,13,0,32
BRDA:173,13,1,36
BRDA:173,14,0,68
BRDA:173,14,1,64
BRDA:194,15,0,1
BRDA:194,15,1,3
BRDA:205,16,0,0
BRDA:205,16,1,1
BRDA:217,17,0,2
BRDA:217,17,1,2
BRDA:220,18,0,1
BRDA:220,18,1,1
BRDA:223,19,0,1
BRDA:223,19,1,0
BRF:38
BRH:29
end_of_record
TN:
SF:src/util/error-handler.ts
FN:16,(anonymous_0)
FN:29,(anonymous_1)
FN:46,isError
FN:52,isAppError
FN:59,(anonymous_4)
FN:67,(anonymous_5)
FN:123,(anonymous_6)
FN:146,(anonymous_7)
FN:179,(anonymous_8)
FN:194,(anonymous_9)
FNF:10
FNH:8
FNDA:20,(anonymous_0)
FNDA:15,(anonymous_1)
FNDA:30,isError
FNDA:21,isAppError
FNDA:72,(anonymous_4)
FNDA:15,(anonymous_5)
FNDA:21,(anonymous_6)
FNDA:6,(anonymous_7)
FNDA:0,(anonymous_8)
FNDA:0,(anonymous_9)
DA:8,20
DA:9,20
DA:10,20
DA:11,20
DA:16,20
DA:17,20
DA:18,20
DA:19,20
DA:20,20
DA:21,20
DA:22,20
DA:23,20
DA:30,15
DA:31,15
DA:32,15
DA:33,15
DA:34,15
DA:35,15
DA:37,15
DA:38,15
DA:42,20
DA:47,30
DA:53,21
DA:60,72
DA:68,15
DA:69,0
DA:71,15
DA:73,15
DA:80,2
DA:83,13
DA:90,3
DA:93,10
DA:98,2
DA:101,8
DA:105,0
DA:108,8
DA:112,0
DA:114,8
DA:125,21
DA:126,6
DA:127,0
DA:129,6
DA:132,15
DA:133,15
DA:136,15
DA:147,6
DA:149,6
DA:156,6
DA:158,0
DA:159,0
DA:161,1
DA:162,1
DA:164,0
DA:165,0
DA:167,5
DA:169,6
DA:180,0
DA:182,0
DA:184,0
DA:185,0
DA:187,0
DA:195,0
DA:196,0
DA:199,0
DA:202,20
LF:65
LH:49
BRDA:24,0,0,20
BRDA:24,0,1,20
BRDA:29,1,0,0
BRDA:29,2,0,0
BRDA:37,3,0,15
BRDA:37,3,1,0
BRDA:68,4,0,0
BRDA:68,4,1,15
BRDA:73,5,0,2
BRDA:73,5,1,13
BRDA:73,6,0,15
BRDA:73,6,1,13
BRDA:73,6,2,13
BRDA:73,6,3,13
BRDA:73,6,4,13
BRDA:73,6,5,13
BRDA:73,6,6,13
BRDA:83,7,0,3
BRDA:83,7,1,10
BRDA:83,8,0,13
BRDA:83,8,1,13
BRDA:83,8,2,11
BRDA:83,8,3,11
BRDA:83,8,4,11
BRDA:83,8,5,11
BRDA:83,8,6,10
BRDA:93,9,0,2
BRDA:93,9,1,8
BRDA:93,10,0,10
BRDA:93,10,1,10
BRDA:93,10,2,10
BRDA:93,10,3,10
BRDA:93,10,4,10
BRDA:101,11,0,0
BRDA:101,11,1,8
BRDA:101,12,0,8
BRDA:101,12,1,8
BRDA:101,12,2,8
BRDA:101,12,3,8
BRDA:108,13,0,0
BRDA:108,13,1,8
BRDA:108,14,0,8
BRDA:108,14,1,8
BRDA:108,14,2,8
BRDA:108,14,3,8
BRDA:125,15,0,6
BRDA:125,15,1,15
BRDA:126,16,0,0
BRDA:126,16,1,6
BRDA:133,17,0,15
BRDA:133,17,1,0
BRDA:134,18,0,15
BRDA:134,18,1,11
BRDA:135,19,0,0
BRDA:135,19,1,0
BRDA:152,20,0,6
BRDA:152,20,1,0
BRDA:156,21,0,0
BRDA:156,21,1,1
BRDA:156,21,2,0
BRDA:156,21,3,5
BRDA:161,22,0,1
BRDA:161,22,1,0
BRDA:167,23,0,5
BRDA:167,23,1,0
BRDA:179,24,0,0
BRDA:184,25,0,0
BRDA:184,25,1,0
BRDA:195,26,0,0
BRDA:195,26,1,0
BRF:70
BRH:50
end_of_record
TN:
SF:src/util/logger.ts
FN:6,(anonymous_0)
FN:17,(anonymous_1)
FN:29,isRunningInDevMode
FN:45,getFormattedTimestamp
FN:54,formatValue
FN:82,(anonymous_5)
FN:100,(anonymous_6)
FN:113,(anonymous_7)
FN:119,(anonymous_8)
FN:126,(anonymous_9)
FN:134,(anonymous_10)
FN:140,(anonymous_11)
FN:147,(anonymous_12)
FN:154,(anonymous_13)
FN:160,(anonymous_14)
FN:172,(anonymous_15)
FN:181,(anonymous_16)
FN:193,(anonymous_17)
FN:202,(anonymous_18)
FN:213,(anonymous_19)
FN:233,(anonymous_20)
FN:259,(anonymous_21)
FN:273,(anonymous_22)
FN:282,(anonymous_23)
FNF:24
FNH:23
FNDA:11,(anonymous_0)
FNDA:11,(anonymous_1)
FNDA:79,isRunningInDevMode
FNDA:301,getFormattedTimestamp
FNDA:24,formatValue
FNDA:113,(anonymous_5)
FNDA:301,(anonymous_6)
FNDA:15,(anonymous_7)
FNDA:10,(anonymous_8)
FNDA:2,(anonymous_9)
FNDA:0,(anonymous_10)
FNDA:1,(anonymous_11)
FNDA:4,(anonymous_12)
FNDA:178,(anonymous_13)
FNDA:7,(anonymous_14)
FNDA:1,(anonymous_15)
FNDA:136,(anonymous_16)
FNDA:2,(anonymous_17)
FNDA:2,(anonymous_18)
FNDA:3,(anonymous_19)
FNDA:19,(anonymous_20)
FNDA:2,(anonymous_21)
FNDA:13,(anonymous_22)
FNDA:17,(anonymous_23)
DA:2,11
DA:3,11
DA:4,11
DA:6,11
DA:7,11
DA:8,11
DA:9,11
DA:10,11
DA:11,11
DA:17,11
DA:18,11
DA:19,11
DA:20,11
DA:21,11
DA:22,11
DA:23,11
DA:31,79
DA:32,3
DA:36,76
DA:37,1
DA:39,75
DA:46,301
DA:47,301
DA:55,24
DA:56,1
DA:57,23
DA:58,1
DA:59,22
DA:60,10
DA:61,1
DA:63,9
DA:64,1
DA:66,8
DA:67,2
DA:68,1
DA:70,1
DA:72,6
DA:73,6
DA:76,0
DA:79,12
DA:83,113
DA:84,113
DA:85,113
DA:86,113
DA:87,113
DA:88,113
DA:89,113
DA:91,113
DA:93,113
DA:95,113
DA:101,301
DA:102,301
DA:103,301
DA:105,301
DA:106,301
DA:108,301
DA:114,15
DA:120,10
DA:121,10
DA:127,2
DA:128,2
DA:135,0
DA:141,1
DA:142,1
DA:148,4
DA:149,4
DA:155,178
DA:161,7
DA:163,6
DA:165,6
DA:173,1
DA:175,1
DA:182,136
DA:184,128
DA:185,128
DA:186,8
DA:194,2
DA:195,1
DA:196,1
DA:203,2
DA:204,1
DA:205,1
DA:214,3
DA:216,2
DA:217,1
DA:220,1
DA:222,2
DA:223,2
DA:234,19
DA:236,18
DA:237,16
DA:238,1
DA:241,15
DA:244,2
DA:245,0
DA:248,2
DA:250,18
DA:251,5
DA:252,5
DA:260,2
DA:262,2
DA:264,2
DA:267,1
DA:275,13
DA:283,17
DA:284,1
DA:286,16
DA:288,16
DA:290,16
DA:292,0
DA:294,0
DA:295,0
DA:297,0
DA:298,0
DA:301,0
DA:302,0
DA:307,16
DA:315,1
DA:319,11
LF:119
LH:109
BRDA:12,0,0,11
BRDA:12,0,1,11
BRDA:24,1,0,11
BRDA:24,1,1,11
BRDA:31,2,0,3
BRDA:31,2,1,76
BRDA:36,3,0,1
BRDA:36,3,1,75
BRDA:36,4,0,76
BRDA:36,4,1,75
BRDA:55,5,0,1
BRDA:55,5,1,23
BRDA:57,6,0,1
BRDA:57,6,1,22
BRDA:59,7,0,10
BRDA:59,7,1,12
BRDA:60,8,0,1
BRDA:60,8,1,9
BRDA:61,9,0,1
BRDA:61,9,1,0
BRDA:63,10,0,1
BRDA:63,10,1,8
BRDA:66,11,0,2
BRDA:66,11,1,6
BRDA:67,12,0,1
BRDA:67,12,1,1
BRDA:82,13,0,0
BRDA:84,14,0,113
BRDA:84,14,1,0
BRDA:85,15,0,113
BRDA:85,15,1,0
BRDA:86,16,0,113
BRDA:86,16,1,0
BRDA:87,17,0,113
BRDA:87,17,1,0
BRDA:88,18,0,113
BRDA:88,18,1,37
BRDA:89,19,0,113
BRDA:89,19,1,37
BRDA:91,20,0,113
BRDA:91,20,1,76
BRDA:93,21,0,113
BRDA:93,21,1,113
BRDA:102,22,0,301
BRDA:102,22,1,0
BRDA:105,23,0,301
BRDA:105,23,1,0
BRDA:105,24,0,301
BRDA:105,24,1,301
BRDA:128,25,0,1
BRDA:128,25,1,1
BRDA:161,26,0,6
BRDA:161,26,1,1
BRDA:161,27,0,7
BRDA:161,27,1,6
BRDA:163,28,0,6
BRDA:163,28,1,0
BRDA:173,29,0,1
BRDA:173,29,1,0
BRDA:173,30,0,1
BRDA:173,30,1,1
BRDA:182,31,0,128
BRDA:182,31,1,8
BRDA:182,32,0,136
BRDA:182,32,1,128
BRDA:185,33,0,8
BRDA:185,33,1,120
BRDA:194,34,0,1
BRDA:194,34,1,1
BRDA:194,35,0,2
BRDA:194,35,1,2
BRDA:195,36,0,1
BRDA:195,36,1,0
BRDA:196,37,0,1
BRDA:196,37,1,0
BRDA:203,38,0,1
BRDA:203,38,1,1
BRDA:203,39,0,2
BRDA:203,39,1,2
BRDA:204,40,0,1
BRDA:204,40,1,0
BRDA:205,41,0,1
BRDA:205,41,1,0
BRDA:214,42,0,2
BRDA:214,42,1,1
BRDA:214,43,0,3
BRDA:214,43,1,2
BRDA:216,44,0,1
BRDA:216,44,1,1
BRDA:222,45,0,2
BRDA:222,45,1,0
BRDA:234,46,0,18
BRDA:234,46,1,1
BRDA:234,47,0,19
BRDA:234,47,1,18
BRDA:236,48,0,16
BRDA:236,48,1,2
BRDA:237,49,0,1
BRDA:237,49,1,15
BRDA:244,50,0,0
BRDA:244,50,1,2
BRDA:250,51,0,5
BRDA:250,51,1,13
BRDA:251,52,0,3
BRDA:251,52,1,2
BRDA:251,53,0,0
BRDA:251,53,1,2
BRDA:252,54,0,3
BRDA:252,54,1,2
BRDA:282,55,0,10
BRDA:283,56,0,1
BRDA:283,56,1,16
BRDA:290,57,0,0
BRDA:290,57,1,16
BRDA:292,58,0,0
BRDA:292,58,1,0
BRDA:292,58,2,0
BRDA:292,58,3,0
BRF:118
BRH:96
end_of_record
TN:
SF:src/util/time-zone-helper.ts
FN:15,(anonymous_0)
FN:25,(anonymous_1)
FN:34,(anonymous_2)
FN:68,(anonymous_3)
FN:76,(anonymous_4)
FN:89,(anonymous_5)
FNF:6
FNH:6
FNDA:76,(anonymous_0)
FNDA:1,(anonymous_1)
FNDA:1,(anonymous_2)
FNDA:1,(anonymous_3)
FNDA:2,(anonymous_4)
FNDA:1,(anonymous_5)
DA:2,20
DA:3,20
DA:16,76
DA:17,76
DA:18,76
DA:26,1
DA:27,1
DA:28,1
DA:36,1
DA:38,1
DA:39,1
DA:41,1
DA:43,1
DA:45,1
DA:46,1
DA:47,1
DA:48,1
DA:52,1
DA:53,1
DA:55,1
DA:56,1
DA:69,1
DA:70,1
DA:77,2
DA:78,1
DA:79,1
DA:80,1
DA:81,1
DA:91,1
DA:92,1
DA:94,1
DA:95,1
DA:96,1
DA:97,1
DA:101,1
DA:107,1
DA:108,1
DA:111,20
LF:38
LH:38
BRDA:15,0,0,72
BRDA:15,1,0,72
BRDA:43,2,0,1
BRDA:43,2,1,0
BRDA:46,3,0,1
BRDA:46,3,1,0
BRDA:46,4,0,1
BRDA:46,4,1,1
BRDA:55,5,0,1
BRDA:55,5,1,0
BRDA:70,6,0,1
BRDA:70,6,1,0
BRDA:77,7,0,1
BRDA:77,7,1,1
BRDA:81,8,0,1
BRDA:81,8,1,1
BRDA:94,9,0,1
BRDA:94,9,1,0
BRDA:96,10,0,1
BRDA:96,10,1,0
BRDA:96,11,0,1
BRDA:96,11,1,1
BRF:22
BRH:16
end_of_record
TN:
SF:src/util/timeline-helper.ts
FN:19,(anonymous_0)
FN:41,(anonymous_1)
FN:113,(anonymous_2)
FN:123,(anonymous_3)
FN:153,(anonymous_4)
FN:165,(anonymous_5)
FN:176,(anonymous_6)
FN:252,(anonymous_7)
FN:296,(anonymous_8)
FN:320,(anonymous_9)
FN:341,(anonymous_10)
FN:363,(anonymous_11)
FN:388,(anonymous_12)
FN:398,(anonymous_13)
FN:414,(anonymous_14)
FN:430,(anonymous_15)
FN:446,(anonymous_16)
FNF:17
FNH:9
FNDA:1,(anonymous_0)
FNDA:4,(anonymous_1)
FNDA:7,(anonymous_2)
FNDA:7,(anonymous_3)
FNDA:19,(anonymous_4)
FNDA:4,(anonymous_5)
FNDA:0,(anonymous_6)
FNDA:4,(anonymous_7)
FNDA:4,(anonymous_8)
FNDA:4,(anonymous_9)
FNDA:0,(anonymous_10)
FNDA:0,(anonymous_11)
FNDA:0,(anonymous_12)
FNDA:0,(anonymous_13)
FNDA:0,(anonymous_14)
FNDA:0,(anonymous_15)
FNDA:0,(anonymous_16)
DA:7,7
DA:8,7
DA:20,1
DA:23,0
DA:26,1
DA:27,1
DA:28,1
DA:29,1
DA:31,1
DA:34,0
DA:43,4
DA:44,4
DA:45,1
DA:48,3
DA:49,3
DA:50,3
DA:51,1
DA:52,1
DA:53,1
DA:57,2
DA:58,2
DA:59,2
DA:60,1
DA:64,1
DA:67,7
DA:86,7
DA:113,7
DA:114,7
DA:115,7
DA:116,7
DA:117,7
DA:123,7
DA:125,7
DA:126,7
DA:127,7
DA:128,7
DA:130,7
DA:131,7
DA:132,7
DA:133,7
DA:135,7
DA:136,7
DA:137,7
DA:138,7
DA:139,7
DA:140,7
DA:142,7
DA:154,19
DA:155,19
DA:166,4
DA:168,4
DA:169,4
DA:170,0
DA:171,0
DA:174,4
DA:175,4
DA:176,0
DA:177,0
DA:181,4
DA:183,4
DA:185,4
DA:186,0
DA:189,4
DA:190,0
DA:193,4
DA:194,4
DA:196,4
DA:198,4
DA:200,4
DA:204,4
DA:210,4
DA:214,0
DA:217,0
DA:218,0
DA:222,0
DA:223,0
DA:224,0
DA:226,0
DA:227,0
DA:232,4
DA:234,4
DA:243,0
DA:244,0
DA:253,4
DA:255,4
DA:256,0
DA:257,0
DA:260,4
DA:262,4
DA:263,4
DA:265,4
DA:269,4
DA:270,0
DA:273,4
DA:274,0
DA:275,0
DA:278,0
DA:281,4
DA:284,0
DA:285,0
DA:297,4
DA:298,4
DA:299,0
DA:305,0
DA:306,0
DA:310,0
DA:312,4
DA:321,4
DA:322,4
DA:323,4
DA:326,4
DA:327,4
DA:331,0
DA:333,0
DA:342,0
DA:343,0
DA:344,0
DA:348,0
DA:349,0
DA:353,0
DA:355,0
DA:364,0
DA:366,0
DA:367,0
DA:370,0
DA:371,0
DA:374,0
DA:375,0
DA:379,0
DA:380,0
DA:389,0
DA:399,0
DA:415,0
DA:431,0
DA:447,0
DA:456,7
DA:460,7
LF:137
LH:84
BRDA:20,0,0,0
BRDA:20,0,1,1
BRDA:20,1,0,1
BRDA:20,1,1,1
BRDA:20,1,2,1
BRDA:20,1,3,1
BRDA:20,1,4,1
BRDA:20,1,5,1
BRDA:29,2,0,1
BRDA:29,2,1,0
BRDA:29,3,0,1
BRDA:29,3,1,1
BRDA:29,3,2,1
BRDA:29,3,3,1
BRDA:31,4,0,1
BRDA:31,4,1,0
BRDA:44,5,0,1
BRDA:44,5,1,3
BRDA:50,6,0,1
BRDA:50,6,1,2
BRDA:50,7,0,3
BRDA:50,7,1,1
BRDA:52,8,0,1
BRDA:52,8,1,0
BRDA:57,9,0,2
BRDA:57,9,1,0
BRDA:59,10,0,1
BRDA:59,10,1,1
BRDA:118,11,0,7
BRDA:118,11,1,7
BRDA:143,12,0,7
BRDA:143,12,1,7
BRDA:169,13,0,0
BRDA:169,13,1,4
BRDA:175,14,0,0
BRDA:175,14,1,4
BRDA:181,15,0,4
BRDA:181,15,1,0
BRDA:183,16,0,4
BRDA:183,16,1,0
BRDA:185,17,0,0
BRDA:185,17,1,4
BRDA:185,18,0,4
BRDA:185,18,1,0
BRDA:189,19,0,0
BRDA:189,19,1,4
BRDA:189,20,0,4
BRDA:189,20,1,0
BRDA:193,21,0,4
BRDA:193,21,1,0
BRDA:193,22,0,4
BRDA:193,22,1,1
BRDA:196,23,0,4
BRDA:196,23,1,0
BRDA:200,24,0,3
BRDA:200,24,1,1
BRDA:214,25,0,0
BRDA:214,25,1,0
BRDA:222,26,0,0
BRDA:222,26,1,0
BRDA:223,27,0,0
BRDA:223,27,1,0
BRDA:223,28,0,0
BRDA:223,28,1,0
BRDA:226,29,0,0
BRDA:226,29,1,0
BRDA:232,30,0,0
BRDA:232,30,1,4
BRDA:255,31,0,0
BRDA:255,31,1,4
BRDA:255,32,0,4
BRDA:255,32,1,4
BRDA:260,33,0,4
BRDA:260,33,1,0
BRDA:262,34,0,4
BRDA:262,34,1,0
BRDA:265,35,0,4
BRDA:265,35,1,4
BRDA:265,35,2,0
BRDA:269,36,0,0
BRDA:269,36,1,4
BRDA:273,37,0,0
BRDA:273,37,1,4
BRDA:298,38,0,0
BRDA:298,38,1,4
BRDA:322,39,0,4
BRDA:322,39,1,0
BRDA:343,40,0,0
BRDA:343,40,1,0
BRDA:343,41,0,0
BRDA:343,41,1,0
BRDA:366,42,0,0
BRDA:366,42,1,0
BRDA:398,43,0,0
BRDA:414,44,0,0
BRDA:430,45,0,0
BRDA:446,46,0,0
BRF:97
BRH:53
end_of_record
TN:
SF:src/util/validation.ts
FN:19,validateNumber
FN:41,validateBoolean
FN:55,validateString
FN:78,validateArray
FNF:4
FNH:4
FNDA:158,validateNumber
FNDA:40,validateBoolean
FNDA:5,validateString
FNDA:5,validateArray
DA:6,20
DA:7,20
DA:8,20
DA:9,20
DA:10,20
DA:20,158
DA:21,1
DA:23,157
DA:24,3
DA:26,154
DA:27,2
DA:29,152
DA:30,1
DA:32,151
DA:42,40
DA:43,1
DA:45,39
DA:56,5
DA:57,1
DA:59,4
DA:60,1
DA:62,3
DA:63,1
DA:65,2
DA:66,1
DA:68,1
DA:79,5
DA:80,1
DA:82,4
DA:83,1
DA:85,3
DA:86,1
DA:88,2
DA:89,1
DA:90,2
DA:91,1
DA:95,1
LF:37
LH:37
BRDA:19,0,0,2
BRDA:20,1,0,1
BRDA:20,1,1,157
BRDA:20,2,0,158
BRDA:20,2,1,157
BRDA:23,3,0,3
BRDA:23,3,1,154
BRDA:23,4,0,157
BRDA:23,4,1,153
BRDA:26,5,0,2
BRDA:26,5,1,152
BRDA:26,6,0,154
BRDA:26,6,1,150
BRDA:29,7,0,1
BRDA:29,7,1,151
BRDA:29,8,0,152
BRDA:29,8,1,2
BRDA:42,9,0,1
BRDA:42,9,1,39
BRDA:55,10,0,2
BRDA:56,11,0,1
BRDA:56,11,1,4
BRDA:59,12,0,1
BRDA:59,12,1,3
BRDA:59,13,0,4
BRDA:59,13,1,1
BRDA:62,14,0,1
BRDA:62,14,1,2
BRDA:62,15,0,3
BRDA:62,15,1,1
BRDA:65,16,0,1
BRDA:65,16,1,1
BRDA:65,17,0,2
BRDA:65,17,1,1
BRDA:78,18,0,2
BRDA:79,19,0,1
BRDA:79,19,1,4
BRDA:82,20,0,1
BRDA:82,20,1,3
BRDA:82,21,0,4
BRDA:82,21,1,1
BRDA:85,22,0,1
BRDA:85,22,1,2
BRDA:85,23,0,3
BRDA:85,23,1,1
BRDA:88,24,0,1
BRDA:88,24,1,1
BRDA:90,25,0,1
BRDA:90,25,1,1
BRF:49
BRH:49
end_of_record
