TN:
SF:src/api.ts
FN:10,(anonymous_7)
FN:17,(anonymous_8)
FN:26,(anonymous_10)
FN:35,(anonymous_12)
FN:44,(anonymous_14)
FN:83,(anonymous_16)
FNF:6
FNH:0
FNDA:0,(anonymous_7)
FNDA:0,(anonymous_8)
FNDA:0,(anonymous_10)
FNDA:0,(anonymous_12)
FNDA:0,(anonymous_14)
FNDA:0,(anonymous_16)
DA:7,0
DA:11,0
DA:18,0
DA:19,0
DA:20,0
DA:27,0
DA:28,0
DA:29,0
DA:36,0
DA:37,0
DA:38,0
DA:45,0
DA:47,0
DA:49,0
DA:52,0
DA:55,0
DA:56,0
DA:57,0
DA:60,0
DA:72,0
DA:73,0
DA:84,0
DA:86,0
DA:88,0
DA:91,0
DA:92,0
DA:93,0
DA:98,0
DA:104,0
DA:105,0
LF:30
LH:0
BRDA:56,0,0,0
BRDA:56,1,0,0
BRDA:56,1,1,0
BRDA:75,2,0,0
BRDA:75,2,1,0
BRDA:91,3,0,0
BRDA:91,3,1,0
BRDA:91,4,0,0
BRDA:91,4,1,0
BRDA:107,5,0,0
BRDA:107,5,1,0
BRF:11
BRH:0
end_of_record
TN:
SF:src/app.ts
FN:20,(anonymous_7)
FN:39,(anonymous_8)
FN:68,(anonymous_9)
FN:104,(anonymous_10)
FN:129,(anonymous_11)
FN:197,(anonymous_13)
FN:225,(anonymous_14)
FN:265,(anonymous_15)
FN:265,(anonymous_16)
FN:349,(anonymous_17)
FN:349,(anonymous_18)
FN:478,(anonymous_19)
FN:685,(anonymous_21)
FN:686,(anonymous_22)
FN:714,(anonymous_23)
FN:748,(anonymous_24)
FN:749,(anonymous_25)
FN:755,(anonymous_26)
FN:771,(anonymous_27)
FN:907,(anonymous_29)
FN:953,(anonymous_31)
FN:1051,(anonymous_33)
FN:1135,(anonymous_35)
FN:1217,(anonymous_36)
FN:1306,(anonymous_38)
FN:1309,(anonymous_39)
FN:1309,(anonymous_40)
FNF:27
FNH:0
FNDA:0,(anonymous_7)
FNDA:0,(anonymous_8)
FNDA:0,(anonymous_9)
FNDA:0,(anonymous_10)
FNDA:0,(anonymous_11)
FNDA:0,(anonymous_13)
FNDA:0,(anonymous_14)
FNDA:0,(anonymous_15)
FNDA:0,(anonymous_16)
FNDA:0,(anonymous_17)
FNDA:0,(anonymous_18)
FNDA:0,(anonymous_19)
FNDA:0,(anonymous_21)
FNDA:0,(anonymous_22)
FNDA:0,(anonymous_23)
FNDA:0,(anonymous_24)
FNDA:0,(anonymous_25)
FNDA:0,(anonymous_26)
FNDA:0,(anonymous_27)
FNDA:0,(anonymous_29)
FNDA:0,(anonymous_31)
FNDA:0,(anonymous_33)
FNDA:0,(anonymous_35)
FNDA:0,(anonymous_36)
FNDA:0,(anonymous_38)
FNDA:0,(anonymous_39)
FNDA:0,(anonymous_40)
DA:1,0
DA:2,0
DA:3,0
DA:4,0
DA:5,0
DA:20,0
DA:26,0
DA:40,0
DA:59,0
DA:61,0
DA:69,0
DA:70,0
DA:71,0
DA:72,0
DA:73,0
DA:76,0
DA:77,0
DA:93,0
DA:94,0
DA:96,0
DA:105,0
DA:108,0
DA:109,0
DA:110,0
DA:111,0
DA:112,0
DA:116,0
DA:117,0
DA:118,0
DA:119,0
DA:120,0
DA:123,0
DA:131,0
DA:134,0
DA:135,0
DA:138,0
DA:139,0
DA:140,0
DA:141,0
DA:144,0
DA:145,0
DA:148,0
DA:153,0
DA:154,0
DA:155,0
DA:158,0
DA:160,0
DA:164,0
DA:165,0
DA:166,0
DA:169,0
DA:171,0
DA:175,0
DA:178,0
DA:179,0
DA:182,0
DA:183,0
DA:184,0
DA:188,0
DA:191,0
DA:199,0
DA:200,0
DA:203,0
DA:206,0
DA:215,0
DA:218,0
DA:226,0
DA:229,0
DA:232,0
DA:235,0
DA:238,0
DA:239,0
DA:242,0
DA:243,0
DA:245,0
DA:246,0
DA:247,0
DA:248,0
DA:249,0
DA:253,0
DA:254,0
DA:255,0
DA:258,0
DA:260,0
DA:264,0
DA:265,0
DA:267,0
DA:270,0
DA:271,0
DA:274,0
DA:275,0
DA:276,0
DA:277,0
DA:281,0
DA:282,0
DA:283,0
DA:286,0
DA:289,0
DA:290,0
DA:291,0
DA:292,0
DA:295,0
DA:296,0
DA:298,0
DA:299,0
DA:304,0
DA:307,0
DA:309,0
DA:310,0
DA:315,0
DA:318,0
DA:319,0
DA:322,0
DA:325,0
DA:326,0
DA:330,0
DA:333,0
DA:337,0
DA:339,0
DA:340,0
DA:341,0
DA:343,0
DA:348,0
DA:349,0
DA:351,0
DA:354,0
DA:355,0
DA:358,0
DA:359,0
DA:360,0
DA:361,0
DA:365,0
DA:366,0
DA:367,0
DA:370,0
DA:373,0
DA:374,0
DA:375,0
DA:376,0
DA:379,0
DA:380,0
DA:382,0
DA:383,0
DA:388,0
DA:391,0
DA:393,0
DA:394,0
DA:399,0
DA:402,0
DA:403,0
DA:406,0
DA:409,0
DA:410,0
DA:414,0
DA:417,0
DA:421,0
DA:424,0
DA:425,0
DA:426,0
DA:428,0
DA:433,0
DA:434,0
DA:435,0
DA:437,0
DA:438,0
DA:439,0
DA:442,0
DA:443,0
DA:446,0
DA:447,0
DA:450,0
DA:470,0
DA:471,0
DA:472,0
DA:479,0
DA:482,0
DA:483,0
DA:484,0
DA:486,0
DA:490,0
DA:491,0
DA:492,0
DA:493,0
DA:494,0
DA:498,0
DA:499,0
DA:501,0
DA:504,0
DA:505,0
DA:506,0
DA:509,0
DA:510,0
DA:513,0
DA:514,0
DA:515,0
DA:516,0
DA:518,0
DA:522,0
DA:523,0
DA:525,0
DA:526,0
DA:528,0
DA:530,0
DA:531,0
DA:533,0
DA:535,0
DA:537,0
DA:538,0
DA:543,0
DA:546,0
DA:548,0
DA:549,0
DA:554,0
DA:557,0
DA:558,0
DA:561,0
DA:564,0
DA:565,0
DA:569,0
DA:572,0
DA:577,0
DA:578,0
DA:580,0
DA:581,0
DA:584,0
DA:589,0
DA:590,0
DA:592,0
DA:593,0
DA:595,0
DA:597,0
DA:598,0
DA:600,0
DA:602,0
DA:603,0
DA:605,0
DA:606,0
DA:609,0
DA:614,0
DA:615,0
DA:617,0
DA:618,0
DA:620,0
DA:622,0
DA:623,0
DA:625,0
DA:627,0
DA:629,0
DA:630,0
DA:635,0
DA:638,0
DA:640,0
DA:641,0
DA:646,0
DA:649,0
DA:650,0
DA:653,0
DA:656,0
DA:657,0
DA:661,0
DA:664,0
DA:669,0
DA:670,0
DA:672,0
DA:673,0
DA:676,0
DA:686,0
DA:687,0
DA:688,0
DA:695,0
DA:698,0
DA:699,0
DA:700,0
DA:708,0
DA:716,0
DA:719,0
DA:720,0
DA:721,0
DA:722,0
DA:725,0
DA:726,0
DA:729,0
DA:730,0
DA:740,0
DA:743,0
DA:746,0
DA:747,0
DA:748,0
DA:749,0
DA:751,0
DA:755,0
DA:756,0
DA:759,0
DA:760,0
DA:762,0
DA:765,0
DA:772,0
DA:773,0
DA:775,0
DA:777,0
DA:778,0
DA:780,0
DA:782,0
DA:785,0
DA:786,0
DA:796,0
DA:797,0
DA:799,0
DA:801,0
DA:802,0
DA:803,0
DA:806,0
DA:807,0
DA:811,0
DA:812,0
DA:815,0
DA:816,0
DA:820,0
DA:828,0
DA:831,0
DA:832,0
DA:834,0
DA:837,0
DA:838,0
DA:844,0
DA:845,0
DA:846,0
DA:847,0
DA:853,0
DA:854,0
DA:855,0
DA:865,0
DA:870,0
DA:873,0
DA:874,0
DA:877,0
DA:881,0
DA:882,0
DA:883,0
DA:890,0
DA:895,0
DA:898,0
DA:899,0
DA:908,0
DA:911,0
DA:912,0
DA:913,0
DA:915,0
DA:916,0
DA:919,0
DA:923,0
DA:924,0
DA:925,0
DA:927,0
DA:928,0
DA:931,0
DA:935,0
DA:936,0
DA:939,0
DA:940,0
DA:943,0
DA:954,0
DA:956,0
DA:958,0
DA:959,0
DA:962,0
DA:963,0
DA:964,0
DA:965,0
DA:975,0
DA:979,0
DA:981,0
DA:983,0
DA:984,0
DA:985,0
DA:986,0
DA:991,0
DA:994,0
DA:995,0
DA:1002,0
DA:1005,0
DA:1006,0
DA:1007,0
DA:1017,0
DA:1022,0
DA:1028,0
DA:1029,0
DA:1030,0
DA:1037,0
DA:1041,0
DA:1042,0
DA:1052,0
DA:1053,0
DA:1055,0
DA:1057,0
DA:1058,0
DA:1060,0
DA:1062,0
DA:1063,0
DA:1065,0
DA:1067,0
DA:1068,0
DA:1069,0
DA:1072,0
DA:1073,0
DA:1077,0
DA:1078,0
DA:1081,0
DA:1082,0
DA:1086,0
DA:1094,0
DA:1097,0
DA:1098,0
DA:1100,0
DA:1103,0
DA:1104,0
DA:1107,0
DA:1108,0
DA:1109,0
DA:1116,0
DA:1121,0
DA:1124,0
DA:1125,0
DA:1136,0
DA:1139,0
DA:1140,0
DA:1141,0
DA:1143,0
DA:1144,0
DA:1145,0
DA:1148,0
DA:1149,0
DA:1150,0
DA:1154,0
DA:1155,0
DA:1157,0
DA:1158,0
DA:1159,0
DA:1160,0
DA:1165,0
DA:1166,0
DA:1167,0
DA:1168,0
DA:1170,0
DA:1171,0
DA:1172,0
DA:1173,0
DA:1176,0
DA:1177,0
DA:1182,0
DA:1183,0
DA:1184,0
DA:1185,0
DA:1187,0
DA:1188,0
DA:1189,0
DA:1190,0
DA:1193,0
DA:1194,0
DA:1199,0
DA:1200,0
DA:1201,0
DA:1202,0
DA:1204,0
DA:1205,0
DA:1210,0
DA:1211,0
DA:1218,0
DA:1220,0
DA:1222,0
DA:1225,0
DA:1226,0
DA:1229,0
DA:1230,0
DA:1231,0
DA:1232,0
DA:1233,0
DA:1238,0
DA:1239,0
DA:1240,0
DA:1241,0
DA:1242,0
DA:1247,0
DA:1248,0
DA:1249,0
DA:1250,0
DA:1251,0
DA:1255,0
DA:1259,0
DA:1260,0
DA:1265,0
DA:1266,0
DA:1271,0
DA:1272,0
DA:1273,0
DA:1274,0
DA:1278,0
DA:1279,0
DA:1280,0
DA:1283,0
DA:1284,0
DA:1285,0
DA:1288,0
DA:1289,0
DA:1290,0
DA:1294,0
DA:1296,0
DA:1298,0
DA:1307,0
DA:1309,0
DA:1310,0
DA:1312,0
DA:1314,0
DA:1317,0
DA:1318,0
DA:1320,0
DA:1321,0
DA:1324,0
DA:1325,0
DA:1327,0
DA:1330,0
DA:1333,0
DA:1337,0
LF:523
LH:0
BRDA:41,0,0,0
BRDA:41,0,1,0
BRDA:47,1,0,0
BRDA:47,1,1,0
BRDA:53,2,0,0
BRDA:53,2,1,0
BRDA:54,3,0,0
BRDA:54,3,1,0
BRDA:69,4,0,0
BRDA:69,5,0,0
BRDA:69,5,1,0
BRDA:88,6,0,0
BRDA:88,6,1,0
BRDA:89,7,0,0
BRDA:89,7,1,0
BRDA:108,8,0,0
BRDA:116,9,0,0
BRDA:182,10,0,0
BRDA:200,11,0,0
BRDA:200,11,1,0
BRDA:229,12,0,0
BRDA:229,12,1,0
BRDA:232,13,0,0
BRDA:232,13,1,0
BRDA:243,14,0,0
BRDA:246,15,0,0
BRDA:246,16,0,0
BRDA:246,16,1,0
BRDA:255,17,0,0
BRDA:255,17,1,0
BRDA:258,18,0,0
BRDA:258,18,1,0
BRDA:274,19,0,0
BRDA:276,20,0,0
BRDA:276,21,0,0
BRDA:276,21,1,0
BRDA:289,22,0,0
BRDA:289,22,1,0
BRDA:298,23,0,0
BRDA:298,23,1,0
BRDA:309,24,0,0
BRDA:309,24,1,0
BRDA:309,25,0,0
BRDA:309,25,1,0
BRDA:318,26,0,0
BRDA:318,26,1,0
BRDA:318,27,0,0
BRDA:318,27,1,0
BRDA:325,28,0,0
BRDA:325,28,1,0
BRDA:325,29,0,0
BRDA:325,29,1,0
BRDA:358,30,0,0
BRDA:360,31,0,0
BRDA:360,32,0,0
BRDA:360,32,1,0
BRDA:373,33,0,0
BRDA:373,33,1,0
BRDA:382,34,0,0
BRDA:382,34,1,0
BRDA:393,35,0,0
BRDA:393,35,1,0
BRDA:393,36,0,0
BRDA:393,36,1,0
BRDA:402,37,0,0
BRDA:402,37,1,0
BRDA:402,38,0,0
BRDA:402,38,1,0
BRDA:409,39,0,0
BRDA:409,39,1,0
BRDA:409,40,0,0
BRDA:409,40,1,0
BRDA:490,41,0,0
BRDA:490,41,1,0
BRDA:492,42,0,0
BRDA:498,43,0,0
BRDA:498,43,1,0
BRDA:504,44,0,0
BRDA:504,44,1,0
BRDA:509,45,0,0
BRDA:509,45,1,0
BRDA:522,46,0,0
BRDA:522,46,1,0
BRDA:528,47,0,0
BRDA:537,48,0,0
BRDA:537,48,1,0
BRDA:548,49,0,0
BRDA:548,49,1,0
BRDA:548,50,0,0
BRDA:548,50,1,0
BRDA:557,51,0,0
BRDA:557,51,1,0
BRDA:557,52,0,0
BRDA:557,52,1,0
BRDA:564,53,0,0
BRDA:564,53,1,0
BRDA:564,54,0,0
BRDA:564,54,1,0
BRDA:589,55,0,0
BRDA:589,55,1,0
BRDA:595,56,0,0
BRDA:614,57,0,0
BRDA:620,58,0,0
BRDA:629,59,0,0
BRDA:629,59,1,0
BRDA:640,60,0,0
BRDA:640,60,1,0
BRDA:640,61,0,0
BRDA:640,61,1,0
BRDA:649,62,0,0
BRDA:649,62,1,0
BRDA:649,63,0,0
BRDA:649,63,1,0
BRDA:656,64,0,0
BRDA:656,64,1,0
BRDA:656,65,0,0
BRDA:656,65,1,0
BRDA:699,66,0,0
BRDA:746,67,0,0
BRDA:746,67,1,0
BRDA:780,68,0,0
BRDA:780,68,1,0
BRDA:785,69,0,0
BRDA:797,70,0,0
BRDA:801,71,0,0
BRDA:801,72,0,0
BRDA:801,72,1,0
BRDA:801,72,2,0
BRDA:806,73,0,0
BRDA:806,74,0,0
BRDA:806,74,1,0
BRDA:811,75,0,0
BRDA:811,76,0,0
BRDA:811,76,1,0
BRDA:815,77,0,0
BRDA:815,78,0,0
BRDA:815,78,1,0
BRDA:834,79,0,0
BRDA:834,79,1,0
BRDA:846,80,0,0
BRDA:848,81,0,0
BRDA:848,81,1,0
BRDA:854,82,0,0
BRDA:854,82,1,0
BRDA:882,83,0,0
BRDA:882,83,1,0
BRDA:915,84,0,0
BRDA:919,85,0,0
BRDA:919,85,1,0
BRDA:927,86,0,0
BRDA:931,87,0,0
BRDA:931,87,1,0
BRDA:935,88,0,0
BRDA:935,89,0,0
BRDA:935,89,1,0
BRDA:939,90,0,0
BRDA:939,91,0,0
BRDA:939,91,1,0
BRDA:958,92,0,0
BRDA:958,92,1,0
BRDA:963,93,0,0
BRDA:983,94,0,0
BRDA:983,95,0,0
BRDA:983,95,1,0
BRDA:983,96,0,0
BRDA:983,96,1,0
BRDA:983,97,0,0
BRDA:983,97,1,0
BRDA:983,98,0,0
BRDA:983,98,1,0
BRDA:983,99,0,0
BRDA:983,99,1,0
BRDA:994,100,0,0
BRDA:994,101,0,0
BRDA:994,101,1,0
BRDA:1005,102,0,0
BRDA:1010,103,0,0
BRDA:1010,103,1,0
BRDA:1029,104,0,0
BRDA:1060,105,0,0
BRDA:1060,105,1,0
BRDA:1063,106,0,0
BRDA:1067,107,0,0
BRDA:1067,108,0,0
BRDA:1067,108,1,0
BRDA:1067,108,2,0
BRDA:1072,109,0,0
BRDA:1072,110,0,0
BRDA:1072,110,1,0
BRDA:1077,111,0,0
BRDA:1077,112,0,0
BRDA:1077,112,1,0
BRDA:1081,113,0,0
BRDA:1081,114,0,0
BRDA:1081,114,1,0
BRDA:1100,115,0,0
BRDA:1100,115,1,0
BRDA:1108,116,0,0
BRDA:1108,116,1,0
BRDA:1143,117,0,0
BRDA:1143,118,0,0
BRDA:1143,118,1,0
BRDA:1148,119,0,0
BRDA:1157,120,0,0
BRDA:1157,121,0,0
BRDA:1157,121,1,0
BRDA:1158,122,0,0
BRDA:1166,123,0,0
BRDA:1170,124,0,0
BRDA:1170,124,1,0
BRDA:1170,125,0,0
BRDA:1170,125,1,0
BRDA:1171,126,0,0
BRDA:1183,127,0,0
BRDA:1187,128,0,0
BRDA:1187,128,1,0
BRDA:1187,129,0,0
BRDA:1187,129,1,0
BRDA:1188,130,0,0
BRDA:1200,131,0,0
BRDA:1204,132,0,0
BRDA:1204,133,0,0
BRDA:1204,133,1,0
BRDA:1229,134,0,0
BRDA:1231,135,0,0
BRDA:1238,136,0,0
BRDA:1240,137,0,0
BRDA:1247,138,0,0
BRDA:1247,139,0,0
BRDA:1247,139,1,0
BRDA:1249,140,0,0
BRDA:1259,141,0,0
BRDA:1265,142,0,0
BRDA:1271,143,0,0
BRDA:1278,144,0,0
BRDA:1283,145,0,0
BRDA:1288,146,0,0
BRDA:1317,147,0,0
BRDA:1317,147,1,0
BRDA:1317,148,0,0
BRDA:1317,148,1,0
BRDA:1320,149,0,0
BRDA:1320,149,1,0
BRF:243
BRH:0
end_of_record
TN:
SF:src/services/base-api-service.ts
FN:24,(anonymous_7)
FN:48,(anonymous_8)
FN:64,(anonymous_9)
FN:76,(anonymous_10)
FN:94,(anonymous_11)
FN:106,(anonymous_12)
FN:114,(anonymous_14)
FN:127,(anonymous_15)
FN:128,(anonymous_16)
FN:147,(anonymous_17)
FN:158,(anonymous_18)
FNF:11
FNH:10
FNDA:22,(anonymous_7)
FNDA:26,(anonymous_8)
FNDA:7,(anonymous_9)
FNDA:16,(anonymous_10)
FNDA:7,(anonymous_11)
FNDA:26,(anonymous_12)
FNDA:5,(anonymous_14)
FNDA:16,(anonymous_15)
FNDA:16,(anonymous_16)
FNDA:15,(anonymous_17)
FNDA:0,(anonymous_18)
DA:2,1
DA:3,1
DA:9,1
DA:13,22
DA:14,22
DA:15,22
DA:16,22
DA:25,22
DA:29,22
DA:30,22
DA:33,22
DA:49,26
DA:65,7
DA:77,16
DA:78,16
DA:80,0
DA:81,0
DA:82,0
DA:83,0
DA:86,0
DA:95,7
DA:107,26
DA:108,26
DA:109,26
DA:111,26
DA:112,5
DA:113,5
DA:114,5
DA:117,26
DA:128,16
DA:132,16
DA:134,16
DA:135,31
DA:136,31
DA:138,20
DA:140,20
DA:141,15
DA:142,15
DA:147,15
DA:152,5
DA:160,0
DA:163,0
DA:165,0
LF:43
LH:35
BRDA:52,0,0,26
BRDA:52,0,1,0
BRDA:78,1,0,16
BRDA:81,2,0,0
BRDA:109,3,0,26
BRDA:109,3,1,26
BRDA:111,4,0,5
BRDA:129,5,0,16
BRDA:130,6,0,16
BRDA:138,7,0,20
BRDA:138,7,1,0
BRDA:140,8,0,15
BRDA:152,9,0,5
BRDA:152,9,1,0
BRF:14
BRH:10
end_of_record
TN:
SF:src/services/cop-helper.ts
FN:25,(anonymous_7)
FN:38,(anonymous_8)
FN:41,(anonymous_9)
FN:41,(anonymous_10)
FN:47,(anonymous_11)
FN:47,(anonymous_12)
FN:53,(anonymous_13)
FN:53,(anonymous_14)
FN:68,(anonymous_15)
FN:109,(anonymous_17)
FN:141,(anonymous_19)
FN:163,(anonymous_21)
FN:195,(anonymous_23)
FN:218,(anonymous_25)
FN:230,(anonymous_26)
FN:246,(anonymous_28)
FN:268,(anonymous_30)
FN:279,(anonymous_31)
FN:290,(anonymous_32)
FNF:19
FNH:0
FNDA:0,(anonymous_7)
FNDA:0,(anonymous_8)
FNDA:0,(anonymous_9)
FNDA:0,(anonymous_10)
FNDA:0,(anonymous_11)
FNDA:0,(anonymous_12)
FNDA:0,(anonymous_13)
FNDA:0,(anonymous_14)
FNDA:0,(anonymous_15)
FNDA:0,(anonymous_17)
FNDA:0,(anonymous_19)
FNDA:0,(anonymous_21)
FNDA:0,(anonymous_23)
FNDA:0,(anonymous_25)
FNDA:0,(anonymous_26)
FNDA:0,(anonymous_28)
FNDA:0,(anonymous_30)
FNDA:0,(anonymous_31)
FNDA:0,(anonymous_32)
DA:1,0
DA:4,0
DA:5,0
DA:6,0
DA:12,0
DA:26,0
DA:27,0
DA:30,0
DA:39,0
DA:41,0
DA:42,0
DA:43,0
DA:47,0
DA:48,0
DA:49,0
DA:53,0
DA:54,0
DA:55,0
DA:58,0
DA:60,0
DA:69,0
DA:70,0
DA:73,0
DA:74,0
DA:75,0
DA:76,0
DA:80,0
DA:81,0
DA:82,0
DA:83,0
DA:86,0
DA:87,0
DA:90,0
DA:97,0
DA:98,0
DA:99,0
DA:101,0
DA:110,0
DA:112,0
DA:113,0
DA:115,0
DA:116,0
DA:117,0
DA:121,0
DA:122,0
DA:123,0
DA:124,0
DA:128,0
DA:129,0
DA:131,0
DA:132,0
DA:142,0
DA:143,0
DA:144,0
DA:145,0
DA:148,0
DA:150,0
DA:151,0
DA:153,0
DA:164,0
DA:165,0
DA:166,0
DA:168,0
DA:169,0
DA:173,0
DA:174,0
DA:176,0
DA:177,0
DA:178,0
DA:179,0
DA:180,0
DA:184,0
DA:186,0
DA:187,0
DA:196,0
DA:197,0
DA:199,0
DA:200,0
DA:203,0
DA:204,0
DA:209,0
DA:210,0
DA:219,0
DA:220,0
DA:223,0
DA:231,0
DA:233,0
DA:235,0
DA:238,0
DA:247,0
DA:248,0
DA:249,0
DA:250,0
DA:252,0
DA:253,0
DA:254,0
DA:256,0
DA:257,0
DA:260,0
DA:261,0
DA:263,0
DA:268,0
DA:279,0
DA:290,0
DA:297,0
DA:298,0
DA:299,0
LF:107
LH:0
BRDA:74,0,0,0
BRDA:74,1,0,0
BRDA:74,1,1,0
BRDA:80,2,0,0
BRDA:80,2,1,0
BRDA:81,3,0,0
BRDA:81,3,1,0
BRDA:82,4,0,0
BRDA:82,4,1,0
BRDA:83,5,0,0
BRDA:83,5,1,0
BRDA:86,6,0,0
BRDA:86,6,1,0
BRDA:87,7,0,0
BRDA:87,7,1,0
BRDA:113,8,0,0
BRDA:113,8,1,0
BRDA:115,9,0,0
BRDA:115,10,0,0
BRDA:115,10,1,0
BRDA:122,11,0,0
BRDA:144,12,0,0
BRDA:144,12,1,0
BRDA:148,13,0,0
BRDA:166,14,0,0
BRDA:166,14,1,0
BRDA:168,15,0,0
BRDA:177,16,0,0
BRDA:177,16,1,0
BRDA:178,17,0,0
BRDA:184,18,0,0
BRDA:184,18,1,0
BRDA:197,19,0,0
BRDA:197,19,1,0
BRDA:199,20,0,0
BRDA:205,21,0,0
BRDA:205,21,1,0
BRDA:206,22,0,0
BRDA:206,22,1,0
BRDA:223,23,0,0
BRDA:223,23,1,0
BRDA:233,24,0,0
BRDA:233,24,1,0
BRDA:257,25,0,0
BRDA:257,25,1,0
BRDA:260,26,0,0
BRDA:260,26,1,0
BRDA:261,27,0,0
BRDA:261,27,1,0
BRDA:298,28,0,0
BRDA:298,28,1,0
BRF:51
BRH:0
end_of_record
TN:
SF:src/services/melcloud-api.ts
FN:34,(anonymous_16)
FN:52,(anonymous_17)
FN:65,(anonymous_18)
FN:113,(anonymous_20)
FN:120,(anonymous_21)
FN:135,(anonymous_22)
FN:153,(anonymous_23)
FN:154,(anonymous_24)
FN:162,(anonymous_25)
FN:162,(anonymous_26)
FN:183,(anonymous_27)
FN:205,(anonymous_28)
FN:206,(anonymous_29)
FN:210,(anonymous_30)
FN:215,(anonymous_31)
FN:232,(anonymous_32)
FN:253,(anonymous_33)
FN:256,(anonymous_35)
FN:301,(anonymous_36)
FN:314,(anonymous_38)
FN:362,(anonymous_39)
FN:366,(anonymous_40)
FN:368,(anonymous_41)
FN:388,(anonymous_42)
FN:389,(anonymous_43)
FN:398,(anonymous_44)
FN:444,(anonymous_46)
FN:465,(anonymous_48)
FN:519,(anonymous_49)
FN:538,(anonymous_50)
FN:560,(anonymous_52)
FNF:31
FNH:0
FNDA:0,(anonymous_16)
FNDA:0,(anonymous_17)
FNDA:0,(anonymous_18)
FNDA:0,(anonymous_20)
FNDA:0,(anonymous_21)
FNDA:0,(anonymous_22)
FNDA:0,(anonymous_23)
FNDA:0,(anonymous_24)
FNDA:0,(anonymous_25)
FNDA:0,(anonymous_26)
FNDA:0,(anonymous_27)
FNDA:0,(anonymous_28)
FNDA:0,(anonymous_29)
FNDA:0,(anonymous_30)
FNDA:0,(anonymous_31)
FNDA:0,(anonymous_32)
FNDA:0,(anonymous_33)
FNDA:0,(anonymous_35)
FNDA:0,(anonymous_36)
FNDA:0,(anonymous_38)
FNDA:0,(anonymous_39)
FNDA:0,(anonymous_40)
FNDA:0,(anonymous_41)
FNDA:0,(anonymous_42)
FNDA:0,(anonymous_43)
FNDA:0,(anonymous_44)
FNDA:0,(anonymous_46)
FNDA:0,(anonymous_48)
FNDA:0,(anonymous_49)
FNDA:0,(anonymous_50)
FNDA:0,(anonymous_52)
DA:1,0
DA:2,0
DA:5,0
DA:6,0
DA:7,0
DA:20,0
DA:21,0
DA:22,0
DA:23,0
DA:24,0
DA:25,0
DA:26,0
DA:27,0
DA:36,0
DA:44,0
DA:53,0
DA:66,0
DA:67,0
DA:70,0
DA:71,0
DA:73,0
DA:74,0
DA:77,0
DA:79,0
DA:81,0
DA:82,0
DA:84,0
DA:85,0
DA:88,0
DA:91,0
DA:93,0
DA:94,0
DA:96,0
DA:97,0
DA:98,0
DA:100,0
DA:103,0
DA:106,0
DA:107,0
DA:110,0
DA:113,0
DA:115,0
DA:116,0
DA:117,0
DA:120,0
DA:121,0
DA:126,0
DA:128,0
DA:137,0
DA:138,0
DA:141,0
DA:154,0
DA:162,0
DA:164,0
DA:167,0
DA:170,0
DA:173,0
DA:176,0
DA:181,0
DA:182,0
DA:183,0
DA:184,0
DA:186,0
DA:187,0
DA:192,0
DA:193,0
DA:197,0
DA:205,0
DA:206,0
DA:207,0
DA:210,0
DA:211,0
DA:215,0
DA:217,0
DA:218,0
DA:220,0
DA:221,0
DA:223,0
DA:226,0
DA:232,0
DA:233,0
DA:237,0
DA:238,0
DA:242,0
DA:254,0
DA:255,0
DA:256,0
DA:271,0
DA:272,0
DA:275,0
DA:276,0
DA:279,0
DA:281,0
DA:284,0
DA:290,0
DA:293,0
DA:302,0
DA:303,0
DA:304,0
DA:305,0
DA:306,0
DA:310,0
DA:312,0
DA:313,0
DA:314,0
DA:317,0
DA:318,0
DA:319,0
DA:322,0
DA:327,0
DA:328,0
DA:331,0
DA:335,0
DA:338,0
DA:342,0
DA:343,0
DA:347,0
DA:352,0
DA:353,0
DA:363,0
DA:366,0
DA:367,0
DA:368,0
DA:369,0
DA:380,0
DA:389,0
DA:399,0
DA:401,0
DA:404,0
DA:405,0
DA:406,0
DA:407,0
DA:412,0
DA:413,0
DA:414,0
DA:415,0
DA:419,0
DA:421,0
DA:426,0
DA:431,0
DA:445,0
DA:446,0
DA:447,0
DA:448,0
DA:449,0
DA:453,0
DA:454,0
DA:456,0
DA:457,0
DA:458,0
DA:461,0
DA:463,0
DA:464,0
DA:465,0
DA:468,0
DA:471,0
DA:473,0
DA:476,0
DA:483,0
DA:484,0
DA:487,0
DA:491,0
DA:494,0
DA:498,0
DA:499,0
DA:503,0
DA:510,0
DA:511,0
DA:521,0
DA:524,0
DA:525,0
DA:528,0
DA:539,0
DA:540,0
DA:541,0
DA:542,0
DA:543,0
DA:547,0
DA:549,0
DA:551,0
DA:554,0
DA:556,0
DA:559,0
DA:560,0
DA:568,0
DA:570,0
DA:571,0
DA:573,0
DA:576,0
DA:579,0
DA:587,0
DA:588,0
DA:591,0
DA:595,0
DA:598,0
DA:602,0
DA:603,0
DA:607,0
DA:615,0
DA:616,0
LF:200
LH:0
BRDA:36,0,0,0
BRDA:36,0,1,0
BRDA:53,1,0,0
BRDA:53,1,1,0
BRDA:53,1,2,0
BRDA:53,1,3,0
BRDA:53,1,4,0
BRDA:53,1,5,0
BRDA:66,2,0,0
BRDA:70,3,0,0
BRDA:81,4,0,0
BRDA:81,4,1,0
BRDA:81,5,0,0
BRDA:81,5,1,0
BRDA:82,6,0,0
BRDA:82,6,1,0
BRDA:82,7,0,0
BRDA:82,7,1,0
BRDA:84,8,0,0
BRDA:84,9,0,0
BRDA:84,9,1,0
BRDA:93,10,0,0
BRDA:93,10,1,0
BRDA:116,11,0,0
BRDA:156,12,0,0
BRDA:181,13,0,0
BRDA:182,14,0,0
BRDA:182,14,1,0
BRDA:186,15,0,0
BRDA:192,16,0,0
BRDA:217,17,0,0
BRDA:217,17,1,0
BRDA:217,18,0,0
BRDA:217,18,1,0
BRDA:217,18,2,0
BRDA:223,19,0,0
BRDA:223,19,1,0
BRDA:237,20,0,0
BRDA:271,21,0,0
BRDA:286,22,0,0
BRDA:286,22,1,0
BRDA:303,23,0,0
BRDA:305,24,0,0
BRDA:327,25,0,0
BRDA:342,26,0,0
BRDA:367,27,0,0
BRDA:367,28,0,0
BRDA:367,28,1,0
BRDA:389,29,0,0
BRDA:389,29,1,0
BRDA:405,30,0,0
BRDA:405,31,0,0
BRDA:405,31,1,0
BRDA:406,32,0,0
BRDA:413,33,0,0
BRDA:413,34,0,0
BRDA:413,34,1,0
BRDA:414,35,0,0
BRDA:429,36,0,0
BRDA:429,36,1,0
BRDA:446,37,0,0
BRDA:448,38,0,0
BRDA:456,39,0,0
BRDA:483,40,0,0
BRDA:498,41,0,0
BRDA:540,42,0,0
BRDA:542,43,0,0
BRDA:570,44,0,0
BRDA:570,44,1,0
BRDA:587,45,0,0
BRDA:602,46,0,0
BRF:71
BRH:0
end_of_record
TN:
SF:src/services/optimizer.ts
FN:46,(anonymous_7)
FN:94,(anonymous_8)
FN:115,(anonymous_9)
FN:137,(anonymous_10)
FN:160,(anonymous_11)
FN:179,(anonymous_12)
FN:203,(anonymous_14)
FN:204,(anonymous_15)
FN:408,(anonymous_16)
FN:489,(anonymous_18)
FN:559,(anonymous_20)
FN:578,(anonymous_21)
FN:595,(anonymous_22)
FNF:13
FNH:0
FNDA:0,(anonymous_7)
FNDA:0,(anonymous_8)
FNDA:0,(anonymous_9)
FNDA:0,(anonymous_10)
FNDA:0,(anonymous_11)
FNDA:0,(anonymous_12)
FNDA:0,(anonymous_14)
FNDA:0,(anonymous_15)
FNDA:0,(anonymous_16)
FNDA:0,(anonymous_18)
FNDA:0,(anonymous_20)
FNDA:0,(anonymous_21)
FNDA:0,(anonymous_22)
DA:3,0
DA:4,0
DA:5,0
DA:6,0
DA:15,0
DA:23,0
DA:24,0
DA:25,0
DA:26,0
DA:27,0
DA:28,0
DA:29,0
DA:30,0
DA:31,0
DA:32,0
DA:33,0
DA:47,0
DA:48,0
DA:49,0
DA:50,0
DA:51,0
DA:52,0
DA:53,0
DA:57,0
DA:60,0
DA:61,0
DA:62,0
DA:63,0
DA:64,0
DA:66,0
DA:67,0
DA:71,0
DA:72,0
DA:73,0
DA:76,0
DA:77,0
DA:78,0
DA:80,0
DA:82,0
DA:83,0
DA:96,0
DA:99,0
DA:100,0
DA:101,0
DA:104,0
DA:105,0
DA:117,0
DA:118,0
DA:121,0
DA:122,0
DA:125,0
DA:127,0
DA:139,0
DA:140,0
DA:141,0
DA:144,0
DA:145,0
DA:146,0
DA:147,0
DA:148,0
DA:150,0
DA:154,0
DA:161,0
DA:162,0
DA:164,0
DA:165,0
DA:167,0
DA:170,0
DA:171,0
DA:180,0
DA:182,0
DA:184,0
DA:185,0
DA:186,0
DA:187,0
DA:190,0
DA:191,0
DA:194,0
DA:195,0
DA:199,0
DA:200,0
DA:203,0
DA:204,0
DA:205,0
DA:206,0
DA:209,0
DA:217,0
DA:218,0
DA:219,0
DA:220,0
DA:228,0
DA:233,0
DA:234,0
DA:236,0
DA:251,0
DA:253,0
DA:259,0
DA:262,0
DA:263,0
DA:265,0
DA:273,0
DA:282,0
DA:283,0
DA:286,0
DA:294,0
DA:303,0
DA:306,0
DA:308,0
DA:309,0
DA:315,0
DA:316,0
DA:322,0
DA:323,0
DA:324,0
DA:325,0
DA:327,0
DA:330,0
DA:335,0
DA:338,0
DA:339,0
DA:340,0
DA:341,0
DA:345,0
DA:348,0
DA:349,0
DA:352,0
DA:353,0
DA:354,0
DA:356,0
DA:360,0
DA:361,0
DA:362,0
DA:363,0
DA:364,0
DA:365,0
DA:367,0
DA:376,0
DA:381,0
DA:399,0
DA:400,0
DA:417,0
DA:419,0
DA:421,0
DA:422,0
DA:425,0
DA:429,0
DA:433,0
DA:436,0
DA:438,0
DA:439,0
DA:442,0
DA:451,0
DA:457,0
DA:458,0
DA:461,0
DA:463,0
DA:466,0
DA:475,0
DA:476,0
DA:497,0
DA:498,0
DA:501,0
DA:506,0
DA:509,0
DA:512,0
DA:513,0
DA:515,0
DA:520,0
DA:523,0
DA:525,0
DA:527,0
DA:530,0
DA:533,0
DA:535,0
DA:538,0
DA:539,0
DA:540,0
DA:541,0
DA:545,0
DA:549,0
DA:561,0
DA:562,0
DA:566,0
DA:567,0
DA:569,0
DA:582,0
DA:597,0
DA:598,0
DA:599,0
DA:602,0
LF:190
LH:0
BRDA:60,0,0,0
BRDA:76,1,0,0
BRDA:76,1,1,0
BRDA:100,2,0,0
BRDA:105,3,0,0
BRDA:105,3,1,0
BRDA:121,4,0,0
BRDA:144,5,0,0
BRDA:161,6,0,0
BRDA:161,6,1,0
BRDA:164,7,0,0
BRDA:164,7,1,0
BRDA:185,8,0,0
BRDA:185,8,1,0
BRDA:186,9,0,0
BRDA:186,9,1,0
BRDA:187,10,0,0
BRDA:187,10,1,0
BRDA:190,11,0,0
BRDA:190,12,0,0
BRDA:190,12,1,0
BRDA:190,12,2,0
BRDA:194,13,0,0
BRDA:194,14,0,0
BRDA:194,14,1,0
BRDA:194,14,2,0
BRDA:217,15,0,0
BRDA:221,16,0,0
BRDA:221,16,1,0
BRDA:222,17,0,0
BRDA:222,17,1,0
BRDA:223,18,0,0
BRDA:223,18,1,0
BRDA:224,19,0,0
BRDA:224,19,1,0
BRDA:225,20,0,0
BRDA:225,20,1,0
BRDA:233,21,0,0
BRDA:233,22,0,0
BRDA:233,22,1,0
BRDA:238,23,0,0
BRDA:238,23,1,0
BRDA:238,24,0,0
BRDA:238,24,1,0
BRDA:240,25,0,0
BRDA:240,25,1,0
BRDA:240,26,0,0
BRDA:240,26,1,0
BRDA:262,27,0,0
BRDA:262,27,1,0
BRDA:262,28,0,0
BRDA:262,28,1,0
BRDA:275,29,0,0
BRDA:275,29,1,0
BRDA:275,30,0,0
BRDA:275,30,1,0
BRDA:276,31,0,0
BRDA:276,31,1,0
BRDA:276,32,0,0
BRDA:276,32,1,0
BRDA:287,33,0,0
BRDA:287,33,1,0
BRDA:287,34,0,0
BRDA:287,34,1,0
BRDA:308,35,0,0
BRDA:308,35,1,0
BRDA:308,36,0,0
BRDA:308,36,1,0
BRDA:309,37,0,0
BRDA:309,37,1,0
BRDA:309,38,0,0
BRDA:309,38,1,0
BRDA:309,39,0,0
BRDA:309,39,1,0
BRDA:310,40,0,0
BRDA:310,40,1,0
BRDA:310,41,0,0
BRDA:310,41,1,0
BRDA:310,42,0,0
BRDA:310,42,1,0
BRDA:315,43,0,0
BRDA:315,43,1,0
BRDA:315,44,0,0
BRDA:315,44,1,0
BRDA:316,45,0,0
BRDA:316,45,1,0
BRDA:316,46,0,0
BRDA:316,46,1,0
BRDA:316,47,0,0
BRDA:316,47,1,0
BRDA:317,48,0,0
BRDA:317,48,1,0
BRDA:317,49,0,0
BRDA:317,49,1,0
BRDA:317,50,0,0
BRDA:317,50,1,0
BRDA:322,51,0,0
BRDA:322,52,0,0
BRDA:322,52,1,0
BRDA:325,53,0,0
BRDA:339,54,0,0
BRDA:339,54,1,0
BRDA:339,55,0,0
BRDA:339,55,1,0
BRDA:340,56,0,0
BRDA:341,57,0,0
BRDA:341,57,1,0
BRDA:352,58,0,0
BRDA:352,58,1,0
BRDA:361,59,0,0
BRDA:365,60,0,0
BRDA:365,60,1,0
BRDA:421,61,0,0
BRDA:421,62,0,0
BRDA:421,62,1,0
BRDA:429,63,0,0
BRDA:429,63,1,0
BRDA:458,64,0,0
BRDA:458,64,1,0
BRDA:501,65,0,0
BRDA:501,65,1,0
BRDA:512,66,0,0
BRDA:512,67,0,0
BRDA:512,67,1,0
BRDA:515,68,0,0
BRDA:515,68,1,0
BRDA:525,69,0,0
BRDA:538,70,0,0
BRDA:580,71,0,0
BRF:129
BRH:0
end_of_record
TN:
SF:src/services/tibber-api.ts
FN:27,(anonymous_8)
FN:49,(anonymous_9)
FN:59,(anonymous_10)
FN:61,(anonymous_12)
FN:61,(anonymous_13)
FN:92,(anonymous_14)
FN:133,(anonymous_16)
FN:175,(anonymous_17)
FN:195,(anonymous_18)
FN:232,(anonymous_19)
FNF:10
FNH:8
FNDA:22,(anonymous_8)
FNDA:0,(anonymous_9)
FNDA:31,(anonymous_10)
FNDA:26,(anonymous_12)
FNDA:26,(anonymous_13)
FNDA:16,(anonymous_14)
FNDA:31,(anonymous_16)
FNDA:9,(anonymous_17)
FNDA:8,(anonymous_18)
FNDA:0,(anonymous_19)
DA:1,1
DA:4,1
DA:5,1
DA:6,1
DA:17,1
DA:18,22
DA:29,22
DA:36,22
DA:39,22
DA:41,22
DA:50,0
DA:51,0
DA:61,31
DA:63,26
DA:66,26
DA:69,26
DA:71,26
DA:80,20
DA:81,6
DA:84,14
DA:94,16
DA:95,16
DA:97,16
DA:98,0
DA:99,0
DA:102,16
DA:131,16
DA:132,16
DA:133,31
DA:136,11
DA:137,2
DA:138,2
DA:144,9
DA:145,7
DA:148,7
DA:150,7
DA:153,9
DA:154,4
DA:158,5
DA:163,5
DA:166,5
DA:176,9
DA:177,9
DA:178,8
DA:179,1
DA:180,1
DA:181,1
DA:184,7
DA:185,7
DA:186,0
DA:187,0
DA:188,0
DA:192,7
DA:195,8
DA:200,7
DA:211,7
DA:212,7
DA:215,2
DA:221,2
DA:224,2
DA:234,0
LF:61
LH:53
BRDA:29,0,0,22
BRDA:29,0,1,1
BRDA:41,1,0,20
BRDA:41,1,1,2
BRDA:80,2,0,6
BRDA:97,3,0,0
BRDA:136,4,0,2
BRDA:153,5,0,4
BRDA:178,6,0,1
BRDA:178,7,0,8
BRDA:178,7,1,8
BRDA:184,8,0,0
BRDA:184,8,1,7
BRDA:184,9,0,7
BRDA:184,9,1,7
BRDA:185,10,0,0
BRDA:193,11,0,7
BRDA:193,11,1,0
BRDA:194,12,0,7
BRDA:194,12,1,0
BRDA:201,13,0,4
BRDA:201,13,1,3
BRDA:211,14,0,7
BRDA:211,14,1,3
BRDA:211,15,0,0
BRDA:211,15,1,7
BRDA:211,16,0,7
BRDA:211,16,1,7
BRF:28
BRH:22
end_of_record
TN:
SF:src/services/thermal-model/data-collector.ts
FN:64,(anonymous_9)
FN:74,(anonymous_10)
FN:137,(anonymous_11)
FN:156,(anonymous_12)
FN:165,(anonymous_13)
FN:204,(anonymous_14)
FN:234,(anonymous_15)
FN:240,(anonymous_16)
FN:279,(anonymous_17)
FN:316,(anonymous_18)
FN:331,(anonymous_19)
FN:339,(anonymous_20)
FN:360,(anonymous_21)
FN:374,(anonymous_22)
FN:393,(anonymous_23)
FN:404,(anonymous_24)
FN:406,(anonymous_25)
FN:411,(anonymous_26)
FN:412,(anonymous_27)
FN:413,(anonymous_28)
FN:414,(anonymous_29)
FN:415,(anonymous_30)
FN:416,(anonymous_31)
FN:420,(anonymous_32)
FN:421,(anonymous_33)
FN:456,(anonymous_34)
FN:499,(anonymous_35)
FN:552,(anonymous_36)
FN:560,(anonymous_37)
FN:569,(anonymous_38)
FN:577,(anonymous_39)
FN:586,(anonymous_40)
FN:589,(anonymous_41)
FN:604,(anonymous_42)
FN:615,(anonymous_43)
FN:633,(anonymous_44)
FN:641,(anonymous_45)
FN:642,(anonymous_46)
FN:643,(anonymous_47)
FN:680,(anonymous_48)
FN:688,(anonymous_49)
FN:710,(anonymous_50)
FN:743,(anonymous_51)
FN:764,(anonymous_52)
FN:782,(anonymous_53)
FNF:45
FNH:0
FNDA:0,(anonymous_9)
FNDA:0,(anonymous_10)
FNDA:0,(anonymous_11)
FNDA:0,(anonymous_12)
FNDA:0,(anonymous_13)
FNDA:0,(anonymous_14)
FNDA:0,(anonymous_15)
FNDA:0,(anonymous_16)
FNDA:0,(anonymous_17)
FNDA:0,(anonymous_18)
FNDA:0,(anonymous_19)
FNDA:0,(anonymous_20)
FNDA:0,(anonymous_21)
FNDA:0,(anonymous_22)
FNDA:0,(anonymous_23)
FNDA:0,(anonymous_24)
FNDA:0,(anonymous_25)
FNDA:0,(anonymous_26)
FNDA:0,(anonymous_27)
FNDA:0,(anonymous_28)
FNDA:0,(anonymous_29)
FNDA:0,(anonymous_30)
FNDA:0,(anonymous_31)
FNDA:0,(anonymous_32)
FNDA:0,(anonymous_33)
FNDA:0,(anonymous_34)
FNDA:0,(anonymous_35)
FNDA:0,(anonymous_36)
FNDA:0,(anonymous_37)
FNDA:0,(anonymous_38)
FNDA:0,(anonymous_39)
FNDA:0,(anonymous_40)
FNDA:0,(anonymous_41)
FNDA:0,(anonymous_42)
FNDA:0,(anonymous_43)
FNDA:0,(anonymous_44)
FNDA:0,(anonymous_45)
FNDA:0,(anonymous_46)
FNDA:0,(anonymous_47)
FNDA:0,(anonymous_48)
FNDA:0,(anonymous_49)
FNDA:0,(anonymous_50)
FNDA:0,(anonymous_51)
FNDA:0,(anonymous_52)
FNDA:0,(anonymous_53)
DA:11,0
DA:12,0
DA:13,0
DA:16,0
DA:18,0
DA:20,0
DA:22,0
DA:24,0
DA:26,0
DA:55,0
DA:56,0
DA:57,0
DA:59,0
DA:60,0
DA:61,0
DA:62,0
DA:64,0
DA:65,0
DA:66,0
DA:75,0
DA:77,0
DA:78,0
DA:80,0
DA:82,0
DA:83,0
DA:84,0
DA:85,0
DA:86,0
DA:88,0
DA:92,0
DA:93,0
DA:94,0
DA:95,0
DA:97,0
DA:98,0
DA:103,0
DA:104,0
DA:105,0
DA:106,0
DA:107,0
DA:110,0
DA:111,0
DA:113,0
DA:117,0
DA:118,0
DA:119,0
DA:123,0
DA:125,0
DA:127,0
DA:128,0
DA:129,0
DA:130,0
DA:138,0
DA:140,0
DA:143,0
DA:144,0
DA:145,0
DA:146,0
DA:149,0
DA:157,0
DA:159,0
DA:162,0
DA:165,0
DA:167,0
DA:168,0
DA:169,0
DA:171,0
DA:173,0
DA:177,0
DA:178,0
DA:179,0
DA:180,0
DA:183,0
DA:186,0
DA:187,0
DA:188,0
DA:189,0
DA:192,0
DA:194,0
DA:197,0
DA:205,0
DA:207,0
DA:210,0
DA:211,0
DA:212,0
DA:213,0
DA:215,0
DA:218,0
DA:219,0
DA:220,0
DA:221,0
DA:223,0
DA:227,0
DA:235,0
DA:237,0
DA:240,0
DA:242,0
DA:243,0
DA:244,0
DA:246,0
DA:248,0
DA:251,0
DA:252,0
DA:255,0
DA:256,0
DA:257,0
DA:258,0
DA:261,0
DA:264,0
DA:265,0
DA:266,0
DA:267,0
DA:268,0
DA:270,0
DA:280,0
DA:282,0
DA:283,0
DA:284,0
DA:287,0
DA:290,0
DA:291,0
DA:292,0
DA:293,0
DA:294,0
DA:296,0
DA:299,0
DA:300,0
DA:301,0
DA:302,0
DA:303,0
DA:305,0
DA:309,0
DA:318,0
DA:321,0
DA:324,0
DA:332,0
DA:333,0
DA:336,0
DA:339,0
DA:340,0
DA:341,0
DA:344,0
DA:346,0
DA:347,0
DA:350,0
DA:352,0
DA:353,0
DA:361,0
DA:363,0
DA:364,0
DA:368,0
DA:371,0
DA:372,0
DA:374,0
DA:375,0
DA:376,0
DA:377,0
DA:379,0
DA:384,0
DA:385,0
DA:388,0
DA:391,0
DA:393,0
DA:394,0
DA:395,0
DA:396,0
DA:398,0
DA:402,0
DA:404,0
DA:406,0
DA:407,0
DA:411,0
DA:412,0
DA:413,0
DA:414,0
DA:415,0
DA:416,0
DA:419,0
DA:420,0
DA:421,0
DA:425,0
DA:437,0
DA:441,0
DA:444,0
DA:446,0
DA:448,0
DA:457,0
DA:458,0
DA:459,0
DA:462,0
DA:464,0
DA:465,0
DA:466,0
DA:470,0
DA:473,0
DA:475,0
DA:478,0
DA:479,0
DA:480,0
DA:481,0
DA:486,0
DA:488,0
DA:490,0
DA:500,0
DA:502,0
DA:507,0
DA:511,0
DA:514,0
DA:518,0
DA:519,0
DA:520,0
DA:521,0
DA:525,0
DA:526,0
DA:529,0
DA:533,0
DA:538,0
DA:541,0
DA:543,0
DA:544,0
DA:553,0
DA:561,0
DA:574,0
DA:577,0
DA:587,0
DA:588,0
DA:589,0
DA:590,0
DA:591,0
DA:594,0
DA:595,0
DA:613,0
DA:614,0
DA:615,0
DA:616,0
DA:617,0
DA:620,0
DA:621,0
DA:633,0
DA:634,0
DA:637,0
DA:638,0
DA:641,0
DA:642,0
DA:643,0
DA:644,0
DA:647,0
DA:648,0
DA:649,0
DA:650,0
DA:652,0
DA:662,0
DA:663,0
DA:681,0
DA:682,0
DA:683,0
DA:686,0
DA:688,0
DA:690,0
DA:691,0
DA:695,0
DA:698,0
DA:700,0
DA:702,0
DA:711,0
DA:712,0
DA:713,0
DA:714,0
DA:717,0
DA:718,0
DA:719,0
DA:722,0
DA:723,0
DA:725,0
DA:726,0
DA:727,0
DA:728,0
DA:732,0
DA:735,0
DA:744,0
DA:745,0
DA:747,0
DA:748,0
DA:749,0
DA:751,0
DA:754,0
DA:756,0
DA:770,0
DA:773,0
DA:774,0
DA:775,0
DA:778,0
DA:779,0
DA:780,0
DA:781,0
DA:782,0
DA:783,0
DA:784,0
DA:786,0
DA:789,0
DA:796,0
DA:797,0
LF:302
LH:0
BRDA:82,0,0,0
BRDA:92,1,0,0
BRDA:103,2,0,0
BRDA:103,3,0,0
BRDA:103,3,1,0
BRDA:117,4,0,0
BRDA:143,5,0,0
BRDA:167,6,0,0
BRDA:167,7,0,0
BRDA:167,7,1,0
BRDA:168,8,0,0
BRDA:177,9,0,0
BRDA:186,10,0,0
BRDA:210,11,0,0
BRDA:242,12,0,0
BRDA:242,13,0,0
BRDA:242,13,1,0
BRDA:243,14,0,0
BRDA:255,15,0,0
BRDA:264,16,0,0
BRDA:283,17,0,0
BRDA:290,18,0,0
BRDA:290,19,0,0
BRDA:290,19,1,0
BRDA:299,20,0,0
BRDA:299,20,1,0
BRDA:299,21,0,0
BRDA:299,21,1,0
BRDA:303,22,0,0
BRDA:346,23,0,0
BRDA:363,24,0,0
BRDA:376,25,0,0
BRDA:376,25,1,0
BRDA:384,26,0,0
BRDA:395,27,0,0
BRDA:406,28,0,0
BRDA:420,29,0,0
BRDA:421,30,0,0
BRDA:421,30,1,0
BRDA:457,31,0,0
BRDA:464,32,0,0
BRDA:473,33,0,0
BRDA:478,34,0,0
BRDA:502,35,0,0
BRDA:502,36,0,0
BRDA:502,36,1,0
BRDA:502,36,2,0
BRDA:502,36,3,0
BRDA:502,36,4,0
BRDA:511,37,0,0
BRDA:511,38,0,0
BRDA:511,38,1,0
BRDA:511,38,2,0
BRDA:511,38,3,0
BRDA:511,38,4,0
BRDA:511,38,5,0
BRDA:520,39,0,0
BRDA:525,40,0,0
BRDA:533,41,0,0
BRDA:533,42,0,0
BRDA:533,42,1,0
BRDA:533,42,2,0
BRDA:533,42,3,0
BRDA:533,42,4,0
BRDA:591,43,0,0
BRDA:591,43,1,0
BRDA:604,44,0,0
BRDA:617,45,0,0
BRDA:617,45,1,0
BRDA:620,46,0,0
BRDA:650,47,0,0
BRDA:650,47,1,0
BRDA:681,48,0,0
BRDA:690,49,0,0
BRDA:712,50,0,0
BRDA:722,51,0,0
BRDA:725,52,0,0
BRDA:743,53,0,0
BRDA:747,54,0,0
BRDA:747,54,1,0
BRDA:779,55,0,0
BRDA:784,56,0,0
BRDA:784,56,1,0
BRF:83
BRH:0
end_of_record
TN:
SF:src/services/thermal-model/index.ts
FNF:0
FNH:0
DA:8,0
DA:9,0
DA:10,0
LF:3
LH:0
BRF:0
BRH:0
end_of_record
TN:
SF:src/services/thermal-model/thermal-analyzer.ts
FN:55,(anonymous_0)
FN:76,(anonymous_1)
FN:91,(anonymous_2)
FN:100,(anonymous_3)
FN:174,(anonymous_4)
FN:180,(anonymous_5)
FN:185,(anonymous_6)
FN:190,(anonymous_7)
FN:207,(anonymous_8)
FN:243,(anonymous_9)
FN:280,(anonymous_10)
FN:357,(anonymous_11)
FNF:12
FNH:0
FNDA:0,(anonymous_0)
FNDA:0,(anonymous_1)
FNDA:0,(anonymous_2)
FNDA:0,(anonymous_3)
FNDA:0,(anonymous_4)
FNDA:0,(anonymous_5)
FNDA:0,(anonymous_6)
FNDA:0,(anonymous_7)
FNDA:0,(anonymous_8)
FNDA:0,(anonymous_9)
FNDA:0,(anonymous_10)
FNDA:0,(anonymous_11)
DA:8,0
DA:49,0
DA:51,0
DA:53,0
DA:55,0
DA:57,0
DA:59,0
DA:60,0
DA:61,0
DA:62,0
DA:64,0
DA:65,0
DA:68,0
DA:69,0
DA:77,0
DA:92,0
DA:93,0
DA:94,0
DA:97,0
DA:100,0
DA:101,0
DA:105,0
DA:106,0
DA:107,0
DA:108,0
DA:110,0
DA:111,0
DA:112,0
DA:115,0
DA:118,0
DA:121,0
DA:124,0
DA:127,0
DA:130,0
DA:132,0
DA:133,0
DA:134,0
DA:136,0
DA:138,0
DA:139,0
DA:140,0
DA:141,0
DA:142,0
DA:148,0
DA:149,0
DA:150,0
DA:151,0
DA:156,0
DA:157,0
DA:160,0
DA:161,0
DA:163,0
DA:164,0
DA:165,0
DA:166,0
DA:173,0
DA:174,0
DA:176,0
DA:179,0
DA:180,0
DA:181,0
DA:184,0
DA:185,0
DA:186,0
DA:189,0
DA:190,0
DA:191,0
DA:195,0
DA:196,0
DA:197,0
DA:198,0
DA:201,0
DA:202,0
DA:206,0
DA:207,0
DA:210,0
DA:211,0
DA:215,0
DA:216,0
DA:219,0
DA:222,0
DA:223,0
DA:224,0
DA:226,0
DA:229,0
DA:231,0
DA:251,0
DA:252,0
DA:254,0
DA:256,0
DA:257,0
DA:258,0
DA:261,0
DA:262,0
DA:265,0
DA:267,0
DA:271,0
DA:272,0
DA:274,0
DA:286,0
DA:288,0
DA:295,0
DA:297,0
DA:299,0
DA:300,0
DA:302,0
DA:303,0
DA:310,0
DA:311,0
DA:313,0
DA:320,0
DA:321,0
DA:324,0
DA:325,0
DA:332,0
DA:335,0
DA:336,0
DA:343,0
DA:344,0
DA:346,0
DA:358,0
LF:121
LH:0
BRDA:59,0,0,0
BRDA:59,0,1,0
BRDA:92,1,0,0
BRDA:118,2,0,0
BRDA:130,3,0,0
BRDA:130,3,1,0
BRDA:130,4,0,0
BRDA:130,4,1,0
BRDA:133,5,0,0
BRDA:133,6,0,0
BRDA:133,6,1,0
BRDA:136,7,0,0
BRDA:136,8,0,0
BRDA:136,8,1,0
BRDA:139,9,0,0
BRDA:141,10,0,0
BRDA:141,11,0,0
BRDA:141,11,1,0
BRDA:148,12,0,0
BRDA:150,13,0,0
BRDA:150,14,0,0
BRDA:150,14,1,0
BRDA:156,15,0,0
BRDA:163,16,0,0
BRDA:165,17,0,0
BRDA:165,18,0,0
BRDA:165,18,1,0
BRDA:173,19,0,0
BRDA:179,20,0,0
BRDA:184,21,0,0
BRDA:189,22,0,0
BRDA:201,23,0,0
BRDA:206,24,0,0
BRDA:254,25,0,0
BRDA:254,25,1,0
BRDA:254,26,0,0
BRDA:254,26,1,0
BRDA:286,27,0,0
BRDA:297,28,0,0
BRDA:297,28,1,0
BRDA:302,29,0,0
BRDA:324,30,0,0
BRDA:335,31,0,0
BRF:43
BRH:0
end_of_record
TN:
SF:src/services/thermal-model/thermal-model-service.ts
FN:39,(anonymous_0)
FN:55,(anonymous_1)
FN:57,(anonymous_2)
FN:63,(anonymous_3)
FN:68,(anonymous_4)
FN:73,(anonymous_5)
FN:87,(anonymous_6)
FN:147,(anonymous_7)
FN:193,(anonymous_8)
FN:261,(anonymous_9)
FN:298,(anonymous_10)
FN:299,(anonymous_11)
FN:300,(anonymous_12)
FN:315,(anonymous_13)
FN:321,(anonymous_14)
FN:327,(anonymous_15)
FN:435,(anonymous_16)
FN:459,(anonymous_17)
FN:479,(anonymous_18)
FN:506,(anonymous_19)
FN:563,(anonymous_20)
FN:610,(anonymous_21)
FN:664,(anonymous_22)
FN:715,(anonymous_23)
FNF:24
FNH:0
FNDA:0,(anonymous_0)
FNDA:0,(anonymous_1)
FNDA:0,(anonymous_2)
FNDA:0,(anonymous_3)
FNDA:0,(anonymous_4)
FNDA:0,(anonymous_5)
FNDA:0,(anonymous_6)
FNDA:0,(anonymous_7)
FNDA:0,(anonymous_8)
FNDA:0,(anonymous_9)
FNDA:0,(anonymous_10)
FNDA:0,(anonymous_11)
FNDA:0,(anonymous_12)
FNDA:0,(anonymous_13)
FNDA:0,(anonymous_14)
FNDA:0,(anonymous_15)
FNDA:0,(anonymous_16)
FNDA:0,(anonymous_17)
FNDA:0,(anonymous_18)
FNDA:0,(anonymous_19)
FNDA:0,(anonymous_20)
FNDA:0,(anonymous_21)
FNDA:0,(anonymous_22)
FNDA:0,(anonymous_23)
DA:9,0
DA:10,0
DA:11,0
DA:13,0
DA:32,0
DA:35,0
DA:36,0
DA:37,0
DA:39,0
DA:40,0
DA:41,0
DA:47,0
DA:57,0
DA:58,0
DA:63,0
DA:64,0
DA:68,0
DA:69,0
DA:73,0
DA:74,0
DA:77,0
DA:88,0
DA:90,0
DA:91,0
DA:94,0
DA:95,0
DA:97,0
DA:98,0
DA:99,0
DA:111,0
DA:115,0
DA:118,0
DA:121,0
DA:123,0
DA:124,0
DA:125,0
DA:127,0
DA:129,0
DA:130,0
DA:148,0
DA:150,0
DA:154,0
DA:164,0
DA:167,0
DA:170,0
DA:172,0
DA:173,0
DA:174,0
DA:175,0
DA:176,0
DA:179,0
DA:181,0
DA:201,0
DA:202,0
DA:203,0
DA:204,0
DA:206,0
DA:207,0
DA:211,0
DA:214,0
DA:216,0
DA:218,0
DA:222,0
DA:224,0
DA:225,0
DA:229,0
DA:230,0
DA:233,0
DA:234,0
DA:237,0
DA:240,0
DA:242,0
DA:245,0
DA:248,0
DA:278,0
DA:279,0
DA:280,0
DA:281,0
DA:284,0
DA:293,0
DA:294,0
DA:298,0
DA:299,0
DA:300,0
DA:303,0
DA:304,0
DA:312,0
DA:315,0
DA:316,0
DA:321,0
DA:322,0
DA:327,0
DA:328,0
DA:333,0
DA:335,0
DA:337,0
DA:344,0
DA:346,0
DA:348,0
DA:350,0
DA:352,0
DA:362,0
DA:364,0
DA:365,0
DA:366,0
DA:370,0
DA:371,0
DA:374,0
DA:378,0
DA:384,0
DA:386,0
DA:388,0
DA:390,0
DA:393,0
DA:396,0
DA:405,0
DA:412,0
DA:418,0
DA:421,0
DA:422,0
DA:436,0
DA:437,0
DA:440,0
DA:444,0
DA:447,0
DA:449,0
DA:451,0
DA:452,0
DA:460,0
DA:461,0
DA:463,0
DA:464,0
DA:487,0
DA:513,0
DA:515,0
DA:517,0
DA:518,0
DA:519,0
DA:522,0
DA:529,0
DA:530,0
DA:538,0
DA:545,0
DA:547,0
DA:548,0
DA:551,0
DA:564,0
DA:566,0
DA:567,0
DA:569,0
DA:573,0
DA:574,0
DA:575,0
DA:576,0
DA:579,0
DA:580,0
DA:581,0
DA:582,0
DA:585,0
DA:586,0
DA:587,0
DA:588,0
DA:592,0
DA:593,0
DA:594,0
DA:596,0
DA:599,0
DA:601,0
DA:611,0
DA:613,0
DA:614,0
DA:618,0
DA:619,0
DA:620,0
DA:621,0
DA:622,0
DA:625,0
DA:632,0
DA:633,0
DA:642,0
DA:652,0
DA:653,0
DA:655,0
DA:656,0
DA:679,0
DA:681,0
DA:684,0
DA:686,0
DA:691,0
DA:692,0
DA:725,0
DA:727,0
DA:730,0
DA:733,0
DA:735,0
DA:746,0
DA:747,0
LF:197
LH:0
BRDA:97,0,0,0
BRDA:206,1,0,0
BRDA:214,2,0,0
BRDA:218,3,0,0
BRDA:218,3,1,0
BRDA:224,4,0,0
BRDA:240,5,0,0
BRDA:240,5,1,0
BRDA:242,6,0,0
BRDA:242,6,1,0
BRDA:293,7,0,0
BRDA:303,8,0,0
BRDA:303,9,0,0
BRDA:303,9,1,0
BRDA:316,10,0,0
BRDA:316,10,1,0
BRDA:322,11,0,0
BRDA:322,11,1,0
BRDA:333,12,0,0
BRDA:333,12,1,0
BRDA:333,13,0,0
BRDA:333,13,1,0
BRDA:344,14,0,0
BRDA:344,14,1,0
BRDA:348,15,0,0
BRDA:348,15,1,0
BRDA:364,16,0,0
BRDA:364,17,0,0
BRDA:364,17,1,0
BRDA:370,18,0,0
BRDA:384,19,0,0
BRDA:384,19,1,0
BRDA:388,20,0,0
BRDA:388,20,1,0
BRDA:388,21,0,0
BRDA:388,21,1,0
BRDA:393,22,0,0
BRDA:393,22,1,0
BRDA:529,23,0,0
BRDA:531,24,0,0
BRDA:531,24,1,0
BRDA:532,25,0,0
BRDA:532,25,1,0
BRDA:533,26,0,0
BRDA:533,26,1,0
BRDA:534,27,0,0
BRDA:534,27,1,0
BRDA:547,28,0,0
BRDA:573,29,0,0
BRDA:579,30,0,0
BRDA:585,31,0,0
BRDA:613,32,0,0
BRDA:618,33,0,0
BRDA:618,33,1,0
BRDA:625,34,0,0
BRDA:625,34,1,0
BRDA:632,35,0,0
BRF:57
BRH:0
end_of_record
TN:
SF:src/types/index.ts
FN:164,isError
FN:168,isMelCloudDevice
FN:177,isTibberPriceInfo
FNF:3
FNH:0
FNDA:0,isError
FNDA:0,isMelCloudDevice
FNDA:0,isTibberPriceInfo
DA:164,0
DA:165,0
DA:168,0
DA:169,0
DA:177,0
DA:178,0
LF:6
LH:0
BRDA:170,0,0,0
BRDA:170,0,1,0
BRDA:170,0,2,0
BRDA:170,0,3,0
BRDA:179,1,0,0
BRDA:179,1,1,0
BRDA:179,1,2,0
BRDA:179,1,3,0
BRDA:179,1,4,0
BRF:9
BRH:0
end_of_record
TN:
SF:src/util/circuit-breaker.ts
FN:14,(anonymous_7)
FN:61,(anonymous_8)
FN:81,(anonymous_9)
FN:112,(anonymous_11)
FN:119,(anonymous_13)
FN:120,(anonymous_14)
FN:130,(anonymous_15)
FN:148,(anonymous_16)
FN:165,(anonymous_17)
FN:178,(anonymous_18)
FN:186,(anonymous_19)
FN:197,(anonymous_20)
FN:208,(anonymous_21)
FN:209,(anonymous_22)
FN:218,(anonymous_23)
FN:225,(anonymous_24)
FNF:16
FNH:10
FNDA:1,(anonymous_7)
FNDA:22,(anonymous_8)
FNDA:31,(anonymous_9)
FNDA:26,(anonymous_11)
FNDA:26,(anonymous_13)
FNDA:18,(anonymous_14)
FNDA:11,(anonymous_15)
FNDA:15,(anonymous_16)
FNDA:5,(anonymous_17)
FNDA:0,(anonymous_18)
FNDA:0,(anonymous_19)
FNDA:0,(anonymous_20)
FNDA:22,(anonymous_21)
FNDA:0,(anonymous_22)
FNDA:0,(anonymous_23)
FNDA:0,(anonymous_24)
DA:14,1
DA:15,1
DA:16,1
DA:17,1
DA:34,1
DA:45,1
DA:46,22
DA:47,22
DA:48,22
DA:49,22
DA:50,22
DA:51,22
DA:62,22
DA:66,22
DA:67,22
DA:70,22
DA:71,22
DA:83,31
DA:85,5
DA:86,0
DA:88,5
DA:89,5
DA:93,26
DA:95,26
DA:98,11
DA:99,11
DA:102,15
DA:103,15
DA:113,26
DA:114,0
DA:117,26
DA:120,26
DA:121,18
DA:131,11
DA:132,0
DA:133,0
DA:135,0
DA:136,0
DA:140,11
DA:149,15
DA:150,15
DA:152,15
DA:153,15
DA:155,15
DA:156,5
DA:157,10
DA:158,0
DA:166,5
DA:167,5
DA:168,5
DA:169,5
DA:171,5
DA:174,5
DA:175,0
DA:178,5
DA:179,0
DA:187,0
DA:188,0
DA:189,0
DA:191,0
DA:198,0
DA:199,0
DA:200,0
DA:202,0
DA:209,22
DA:210,0
DA:219,0
DA:226,0
DA:227,0
DA:228,0
DA:231,0
DA:232,0
DA:233,0
LF:73
LH:48
BRDA:14,0,0,1
BRDA:14,0,1,1
BRDA:64,1,0,0
BRDA:70,2,0,22
BRDA:70,3,0,22
BRDA:70,3,1,22
BRDA:83,4,0,5
BRDA:85,5,0,0
BRDA:85,5,1,5
BRDA:113,6,0,0
BRDA:131,7,0,0
BRDA:131,7,1,11
BRDA:135,8,0,0
BRDA:152,9,0,15
BRDA:152,9,1,0
BRDA:155,10,0,5
BRDA:155,10,1,10
BRDA:155,11,0,15
BRDA:155,11,1,15
BRDA:157,12,0,0
BRDA:174,13,0,0
BRDA:226,14,0,0
BRDA:231,15,0,0
BRF:23
BRH:13
end_of_record
TN:
SF:src/util/enhanced-savings-calculator.ts
FN:46,(anonymous_0)
FN:57,(anonymous_1)
FN:67,(anonymous_2)
FN:73,(anonymous_3)
FN:148,(anonymous_4)
FN:164,(anonymous_5)
FN:180,(anonymous_6)
FN:184,(anonymous_7)
FN:196,(anonymous_8)
FN:219,(anonymous_9)
FN:230,(anonymous_10)
FN:249,(anonymous_11)
FN:272,(anonymous_12)
FN:296,(anonymous_13)
FN:299,(anonymous_14)
FN:300,(anonymous_15)
FN:310,(anonymous_16)
FNF:17
FNH:0
FNDA:0,(anonymous_0)
FNDA:0,(anonymous_1)
FNDA:0,(anonymous_2)
FNDA:0,(anonymous_3)
FNDA:0,(anonymous_4)
FNDA:0,(anonymous_5)
FNDA:0,(anonymous_6)
FNDA:0,(anonymous_7)
FNDA:0,(anonymous_8)
FNDA:0,(anonymous_9)
FNDA:0,(anonymous_10)
FNDA:0,(anonymous_11)
FNDA:0,(anonymous_12)
FNDA:0,(anonymous_13)
FNDA:0,(anonymous_14)
FNDA:0,(anonymous_15)
FNDA:0,(anonymous_16)
DA:43,0
DA:47,0
DA:62,0
DA:64,0
DA:65,0
DA:67,0
DA:68,0
DA:69,0
DA:73,0
DA:76,0
DA:83,0
DA:84,0
DA:92,0
DA:95,0
DA:98,0
DA:100,0
DA:114,0
DA:124,0
DA:126,0
DA:129,0
DA:153,0
DA:154,0
DA:158,0
DA:161,0
DA:164,0
DA:167,0
DA:170,0
DA:171,0
DA:174,0
DA:181,0
DA:184,0
DA:185,0
DA:190,0
DA:197,0
DA:200,0
DA:201,0
DA:202,0
DA:203,0
DA:205,0
DA:206,0
DA:210,0
DA:213,0
DA:225,0
DA:228,0
DA:229,0
DA:230,0
DA:233,0
DA:236,0
DA:238,0
DA:242,0
DA:243,0
DA:253,0
DA:254,0
DA:255,0
DA:257,0
DA:258,0
DA:259,0
DA:260,0
DA:262,0
DA:266,0
DA:273,0
DA:276,0
DA:277,0
DA:280,0
DA:281,0
DA:284,0
DA:285,0
DA:286,0
DA:287,0
DA:290,0
DA:297,0
DA:299,0
DA:300,0
DA:301,0
DA:304,0
DA:311,0
DA:312,0
DA:313,0
DA:314,0
DA:315,0
DA:316,0
DA:318,0
LF:82
LH:0
BRDA:59,0,0,0
BRDA:60,1,0,0
BRDA:69,2,0,0
BRDA:69,2,1,0
BRDA:73,3,0,0
BRDA:73,3,1,0
BRDA:153,4,0,0
BRDA:164,5,0,0
BRDA:164,5,1,0
BRDA:181,6,0,0
BRDA:197,7,0,0
BRDA:205,8,0,0
BRDA:225,9,0,0
BRDA:228,10,0,0
BRDA:257,11,0,0
BRDA:257,11,1,0
BRDA:257,12,0,0
BRDA:257,12,1,0
BRDA:259,13,0,0
BRDA:259,13,1,0
BRDA:259,14,0,0
BRDA:259,14,1,0
BRDA:284,15,0,0
BRDA:297,16,0,0
BRDA:311,17,0,0
BRDA:311,17,1,0
BRDA:313,18,0,0
BRDA:313,18,1,0
BRDA:315,19,0,0
BRDA:315,19,1,0
BRF:30
BRH:0
end_of_record
TN:
SF:src/util/error-handler.ts
FN:13,(anonymous_0)
FN:32,(anonymous_1)
FN:56,isError
FN:63,isAppError
FN:73,(anonymous_4)
FN:82,(anonymous_5)
FN:156,(anonymous_6)
FN:191,(anonymous_7)
FN:232,(anonymous_8)
FN:256,(anonymous_9)
FNF:10
FNH:8
FNDA:1,(anonymous_0)
FNDA:9,(anonymous_1)
FNDA:18,isError
FNDA:16,isAppError
FNDA:22,(anonymous_4)
FNDA:9,(anonymous_5)
FNDA:16,(anonymous_6)
FNDA:7,(anonymous_7)
FNDA:0,(anonymous_8)
FNDA:0,(anonymous_9)
DA:13,1
DA:14,1
DA:15,1
DA:16,1
DA:17,1
DA:18,1
DA:19,1
DA:20,1
DA:26,1
DA:39,9
DA:40,9
DA:41,9
DA:42,9
DA:43,9
DA:44,9
DA:47,9
DA:48,9
DA:56,1
DA:57,18
DA:63,1
DA:64,16
DA:70,1
DA:74,22
DA:83,9
DA:84,0
DA:87,9
DA:90,9
DA:99,0
DA:103,9
DA:112,2
DA:116,7
DA:123,0
DA:127,7
DA:133,0
DA:137,7
DA:143,0
DA:146,7
DA:162,16
DA:163,7
DA:164,0
DA:166,7
DA:170,9
DA:171,9
DA:175,9
DA:196,7
DA:199,7
DA:207,7
DA:209,0
DA:210,0
DA:212,0
DA:213,0
DA:215,0
DA:216,0
DA:218,7
DA:221,7
DA:238,0
DA:241,0
DA:244,0
DA:245,0
DA:248,0
DA:257,0
DA:258,0
DA:262,0
LF:63
LH:43
BRDA:13,0,0,1
BRDA:13,0,1,1
BRDA:34,1,0,0
BRDA:37,2,0,0
BRDA:47,3,0,9
BRDA:83,4,0,0
BRDA:90,5,0,0
BRDA:91,6,0,9
BRDA:91,6,1,9
BRDA:91,6,2,9
BRDA:91,6,3,9
BRDA:91,6,4,9
BRDA:91,6,5,9
BRDA:91,6,6,9
BRDA:103,7,0,2
BRDA:104,8,0,9
BRDA:104,8,1,8
BRDA:104,8,2,7
BRDA:104,8,3,7
BRDA:104,8,4,7
BRDA:104,8,5,7
BRDA:104,8,6,7
BRDA:116,9,0,0
BRDA:117,10,0,7
BRDA:117,10,1,7
BRDA:117,10,2,7
BRDA:117,10,3,7
BRDA:117,10,4,7
BRDA:127,11,0,0
BRDA:128,12,0,7
BRDA:128,12,1,7
BRDA:128,12,2,7
BRDA:128,12,3,7
BRDA:137,13,0,0
BRDA:138,14,0,7
BRDA:138,14,1,7
BRDA:138,14,2,7
BRDA:138,14,3,7
BRDA:162,15,0,7
BRDA:163,16,0,0
BRDA:171,17,0,9
BRDA:171,17,1,0
BRDA:172,18,0,9
BRDA:172,18,1,7
BRDA:173,19,0,0
BRDA:173,19,1,0
BRDA:202,20,0,7
BRDA:202,20,1,0
BRDA:207,21,0,0
BRDA:207,21,1,0
BRDA:207,21,2,0
BRDA:207,21,3,7
BRDA:212,22,0,0
BRDA:212,22,1,0
BRDA:218,23,0,7
BRDA:218,23,1,0
BRDA:236,24,0,0
BRDA:244,25,0,0
BRDA:257,26,0,0
BRF:59
BRH:38
end_of_record
TN:
SF:src/util/logger.ts
FN:3,(anonymous_7)
FN:14,(anonymous_8)
FN:63,isRunningInDevMode
FN:82,getFormattedTimestamp
FN:92,formatValue
FN:130,(anonymous_12)
FN:154,(anonymous_13)
FN:171,(anonymous_14)
FN:178,(anonymous_15)
FN:186,(anonymous_16)
FN:195,(anonymous_17)
FN:202,(anonymous_18)
FN:210,(anonymous_19)
FN:218,(anonymous_20)
FN:225,(anonymous_21)
FN:238,(anonymous_22)
FN:248,(anonymous_23)
FN:262,(anonymous_24)
FN:272,(anonymous_25)
FN:284,(anonymous_26)
FN:305,(anonymous_27)
FN:330,(anonymous_28)
FN:345,(anonymous_30)
FN:355,(anonymous_31)
FN:355,(anonymous_32)
FNF:25
FNH:0
FNDA:0,(anonymous_7)
FNDA:0,(anonymous_8)
FNDA:0,isRunningInDevMode
FNDA:0,getFormattedTimestamp
FNDA:0,formatValue
FNDA:0,(anonymous_12)
FNDA:0,(anonymous_13)
FNDA:0,(anonymous_14)
FNDA:0,(anonymous_15)
FNDA:0,(anonymous_16)
FNDA:0,(anonymous_17)
FNDA:0,(anonymous_18)
FNDA:0,(anonymous_19)
FNDA:0,(anonymous_20)
FNDA:0,(anonymous_21)
FNDA:0,(anonymous_22)
FNDA:0,(anonymous_23)
FNDA:0,(anonymous_24)
FNDA:0,(anonymous_25)
FNDA:0,(anonymous_26)
FNDA:0,(anonymous_27)
FNDA:0,(anonymous_28)
FNDA:0,(anonymous_30)
FNDA:0,(anonymous_31)
FNDA:0,(anonymous_32)
DA:3,0
DA:4,0
DA:5,0
DA:6,0
DA:7,0
DA:8,0
DA:14,0
DA:15,0
DA:16,0
DA:17,0
DA:18,0
DA:19,0
DA:20,0
DA:63,0
DA:65,0
DA:66,0
DA:71,0
DA:72,0
DA:75,0
DA:83,0
DA:84,0
DA:93,0
DA:94,0
DA:96,0
DA:97,0
DA:98,0
DA:100,0
DA:101,0
DA:103,0
DA:104,0
DA:105,0
DA:107,0
DA:109,0
DA:110,0
DA:112,0
DA:116,0
DA:119,0
DA:131,0
DA:132,0
DA:133,0
DA:134,0
DA:135,0
DA:136,0
DA:137,0
DA:140,0
DA:143,0
DA:148,0
DA:155,0
DA:157,0
DA:158,0
DA:161,0
DA:162,0
DA:165,0
DA:172,0
DA:179,0
DA:180,0
DA:187,0
DA:188,0
DA:196,0
DA:203,0
DA:204,0
DA:211,0
DA:212,0
DA:219,0
DA:226,0
DA:228,0
DA:230,0
DA:239,0
DA:241,0
DA:249,0
DA:251,0
DA:253,0
DA:254,0
DA:263,0
DA:264,0
DA:265,0
DA:273,0
DA:274,0
DA:275,0
DA:285,0
DA:287,0
DA:288,0
DA:290,0
DA:293,0
DA:294,0
DA:306,0
DA:308,0
DA:309,0
DA:310,0
DA:312,0
DA:314,0
DA:315,0
DA:317,0
DA:320,0
DA:321,0
DA:322,0
DA:331,0
DA:333,0
DA:336,0
DA:338,0
DA:347,0
DA:355,0
DA:356,0
DA:357,0
DA:360,0
DA:362,0
DA:365,0
DA:367,0
DA:369,0
DA:370,0
DA:372,0
DA:373,0
DA:376,0
DA:377,0
DA:381,0
DA:388,0
LF:116
LH:0
BRDA:3,0,0,0
BRDA:3,0,1,0
BRDA:14,1,0,0
BRDA:14,1,1,0
BRDA:65,2,0,0
BRDA:71,3,0,0
BRDA:71,4,0,0
BRDA:71,4,1,0
BRDA:93,5,0,0
BRDA:94,6,0,0
BRDA:96,7,0,0
BRDA:97,8,0,0
BRDA:98,9,0,0
BRDA:98,9,1,0
BRDA:100,10,0,0
BRDA:103,11,0,0
BRDA:104,12,0,0
BRDA:130,13,0,0
BRDA:132,14,0,0
BRDA:132,14,1,0
BRDA:132,15,0,0
BRDA:132,15,1,0
BRDA:133,16,0,0
BRDA:133,16,1,0
BRDA:133,17,0,0
BRDA:133,17,1,0
BRDA:134,18,0,0
BRDA:134,18,1,0
BRDA:135,19,0,0
BRDA:135,19,1,0
BRDA:136,20,0,0
BRDA:136,20,1,0
BRDA:136,21,0,0
BRDA:136,21,1,0
BRDA:137,22,0,0
BRDA:137,22,1,0
BRDA:137,23,0,0
BRDA:137,23,1,0
BRDA:140,24,0,0
BRDA:140,24,1,0
BRDA:140,25,0,0
BRDA:140,25,1,0
BRDA:144,26,0,0
BRDA:144,26,1,0
BRDA:157,27,0,0
BRDA:161,28,0,0
BRDA:161,29,0,0
BRDA:161,29,1,0
BRDA:188,30,0,0
BRDA:188,30,1,0
BRDA:226,31,0,0
BRDA:226,32,0,0
BRDA:226,32,1,0
BRDA:228,33,0,0
BRDA:239,34,0,0
BRDA:239,35,0,0
BRDA:239,35,1,0
BRDA:249,36,0,0
BRDA:249,37,0,0
BRDA:249,37,1,0
BRDA:253,38,0,0
BRDA:263,39,0,0
BRDA:263,40,0,0
BRDA:263,40,1,0
BRDA:264,41,0,0
BRDA:264,41,1,0
BRDA:265,42,0,0
BRDA:265,42,1,0
BRDA:273,43,0,0
BRDA:273,44,0,0
BRDA:273,44,1,0
BRDA:274,45,0,0
BRDA:274,45,1,0
BRDA:275,46,0,0
BRDA:275,46,1,0
BRDA:285,47,0,0
BRDA:285,48,0,0
BRDA:285,48,1,0
BRDA:287,49,0,0
BRDA:287,49,1,0
BRDA:293,50,0,0
BRDA:306,51,0,0
BRDA:306,52,0,0
BRDA:306,52,1,0
BRDA:308,53,0,0
BRDA:308,53,1,0
BRDA:309,54,0,0
BRDA:309,54,1,0
BRDA:314,55,0,0
BRDA:314,55,1,0
BRDA:320,56,0,0
BRDA:321,57,0,0
BRDA:321,57,1,0
BRDA:321,58,0,0
BRDA:321,58,1,0
BRDA:322,59,0,0
BRDA:322,59,1,0
BRDA:355,60,0,0
BRDA:356,61,0,0
BRDA:365,62,0,0
BRDA:365,62,1,0
BRDA:367,63,0,0
BRDA:367,63,1,0
BRDA:367,63,2,0
BRDA:367,63,3,0
BRF:105
BRH:0
end_of_record
TN:
SF:src/util/time-zone-helper.ts
FN:18,(anonymous_0)
FN:33,(anonymous_1)
FN:43,(anonymous_2)
FN:90,(anonymous_3)
FN:99,(anonymous_4)
FN:113,(anonymous_5)
FNF:6
FNH:1
FNDA:22,(anonymous_0)
FNDA:0,(anonymous_1)
FNDA:0,(anonymous_2)
FNDA:0,(anonymous_3)
FNDA:0,(anonymous_4)
FNDA:0,(anonymous_5)
DA:7,1
DA:23,22
DA:24,22
DA:25,22
DA:34,0
DA:35,0
DA:36,0
DA:51,0
DA:54,0
DA:55,0
DA:58,0
DA:61,0
DA:63,0
DA:64,0
DA:65,0
DA:66,0
DA:71,0
DA:72,0
DA:75,0
DA:77,0
DA:91,0
DA:92,0
DA:100,0
DA:102,0
DA:103,0
DA:104,0
DA:115,0
DA:116,0
DA:119,0
DA:120,0
DA:121,0
DA:122,0
DA:127,0
DA:134,0
DA:136,0
LF:35
LH:4
BRDA:20,0,0,22
BRDA:21,1,0,22
BRDA:61,2,0,0
BRDA:64,3,0,0
BRDA:64,4,0,0
BRDA:64,4,1,0
BRDA:75,5,0,0
BRDA:75,5,1,0
BRDA:92,6,0,0
BRDA:92,6,1,0
BRDA:100,7,0,0
BRDA:104,8,0,0
BRDA:104,8,1,0
BRDA:119,9,0,0
BRDA:121,10,0,0
BRDA:121,11,0,0
BRDA:121,11,1,0
BRF:17
BRH:2
end_of_record
TN:
SF:src/util/timeline-helper.ts
FN:76,(anonymous_7)
FN:102,(anonymous_8)
FN:136,(anonymous_9)
FN:146,(anonymous_10)
FN:320,(anonymous_11)
FN:333,(anonymous_12)
FN:350,(anonymous_14)
FN:434,(anonymous_15)
FN:484,(anonymous_17)
FN:513,(anonymous_19)
FN:534,(anonymous_21)
FN:556,(anonymous_23)
FN:581,(anonymous_25)
FN:592,(anonymous_27)
FN:593,(anonymous_28)
FN:613,(anonymous_29)
FN:614,(anonymous_30)
FN:634,(anonymous_31)
FN:635,(anonymous_32)
FN:655,(anonymous_33)
FN:656,(anonymous_34)
FNF:21
FNH:0
FNDA:0,(anonymous_7)
FNDA:0,(anonymous_8)
FNDA:0,(anonymous_9)
FNDA:0,(anonymous_10)
FNDA:0,(anonymous_11)
FNDA:0,(anonymous_12)
FNDA:0,(anonymous_14)
FNDA:0,(anonymous_15)
FNDA:0,(anonymous_17)
FNDA:0,(anonymous_19)
FNDA:0,(anonymous_21)
FNDA:0,(anonymous_23)
FNDA:0,(anonymous_25)
FNDA:0,(anonymous_27)
FNDA:0,(anonymous_28)
FNDA:0,(anonymous_29)
FNDA:0,(anonymous_30)
FNDA:0,(anonymous_31)
FNDA:0,(anonymous_32)
FNDA:0,(anonymous_33)
FNDA:0,(anonymous_34)
DA:13,0
DA:38,0
DA:77,0
DA:80,0
DA:84,0
DA:85,0
DA:86,0
DA:88,0
DA:90,0
DA:94,0
DA:104,0
DA:105,0
DA:106,0
DA:110,0
DA:111,0
DA:113,0
DA:114,0
DA:115,0
DA:116,0
DA:121,0
DA:122,0
DA:123,0
DA:124,0
DA:129,0
DA:136,0
DA:137,0
DA:138,0
DA:139,0
DA:140,0
DA:146,0
DA:148,0
DA:149,0
DA:150,0
DA:151,0
DA:154,0
DA:155,0
DA:156,0
DA:157,0
DA:160,0
DA:161,0
DA:162,0
DA:163,0
DA:164,0
DA:165,0
DA:168,0
DA:196,0
DA:200,0
DA:321,0
DA:322,0
DA:339,0
DA:341,0
DA:342,0
DA:343,0
DA:344,0
DA:348,0
DA:349,0
DA:350,0
DA:351,0
DA:356,0
DA:358,0
DA:360,0
DA:361,0
DA:365,0
DA:366,0
DA:370,0
DA:371,0
DA:373,0
DA:376,0
DA:379,0
DA:384,0
DA:391,0
DA:394,0
DA:397,0
DA:398,0
DA:401,0
DA:402,0
DA:403,0
DA:406,0
DA:407,0
DA:413,0
DA:416,0
DA:424,0
DA:425,0
DA:435,0
DA:437,0
DA:438,0
DA:439,0
DA:443,0
DA:446,0
DA:448,0
DA:451,0
DA:456,0
DA:457,0
DA:461,0
DA:462,0
DA:463,0
DA:465,0
DA:469,0
DA:471,0
DA:472,0
DA:490,0
DA:491,0
DA:492,0
DA:498,0
DA:499,0
DA:502,0
DA:504,0
DA:514,0
DA:515,0
DA:516,0
DA:519,0
DA:520,0
DA:523,0
DA:525,0
DA:535,0
DA:536,0
DA:537,0
DA:541,0
DA:542,0
DA:545,0
DA:547,0
DA:557,0
DA:559,0
DA:560,0
DA:564,0
DA:565,0
DA:567,0
DA:568,0
DA:571,0
DA:572,0
DA:582,0
DA:593,0
DA:597,0
DA:614,0
DA:618,0
DA:635,0
DA:639,0
DA:656,0
DA:660,0
LF:139
LH:0
BRDA:77,0,0,0
BRDA:77,1,0,0
BRDA:77,1,1,0
BRDA:77,1,2,0
BRDA:77,1,3,0
BRDA:77,1,4,0
BRDA:77,1,5,0
BRDA:88,2,0,0
BRDA:88,3,0,0
BRDA:88,3,1,0
BRDA:88,3,2,0
BRDA:88,3,3,0
BRDA:90,4,0,0
BRDA:90,4,1,0
BRDA:104,5,0,0
BRDA:104,5,1,0
BRDA:104,6,0,0
BRDA:104,6,1,0
BRDA:105,7,0,0
BRDA:110,8,0,0
BRDA:110,8,1,0
BRDA:110,9,0,0
BRDA:110,9,1,0
BRDA:111,10,0,0
BRDA:111,10,1,0
BRDA:111,11,0,0
BRDA:111,11,1,0
BRDA:113,12,0,0
BRDA:113,13,0,0
BRDA:113,13,1,0
BRDA:115,14,0,0
BRDA:121,15,0,0
BRDA:121,16,0,0
BRDA:121,16,1,0
BRDA:121,17,0,0
BRDA:121,17,1,0
BRDA:123,18,0,0
BRDA:136,19,0,0
BRDA:136,19,1,0
BRDA:146,20,0,0
BRDA:146,20,1,0
BRDA:342,21,0,0
BRDA:349,22,0,0
BRDA:356,23,0,0
BRDA:358,24,0,0
BRDA:358,24,1,0
BRDA:360,25,0,0
BRDA:360,26,0,0
BRDA:360,26,1,0
BRDA:365,27,0,0
BRDA:365,28,0,0
BRDA:365,28,1,0
BRDA:370,29,0,0
BRDA:370,30,0,0
BRDA:370,30,1,0
BRDA:373,31,0,0
BRDA:373,31,1,0
BRDA:373,32,0,0
BRDA:373,32,1,0
BRDA:373,33,0,0
BRDA:373,33,1,0
BRDA:379,34,0,0
BRDA:379,34,1,0
BRDA:394,35,0,0
BRDA:394,35,1,0
BRDA:401,36,0,0
BRDA:402,37,0,0
BRDA:402,38,0,0
BRDA:402,38,1,0
BRDA:406,39,0,0
BRDA:413,40,0,0
BRDA:413,40,1,0
BRDA:437,41,0,0
BRDA:437,42,0,0
BRDA:437,42,1,0
BRDA:443,43,0,0
BRDA:443,43,1,0
BRDA:446,44,0,0
BRDA:446,44,1,0
BRDA:451,45,0,0
BRDA:451,45,1,0
BRDA:451,45,2,0
BRDA:456,46,0,0
BRDA:461,47,0,0
BRDA:491,48,0,0
BRDA:515,49,0,0
BRDA:536,50,0,0
BRDA:536,51,0,0
BRDA:536,51,1,0
BRDA:559,52,0,0
BRDA:559,52,1,0
BRDA:595,53,0,0
BRDA:616,54,0,0
BRDA:637,55,0,0
BRDA:658,56,0,0
BRF:95
BRH:0
end_of_record
TN:
SF:src/util/validation.ts
FN:14,validateNumber
FN:49,validateBoolean
FN:65,validateString
FN:101,validateArray
FNF:4
FNH:0
FNDA:0,validateNumber
FNDA:0,validateBoolean
FNDA:0,validateString
FNDA:0,validateArray
DA:14,0
DA:23,0
DA:24,0
DA:27,0
DA:28,0
DA:31,0
DA:32,0
DA:35,0
DA:36,0
DA:39,0
DA:49,0
DA:50,0
DA:51,0
DA:54,0
DA:65,0
DA:74,0
DA:75,0
DA:78,0
DA:79,0
DA:82,0
DA:83,0
DA:86,0
DA:87,0
DA:90,0
DA:101,0
DA:110,0
DA:111,0
DA:114,0
DA:115,0
DA:118,0
DA:119,0
DA:122,0
DA:123,0
DA:124,0
DA:125,0
DA:130,0
LF:36
LH:0
BRDA:17,0,0,0
BRDA:23,1,0,0
BRDA:23,2,0,0
BRDA:23,2,1,0
BRDA:27,3,0,0
BRDA:27,4,0,0
BRDA:27,4,1,0
BRDA:31,5,0,0
BRDA:31,6,0,0
BRDA:31,6,1,0
BRDA:35,7,0,0
BRDA:35,8,0,0
BRDA:35,8,1,0
BRDA:50,9,0,0
BRDA:68,10,0,0
BRDA:74,11,0,0
BRDA:78,12,0,0
BRDA:78,13,0,0
BRDA:78,13,1,0
BRDA:82,14,0,0
BRDA:82,15,0,0
BRDA:82,15,1,0
BRDA:86,16,0,0
BRDA:86,17,0,0
BRDA:86,17,1,0
BRDA:104,18,0,0
BRDA:110,19,0,0
BRDA:114,20,0,0
BRDA:114,21,0,0
BRDA:114,21,1,0
BRDA:118,22,0,0
BRDA:118,23,0,0
BRDA:118,23,1,0
BRDA:122,24,0,0
BRDA:124,25,0,0
BRF:35
BRH:0
end_of_record
